[20:13:35.7049881][INFO/main.cpp:104] Yim's Menu Initializing
[20:13:35.7057264][INFO/main.cpp:105] Git Info
	Branch:	master
	Hash:	e005640c7515cf4c396fbaecc9fc9b0e3001c4f0
	Date:	Wed Jan 17 11:08:35 2024
[20:13:35.7061169][DEBUG/thread_pool.cpp:22] Resizing thread pool from 0 to 4
[20:13:35.7069189][INFO/main.cpp:108] Thread pool initialized.
[20:13:35.7341636][INFO/main.cpp:111] Settings Loaded.
[20:13:35.7341683][DEBUG/thread_pool.cpp:96] Thread 15908 executing settings.cpp:12
[20:13:35.7441352][INFO/pointers.hpp:94] GTA5 pointers cache is up to date, using it.
[20:13:35.7441675][INFO/pointers.cpp:1804] Loading pointers instance from cache
[20:13:35.7441704][INFO/pointers.cpp:1813] Pointers cache: Loading 215 fields from the cache
[20:13:35.7441888][DEBUG/module.cpp:50] Waiting for socialclub.dll...
[20:13:35.7786478][INFO/pointers.hpp:94] Social Club pointers cache is up to date, using it.
[20:13:35.7786663][INFO/pointers.cpp:1804] Loading pointers instance from cache
[20:13:35.7786703][INFO/pointers.cpp:1813] Pointers cache: Loading 5 fields from the cache
[20:13:35.7787299][INFO/main.cpp:114] Pointers initialized.
[20:13:35.7787510][INFO/main.cpp:121] Disabled anticheat gameskeleton.
[20:13:35.7791317][INFO/main.cpp:124] Byte Patch Manager initialized.
[20:13:36.4124039][INFO/main.cpp:127] Renderer initialized.
[20:13:36.6953419][INFO/main.cpp:131] Fiber pool initialized.
[20:13:36.7043196][INFO/main.cpp:134] HTTP Client initialized.
[20:13:36.9143001][INFO/main.cpp:137] Translation Service initialized.
[20:13:36.9464911][INFO/main.cpp:140] Hooking initialized.
[20:13:36.9968645][DEBUG/gta_data_service.cpp:160] Loading data from cache.
[20:13:36.9968814][INFO/gta_data_service.cpp:172] Loading 1051 peds from cache.
[20:13:36.9975057][INFO/gta_data_service.cpp:190] Loading 843 vehicles from cache.
[20:13:36.9979775][INFO/gta_data_service.cpp:207] Loading 119 weapons from cache.
[20:13:36.9979903][INFO/gta_data_service.cpp:208] Loading 380 weapon components from cache.
[20:13:36.9980223][DEBUG/gta_data_service.cpp:166] Loaded all data from cache.
[20:13:37.0006463][DEBUG/thread_pool.cpp:96] Thread 12524 executing player_database_service.cpp:285
[20:13:37.0010523][INFO/main.cpp:161] Registered service instances...
[20:13:37.0012372][INFO/main.cpp:182] Scripts registered.
[20:13:37.0794264][INFO/main.cpp:185] Hooking enabled.
[20:13:37.0829057][INFO/main.cpp:188] Dynamic native hooker initialized.
[20:13:37.0835782][INFO/main.cpp:192] Lua manager initialized.
[20:13:37.1982334][INFO/backend.cpp:53] Starting script: Self
[20:13:37.1984936][INFO/backend.cpp:78] Starting script: Weapons
[20:13:37.1987977][INFO/backend.cpp:101] Starting script: Vehicles
[20:13:37.1988317][INFO/backend.cpp:117] Starting script: Miscellaneous
[20:13:37.1988786][INFO/backend.cpp:138] Starting script: Remote
[20:13:37.1989032][INFO/backend.cpp:153] Starting script: Ls customs
[20:13:37.1989113][INFO/backend.cpp:165] Starting script: Rainbow paint
[20:13:37.1989157][INFO/backend.cpp:177] Starting script: Disable Control Action
[20:13:37.1989191][INFO/backend.cpp:190] Starting script: World
[20:13:37.2370150][INFO/tunables_service.cpp:36] Loading tunables from cache
[20:13:48.8168824][INFO/queue_dependency.cpp:63] Blocking AC Verifier 318b98
[20:13:48.9168631][INFO/queue_dependency.cpp:63] Blocking AC Verifier 66f724
[20:13:48.9168991][INFO/queue_dependency.cpp:63] Blocking AC Verifier 66f74c
[20:13:48.9239853][INFO/queue_dependency.cpp:63] Blocking AC Verifier 335458
[20:13:48.9240289][INFO/queue_dependency.cpp:63] Blocking AC Verifier 335430
[20:13:48.9240864][INFO/queue_dependency.cpp:63] Blocking AC Verifier 4012b8
[20:13:49.0342988][INFO/queue_dependency.cpp:63] Blocking AC Verifier 45acf4
[20:13:49.0344838][INFO/queue_dependency.cpp:63] Blocking AC Verifier 459f38
[20:14:15.8814053][INFO/queue_dependency.cpp:63] Blocking AC Verifier 5ca880
[20:14:15.9065992][INFO/queue_dependency.cpp:63] Blocking AC Verifier 9621f0
[20:14:15.9066482][INFO/queue_dependency.cpp:63] Blocking AC Verifier a668ec
[20:14:15.9088089][INFO/queue_dependency.cpp:63] Blocking AC Verifier 66f774
[20:14:15.9088350][INFO/queue_dependency.cpp:63] Blocking AC Verifier 66f6fc
[20:22:43.4527376][WARN/prepare_metric_for_sending.cpp:93] BAD METRIC: EARN; DATA: "amt":50000,"char":{"slot":0,"cash":50000,"bank":111331403,"evc":111381403,"pvc":0,"pxr":0.00000,"nonce":638419837576505232},"c":[-1615.80383,-3015.82593,-75.20506],"pt":3329338155,"vct":0,"vcp":0,"mid":0,"action":"NIGHTCLUB","cat":"INCOME","ctx":{}
[20:22:43.4527844][WARN/prepare_metric_for_sending.cpp:93] BAD METRIC: EARN; DATA: "amt":50000,"char":{"slot":0,"cash":50000,"bank":111331403,"evc":111381403,"pvc":0,"pxr":0.00000,"nonce":638419837576505232},"c":[-1615.80383,-3015.82593,-75.20506],"pt":3329338155,"vct":0,"vcp":0,"mid":0,"action":"NIGHTCLUB","cat":"INCOME","ctx":{}
[20:25:23.7240977][WARN/reaction.cpp:60] Received Modder Detection from shadowsman23 (177916307)
[20:25:46.5330438][WARN/prepare_metric_for_sending.cpp:93] BAD METRIC: W_L; DATA: "c":[-129.00,-710.77,40.79],"wantedlvl":1
[20:25:46.5332149][WARN/prepare_metric_for_sending.cpp:93] BAD METRIC: W_L; DATA: "c":[-175.69,-710.16,33.89],"wantedlvl":2
[20:27:16.2541603][WARN/reaction.cpp:60] Received Modder Detection from Creeper_BOOM450 (216834253)
[20:27:21.6211822][WARN/reaction.cpp:60] Received Modder Detection from Creeper_BOOM450 (216834253)
[20:27:44.8311974][WARN/prepare_metric_for_sending.cpp:93] BAD METRIC: W_L; DATA: "c":[-543.83,534.10,108.74],"wantedlvl":0
[20:27:44.8312275][WARN/prepare_metric_for_sending.cpp:93] BAD METRIC: AWARD_XP; DATA: "amt":200,"type":2892279813,"cat":3893038019,"pt":3329613691,"slot":0
[20:28:21.7315990][WARN/notify.hpp:67] Blocked sound spam crash from BumbleBeatch (210299881)
[20:28:22.7566218][WARN/notify.hpp:67] Blocked sound spam crash from BumbleBeatch (210299881)
[20:32:17.7411759][WARN/prepare_metric_for_sending.cpp:93] BAD METRIC: AWARD_XP; DATA: "amt":13433597,"type":3136273443,"cat":654913086,"pt":3329898217,"slot":0
[20:34:59.4808423][WARN/prepare_metric_for_sending.cpp:93] BAD METRIC: EARN; DATA: "amt":4260,"char":{"slot":0,"cash":53760,"bank":111331403,"evc":111385163,"pvc":0,"pxr":0.00000,"nonce":638419844936553702},"c":[2728.02368,-374.30295,-47.39749],"pt":3330045732,"vct":0,"vcp":0,"mid":0,"action":"ARCADE","cat":"ARCADE_AWARD","ctx":{
[20:34:59.4809070][WARN/prepare_metric_for_sending.cpp:93] BAD METRIC: EARN; DATA: "amt":4260,"char":{"slot":0,"cash":53760,"bank":111331403,"evc":111385163,"pvc":0,"pxr":0.00000,"nonce":638419844936553702},"c":[2728.02368,-374.30295,-47.39749],"pt":3330045732,"vct":0,"vcp":0,"mid":0,"action":"ARCADE","cat":"ARCADE_AWARD","ctx":{
[20:38:40.8461029][WARN/prepare_metric_for_sending.cpp:93] BAD METRIC: EARN; DATA: "amt":20000,"char":{"slot":0,"cash":53760,"bank":111351403,"evc":111405163,"pvc":0,"pxr":0.00000,"nonce":638419847150135691},"c":[-822.99200,-1084.00134,11.13357],"pt":3330263643,"vct":0,"vcp":0,"mid":0,"action":"AMB_JOB","cat":"JOBS","ctx":{"desc":"fm_co
[20:38:40.8461612][WARN/prepare_metric_for_sending.cpp:93] BAD METRIC: EARN; DATA: "amt":20000,"char":{"slot":0,"cash":53760,"bank":111351403,"evc":111405163,"pvc":0,"pxr":0.00000,"nonce":638419847150135691},"c":[-822.99200,-1084.00134,11.13357],"pt":3330263643,"vct":0,"vcp":0,"mid":0,"action":"AMB_JOB","cat":"JOBS","ctx":{"desc":"fm_co
[20:39:32.3522480][WARN/reaction.cpp:60] Received Modder Detection from prismlina_ (208338738)
[20:39:41.2171781][WARN/prepare_metric_for_sending.cpp:93] BAD METRIC: AWARD_XP; DATA: "amt":2500,"type":2658791846,"cat":404533672,"pt":3330263643,"slot":0
[20:40:22.1850090][WARN/interloper_reaction.cpp:30] Received Spectate Others from AzztheBuzz (120020460), victim is prismlina_
[20:41:41.2624979][WARN/prepare_metric_for_sending.cpp:93] BAD METRIC: W_L; DATA: "c":[-347.46,-1083.18,22.80],"wantedlvl":1
[20:41:41.2626105][WARN/prepare_metric_for_sending.cpp:93] BAD METRIC: W_L; DATA: "c":[-652.92,-910.28,23.93],"wantedlvl":2
[20:41:41.2627676][WARN/prepare_metric_for_sending.cpp:93] BAD METRIC: W_L; DATA: "c":[-994.60,-133.68,38.60],"wantedlvl":3
[20:42:19.7754798][WARN/reaction.cpp:60] Received Modder Detection from Lukykuky11 (71875895)
[20:42:51.2150558][WARN/interloper_reaction.cpp:30] Received Spectate Others from AzztheBuzz (120020460), victim is Voodooccdu
[20:43:08.3161686][WARN/interloper_reaction.cpp:30] Received Spectate Others from AzztheBuzz (120020460), victim is prismlina_
[20:43:28.2053679][WARN/reaction.cpp:60] Received Request Control Event from AzztheBuzz (120020460)
[20:43:28.4672707][WARN/reaction.cpp:60] Received Request Control Event from AzztheBuzz (120020460)
[20:43:28.6764871][WARN/reaction.cpp:60] Received Request Control Event from AzztheBuzz (120020460)
[20:43:28.7279698][WARN/reaction.cpp:60] Received Request Control Event from AzztheBuzz (120020460)
[20:43:28.8854842][WARN/reaction.cpp:60] Received Request Control Event from AzztheBuzz (120020460)
[20:43:28.9381871][WARN/reaction.cpp:60] Received Request Control Event from AzztheBuzz (120020460)
[20:43:29.1457508][WARN/reaction.cpp:60] Received Request Control Event from AzztheBuzz (120020460)
[20:43:29.4080867][WARN/reaction.cpp:60] Received Request Control Event from AzztheBuzz (120020460)
[20:43:29.5774793][WARN/reaction.cpp:60] Received Request Control Event from AzztheBuzz (120020460)
[20:43:29.6899272][WARN/reaction.cpp:60] Received Request Control Event from AzztheBuzz (120020460)
[20:43:29.9182373][WARN/reaction.cpp:60] Received Request Control Event from AzztheBuzz (120020460)
[20:43:29.9722940][WARN/reaction.cpp:60] Received Request Control Event from AzztheBuzz (120020460)
[20:43:30.1947839][WARN/reaction.cpp:60] Received Request Control Event from AzztheBuzz (120020460)
[20:43:30.2506858][WARN/reaction.cpp:60] Received Request Control Event from AzztheBuzz (120020460)
[20:43:30.4735632][WARN/reaction.cpp:60] Received Request Control Event from AzztheBuzz (120020460)
[20:43:30.4736536][WARN/reaction.cpp:60] Received Request Control Event from AzztheBuzz (120020460)
[20:43:30.6793293][WARN/reaction.cpp:60] Received Request Control Event from AzztheBuzz (120020460)
[20:43:44.5737618][WARN/interloper_reaction.cpp:30] Received Spectate Others from AzztheBuzz (120020460), victim is Clappy_71
[20:44:55.6256536][WARN/reaction.cpp:60] Received Modder Detection from Jaime127 (92119971)
[20:45:14.9993002][WARN/prepare_metric_for_sending.cpp:93] BAD METRIC: ESVCS; DATA: "c":[-1428.99,-187.34,46.99],"name":353883353,"cd":[-1428,-187],"wlvl":3
[20:45:14.9997049][WARN/prepare_metric_for_sending.cpp:93] BAD METRIC: ESVCS; DATA: "c":[-464.89,-251.02,35.64],"name":353883353,"cd":[-464,-251],"wlvl":3
[20:45:14.9997428][WARN/prepare_metric_for_sending.cpp:93] BAD METRIC: W_L; DATA: "c":[-260.52,-141.72,43.37],"wantedlvl":0
[20:45:14.9997647][WARN/prepare_metric_for_sending.cpp:93] BAD METRIC: AWARD_XP; DATA: "amt":13436097,"type":3136273443,"cat":654913086,"pt":3330649391,"slot":0
[20:45:42.7228407][WARN/reaction.cpp:60] Received Modder Detection from zMenoxi (219710527)
[20:46:02.2102110][WARN/reaction.cpp:60] Received Modder Detection from AzztheBuzz (120020460)
[20:46:30.2230859][WARN/prepare_metric_for_sending.cpp:93] BAD METRIC: AWARD_XP; DATA: "amt":13436097,"type":3136273443,"cat":654913086,"pt":3330712829,"slot":0
[20:46:58.8988895][DEBUG/script_function.cpp:35] Found pattern RSD in script PauseMenu_Multiplayer
[20:50:55.8176645][WARN/prepare_metric_for_sending.cpp:93] BAD METRIC: UVC; DATA: "vc":false
[20:51:11.2602087][WARN/prepare_metric_for_sending.cpp:93] BAD METRIC: AWARD_XP; DATA: "amt":13436097,"type":3136273443,"cat":654913086,"pt":3330773347,"slot":0
[20:51:43.0404860][WARN/prepare_metric_for_sending.cpp:93] BAD METRIC: AWARD_XP; DATA: "amt":13436097,"type":3136273443,"cat":654913086,"pt":3330808732,"slot":0
[20:52:21.3836439][WARN/prepare_metric_for_sending.cpp:93] BAD METRIC: AWARD_XP; DATA: "amt":13436097,"type":3136273443,"cat":654913086,"pt":3330835276,"slot":0
[20:52:38.3204675][WARN/reaction.cpp:60] Received Modder Detection from mr.p1p (33079071)
[20:54:40.4279369][WARN/reaction.cpp:60] Received Request Control Event from Velja31 (224749011)
[20:54:40.8877169][WARN/reaction.cpp:60] Received Request Control Event from Velja31 (224749011)
[20:56:34.4499198][WARN/interloper_reaction.cpp:30] Received Spectate Others from Dono-YONKOo (234791313), victim is MaxiMenace
[20:56:58.5801002][WARN/prepare_metric_for_sending.cpp:93] BAD METRIC: AWARD_XP; DATA: "amt":13436097,"type":3136273443,"cat":654913086,"pt":3331100533,"slot":0
[20:57:45.8731131][WARN/prepare_metric_for_sending.cpp:93] BAD METRIC: AWARD_XP; DATA: "amt":13436097,"type":3136273443,"cat":654913086,"pt":3331135976,"slot":0
[20:58:14.6318633][WARN/reaction.cpp:60] Received Modder Detection from Nakitara (191762712)
[20:58:40.6986800][WARN/reaction.cpp:60] Received Remote Ragdoll from Gucci-Hitman (244470331)
[21:03:38.9540190][WARN/reaction.cpp:60] Received Modder Detection from Gamer187_2 (235435295)
[21:03:55.1741532][WARN/prepare_metric_for_sending.cpp:93] BAD METRIC: W_L; DATA: "c":[1748.42,1241.12,132.45],"wantedlvl":3
[21:05:51.8672671][WARN/prepare_metric_for_sending.cpp:93] BAD METRIC: ESVCS; DATA: "c":[1619.89,1090.05,81.59],"name":353883353,"cd":[1619,1090],"wlvl":3
[21:05:51.8675323][WARN/prepare_metric_for_sending.cpp:93] BAD METRIC: ESVCS; DATA: "c":[1208.80,2083.09,65.11],"name":353883353,"cd":[1208,2083],"wlvl":3
[21:05:51.8675704][WARN/prepare_metric_for_sending.cpp:93] BAD METRIC: W_L; DATA: "c":[1198.32,2089.98,62.58],"wantedlvl":0
[21:12:44.6676070][WARN/reaction.cpp:60] Received Modder Detection from HOCHANTER_96X (151870050)
[21:13:31.8715547][WARN/prepare_metric_for_sending.cpp:93] BAD METRIC: EARN; DATA: "amt":20000,"char":{"slot":0,"cash":0,"bank":111422163,"evc":111422163,"pvc":0,"pxr":0.00000,"nonce":638419868060532646},"c":[1172.34619,-2973.52832,5.26941],"pt":3332061459,"vct":0,"vcp":0,"mid":0,"action":"DAILY_VEH","cat":"AUTOSHOP","ctx":{
[21:13:31.8716105][WARN/prepare_metric_for_sending.cpp:93] BAD METRIC: EARN; DATA: "amt":20000,"char":{"slot":0,"cash":0,"bank":111422163,"evc":111422163,"pvc":0,"pxr":0.00000,"nonce":638419868060532646},"c":[1172.34619,-2973.52832,5.26941],"pt":3332061459,"vct":0,"vcp":0,"mid":0,"action":"DAILY_VEH","cat":"AUTOSHOP","ctx":{
[21:15:07.6056332][WARN/prepare_metric_for_sending.cpp:93] BAD METRIC: AWARD_XP; DATA: "amt":1000,"type":2435321038,"cat":3285634639,"pt":3332061459,"slot":0
[21:18:28.2912706][WARN/prepare_metric_for_sending.cpp:93] BAD METRIC: REPORT_INVALIDMODEL; DATA: "a":"SC 245420902","b":2063962179,"c":401263359,"d":[250.12,171.05,104.27],"e":[-805.07,-1082.84,-50.00],"f":8801127335252662046,"g":114969492009808733,"h":1164726040,"i":1104331669,"n":4502,"op":[306.25,166.30,103.42],"or":[0.00,0.00,0.70],"os":[1.00
[21:18:28.2913319][WARN/prepare_metric_for_sending.cpp:93] BAD METRIC: REPORT_INVALIDMODEL; DATA: "a":"SC 245420902","b":2063962179,"c":401263359,"d":[250.12,171.05,104.27],"e":[-805.07,-1082.84,-50.00],"f":8801127335252662046,"g":114969492009808733,"h":1164726040,"i":1104331669,"n":2278,"op":[306.21,166.30,103.15],"or":[0.00,0.00,0.00],"os":[1.00
[21:18:28.2913559][WARN/prepare_metric_for_sending.cpp:93] BAD METRIC: REPORT_INVALIDMODEL; DATA: "a":"SC 245420902","b":2063962179,"c":401263359,"d":[252.36,170.23,104.23],"e":[-804.80,-1082.66,-50.00],"f":8801127335252662046,"g":114969492009808733,"h":1164726040,"i":1104331669,"n":2279,"op":[307.29,166.29,103.07],"or":[0.00,0.00,0.00],"os":[1.00
[21:18:28.2913756][WARN/prepare_metric_for_sending.cpp:93] BAD METRIC: REPORT_INVALIDMODEL; DATA: "a":"SC 245420902","b":2063962179,"c":401263359,"d":[254.42,169.47,104.20],"e":[-804.52,-1082.48,-50.00],"f":8801127335252662046,"g":114969492009808733,"h":1164726040,"i":1104331669,"n":2280,"op":[306.25,166.30,103.42],"or":[0.00,0.00,0.00],"os":[1.00
[21:18:28.2913945][WARN/prepare_metric_for_sending.cpp:93] BAD METRIC: REPORT_INVALIDMODEL; DATA: "a":"SC 245420902","b":2063962179,"c":401263359,"d":[258.57,167.94,104.12],"e":[-803.96,-1082.13,-50.00],"f":8801127335252662046,"g":114969492009808733,"h":1164726040,"i":1104331669,"n":2301,"op":[306.25,166.30,103.25],"or":[0.00,0.00,0.00],"os":[1.00
[21:18:28.2914132][WARN/prepare_metric_for_sending.cpp:93] BAD METRIC: REPORT_INVALIDMODEL; DATA: "a":"SC 245420902","b":2063962179,"c":401263359,"d":[258.57,167.94,104.12],"e":[-803.96,-1082.13,-50.00],"f":8801127335252662046,"g":114969492009808733,"h":1164726040,"i":1104331669,"n":2302,"op":[306.25,166.30,103.33],"or":[0.00,0.00,0.00],"os":[1.00
[21:18:28.2914317][WARN/prepare_metric_for_sending.cpp:93] BAD METRIC: REPORT_INVALIDMODEL; DATA: "a":"SC 245420902","b":2063962179,"c":401263359,"d":[258.57,167.94,104.12],"e":[-803.96,-1082.13,-50.00],"f":8801127335252662046,"g":114969492009808733,"h":1164726040,"i":1104331669,"n":2303,"op":[307.25,166.29,103.12],"or":[0.00,0.00,0.00],"os":[1.00
[21:20:34.3086440][WARN/prepare_metric_for_sending.cpp:93] BAD METRIC: REPORT_INVALIDMODEL; DATA: "a":"SC 245420902","b":2063962179,"c":401263359,"d":[260.86,167.09,104.08],"e":[-803.71,-1081.88,-50.00],"f":8801127335252662046,"g":114969492009808733,"h":1164726040,"i":1104331669,"n":2306,"op":[306.21,166.30,103.15],"or":[0.00,0.00,0.70],"os":[1.00
[21:20:34.3086978][WARN/prepare_metric_for_sending.cpp:93] BAD METRIC: REPORT_INVALIDMODEL; DATA: "a":"SC 245420902","b":2063962179,"c":401263359,"d":[260.86,167.09,104.08],"e":[-803.71,-1081.88,-50.00],"f":8801127335252662046,"g":114969492009808733,"h":1164726040,"i":1104331669,"n":2308,"op":[306.25,166.30,103.25],"or":[0.00,0.00,0.70],"os":[1.00
[21:20:34.3087355][WARN/prepare_metric_for_sending.cpp:93] BAD METRIC: REPORT_INVALIDMODEL; DATA: "a":"SC 245420902","b":2063962179,"c":401263359,"d":[260.86,167.09,104.08],"e":[-803.71,-1081.88,-50.00],"f":8801127335252662046,"g":114969492009808733,"h":1164726040,"i":1104331669,"n":2314,"op":[307.25,166.29,103.12],"or":[0.00,0.00,0.70],"os":[1.00
[21:20:34.3087569][WARN/prepare_metric_for_sending.cpp:93] BAD METRIC: REPORT_INVALIDMODEL; DATA: "a":"SC 245420902","b":2063962179,"c":401263359,"d":[262.69,166.42,104.05],"e":[-803.47,-1081.63,-50.00],"f":8801127335252662046,"g":114969492009808733,"h":1164726040,"i":1104331669,"n":760,"op":[306.25,166.30,103.33],"or":[0.00,0.00,0.70],"os":[1.00,1.00
[21:20:34.3087762][WARN/prepare_metric_for_sending.cpp:93] BAD METRIC: REPORT_INVALIDMODEL; DATA: "a":"SC 245420902","b":2063962179,"c":401263359,"d":[262.69,166.42,104.05],"e":[-803.47,-1081.63,-50.00],"f":8801127335252662046,"g":114969492009808733,"h":1164726040,"i":1104331669,"n":2550,"op":[306.18,166.30,103.28],"or":[0.00,0.00,0.70],"os":[1.00
[21:20:34.3087949][WARN/prepare_metric_for_sending.cpp:93] BAD METRIC: REPORT_INVALIDMODEL; DATA: "a":"SC 245420902","b":2063962179,"c":401263359,"d":[262.69,166.42,104.05],"e":[-803.47,-1081.63,-50.00],"f":8801127335252662046,"g":114969492009808733,"h":1164726040,"i":1104331669,"n":2574,"op":[306.30,166.30,103.10],"or":[0.00,0.00,0.00],"os":[1.00
[21:24:00.1094850][WARN/prepare_metric_for_sending.cpp:93] BAD METRIC: AWARD_XP; DATA: "amt":13437097,"type":3136273443,"cat":654913086,"pt":3332661635,"slot":0
[21:24:37.2966632][WARN/prepare_metric_for_sending.cpp:93] BAD METRIC: AWARD_XP; DATA: "amt":13437097,"type":3136273443,"cat":654913086,"pt":3332687209,"slot":0
[21:25:47.7682231][WARN/allocate_memory_reliable.cpp:35] Failed to allocate 910 bytes for reliable message, free space: 17040. Trying to free some memory
[21:25:47.7683675][WARN/allocate_memory_reliable.cpp:45] Failed to allocate 910 bytes for reliable message, free space: 17568. Failed to free some memory, clearing all messages (including reliables) for connection
[21:25:47.7683926][WARN/allocate_memory_reliable.cpp:35] Failed to allocate 910 bytes for reliable message, free space: 17568. Trying to free some memory
[21:25:47.7684261][WARN/allocate_memory_reliable.cpp:45] Failed to allocate 910 bytes for reliable message, free space: 17568. Failed to free some memory, clearing all messages (including reliables) for connection
[21:25:47.7684491][WARN/allocate_memory_reliable.cpp:35] Failed to allocate 910 bytes for reliable message, free space: 17568. Trying to free some memory
[21:25:47.7684669][WARN/allocate_memory_reliable.cpp:45] Failed to allocate 910 bytes for reliable message, free space: 17568. Failed to free some memory, clearing all messages (including reliables) for connection
[21:25:47.7684856][WARN/allocate_memory_reliable.cpp:35] Failed to allocate 910 bytes for reliable message, free space: 17568. Trying to free some memory
[21:25:47.7685028][WARN/allocate_memory_reliable.cpp:45] Failed to allocate 910 bytes for reliable message, free space: 17568. Failed to free some memory, clearing all messages (including reliables) for connection
[21:25:47.7685236][WARN/allocate_memory_reliable.cpp:35] Failed to allocate 910 bytes for reliable message, free space: 17568. Trying to free some memory
[21:25:47.7685425][WARN/allocate_memory_reliable.cpp:45] Failed to allocate 910 bytes for reliable message, free space: 17568. Failed to free some memory, clearing all messages (including reliables) for connection
[21:25:47.7685614][WARN/allocate_memory_reliable.cpp:35] Failed to allocate 910 bytes for reliable message, free space: 17568. Trying to free some memory
[21:25:47.7685788][WARN/allocate_memory_reliable.cpp:45] Failed to allocate 910 bytes for reliable message, free space: 17568. Failed to free some memory, clearing all messages (including reliables) for connection
[21:25:47.7685901][WARN/allocate_memory_reliable.cpp:35] Failed to allocate 334 bytes for reliable message, free space: 17568. Trying to free some memory
[21:25:47.7686131][WARN/allocate_memory_reliable.cpp:45] Failed to allocate 334 bytes for reliable message, free space: 17568. Failed to free some memory, clearing all messages (including reliables) for connection
[21:25:47.7686457][WARN/allocate_memory_reliable.cpp:35] Failed to allocate 334 bytes for reliable message, free space: 17568. Trying to free some memory
[21:25:47.7686654][WARN/allocate_memory_reliable.cpp:45] Failed to allocate 334 bytes for reliable message, free space: 17568. Failed to free some memory, clearing all messages (including reliables) for connection
[21:25:47.7686930][WARN/allocate_memory_reliable.cpp:35] Failed to allocate 910 bytes for reliable message, free space: 17568. Trying to free some memory
[21:25:47.7687122][WARN/allocate_memory_reliable.cpp:45] Failed to allocate 910 bytes for reliable message, free space: 17568. Failed to free some memory, clearing all messages (including reliables) for connection
[21:25:47.7687359][WARN/allocate_memory_reliable.cpp:35] Failed to allocate 910 bytes for reliable message, free space: 17568. Trying to free some memory
[21:25:47.7687698][WARN/allocate_memory_reliable.cpp:45] Failed to allocate 910 bytes for reliable message, free space: 17568. Failed to free some memory, clearing all messages (including reliables) for connection
[21:25:47.7688075][WARN/allocate_memory_reliable.cpp:35] Failed to allocate 910 bytes for reliable message, free space: 17568. Trying to free some memory
[21:25:47.7688394][WARN/allocate_memory_reliable.cpp:45] Failed to allocate 910 bytes for reliable message, free space: 17568. Failed to free some memory, clearing all messages (including reliables) for connection
[21:25:47.7690319][WARN/allocate_memory_reliable.cpp:35] Failed to allocate 910 bytes for reliable message, free space: 17568. Trying to free some memory
[21:25:47.7690534][WARN/allocate_memory_reliable.cpp:45] Failed to allocate 910 bytes for reliable message, free space: 17568. Failed to free some memory, clearing all messages (including reliables) for connection
[21:25:47.7690718][WARN/allocate_memory_reliable.cpp:35] Failed to allocate 910 bytes for reliable message, free space: 17568. Trying to free some memory
[21:25:47.7690895][WARN/allocate_memory_reliable.cpp:45] Failed to allocate 910 bytes for reliable message, free space: 17568. Failed to free some memory, clearing all messages (including reliables) for connection
[21:25:47.7691079][WARN/allocate_memory_reliable.cpp:35] Failed to allocate 910 bytes for reliable message, free space: 17568. Trying to free some memory
[21:25:47.7691249][WARN/allocate_memory_reliable.cpp:45] Failed to allocate 910 bytes for reliable message, free space: 17568. Failed to free some memory, clearing all messages (including reliables) for connection
[21:25:47.7691363][WARN/allocate_memory_reliable.cpp:35] Failed to allocate 334 bytes for reliable message, free space: 17568. Trying to free some memory
[21:25:47.7691647][WARN/allocate_memory_reliable.cpp:45] Failed to allocate 334 bytes for reliable message, free space: 17568. Failed to free some memory, clearing all messages (including reliables) for connection
[21:25:47.7691905][WARN/allocate_memory_reliable.cpp:35] Failed to allocate 334 bytes for reliable message, free space: 17568. Trying to free some memory
[21:25:47.7692090][WARN/allocate_memory_reliable.cpp:45] Failed to allocate 334 bytes for reliable message, free space: 17568. Failed to free some memory, clearing all messages (including reliables) for connection
[21:25:47.7712394][WARN/reaction.cpp:60] Received Modder Detection from Darki2pro (185761125)
[21:32:48.5679934][WARN/prepare_metric_for_sending.cpp:93] BAD METRIC: EARN; DATA: "amt":0,"char":{"slot":0,"cash":0,"bank":111421163,"evc":111421163,"pvc":0,"pxr":0.00000,"nonce":638419879627900062},"c":[1129.52661,263.11935,-51.04100],"pt":3333142364,"vct":0,"vcp":0,"mid":0,"action":"SELL_CHIPS","cat":"BETTING","ctx":{"type":10000}
[21:32:48.5680471][WARN/prepare_metric_for_sending.cpp:93] BAD METRIC: EARN; DATA: "amt":0,"char":{"slot":0,"cash":0,"bank":111421163,"evc":111421163,"pvc":0,"pxr":0.00000,"nonce":638419879627900062},"c":[1129.52661,263.11935,-51.04100],"pt":3333142364,"vct":0,"vcp":0,"mid":0,"action":"SELL_CHIPS","cat":"BETTING","ctx":{"type":10000}
[21:33:22.6103532][WARN/prepare_metric_for_sending.cpp:93] BAD METRIC: EARN; DATA: "amt":0,"char":{"slot":0,"cash":0,"bank":111421163,"evc":111421163,"pvc":0,"pxr":0.00000,"nonce":638419880002403268},"c":[1129.52661,263.11935,-51.04100],"pt":3333182399,"vct":0,"vcp":0,"mid":0,"action":"SELL_CHIPS","cat":"BETTING","ctx":{"type":10000}
[21:33:22.6104036][WARN/prepare_metric_for_sending.cpp:93] BAD METRIC: EARN; DATA: "amt":0,"char":{"slot":0,"cash":0,"bank":111421163,"evc":111421163,"pvc":0,"pxr":0.00000,"nonce":638419880002403268},"c":[1129.52661,263.11935,-51.04100],"pt":3333182399,"vct":0,"vcp":0,"mid":0,"action":"SELL_CHIPS","cat":"BETTING","ctx":{"type":10000}
[21:33:52.9657625][WARN/prepare_metric_for_sending.cpp:93] BAD METRIC: EARN; DATA: "amt":0,"char":{"slot":0,"cash":0,"bank":111421163,"evc":111421163,"pvc":0,"pxr":0.00000,"nonce":638419880316863317},"c":[1129.52661,263.11935,-51.04100],"pt":3333209712,"vct":0,"vcp":0,"mid":0,"action":"SELL_CHIPS","cat":"BETTING","ctx":{"type":10000}
[21:33:52.9658340][WARN/prepare_metric_for_sending.cpp:93] BAD METRIC: EARN; DATA: "amt":0,"char":{"slot":0,"cash":0,"bank":111421163,"evc":111421163,"pvc":0,"pxr":0.00000,"nonce":638419880316863317},"c":[1129.52661,263.11935,-51.04100],"pt":3333209712,"vct":0,"vcp":0,"mid":0,"action":"SELL_CHIPS","cat":"BETTING","ctx":{"type":10000}
[21:34:13.7875488][WARN/prepare_metric_for_sending.cpp:93] BAD METRIC: EARN; DATA: "amt":0,"char":{"slot":0,"cash":0,"bank":111421163,"evc":111421163,"pvc":0,"pxr":0.00000,"nonce":638419880480557956},"c":[1129.52661,263.11935,-51.04100],"pt":3333229749,"vct":0,"vcp":0,"mid":0,"action":"SELL_CHIPS","cat":"BETTING","ctx":{"type":10000}
[21:34:13.7875972][WARN/prepare_metric_for_sending.cpp:93] BAD METRIC: EARN; DATA: "amt":0,"char":{"slot":0,"cash":0,"bank":111421163,"evc":111421163,"pvc":0,"pxr":0.00000,"nonce":638419880480557956},"c":[1129.52661,263.11935,-51.04100],"pt":3333229749,"vct":0,"vcp":0,"mid":0,"action":"SELL_CHIPS","cat":"BETTING","ctx":{"type":10000}
[21:34:28.7933373][WARN/prepare_metric_for_sending.cpp:93] BAD METRIC: EARN; DATA: "amt":0,"char":{"slot":0,"cash":0,"bank":111421163,"evc":111421163,"pvc":0,"pxr":0.00000,"nonce":638419880664281593},"c":[1129.52661,263.11935,-51.04100],"pt":3333239782,"vct":0,"vcp":0,"mid":0,"action":"SELL_CHIPS","cat":"BETTING","ctx":{"type":10000}
[21:34:28.7934120][WARN/prepare_metric_for_sending.cpp:93] BAD METRIC: EARN; DATA: "amt":0,"char":{"slot":0,"cash":0,"bank":111421163,"evc":111421163,"pvc":0,"pxr":0.00000,"nonce":638419880664281593},"c":[1129.52661,263.11935,-51.04100],"pt":3333239782,"vct":0,"vcp":0,"mid":0,"action":"SELL_CHIPS","cat":"BETTING","ctx":{"type":10000}
[21:34:46.6149890][WARN/prepare_metric_for_sending.cpp:93] BAD METRIC: EARN; DATA: "amt":0,"char":{"slot":0,"cash":0,"bank":111421163,"evc":111421163,"pvc":0,"pxr":0.00000,"nonce":638419880808105653},"c":[1129.52661,263.11935,-51.04100],"pt":3333259827,"vct":0,"vcp":0,"mid":0,"action":"SELL_CHIPS","cat":"BETTING","ctx":{"type":10000}
[21:34:46.6150510][WARN/prepare_metric_for_sending.cpp:93] BAD METRIC: EARN; DATA: "amt":0,"char":{"slot":0,"cash":0,"bank":111421163,"evc":111421163,"pvc":0,"pxr":0.00000,"nonce":638419880808105653},"c":[1129.52661,263.11935,-51.04100],"pt":3333259827,"vct":0,"vcp":0,"mid":0,"action":"SELL_CHIPS","cat":"BETTING","ctx":{"type":10000}
[21:35:01.5986647][WARN/prepare_metric_for_sending.cpp:93] BAD METRIC: EARN; DATA: "amt":0,"char":{"slot":0,"cash":0,"bank":111421163,"evc":111421163,"pvc":0,"pxr":0.00000,"nonce":638419880986139539},"c":[1129.52661,263.11935,-51.04100],"pt":3333279887,"vct":0,"vcp":0,"mid":0,"action":"SELL_CHIPS","cat":"BETTING","ctx":{"type":10000}
[21:35:01.5987151][WARN/prepare_metric_for_sending.cpp:93] BAD METRIC: EARN; DATA: "amt":0,"char":{"slot":0,"cash":0,"bank":111421163,"evc":111421163,"pvc":0,"pxr":0.00000,"nonce":638419880986139539},"c":[1129.52661,263.11935,-51.04100],"pt":3333279887,"vct":0,"vcp":0,"mid":0,"action":"SELL_CHIPS","cat":"BETTING","ctx":{"type":10000}
[21:35:32.5274643][WARN/prepare_metric_for_sending.cpp:93] BAD METRIC: EARN; DATA: "amt":0,"char":{"slot":0,"cash":0,"bank":111421163,"evc":111421163,"pvc":0,"pxr":0.00000,"nonce":638419881296190276},"c":[1129.52661,263.11935,-51.04100],"pt":3333309943,"vct":0,"vcp":0,"mid":0,"action":"SELL_CHIPS","cat":"BETTING","ctx":{"type":10000}
[21:35:32.5275134][WARN/prepare_metric_for_sending.cpp:93] BAD METRIC: EARN; DATA: "amt":0,"char":{"slot":0,"cash":0,"bank":111421163,"evc":111421163,"pvc":0,"pxr":0.00000,"nonce":638419881296190276},"c":[1129.52661,263.11935,-51.04100],"pt":3333309943,"vct":0,"vcp":0,"mid":0,"action":"SELL_CHIPS","cat":"BETTING","ctx":{"type":10000}
[21:35:48.0755395][WARN/prepare_metric_for_sending.cpp:93] BAD METRIC: EARN; DATA: "amt":0,"char":{"slot":0,"cash":0,"bank":111421163,"evc":111421163,"pvc":0,"pxr":0.00000,"nonce":638419881423187992},"c":[1129.52661,263.11935,-51.04100],"pt":3333319975,"vct":0,"vcp":0,"mid":0,"action":"SELL_CHIPS","cat":"BETTING","ctx":{"type":10000}
[21:35:48.0756036][WARN/prepare_metric_for_sending.cpp:93] BAD METRIC: EARN; DATA: "amt":0,"char":{"slot":0,"cash":0,"bank":111421163,"evc":111421163,"pvc":0,"pxr":0.00000,"nonce":638419881423187992},"c":[1129.52661,263.11935,-51.04100],"pt":3333319975,"vct":0,"vcp":0,"mid":0,"action":"SELL_CHIPS","cat":"BETTING","ctx":{"type":10000}
[21:36:02.6050681][WARN/prepare_metric_for_sending.cpp:93] BAD METRIC: EARN; DATA: "amt":0,"char":{"slot":0,"cash":0,"bank":111421163,"evc":111421163,"pvc":0,"pxr":0.00000,"nonce":638419881590411191},"c":[1129.52661,263.11935,-51.04100],"pt":3333340025,"vct":0,"vcp":0,"mid":0,"action":"SELL_CHIPS","cat":"BETTING","ctx":{"type":10000}
[21:36:02.6051182][WARN/prepare_metric_for_sending.cpp:93] BAD METRIC: EARN; DATA: "amt":0,"char":{"slot":0,"cash":0,"bank":111421163,"evc":111421163,"pvc":0,"pxr":0.00000,"nonce":638419881590411191},"c":[1129.52661,263.11935,-51.04100],"pt":3333340025,"vct":0,"vcp":0,"mid":0,"action":"SELL_CHIPS","cat":"BETTING","ctx":{"type":10000}
[21:36:18.8500863][WARN/prepare_metric_for_sending.cpp:93] BAD METRIC: EARN; DATA: "amt":0,"char":{"slot":0,"cash":0,"bank":111421163,"evc":111421163,"pvc":0,"pxr":0.00000,"nonce":638419881731000772},"c":[1129.52661,263.11935,-51.04100],"pt":3333350045,"vct":0,"vcp":0,"mid":0,"action":"SELL_CHIPS","cat":"BETTING","ctx":{"type":10000}
[21:36:18.8501311][WARN/prepare_metric_for_sending.cpp:93] BAD METRIC: EARN; DATA: "amt":0,"char":{"slot":0,"cash":0,"bank":111421163,"evc":111421163,"pvc":0,"pxr":0.00000,"nonce":638419881731000772},"c":[1129.52661,263.11935,-51.04100],"pt":3333350045,"vct":0,"vcp":0,"mid":0,"action":"SELL_CHIPS","cat":"BETTING","ctx":{"type":10000}
[21:36:32.2240992][WARN/prepare_metric_for_sending.cpp:93] BAD METRIC: EARN; DATA: "amt":0,"char":{"slot":0,"cash":0,"bank":111421163,"evc":111421163,"pvc":0,"pxr":0.00000,"nonce":638419881911663973},"c":[1129.52661,263.11935,-51.04100],"pt":3333370088,"vct":0,"vcp":0,"mid":0,"action":"SELL_CHIPS","cat":"BETTING","ctx":{"type":20000}
[21:36:32.2241666][WARN/prepare_metric_for_sending.cpp:93] BAD METRIC: EARN; DATA: "amt":0,"char":{"slot":0,"cash":0,"bank":111421163,"evc":111421163,"pvc":0,"pxr":0.00000,"nonce":638419881911663973},"c":[1129.52661,263.11935,-51.04100],"pt":3333370088,"vct":0,"vcp":0,"mid":0,"action":"SELL_CHIPS","cat":"BETTING","ctx":{"type":20000}
[21:39:25.8136838][WARN/prepare_metric_for_sending.cpp:93] BAD METRIC: EARN; DATA: "amt":0,"char":{"slot":0,"cash":0,"bank":111366673,"evc":111366673,"pvc":0,"pxr":0.00000,"nonce":638419883600506999},"c":[1152.60156,266.62692,-51.84095],"pt":3333540428,"vct":0,"vcp":0,"mid":0,"action":"SELL_CHIPS","cat":"BETTING","ctx":{"type":10}
[21:39:25.8137489][WARN/prepare_metric_for_sending.cpp:93] BAD METRIC: EARN; DATA: "amt":0,"char":{"slot":0,"cash":0,"bank":111366673,"evc":111366673,"pvc":0,"pxr":0.00000,"nonce":638419883600506999},"c":[1152.60156,266.62692,-51.84095],"pt":3333540428,"vct":0,"vcp":0,"mid":0,"action":"SELL_CHIPS","cat":"BETTING","ctx":{"type":10}
[21:39:52.7044140][WARN/prepare_metric_for_sending.cpp:93] BAD METRIC: EARN; DATA: "amt":0,"char":{"slot":0,"cash":0,"bank":111366673,"evc":111366673,"pvc":0,"pxr":0.00000,"nonce":638419883869517750},"c":[1152.60156,266.62692,-51.84095],"pt":3333560435,"vct":0,"vcp":0,"mid":0,"action":"SELL_CHIPS","cat":"BETTING","ctx":{"type":500}
[21:39:52.7044616][WARN/prepare_metric_for_sending.cpp:93] BAD METRIC: EARN; DATA: "amt":0,"char":{"slot":0,"cash":0,"bank":111366673,"evc":111366673,"pvc":0,"pxr":0.00000,"nonce":638419883869517750},"c":[1152.60156,266.62692,-51.84095],"pt":3333560435,"vct":0,"vcp":0,"mid":0,"action":"SELL_CHIPS","cat":"BETTING","ctx":{"type":500}
[21:40:17.2055124][WARN/prepare_metric_for_sending.cpp:93] BAD METRIC: EARN; DATA: "amt":0,"char":{"slot":0,"cash":0,"bank":111366673,"evc":111366673,"pvc":0,"pxr":0.00000,"nonce":638419884152257080},"c":[1152.60156,266.62692,-51.84095],"pt":3333590450,"vct":0,"vcp":0,"mid":0,"action":"SELL_CHIPS","cat":"BETTING","ctx":{"type":500}
[21:40:17.2055848][WARN/prepare_metric_for_sending.cpp:93] BAD METRIC: EARN; DATA: "amt":0,"char":{"slot":0,"cash":0,"bank":111366673,"evc":111366673,"pvc":0,"pxr":0.00000,"nonce":638419884152257080},"c":[1152.60156,266.62692,-51.84095],"pt":3333590450,"vct":0,"vcp":0,"mid":0,"action":"SELL_CHIPS","cat":"BETTING","ctx":{"type":500}
[21:41:05.0972247][WARN/prepare_metric_for_sending.cpp:93] BAD METRIC: EARN; DATA: "amt":0,"char":{"slot":0,"cash":0,"bank":111366673,"evc":111366673,"pvc":0,"pxr":0.00000,"nonce":638419884620849776},"c":[1152.60156,266.62692,-51.84095],"pt":3333640531,"vct":0,"vcp":0,"mid":0,"action":"SELL_CHIPS","cat":"BETTING","ctx":{"type":500}
[21:41:05.0972904][WARN/prepare_metric_for_sending.cpp:93] BAD METRIC: EARN; DATA: "amt":0,"char":{"slot":0,"cash":0,"bank":111366673,"evc":111366673,"pvc":0,"pxr":0.00000,"nonce":638419884620849776},"c":[1152.60156,266.62692,-51.84095],"pt":3333640531,"vct":0,"vcp":0,"mid":0,"action":"SELL_CHIPS","cat":"BETTING","ctx":{"type":500}
[21:41:46.2638330][WARN/prepare_metric_for_sending.cpp:93] BAD METRIC: EARN; DATA: "amt":0,"char":{"slot":0,"cash":0,"bank":111366673,"evc":111366673,"pvc":0,"pxr":0.00000,"nonce":638419885053975721},"c":[1152.60156,266.62692,-51.84095],"pt":3333680600,"vct":0,"vcp":0,"mid":0,"action":"SELL_CHIPS","cat":"BETTING","ctx":{"type":500}
[21:41:46.2638838][WARN/prepare_metric_for_sending.cpp:93] BAD METRIC: EARN; DATA: "amt":0,"char":{"slot":0,"cash":0,"bank":111366673,"evc":111366673,"pvc":0,"pxr":0.00000,"nonce":638419885053975721},"c":[1152.60156,266.62692,-51.84095],"pt":3333680600,"vct":0,"vcp":0,"mid":0,"action":"SELL_CHIPS","cat":"BETTING","ctx":{"type":500}
[21:42:24.7009206][WARN/prepare_metric_for_sending.cpp:93] BAD METRIC: EARN; DATA: "amt":0,"char":{"slot":0,"cash":0,"bank":111366673,"evc":111366673,"pvc":0,"pxr":0.00000,"nonce":638419885414168693},"c":[1152.60156,266.62692,-51.84095],"pt":3333720629,"vct":0,"vcp":0,"mid":0,"action":"SELL_CHIPS","cat":"BETTING","ctx":{"type":500}
[21:42:24.7009888][WARN/prepare_metric_for_sending.cpp:93] BAD METRIC: EARN; DATA: "amt":0,"char":{"slot":0,"cash":0,"bank":111366673,"evc":111366673,"pvc":0,"pxr":0.00000,"nonce":638419885414168693},"c":[1152.60156,266.62692,-51.84095],"pt":3333720629,"vct":0,"vcp":0,"mid":0,"action":"SELL_CHIPS","cat":"BETTING","ctx":{"type":500}
[21:42:40.2997918][WARN/prepare_metric_for_sending.cpp:93] BAD METRIC: EARN; DATA: "amt":0,"char":{"slot":0,"cash":0,"bank":111366673,"evc":111366673,"pvc":0,"pxr":0.00000,"nonce":638419885545210790},"c":[1152.60156,266.62692,-51.84095],"pt":3333730657,"vct":0,"vcp":0,"mid":0,"action":"SELL_CHIPS","cat":"BETTING","ctx":{"type":500}
[21:42:40.2998391][WARN/prepare_metric_for_sending.cpp:93] BAD METRIC: EARN; DATA: "amt":0,"char":{"slot":0,"cash":0,"bank":111366673,"evc":111366673,"pvc":0,"pxr":0.00000,"nonce":638419885545210790},"c":[1152.60156,266.62692,-51.84095],"pt":3333730657,"vct":0,"vcp":0,"mid":0,"action":"SELL_CHIPS","cat":"BETTING","ctx":{"type":500}
[21:42:57.0492357][WARN/prepare_metric_for_sending.cpp:93] BAD METRIC: EARN; DATA: "amt":0,"char":{"slot":0,"cash":0,"bank":111366673,"evc":111366673,"pvc":0,"pxr":0.00000,"nonce":638419885738680024},"c":[1152.60156,266.62692,-51.84095],"pt":3333750692,"vct":0,"vcp":0,"mid":0,"action":"SELL_CHIPS","cat":"BETTING","ctx":{"type":500}
[21:42:57.0492816][WARN/prepare_metric_for_sending.cpp:93] BAD METRIC: EARN; DATA: "amt":0,"char":{"slot":0,"cash":0,"bank":111366673,"evc":111366673,"pvc":0,"pxr":0.00000,"nonce":638419885738680024},"c":[1152.60156,266.62692,-51.84095],"pt":3333750692,"vct":0,"vcp":0,"mid":0,"action":"SELL_CHIPS","cat":"BETTING","ctx":{"type":500}
[21:43:27.0155207][WARN/prepare_metric_for_sending.cpp:93] BAD METRIC: EARN; DATA: "amt":0,"char":{"slot":0,"cash":0,"bank":111366673,"evc":111366673,"pvc":0,"pxr":0.00000,"nonce":638419886041514787},"c":[1152.60156,266.62692,-51.84095],"pt":3333780731,"vct":0,"vcp":0,"mid":0,"action":"SELL_CHIPS","cat":"BETTING","ctx":{"type":500}
[21:43:27.0155802][WARN/prepare_metric_for_sending.cpp:93] BAD METRIC: EARN; DATA: "amt":0,"char":{"slot":0,"cash":0,"bank":111366673,"evc":111366673,"pvc":0,"pxr":0.00000,"nonce":638419886041514787},"c":[1152.60156,266.62692,-51.84095],"pt":3333780731,"vct":0,"vcp":0,"mid":0,"action":"SELL_CHIPS","cat":"BETTING","ctx":{"type":500}
[21:44:05.9270535][WARN/prepare_metric_for_sending.cpp:93] BAD METRIC: EARN; DATA: "amt":0,"char":{"slot":0,"cash":0,"bank":111366673,"evc":111366673,"pvc":0,"pxr":0.00000,"nonce":638419886443733357},"c":[1152.60156,266.62692,-51.84095],"pt":3333820881,"vct":0,"vcp":0,"mid":0,"action":"SELL_CHIPS","cat":"BETTING","ctx":{"type":500}
[21:44:05.9271039][WARN/prepare_metric_for_sending.cpp:93] BAD METRIC: EARN; DATA: "amt":0,"char":{"slot":0,"cash":0,"bank":111366673,"evc":111366673,"pvc":0,"pxr":0.00000,"nonce":638419886443733357},"c":[1152.60156,266.62692,-51.84095],"pt":3333820881,"vct":0,"vcp":0,"mid":0,"action":"SELL_CHIPS","cat":"BETTING","ctx":{"type":500}
[21:44:51.0375195][WARN/prepare_metric_for_sending.cpp:93] BAD METRIC: EARN; DATA: "amt":0,"char":{"slot":0,"cash":0,"bank":111366673,"evc":111366673,"pvc":0,"pxr":0.00000,"nonce":638419886878851884},"c":[1152.60156,266.62692,-51.84095],"pt":3333860939,"vct":0,"vcp":0,"mid":0,"action":"SELL_CHIPS","cat":"BETTING","ctx":{"type":500}
[21:44:51.0375893][WARN/prepare_metric_for_sending.cpp:93] BAD METRIC: EARN; DATA: "amt":0,"char":{"slot":0,"cash":0,"bank":111366673,"evc":111366673,"pvc":0,"pxr":0.00000,"nonce":638419886878851884},"c":[1152.60156,266.62692,-51.84095],"pt":3333860939,"vct":0,"vcp":0,"mid":0,"action":"SELL_CHIPS","cat":"BETTING","ctx":{"type":500}
[21:45:08.2360950][WARN/prepare_metric_for_sending.cpp:93] BAD METRIC: EARN; DATA: "amt":0,"char":{"slot":0,"cash":0,"bank":111366673,"evc":111366673,"pvc":0,"pxr":0.00000,"nonce":638419887024917112},"c":[1152.60156,266.62692,-51.84095],"pt":3333880978,"vct":0,"vcp":0,"mid":0,"action":"SELL_CHIPS","cat":"BETTING","ctx":{"type":500}
[21:45:08.2361501][WARN/prepare_metric_for_sending.cpp:93] BAD METRIC: EARN; DATA: "amt":0,"char":{"slot":0,"cash":0,"bank":111366673,"evc":111366673,"pvc":0,"pxr":0.00000,"nonce":638419887024917112},"c":[1152.60156,266.62692,-51.84095],"pt":3333880978,"vct":0,"vcp":0,"mid":0,"action":"SELL_CHIPS","cat":"BETTING","ctx":{"type":500}
[21:45:22.3945931][WARN/prepare_metric_for_sending.cpp:93] BAD METRIC: EARN; DATA: "amt":0,"char":{"slot":0,"cash":0,"bank":111366673,"evc":111366673,"pvc":0,"pxr":0.00000,"nonce":638419887193275289},"c":[1152.60156,266.62692,-51.84095],"pt":3333900996,"vct":0,"vcp":0,"mid":0,"action":"SELL_CHIPS","cat":"BETTING","ctx":{"type":500}
[21:45:22.3946533][WARN/prepare_metric_for_sending.cpp:93] BAD METRIC: EARN; DATA: "amt":0,"char":{"slot":0,"cash":0,"bank":111366673,"evc":111366673,"pvc":0,"pxr":0.00000,"nonce":638419887193275289},"c":[1152.60156,266.62692,-51.84095],"pt":3333900996,"vct":0,"vcp":0,"mid":0,"action":"SELL_CHIPS","cat":"BETTING","ctx":{"type":500}
[21:46:02.6767843][WARN/prepare_metric_for_sending.cpp:93] BAD METRIC: EARN; DATA: "amt":0,"char":{"slot":0,"cash":0,"bank":111366673,"evc":111366673,"pvc":0,"pxr":0.00000,"nonce":638419887569368699},"c":[1152.60156,266.62692,-51.84095],"pt":3333931020,"vct":0,"vcp":0,"mid":0,"action":"SELL_CHIPS","cat":"BETTING","ctx":{"type":500}
[21:46:02.6768305][WARN/prepare_metric_for_sending.cpp:93] BAD METRIC: EARN; DATA: "amt":0,"char":{"slot":0,"cash":0,"bank":111366673,"evc":111366673,"pvc":0,"pxr":0.00000,"nonce":638419887569368699},"c":[1152.60156,266.62692,-51.84095],"pt":3333931020,"vct":0,"vcp":0,"mid":0,"action":"SELL_CHIPS","cat":"BETTING","ctx":{"type":500}
[21:46:27.7385394][WARN/prepare_metric_for_sending.cpp:93] BAD METRIC: EARN; DATA: "amt":0,"char":{"slot":0,"cash":0,"bank":111366673,"evc":111366673,"pvc":0,"pxr":0.00000,"nonce":638419887859838804},"c":[1152.60156,266.62692,-51.84095],"pt":3333961064,"vct":0,"vcp":0,"mid":0,"action":"SELL_CHIPS","cat":"BETTING","ctx":{"type":500}
[21:46:27.7385903][WARN/prepare_metric_for_sending.cpp:93] BAD METRIC: EARN; DATA: "amt":0,"char":{"slot":0,"cash":0,"bank":111366673,"evc":111366673,"pvc":0,"pxr":0.00000,"nonce":638419887859838804},"c":[1152.60156,266.62692,-51.84095],"pt":3333961064,"vct":0,"vcp":0,"mid":0,"action":"SELL_CHIPS","cat":"BETTING","ctx":{"type":500}
[21:46:54.3858654][WARN/prepare_metric_for_sending.cpp:93] BAD METRIC: EARN; DATA: "amt":0,"char":{"slot":0,"cash":0,"bank":111366673,"evc":111366673,"pvc":0,"pxr":0.00000,"nonce":638419888087810528},"c":[1152.60156,266.62692,-51.84095],"pt":3333981089,"vct":0,"vcp":0,"mid":0,"action":"SELL_CHIPS","cat":"BETTING","ctx":{"type":500}
[21:46:54.3859116][WARN/prepare_metric_for_sending.cpp:93] BAD METRIC: EARN; DATA: "amt":0,"char":{"slot":0,"cash":0,"bank":111366673,"evc":111366673,"pvc":0,"pxr":0.00000,"nonce":638419888087810528},"c":[1152.60156,266.62692,-51.84095],"pt":3333981089,"vct":0,"vcp":0,"mid":0,"action":"SELL_CHIPS","cat":"BETTING","ctx":{"type":500}
[21:47:22.7365184][WARN/prepare_metric_for_sending.cpp:93] BAD METRIC: EARN; DATA: "amt":0,"char":{"slot":0,"cash":0,"bank":111366673,"evc":111366673,"pvc":0,"pxr":0.00000,"nonce":638419888402809007},"c":[1152.60156,266.62692,-51.84095],"pt":3334021156,"vct":0,"vcp":0,"mid":0,"action":"SELL_CHIPS","cat":"BETTING","ctx":{"type":500}
[21:47:22.7365748][WARN/prepare_metric_for_sending.cpp:93] BAD METRIC: EARN; DATA: "amt":0,"char":{"slot":0,"cash":0,"bank":111366673,"evc":111366673,"pvc":0,"pxr":0.00000,"nonce":638419888402809007},"c":[1152.60156,266.62692,-51.84095],"pt":3334021156,"vct":0,"vcp":0,"mid":0,"action":"SELL_CHIPS","cat":"BETTING","ctx":{"type":500}
[21:47:51.5370285][WARN/prepare_metric_for_sending.cpp:93] BAD METRIC: EARN; DATA: "amt":0,"char":{"slot":0,"cash":0,"bank":111366673,"evc":111366673,"pvc":0,"pxr":0.00000,"nonce":638419888683237506},"c":[1152.60156,266.62692,-51.84095],"pt":3334041203,"vct":0,"vcp":0,"mid":0,"action":"SELL_CHIPS","cat":"BETTING","ctx":{"type":500}
[21:47:51.5370778][WARN/prepare_metric_for_sending.cpp:93] BAD METRIC: EARN; DATA: "amt":0,"char":{"slot":0,"cash":0,"bank":111366673,"evc":111366673,"pvc":0,"pxr":0.00000,"nonce":638419888683237506},"c":[1152.60156,266.62692,-51.84095],"pt":3334041203,"vct":0,"vcp":0,"mid":0,"action":"SELL_CHIPS","cat":"BETTING","ctx":{"type":500}
[21:48:22.6948372][WARN/prepare_metric_for_sending.cpp:93] BAD METRIC: EARN; DATA: "amt":0,"char":{"slot":0,"cash":0,"bank":111366673,"evc":111366673,"pvc":0,"pxr":0.00000,"nonce":638419889006489425},"c":[1152.60156,266.62692,-51.84095],"pt":3334081247,"vct":0,"vcp":0,"mid":0,"action":"SELL_CHIPS","cat":"BETTING","ctx":{"type":500}
[21:48:22.6949033][WARN/prepare_metric_for_sending.cpp:93] BAD METRIC: EARN; DATA: "amt":0,"char":{"slot":0,"cash":0,"bank":111366673,"evc":111366673,"pvc":0,"pxr":0.00000,"nonce":638419889006489425},"c":[1152.60156,266.62692,-51.84095],"pt":3334081247,"vct":0,"vcp":0,"mid":0,"action":"SELL_CHIPS","cat":"BETTING","ctx":{"type":500}
[21:48:57.2314713][WARN/prepare_metric_for_sending.cpp:93] BAD METRIC: EARN; DATA: "amt":0,"char":{"slot":0,"cash":0,"bank":111366673,"evc":111366673,"pvc":0,"pxr":0.00000,"nonce":638419889350845327},"c":[1152.60156,266.62692,-51.84095],"pt":3334111309,"vct":0,"vcp":0,"mid":0,"action":"SELL_CHIPS","cat":"BETTING","ctx":{"type":500}
[21:48:57.2315320][WARN/prepare_metric_for_sending.cpp:93] BAD METRIC: EARN; DATA: "amt":0,"char":{"slot":0,"cash":0,"bank":111366673,"evc":111366673,"pvc":0,"pxr":0.00000,"nonce":638419889350845327},"c":[1152.60156,266.62692,-51.84095],"pt":3334111309,"vct":0,"vcp":0,"mid":0,"action":"SELL_CHIPS","cat":"BETTING","ctx":{"type":500}
[21:49:32.5639334][WARN/prepare_metric_for_sending.cpp:93] BAD METRIC: EARN; DATA: "amt":0,"char":{"slot":0,"cash":0,"bank":111366673,"evc":111366673,"pvc":0,"pxr":0.00000,"nonce":638419889712607260},"c":[1152.60156,266.62692,-51.84095],"pt":3334151371,"vct":0,"vcp":0,"mid":0,"action":"SELL_CHIPS","cat":"BETTING","ctx":{"type":1000}
[21:49:32.5639825][WARN/prepare_metric_for_sending.cpp:93] BAD METRIC: EARN; DATA: "amt":0,"char":{"slot":0,"cash":0,"bank":111366673,"evc":111366673,"pvc":0,"pxr":0.00000,"nonce":638419889712607260},"c":[1152.60156,266.62692,-51.84095],"pt":3334151371,"vct":0,"vcp":0,"mid":0,"action":"SELL_CHIPS","cat":"BETTING","ctx":{"type":1000}
[21:50:11.5091482][WARN/prepare_metric_for_sending.cpp:93] BAD METRIC: EARN; DATA: "amt":0,"char":{"slot":0,"cash":0,"bank":111366673,"evc":111366673,"pvc":0,"pxr":0.00000,"nonce":638419890082904687},"c":[1152.60156,266.62692,-51.84095],"pt":3334181393,"vct":0,"vcp":0,"mid":0,"action":"SELL_CHIPS","cat":"BETTING","ctx":{"type":1000}
[21:50:11.5091959][WARN/prepare_metric_for_sending.cpp:93] BAD METRIC: EARN; DATA: "amt":0,"char":{"slot":0,"cash":0,"bank":111366673,"evc":111366673,"pvc":0,"pxr":0.00000,"nonce":638419890082904687},"c":[1152.60156,266.62692,-51.84095],"pt":3334181393,"vct":0,"vcp":0,"mid":0,"action":"SELL_CHIPS","cat":"BETTING","ctx":{"type":1000}
[21:50:26.4417489][WARN/prepare_metric_for_sending.cpp:93] BAD METRIC: EARN; DATA: "amt":0,"char":{"slot":0,"cash":0,"bank":111366673,"evc":111366673,"pvc":0,"pxr":0.00000,"nonce":638419890208139815},"c":[1152.60156,266.62692,-51.84095],"pt":3334201410,"vct":0,"vcp":0,"mid":0,"action":"SELL_CHIPS","cat":"BETTING","ctx":{"type":1000}
[21:50:26.4417924][WARN/prepare_metric_for_sending.cpp:93] BAD METRIC: EARN; DATA: "amt":0,"char":{"slot":0,"cash":0,"bank":111366673,"evc":111366673,"pvc":0,"pxr":0.00000,"nonce":638419890208139815},"c":[1152.60156,266.62692,-51.84095],"pt":3334201410,"vct":0,"vcp":0,"mid":0,"action":"SELL_CHIPS","cat":"BETTING","ctx":{"type":1000}
[21:50:43.2120774][WARN/prepare_metric_for_sending.cpp:93] BAD METRIC: EARN; DATA: "amt":0,"char":{"slot":0,"cash":0,"bank":111366673,"evc":111366673,"pvc":0,"pxr":0.00000,"nonce":638419890400854365},"c":[1152.60156,266.62692,-51.84095],"pt":3334221448,"vct":0,"vcp":0,"mid":0,"action":"SELL_CHIPS","cat":"BETTING","ctx":{"type":1000}
[21:50:43.2121328][WARN/prepare_metric_for_sending.cpp:93] BAD METRIC: EARN; DATA: "amt":0,"char":{"slot":0,"cash":0,"bank":111366673,"evc":111366673,"pvc":0,"pxr":0.00000,"nonce":638419890400854365},"c":[1152.60156,266.62692,-51.84095],"pt":3334221448,"vct":0,"vcp":0,"mid":0,"action":"SELL_CHIPS","cat":"BETTING","ctx":{"type":1000}
[21:51:12.3783607][WARN/prepare_metric_for_sending.cpp:93] BAD METRIC: EARN; DATA: "amt":0,"char":{"slot":0,"cash":0,"bank":111366673,"evc":111366673,"pvc":0,"pxr":0.00000,"nonce":638419890692284742},"c":[1152.60156,266.62692,-51.84095],"pt":3334251495,"vct":0,"vcp":0,"mid":0,"action":"SELL_CHIPS","cat":"BETTING","ctx":{"type":1000}
[21:51:12.3784081][WARN/prepare_metric_for_sending.cpp:93] BAD METRIC: EARN; DATA: "amt":0,"char":{"slot":0,"cash":0,"bank":111366673,"evc":111366673,"pvc":0,"pxr":0.00000,"nonce":638419890692284742},"c":[1152.60156,266.62692,-51.84095],"pt":3334251495,"vct":0,"vcp":0,"mid":0,"action":"SELL_CHIPS","cat":"BETTING","ctx":{"type":1000}
[21:51:35.5846308][WARN/prepare_metric_for_sending.cpp:93] BAD METRIC: EARN; DATA: "amt":0,"char":{"slot":0,"cash":0,"bank":111366673,"evc":111366673,"pvc":0,"pxr":0.00000,"nonce":638419890924439961},"c":[1152.60156,266.62692,-51.84095],"pt":3334271502,"vct":0,"vcp":0,"mid":0,"action":"SELL_CHIPS","cat":"BETTING","ctx":{"type":1000}
[21:51:35.5846861][WARN/prepare_metric_for_sending.cpp:93] BAD METRIC: EARN; DATA: "amt":0,"char":{"slot":0,"cash":0,"bank":111366673,"evc":111366673,"pvc":0,"pxr":0.00000,"nonce":638419890924439961},"c":[1152.60156,266.62692,-51.84095],"pt":3334271502,"vct":0,"vcp":0,"mid":0,"action":"SELL_CHIPS","cat":"BETTING","ctx":{"type":1000}
[21:51:52.0400993][WARN/prepare_metric_for_sending.cpp:93] BAD METRIC: EARN; DATA: "amt":0,"char":{"slot":0,"cash":0,"bank":111366673,"evc":111366673,"pvc":0,"pxr":0.00000,"nonce":638419891062444215},"c":[1152.60156,266.62692,-51.84095],"pt":3334281523,"vct":0,"vcp":0,"mid":0,"action":"SELL_CHIPS","cat":"BETTING","ctx":{"type":1000}
[21:51:52.0401433][WARN/prepare_metric_for_sending.cpp:93] BAD METRIC: EARN; DATA: "amt":0,"char":{"slot":0,"cash":0,"bank":111366673,"evc":111366673,"pvc":0,"pxr":0.00000,"nonce":638419891062444215},"c":[1152.60156,266.62692,-51.84095],"pt":3334281523,"vct":0,"vcp":0,"mid":0,"action":"SELL_CHIPS","cat":"BETTING","ctx":{"type":1000}
[21:52:06.9405438][WARN/prepare_metric_for_sending.cpp:93] BAD METRIC: EARN; DATA: "amt":0,"char":{"slot":0,"cash":0,"bank":111366673,"evc":111366673,"pvc":0,"pxr":0.00000,"nonce":638419891245625984},"c":[1152.60156,266.62692,-51.84095],"pt":3334301542,"vct":0,"vcp":0,"mid":0,"action":"SELL_CHIPS","cat":"BETTING","ctx":{"type":1000}
[21:52:06.9405902][WARN/prepare_metric_for_sending.cpp:93] BAD METRIC: EARN; DATA: "amt":0,"char":{"slot":0,"cash":0,"bank":111366673,"evc":111366673,"pvc":0,"pxr":0.00000,"nonce":638419891245625984},"c":[1152.60156,266.62692,-51.84095],"pt":3334301542,"vct":0,"vcp":0,"mid":0,"action":"SELL_CHIPS","cat":"BETTING","ctx":{"type":1000}
[21:52:45.6693866][WARN/prepare_metric_for_sending.cpp:93] BAD METRIC: EARN; DATA: "amt":0,"char":{"slot":0,"cash":0,"bank":111366673,"evc":111366673,"pvc":0,"pxr":0.00000,"nonce":638419891623712114},"c":[1152.60156,266.62692,-51.84095],"pt":3334341609,"vct":0,"vcp":0,"mid":0,"action":"SELL_CHIPS","cat":"BETTING","ctx":{"type":1000}
[21:52:45.6694325][WARN/prepare_metric_for_sending.cpp:93] BAD METRIC: EARN; DATA: "amt":0,"char":{"slot":0,"cash":0,"bank":111366673,"evc":111366673,"pvc":0,"pxr":0.00000,"nonce":638419891623712114},"c":[1152.60156,266.62692,-51.84095],"pt":3334341609,"vct":0,"vcp":0,"mid":0,"action":"SELL_CHIPS","cat":"BETTING","ctx":{"type":1000}
[21:53:12.8637429][WARN/prepare_metric_for_sending.cpp:93] BAD METRIC: EARN; DATA: "amt":0,"char":{"slot":0,"cash":0,"bank":111366673,"evc":111366673,"pvc":0,"pxr":0.00000,"nonce":638419891889013562},"c":[1152.60156,266.62692,-51.84095],"pt":3334361660,"vct":0,"vcp":0,"mid":0,"action":"SELL_CHIPS","cat":"BETTING","ctx":{"type":1000}
[21:53:12.8637953][WARN/prepare_metric_for_sending.cpp:93] BAD METRIC: EARN; DATA: "amt":0,"char":{"slot":0,"cash":0,"bank":111366673,"evc":111366673,"pvc":0,"pxr":0.00000,"nonce":638419891889013562},"c":[1152.60156,266.62692,-51.84095],"pt":3334361660,"vct":0,"vcp":0,"mid":0,"action":"SELL_CHIPS","cat":"BETTING","ctx":{"type":1000}
[21:53:41.7926125][WARN/prepare_metric_for_sending.cpp:93] BAD METRIC: EARN; DATA: "amt":0,"char":{"slot":0,"cash":0,"bank":111366673,"evc":111366673,"pvc":0,"pxr":0.00000,"nonce":638419892192619536},"c":[1152.60156,266.62692,-51.84095],"pt":3334391704,"vct":0,"vcp":0,"mid":0,"action":"SELL_CHIPS","cat":"BETTING","ctx":{"type":1000}
[21:53:41.7926733][WARN/prepare_metric_for_sending.cpp:93] BAD METRIC: EARN; DATA: "amt":0,"char":{"slot":0,"cash":0,"bank":111366673,"evc":111366673,"pvc":0,"pxr":0.00000,"nonce":638419892192619536},"c":[1152.60156,266.62692,-51.84095],"pt":3334391704,"vct":0,"vcp":0,"mid":0,"action":"SELL_CHIPS","cat":"BETTING","ctx":{"type":1000}
[21:53:58.2566590][WARN/prepare_metric_for_sending.cpp:93] BAD METRIC: EARN; DATA: "amt":0,"char":{"slot":0,"cash":0,"bank":111366673,"evc":111366673,"pvc":0,"pxr":0.00000,"nonce":638419892326651608},"c":[1152.60156,266.62692,-51.84095],"pt":3334412005,"vct":0,"vcp":0,"mid":0,"action":"SELL_CHIPS","cat":"BETTING","ctx":{"type":1000}
[21:53:58.2567043][WARN/prepare_metric_for_sending.cpp:93] BAD METRIC: EARN; DATA: "amt":0,"char":{"slot":0,"cash":0,"bank":111366673,"evc":111366673,"pvc":0,"pxr":0.00000,"nonce":638419892326651608},"c":[1152.60156,266.62692,-51.84095],"pt":3334412005,"vct":0,"vcp":0,"mid":0,"action":"SELL_CHIPS","cat":"BETTING","ctx":{"type":1000}
[21:54:13.2584773][WARN/prepare_metric_for_sending.cpp:93] BAD METRIC: EARN; DATA: "amt":0,"char":{"slot":0,"cash":0,"bank":111366673,"evc":111366673,"pvc":0,"pxr":0.00000,"nonce":638419892505536895},"c":[1152.60156,266.62692,-51.84095],"pt":3334432052,"vct":0,"vcp":0,"mid":0,"action":"SELL_CHIPS","cat":"BETTING","ctx":{"type":1000}
[21:54:13.2585471][WARN/prepare_metric_for_sending.cpp:93] BAD METRIC: EARN; DATA: "amt":0,"char":{"slot":0,"cash":0,"bank":111366673,"evc":111366673,"pvc":0,"pxr":0.00000,"nonce":638419892505536895},"c":[1152.60156,266.62692,-51.84095],"pt":3334432052,"vct":0,"vcp":0,"mid":0,"action":"SELL_CHIPS","cat":"BETTING","ctx":{"type":1000}
[21:54:38.8492045][WARN/prepare_metric_for_sending.cpp:93] BAD METRIC: EARN; DATA: "amt":0,"char":{"slot":0,"cash":0,"bank":111366673,"evc":111366673,"pvc":0,"pxr":0.00000,"nonce":638419892752272111},"c":[1152.60156,266.62692,-51.84095],"pt":3334452074,"vct":0,"vcp":0,"mid":0,"action":"SELL_CHIPS","cat":"BETTING","ctx":{"type":1000}
[21:54:38.8492508][WARN/prepare_metric_for_sending.cpp:93] BAD METRIC: EARN; DATA: "amt":0,"char":{"slot":0,"cash":0,"bank":111366673,"evc":111366673,"pvc":0,"pxr":0.00000,"nonce":638419892752272111},"c":[1152.60156,266.62692,-51.84095],"pt":3334452074,"vct":0,"vcp":0,"mid":0,"action":"SELL_CHIPS","cat":"BETTING","ctx":{"type":1000}
[21:55:01.5124633][WARN/prepare_metric_for_sending.cpp:93] BAD METRIC: EARN; DATA: "amt":0,"char":{"slot":0,"cash":0,"bank":111366673,"evc":111366673,"pvc":0,"pxr":0.00000,"nonce":638419892982116196},"c":[1152.60156,266.62692,-51.84095],"pt":3334472106,"vct":0,"vcp":0,"mid":0,"action":"SELL_CHIPS","cat":"BETTING","ctx":{"type":1000}
[21:55:01.5125438][WARN/prepare_metric_for_sending.cpp:93] BAD METRIC: EARN; DATA: "amt":0,"char":{"slot":0,"cash":0,"bank":111366673,"evc":111366673,"pvc":0,"pxr":0.00000,"nonce":638419892982116196},"c":[1152.60156,266.62692,-51.84095],"pt":3334472106,"vct":0,"vcp":0,"mid":0,"action":"SELL_CHIPS","cat":"BETTING","ctx":{"type":1000}
[21:55:30.5903353][WARN/prepare_metric_for_sending.cpp:93] BAD METRIC: EARN; DATA: "amt":0,"char":{"slot":0,"cash":0,"bank":111366673,"evc":111366673,"pvc":0,"pxr":0.00000,"nonce":638419893273851077},"c":[1152.60156,266.62692,-51.84095],"pt":3334502141,"vct":0,"vcp":0,"mid":0,"action":"SELL_CHIPS","cat":"BETTING","ctx":{"type":1000}
[21:55:30.5903915][WARN/prepare_metric_for_sending.cpp:93] BAD METRIC: EARN; DATA: "amt":0,"char":{"slot":0,"cash":0,"bank":111366673,"evc":111366673,"pvc":0,"pxr":0.00000,"nonce":638419893273851077},"c":[1152.60156,266.62692,-51.84095],"pt":3334502141,"vct":0,"vcp":0,"mid":0,"action":"SELL_CHIPS","cat":"BETTING","ctx":{"type":1000}
[21:55:40.6620584][WARN/prepare_metric_for_sending.cpp:93] BAD METRIC: EARN; DATA: "amt":2000,"char":{"slot":0,"cash":2000,"bank":111366673,"evc":111368673,"pvc":0,"pxr":0.00000,"nonce":638419893348556980},"c":[1152.60156,266.62692,-51.84095],"pt":3334512147,"vct":0,"vcp":0,"mid":0,"action":"BADSPORT","cat":"GOOD_SPORT","ctx":{}
[21:55:40.6620998][WARN/prepare_metric_for_sending.cpp:93] BAD METRIC: EARN; DATA: "amt":2000,"char":{"slot":0,"cash":2000,"bank":111366673,"evc":111368673,"pvc":0,"pxr":0.00000,"nonce":638419893348556980},"c":[1152.60156,266.62692,-51.84095],"pt":3334512147,"vct":0,"vcp":0,"mid":0,"action":"BADSPORT","cat":"GOOD_SPORT","ctx":{}
[21:56:05.2061331][WARN/prepare_metric_for_sending.cpp:93] BAD METRIC: EARN; DATA: "amt":0,"char":{"slot":0,"cash":2000,"bank":111366673,"evc":111368673,"pvc":0,"pxr":0.00000,"nonce":638419893618793504},"c":[1152.60156,266.62692,-51.84095],"pt":3334542171,"vct":0,"vcp":0,"mid":0,"action":"SELL_CHIPS","cat":"BETTING","ctx":{"type":1000}
[21:56:05.2062067][WARN/prepare_metric_for_sending.cpp:93] BAD METRIC: EARN; DATA: "amt":0,"char":{"slot":0,"cash":2000,"bank":111366673,"evc":111368673,"pvc":0,"pxr":0.00000,"nonce":638419893618793504},"c":[1152.60156,266.62692,-51.84095],"pt":3334542171,"vct":0,"vcp":0,"mid":0,"action":"SELL_CHIPS","cat":"BETTING","ctx":{"type":1000}
[21:56:38.7954714][WARN/prepare_metric_for_sending.cpp:93] BAD METRIC: EARN; DATA: "amt":0,"char":{"slot":0,"cash":2000,"bank":111366673,"evc":111368673,"pvc":0,"pxr":0.00000,"nonce":638419893930399667},"c":[1152.60156,266.62692,-51.84095],"pt":3334572192,"vct":0,"vcp":0,"mid":0,"action":"SELL_CHIPS","cat":"BETTING","ctx":{"type":1000}
[21:56:38.7955261][WARN/prepare_metric_for_sending.cpp:93] BAD METRIC: EARN; DATA: "amt":0,"char":{"slot":0,"cash":2000,"bank":111366673,"evc":111368673,"pvc":0,"pxr":0.00000,"nonce":638419893930399667},"c":[1152.60156,266.62692,-51.84095],"pt":3334572192,"vct":0,"vcp":0,"mid":0,"action":"SELL_CHIPS","cat":"BETTING","ctx":{"type":1000}
[21:56:58.2512494][WARN/prepare_metric_for_sending.cpp:93] BAD METRIC: EARN; DATA: "amt":0,"char":{"slot":0,"cash":2000,"bank":111366673,"evc":111368673,"pvc":0,"pxr":0.00000,"nonce":638419894152305162},"c":[1152.60156,266.62692,-51.84095],"pt":3334592225,"vct":0,"vcp":0,"mid":0,"action":"SELL_CHIPS","cat":"BETTING","ctx":{"type":1000}
[21:56:58.2513116][WARN/prepare_metric_for_sending.cpp:93] BAD METRIC: EARN; DATA: "amt":0,"char":{"slot":0,"cash":2000,"bank":111366673,"evc":111368673,"pvc":0,"pxr":0.00000,"nonce":638419894152305162},"c":[1152.60156,266.62692,-51.84095],"pt":3334592225,"vct":0,"vcp":0,"mid":0,"action":"SELL_CHIPS","cat":"BETTING","ctx":{"type":1000}
[21:57:24.4785946][WARN/prepare_metric_for_sending.cpp:93] BAD METRIC: EARN; DATA: "amt":0,"char":{"slot":0,"cash":2000,"bank":111366673,"evc":111368673,"pvc":0,"pxr":0.00000,"nonce":638419894415436411},"c":[1152.60156,266.62692,-51.84095],"pt":3334622302,"vct":0,"vcp":0,"mid":0,"action":"SELL_CHIPS","cat":"BETTING","ctx":{"type":1000}
[21:57:24.4786448][WARN/prepare_metric_for_sending.cpp:93] BAD METRIC: EARN; DATA: "amt":0,"char":{"slot":0,"cash":2000,"bank":111366673,"evc":111368673,"pvc":0,"pxr":0.00000,"nonce":638419894415436411},"c":[1152.60156,266.62692,-51.84095],"pt":3334622302,"vct":0,"vcp":0,"mid":0,"action":"SELL_CHIPS","cat":"BETTING","ctx":{"type":1000}
[21:57:52.6622581][WARN/prepare_metric_for_sending.cpp:93] BAD METRIC: EARN; DATA: "amt":0,"char":{"slot":0,"cash":2000,"bank":111366673,"evc":111368673,"pvc":0,"pxr":0.00000,"nonce":638419894698197337},"c":[1152.60156,266.62692,-51.84095],"pt":3334642340,"vct":0,"vcp":0,"mid":0,"action":"SELL_CHIPS","cat":"BETTING","ctx":{"type":1000}
[21:57:52.6623243][WARN/prepare_metric_for_sending.cpp:93] BAD METRIC: EARN; DATA: "amt":0,"char":{"slot":0,"cash":2000,"bank":111366673,"evc":111368673,"pvc":0,"pxr":0.00000,"nonce":638419894698197337},"c":[1152.60156,266.62692,-51.84095],"pt":3334642340,"vct":0,"vcp":0,"mid":0,"action":"SELL_CHIPS","cat":"BETTING","ctx":{"type":1000}
[21:58:27.1584084][WARN/prepare_metric_for_sending.cpp:93] BAD METRIC: EARN; DATA: "amt":0,"char":{"slot":0,"cash":2000,"bank":111366673,"evc":111368673,"pvc":0,"pxr":0.00000,"nonce":638419895036183022},"c":[1152.60156,266.62692,-51.84095],"pt":3334682406,"vct":0,"vcp":0,"mid":0,"action":"SELL_CHIPS","cat":"BETTING","ctx":{"type":1000}
[21:58:27.1584584][WARN/prepare_metric_for_sending.cpp:93] BAD METRIC: EARN; DATA: "amt":0,"char":{"slot":0,"cash":2000,"bank":111366673,"evc":111368673,"pvc":0,"pxr":0.00000,"nonce":638419895036183022},"c":[1152.60156,266.62692,-51.84095],"pt":3334682406,"vct":0,"vcp":0,"mid":0,"action":"SELL_CHIPS","cat":"BETTING","ctx":{"type":1000}
[21:59:09.0876647][WARN/prepare_metric_for_sending.cpp:93] BAD METRIC: EARN; DATA: "amt":0,"char":{"slot":0,"cash":2000,"bank":111366673,"evc":111368673,"pvc":0,"pxr":0.00000,"nonce":638419895459011536},"c":[1152.60156,266.62692,-51.84095],"pt":3334722450,"vct":0,"vcp":0,"mid":0,"action":"SELL_CHIPS","cat":"BETTING","ctx":{"type":1000}
[21:59:09.0877156][WARN/prepare_metric_for_sending.cpp:93] BAD METRIC: EARN; DATA: "amt":0,"char":{"slot":0,"cash":2000,"bank":111366673,"evc":111368673,"pvc":0,"pxr":0.00000,"nonce":638419895459011536},"c":[1152.60156,266.62692,-51.84095],"pt":3334722450,"vct":0,"vcp":0,"mid":0,"action":"SELL_CHIPS","cat":"BETTING","ctx":{"type":1000}
[21:59:24.9224954][WARN/prepare_metric_for_sending.cpp:93] BAD METRIC: EARN; DATA: "amt":0,"char":{"slot":0,"cash":2000,"bank":111366673,"evc":111368673,"pvc":0,"pxr":0.00000,"nonce":638419895592929068},"c":[1152.60156,266.62692,-51.84095],"pt":3334732464,"vct":0,"vcp":0,"mid":0,"action":"SELL_CHIPS","cat":"BETTING","ctx":{"type":1000}
[21:59:24.9225514][WARN/prepare_metric_for_sending.cpp:93] BAD METRIC: EARN; DATA: "amt":0,"char":{"slot":0,"cash":2000,"bank":111366673,"evc":111368673,"pvc":0,"pxr":0.00000,"nonce":638419895592929068},"c":[1152.60156,266.62692,-51.84095],"pt":3334732464,"vct":0,"vcp":0,"mid":0,"action":"SELL_CHIPS","cat":"BETTING","ctx":{"type":1000}
[21:59:39.7976558][WARN/prepare_metric_for_sending.cpp:93] BAD METRIC: EARN; DATA: "amt":0,"char":{"slot":0,"cash":2000,"bank":111366673,"evc":111368673,"pvc":0,"pxr":0.00000,"nonce":638419895767798573},"c":[1152.60156,266.62692,-51.84095],"pt":3334752488,"vct":0,"vcp":0,"mid":0,"action":"SELL_CHIPS","cat":"BETTING","ctx":{"type":1000}
[21:59:39.7977060][WARN/prepare_metric_for_sending.cpp:93] BAD METRIC: EARN; DATA: "amt":0,"char":{"slot":0,"cash":2000,"bank":111366673,"evc":111368673,"pvc":0,"pxr":0.00000,"nonce":638419895767798573},"c":[1152.60156,266.62692,-51.84095],"pt":3334752488,"vct":0,"vcp":0,"mid":0,"action":"SELL_CHIPS","cat":"BETTING","ctx":{"type":1000}
[22:00:14.2085276][WARN/prepare_metric_for_sending.cpp:93] BAD METRIC: EARN; DATA: "amt":0,"char":{"slot":0,"cash":2000,"bank":111366673,"evc":111368673,"pvc":0,"pxr":0.00000,"nonce":638419896107799604},"c":[1152.60156,266.62692,-51.84095],"pt":3334792560,"vct":0,"vcp":0,"mid":0,"action":"SELL_CHIPS","cat":"BETTING","ctx":{"type":1000}
[22:00:14.2085781][WARN/prepare_metric_for_sending.cpp:93] BAD METRIC: EARN; DATA: "amt":0,"char":{"slot":0,"cash":2000,"bank":111366673,"evc":111368673,"pvc":0,"pxr":0.00000,"nonce":638419896107799604},"c":[1152.60156,266.62692,-51.84095],"pt":3334792560,"vct":0,"vcp":0,"mid":0,"action":"SELL_CHIPS","cat":"BETTING","ctx":{"type":1000}
[22:00:30.3583996][WARN/prepare_metric_for_sending.cpp:93] BAD METRIC: EARN; DATA: "amt":0,"char":{"slot":0,"cash":2000,"bank":111366673,"evc":111368673,"pvc":0,"pxr":0.00000,"nonce":638419896246185169},"c":[1152.60156,266.62692,-51.84095],"pt":3334802561,"vct":0,"vcp":0,"mid":0,"action":"SELL_CHIPS","cat":"BETTING","ctx":{"type":1000}
[22:00:30.3584577][WARN/prepare_metric_for_sending.cpp:93] BAD METRIC: EARN; DATA: "amt":0,"char":{"slot":0,"cash":2000,"bank":111366673,"evc":111368673,"pvc":0,"pxr":0.00000,"nonce":638419896246185169},"c":[1152.60156,266.62692,-51.84095],"pt":3334802561,"vct":0,"vcp":0,"mid":0,"action":"SELL_CHIPS","cat":"BETTING","ctx":{"type":1000}
[22:00:45.3086416][WARN/prepare_metric_for_sending.cpp:93] BAD METRIC: EARN; DATA: "amt":0,"char":{"slot":0,"cash":2000,"bank":111366673,"evc":111368673,"pvc":0,"pxr":0.00000,"nonce":638419896420091984},"c":[1152.60156,266.62692,-51.84095],"pt":3334822608,"vct":0,"vcp":0,"mid":0,"action":"SELL_CHIPS","cat":"BETTING","ctx":{"type":1000}
[22:00:45.3087086][WARN/prepare_metric_for_sending.cpp:93] BAD METRIC: EARN; DATA: "amt":0,"char":{"slot":0,"cash":2000,"bank":111366673,"evc":111368673,"pvc":0,"pxr":0.00000,"nonce":638419896420091984},"c":[1152.60156,266.62692,-51.84095],"pt":3334822608,"vct":0,"vcp":0,"mid":0,"action":"SELL_CHIPS","cat":"BETTING","ctx":{"type":1000}
[22:01:14.5489309][WARN/prepare_metric_for_sending.cpp:93] BAD METRIC: EARN; DATA: "amt":0,"char":{"slot":0,"cash":2000,"bank":111366673,"evc":111368673,"pvc":0,"pxr":0.00000,"nonce":638419896712667687},"c":[1152.60156,266.62692,-51.84095],"pt":3334852663,"vct":0,"vcp":0,"mid":0,"action":"SELL_CHIPS","cat":"BETTING","ctx":{"type":1000}
[22:01:14.5489805][WARN/prepare_metric_for_sending.cpp:93] BAD METRIC: EARN; DATA: "amt":0,"char":{"slot":0,"cash":2000,"bank":111366673,"evc":111368673,"pvc":0,"pxr":0.00000,"nonce":638419896712667687},"c":[1152.60156,266.62692,-51.84095],"pt":3334852663,"vct":0,"vcp":0,"mid":0,"action":"SELL_CHIPS","cat":"BETTING","ctx":{"type":1000}
[22:01:28.8236358][WARN/prepare_metric_for_sending.cpp:93] BAD METRIC: EARN; DATA: "amt":0,"char":{"slot":0,"cash":2000,"bank":111366673,"evc":111368673,"pvc":0,"pxr":0.00000,"nonce":638419896831945390},"c":[1152.60156,266.62692,-51.84095],"pt":3334862667,"vct":0,"vcp":0,"mid":0,"action":"SELL_CHIPS","cat":"BETTING","ctx":{"type":1000}
[22:01:28.8236816][WARN/prepare_metric_for_sending.cpp:93] BAD METRIC: EARN; DATA: "amt":0,"char":{"slot":0,"cash":2000,"bank":111366673,"evc":111368673,"pvc":0,"pxr":0.00000,"nonce":638419896831945390},"c":[1152.60156,266.62692,-51.84095],"pt":3334862667,"vct":0,"vcp":0,"mid":0,"action":"SELL_CHIPS","cat":"BETTING","ctx":{"type":1000}
[22:01:43.8226558][WARN/prepare_metric_for_sending.cpp:93] BAD METRIC: EARN; DATA: "amt":0,"char":{"slot":0,"cash":2000,"bank":111366673,"evc":111368673,"pvc":0,"pxr":0.00000,"nonce":638419897004027780},"c":[1152.60156,266.62692,-51.84095],"pt":3334882712,"vct":0,"vcp":0,"mid":0,"action":"SELL_CHIPS","cat":"BETTING","ctx":{"type":1000}
[22:01:43.8227117][WARN/prepare_metric_for_sending.cpp:93] BAD METRIC: EARN; DATA: "amt":0,"char":{"slot":0,"cash":2000,"bank":111366673,"evc":111368673,"pvc":0,"pxr":0.00000,"nonce":638419897004027780},"c":[1152.60156,266.62692,-51.84095],"pt":3334882712,"vct":0,"vcp":0,"mid":0,"action":"SELL_CHIPS","cat":"BETTING","ctx":{"type":1000}
[22:02:12.8612233][WARN/prepare_metric_for_sending.cpp:93] BAD METRIC: EARN; DATA: "amt":0,"char":{"slot":0,"cash":2000,"bank":111366673,"evc":111368673,"pvc":0,"pxr":0.00000,"nonce":638419897294605691},"c":[1152.60156,266.62692,-51.84095],"pt":3334902767,"vct":0,"vcp":0,"mid":0,"action":"SELL_CHIPS","cat":"BETTING","ctx":{"type":1000}
[22:02:12.8612906][WARN/prepare_metric_for_sending.cpp:93] BAD METRIC: EARN; DATA: "amt":0,"char":{"slot":0,"cash":2000,"bank":111366673,"evc":111368673,"pvc":0,"pxr":0.00000,"nonce":638419897294605691},"c":[1152.60156,266.62692,-51.84095],"pt":3334902767,"vct":0,"vcp":0,"mid":0,"action":"SELL_CHIPS","cat":"BETTING","ctx":{"type":1000}
[22:02:42.2294908][WARN/prepare_metric_for_sending.cpp:93] BAD METRIC: EARN; DATA: "amt":0,"char":{"slot":0,"cash":2000,"bank":111366673,"evc":111368673,"pvc":0,"pxr":0.00000,"nonce":638419897593404249},"c":[1152.60156,266.62692,-51.84095],"pt":3334932827,"vct":0,"vcp":0,"mid":0,"action":"SELL_CHIPS","cat":"BETTING","ctx":{"type":1000}
[22:02:42.2295381][WARN/prepare_metric_for_sending.cpp:93] BAD METRIC: EARN; DATA: "amt":0,"char":{"slot":0,"cash":2000,"bank":111366673,"evc":111368673,"pvc":0,"pxr":0.00000,"nonce":638419897593404249},"c":[1152.60156,266.62692,-51.84095],"pt":3334932827,"vct":0,"vcp":0,"mid":0,"action":"SELL_CHIPS","cat":"BETTING","ctx":{"type":1000}
[22:02:58.0274244][WARN/prepare_metric_for_sending.cpp:93] BAD METRIC: EARN; DATA: "amt":0,"char":{"slot":0,"cash":2000,"bank":111366673,"evc":111368673,"pvc":0,"pxr":0.00000,"nonce":638419897721420827},"c":[1152.60156,266.62692,-51.84095],"pt":3334952886,"vct":0,"vcp":0,"mid":0,"action":"SELL_CHIPS","cat":"BETTING","ctx":{"type":1000}
[22:02:58.0274750][WARN/prepare_metric_for_sending.cpp:93] BAD METRIC: EARN; DATA: "amt":0,"char":{"slot":0,"cash":2000,"bank":111366673,"evc":111368673,"pvc":0,"pxr":0.00000,"nonce":638419897721420827},"c":[1152.60156,266.62692,-51.84095],"pt":3334952886,"vct":0,"vcp":0,"mid":0,"action":"SELL_CHIPS","cat":"BETTING","ctx":{"type":1000}
[22:03:11.2938361][WARN/prepare_metric_for_sending.cpp:93] BAD METRIC: EARN; DATA: "amt":0,"char":{"slot":0,"cash":2000,"bank":111366673,"evc":111368673,"pvc":0,"pxr":0.00000,"nonce":638419897880916974},"c":[1152.60156,266.62692,-51.84095],"pt":3334962899,"vct":0,"vcp":0,"mid":0,"action":"SELL_CHIPS","cat":"BETTING","ctx":{"type":1000}
[22:03:11.2938876][WARN/prepare_metric_for_sending.cpp:93] BAD METRIC: EARN; DATA: "amt":0,"char":{"slot":0,"cash":2000,"bank":111366673,"evc":111368673,"pvc":0,"pxr":0.00000,"nonce":638419897880916974},"c":[1152.60156,266.62692,-51.84095],"pt":3334962899,"vct":0,"vcp":0,"mid":0,"action":"SELL_CHIPS","cat":"BETTING","ctx":{"type":1000}
[22:03:45.7214402][WARN/prepare_metric_for_sending.cpp:93] BAD METRIC: EARN; DATA: "amt":0,"char":{"slot":0,"cash":2000,"bank":111366673,"evc":111368673,"pvc":0,"pxr":0.00000,"nonce":638419898223609348},"c":[1152.60156,266.62692,-51.84095],"pt":3335002973,"vct":0,"vcp":0,"mid":0,"action":"SELL_CHIPS","cat":"BETTING","ctx":{"type":1000}
[22:03:45.7214914][WARN/prepare_metric_for_sending.cpp:93] BAD METRIC: EARN; DATA: "amt":0,"char":{"slot":0,"cash":2000,"bank":111366673,"evc":111368673,"pvc":0,"pxr":0.00000,"nonce":638419898223609348},"c":[1152.60156,266.62692,-51.84095],"pt":3335002973,"vct":0,"vcp":0,"mid":0,"action":"SELL_CHIPS","cat":"BETTING","ctx":{"type":1000}
[22:04:19.7672306][WARN/prepare_metric_for_sending.cpp:93] BAD METRIC: EARN; DATA: "amt":0,"char":{"slot":0,"cash":2000,"bank":111366673,"evc":111368673,"pvc":0,"pxr":0.00000,"nonce":638419898574343468},"c":[1152.60156,266.62692,-51.84095],"pt":3335033230,"vct":0,"vcp":0,"mid":0,"action":"SELL_CHIPS","cat":"BETTING","ctx":{"type":2000}
[22:04:19.7672784][WARN/prepare_metric_for_sending.cpp:93] BAD METRIC: EARN; DATA: "amt":0,"char":{"slot":0,"cash":2000,"bank":111366673,"evc":111368673,"pvc":0,"pxr":0.00000,"nonce":638419898574343468},"c":[1152.60156,266.62692,-51.84095],"pt":3335033230,"vct":0,"vcp":0,"mid":0,"action":"SELL_CHIPS","cat":"BETTING","ctx":{"type":2000}
[22:04:34.4037165][WARN/prepare_metric_for_sending.cpp:93] BAD METRIC: EARN; DATA: "amt":0,"char":{"slot":0,"cash":2000,"bank":111366673,"evc":111368673,"pvc":0,"pxr":0.00000,"nonce":638419898686330861},"c":[1152.60156,266.62692,-51.84095],"pt":3335043260,"vct":0,"vcp":0,"mid":0,"action":"SELL_CHIPS","cat":"BETTING","ctx":{"type":2000}
[22:04:34.4037636][WARN/prepare_metric_for_sending.cpp:93] BAD METRIC: EARN; DATA: "amt":0,"char":{"slot":0,"cash":2000,"bank":111366673,"evc":111368673,"pvc":0,"pxr":0.00000,"nonce":638419898686330861},"c":[1152.60156,266.62692,-51.84095],"pt":3335043260,"vct":0,"vcp":0,"mid":0,"action":"SELL_CHIPS","cat":"BETTING","ctx":{"type":2000}
[22:04:49.3767739][WARN/prepare_metric_for_sending.cpp:93] BAD METRIC: EARN; DATA: "amt":0,"char":{"slot":0,"cash":2000,"bank":111366673,"evc":111368673,"pvc":0,"pxr":0.00000,"nonce":638419898862007720},"c":[1152.60156,266.62692,-51.84095],"pt":3335063295,"vct":0,"vcp":0,"mid":0,"action":"SELL_CHIPS","cat":"BETTING","ctx":{"type":2000}
[22:04:49.3768238][WARN/prepare_metric_for_sending.cpp:93] BAD METRIC: EARN; DATA: "amt":0,"char":{"slot":0,"cash":2000,"bank":111366673,"evc":111368673,"pvc":0,"pxr":0.00000,"nonce":638419898862007720},"c":[1152.60156,266.62692,-51.84095],"pt":3335063295,"vct":0,"vcp":0,"mid":0,"action":"SELL_CHIPS","cat":"BETTING","ctx":{"type":2000}
[22:05:20.8113976][WARN/prepare_metric_for_sending.cpp:93] BAD METRIC: EARN; DATA: "amt":0,"char":{"slot":0,"cash":2000,"bank":111366673,"evc":111368673,"pvc":0,"pxr":0.00000,"nonce":638419899180112528},"c":[1152.60156,266.62692,-51.84095],"pt":3335093338,"vct":0,"vcp":0,"mid":0,"action":"SELL_CHIPS","cat":"BETTING","ctx":{"type":2000}
[22:05:20.8114471][WARN/prepare_metric_for_sending.cpp:93] BAD METRIC: EARN; DATA: "amt":0,"char":{"slot":0,"cash":2000,"bank":111366673,"evc":111368673,"pvc":0,"pxr":0.00000,"nonce":638419899180112528},"c":[1152.60156,266.62692,-51.84095],"pt":3335093338,"vct":0,"vcp":0,"mid":0,"action":"SELL_CHIPS","cat":"BETTING","ctx":{"type":2000}
[22:06:09.7258610][WARN/prepare_metric_for_sending.cpp:93] BAD METRIC: EARN; DATA: "amt":0,"char":{"slot":0,"cash":2000,"bank":111366673,"evc":111368673,"pvc":0,"pxr":0.00000,"nonce":638419899638143435},"c":[1146.45349,260.49551,-51.84094],"pt":3335143445,"vct":0,"vcp":0,"mid":0,"action":"SELL_CHIPS","cat":"BETTING","ctx":{"type":10}
[22:06:09.7259051][WARN/prepare_metric_for_sending.cpp:93] BAD METRIC: EARN; DATA: "amt":0,"char":{"slot":0,"cash":2000,"bank":111366673,"evc":111368673,"pvc":0,"pxr":0.00000,"nonce":638419899638143435},"c":[1146.45349,260.49551,-51.84094],"pt":3335143445,"vct":0,"vcp":0,"mid":0,"action":"SELL_CHIPS","cat":"BETTING","ctx":{"type":10}
[22:06:47.1325221][WARN/prepare_metric_for_sending.cpp:93] BAD METRIC: EARN; DATA: "amt":0,"char":{"slot":0,"cash":2000,"bank":111366673,"evc":111368673,"pvc":0,"pxr":0.00000,"nonce":638419900014941794},"c":[1146.45349,260.49551,-51.84094],"pt":3335183506,"vct":0,"vcp":0,"mid":0,"action":"SELL_CHIPS","cat":"BETTING","ctx":{"type":10}
[22:06:47.1326017][WARN/prepare_metric_for_sending.cpp:93] BAD METRIC: EARN; DATA: "amt":0,"char":{"slot":0,"cash":2000,"bank":111366673,"evc":111368673,"pvc":0,"pxr":0.00000,"nonce":638419900014941794},"c":[1146.45349,260.49551,-51.84094],"pt":3335183506,"vct":0,"vcp":0,"mid":0,"action":"SELL_CHIPS","cat":"BETTING","ctx":{"type":10}
[22:07:13.2699047][WARN/prepare_metric_for_sending.cpp:93] BAD METRIC: EARN; DATA: "amt":0,"char":{"slot":0,"cash":2000,"bank":111366673,"evc":111368673,"pvc":0,"pxr":0.00000,"nonce":638419900275175246},"c":[1146.45349,260.49551,-51.84094],"pt":3335203541,"vct":0,"vcp":0,"mid":0,"action":"SELL_CHIPS","cat":"BETTING","ctx":{"type":500}
[22:07:13.2699610][WARN/prepare_metric_for_sending.cpp:93] BAD METRIC: EARN; DATA: "amt":0,"char":{"slot":0,"cash":2000,"bank":111366673,"evc":111368673,"pvc":0,"pxr":0.00000,"nonce":638419900275175246},"c":[1146.45349,260.49551,-51.84094],"pt":3335203541,"vct":0,"vcp":0,"mid":0,"action":"SELL_CHIPS","cat":"BETTING","ctx":{"type":500}
[22:08:34.2963242][WARN/prepare_metric_for_sending.cpp:93] BAD METRIC: EARN; DATA: "amt":0,"char":{"slot":0,"cash":2000,"bank":111366673,"evc":111368673,"pvc":0,"pxr":0.00000,"nonce":638419901086038392},"c":[1146.45349,260.49551,-51.84094],"pt":3335283667,"vct":0,"vcp":0,"mid":0,"action":"SELL_CHIPS","cat":"BETTING","ctx":{"type":500}
[22:08:34.2963706][WARN/prepare_metric_for_sending.cpp:93] BAD METRIC: EARN; DATA: "amt":0,"char":{"slot":0,"cash":2000,"bank":111366673,"evc":111368673,"pvc":0,"pxr":0.00000,"nonce":638419901086038392},"c":[1146.45349,260.49551,-51.84094],"pt":3335283667,"vct":0,"vcp":0,"mid":0,"action":"SELL_CHIPS","cat":"BETTING","ctx":{"type":500}
[22:08:52.0702275][WARN/prepare_metric_for_sending.cpp:93] BAD METRIC: EARN; DATA: "amt":0,"char":{"slot":0,"cash":2000,"bank":111366673,"evc":111368673,"pvc":0,"pxr":0.00000,"nonce":638419901263567364},"c":[1146.45349,260.49551,-51.84094],"pt":3335303690,"vct":0,"vcp":0,"mid":0,"action":"SELL_CHIPS","cat":"BETTING","ctx":{"type":500}
[22:08:52.0702749][WARN/prepare_metric_for_sending.cpp:93] BAD METRIC: EARN; DATA: "amt":0,"char":{"slot":0,"cash":2000,"bank":111366673,"evc":111368673,"pvc":0,"pxr":0.00000,"nonce":638419901263567364},"c":[1146.45349,260.49551,-51.84094],"pt":3335303690,"vct":0,"vcp":0,"mid":0,"action":"SELL_CHIPS","cat":"BETTING","ctx":{"type":500}
[22:09:19.1515111][WARN/prepare_metric_for_sending.cpp:93] BAD METRIC: EARN; DATA: "amt":0,"char":{"slot":0,"cash":2000,"bank":111366673,"evc":111368673,"pvc":0,"pxr":0.00000,"nonce":638419901533867117},"c":[1146.45349,260.49551,-51.84094],"pt":3335333742,"vct":0,"vcp":0,"mid":0,"action":"SELL_CHIPS","cat":"BETTING","ctx":{"type":500}
[22:09:19.1515575][WARN/prepare_metric_for_sending.cpp:93] BAD METRIC: EARN; DATA: "amt":0,"char":{"slot":0,"cash":2000,"bank":111366673,"evc":111368673,"pvc":0,"pxr":0.00000,"nonce":638419901533867117},"c":[1146.45349,260.49551,-51.84094],"pt":3335333742,"vct":0,"vcp":0,"mid":0,"action":"SELL_CHIPS","cat":"BETTING","ctx":{"type":500}
[22:09:52.6823607][WARN/prepare_metric_for_sending.cpp:93] BAD METRIC: EARN; DATA: "amt":0,"char":{"slot":0,"cash":2000,"bank":111366673,"evc":111368673,"pvc":0,"pxr":0.00000,"nonce":638419901869819590},"c":[1146.45349,260.49551,-51.84094],"pt":3335363785,"vct":0,"vcp":0,"mid":0,"action":"SELL_CHIPS","cat":"BETTING","ctx":{"type":500}
[22:09:52.6824059][WARN/prepare_metric_for_sending.cpp:93] BAD METRIC: EARN; DATA: "amt":0,"char":{"slot":0,"cash":2000,"bank":111366673,"evc":111368673,"pvc":0,"pxr":0.00000,"nonce":638419901869819590},"c":[1146.45349,260.49551,-51.84094],"pt":3335363785,"vct":0,"vcp":0,"mid":0,"action":"SELL_CHIPS","cat":"BETTING","ctx":{"type":500}
[22:10:10.7994046][WARN/prepare_metric_for_sending.cpp:93] BAD METRIC: EARN; DATA: "amt":0,"char":{"slot":0,"cash":2000,"bank":111366673,"evc":111368673,"pvc":0,"pxr":0.00000,"nonce":638419902066649370},"c":[1146.45349,260.49551,-51.84094],"pt":3335383815,"vct":0,"vcp":0,"mid":0,"action":"SELL_CHIPS","cat":"BETTING","ctx":{"type":500}
[22:10:10.7994506][WARN/prepare_metric_for_sending.cpp:93] BAD METRIC: EARN; DATA: "amt":0,"char":{"slot":0,"cash":2000,"bank":111366673,"evc":111368673,"pvc":0,"pxr":0.00000,"nonce":638419902066649370},"c":[1146.45349,260.49551,-51.84094],"pt":3335383815,"vct":0,"vcp":0,"mid":0,"action":"SELL_CHIPS","cat":"BETTING","ctx":{"type":500}
[22:10:15.8715858][WARN/prepare_metric_for_sending.cpp:93] BAD METRIC: EARN; DATA: "amt":0,"char":{"slot":0,"cash":2000,"bank":111366673,"evc":111368673,"pvc":0,"pxr":0.00000,"nonce":638419902102458695},"c":[1146.45349,260.49551,-51.84094],"pt":3335383815,"vct":0,"vcp":0,"mid":0,"action":"SELL_CHIPS","cat":"BETTING","ctx":{"type":10}
[22:10:15.8716309][WARN/prepare_metric_for_sending.cpp:93] BAD METRIC: EARN; DATA: "amt":0,"char":{"slot":0,"cash":2000,"bank":111366673,"evc":111368673,"pvc":0,"pxr":0.00000,"nonce":638419902102458695},"c":[1146.45349,260.49551,-51.84094],"pt":3335383815,"vct":0,"vcp":0,"mid":0,"action":"SELL_CHIPS","cat":"BETTING","ctx":{"type":10}
[22:10:37.9208344][WARN/prepare_metric_for_sending.cpp:93] BAD METRIC: EARN; DATA: "amt":0,"char":{"slot":0,"cash":2000,"bank":111366673,"evc":111368673,"pvc":0,"pxr":0.00000,"nonce":638419902323454104},"c":[1146.45349,260.49551,-51.84094],"pt":3335413851,"vct":0,"vcp":0,"mid":0,"action":"SELL_CHIPS","cat":"BETTING","ctx":{"type":500}
[22:10:37.9208872][WARN/prepare_metric_for_sending.cpp:93] BAD METRIC: EARN; DATA: "amt":0,"char":{"slot":0,"cash":2000,"bank":111366673,"evc":111368673,"pvc":0,"pxr":0.00000,"nonce":638419902323454104},"c":[1146.45349,260.49551,-51.84094],"pt":3335413851,"vct":0,"vcp":0,"mid":0,"action":"SELL_CHIPS","cat":"BETTING","ctx":{"type":500}
[22:10:56.0539581][WARN/prepare_metric_for_sending.cpp:93] BAD METRIC: EARN; DATA: "amt":0,"char":{"slot":0,"cash":2000,"bank":111366673,"evc":111368673,"pvc":0,"pxr":0.00000,"nonce":638419902529947539},"c":[1146.45349,260.49551,-51.84094],"pt":3335433869,"vct":0,"vcp":0,"mid":0,"action":"SELL_CHIPS","cat":"BETTING","ctx":{"type":500}
[22:10:56.0540052][WARN/prepare_metric_for_sending.cpp:93] BAD METRIC: EARN; DATA: "amt":0,"char":{"slot":0,"cash":2000,"bank":111366673,"evc":111368673,"pvc":0,"pxr":0.00000,"nonce":638419902529947539},"c":[1146.45349,260.49551,-51.84094],"pt":3335433869,"vct":0,"vcp":0,"mid":0,"action":"SELL_CHIPS","cat":"BETTING","ctx":{"type":500}
[22:11:04.2980219][WARN/prepare_metric_for_sending.cpp:93] BAD METRIC: EARN; DATA: "amt":0,"char":{"slot":0,"cash":2000,"bank":111366673,"evc":111368673,"pvc":0,"pxr":0.00000,"nonce":638419902586226201},"c":[1146.45349,260.49551,-51.84094],"pt":3335433869,"vct":0,"vcp":0,"mid":0,"action":"SELL_CHIPS","cat":"BETTING","ctx":{"type":10}
[22:11:04.2980689][WARN/prepare_metric_for_sending.cpp:93] BAD METRIC: EARN; DATA: "amt":0,"char":{"slot":0,"cash":2000,"bank":111366673,"evc":111368673,"pvc":0,"pxr":0.00000,"nonce":638419902586226201},"c":[1146.45349,260.49551,-51.84094],"pt":3335433869,"vct":0,"vcp":0,"mid":0,"action":"SELL_CHIPS","cat":"BETTING","ctx":{"type":10}
[22:11:24.9011173][WARN/prepare_metric_for_sending.cpp:93] BAD METRIC: EARN; DATA: "amt":0,"char":{"slot":0,"cash":2000,"bank":111366673,"evc":111368673,"pvc":0,"pxr":0.00000,"nonce":638419902791979164},"c":[1146.45349,260.49551,-51.84094],"pt":3335453904,"vct":0,"vcp":0,"mid":0,"action":"SELL_CHIPS","cat":"BETTING","ctx":{"type":500}
[22:11:24.9011609][WARN/prepare_metric_for_sending.cpp:93] BAD METRIC: EARN; DATA: "amt":0,"char":{"slot":0,"cash":2000,"bank":111366673,"evc":111368673,"pvc":0,"pxr":0.00000,"nonce":638419902791979164},"c":[1146.45349,260.49551,-51.84094],"pt":3335453904,"vct":0,"vcp":0,"mid":0,"action":"SELL_CHIPS","cat":"BETTING","ctx":{"type":500}
[22:11:43.0579508][WARN/prepare_metric_for_sending.cpp:93] BAD METRIC: EARN; DATA: "amt":0,"char":{"slot":0,"cash":2000,"bank":111366673,"evc":111368673,"pvc":0,"pxr":0.00000,"nonce":638419902989868671},"c":[1146.45349,260.49551,-51.84094],"pt":3335473916,"vct":0,"vcp":0,"mid":0,"action":"SELL_CHIPS","cat":"BETTING","ctx":{"type":500}
[22:11:43.0579982][WARN/prepare_metric_for_sending.cpp:93] BAD METRIC: EARN; DATA: "amt":0,"char":{"slot":0,"cash":2000,"bank":111366673,"evc":111368673,"pvc":0,"pxr":0.00000,"nonce":638419902989868671},"c":[1146.45349,260.49551,-51.84094],"pt":3335473916,"vct":0,"vcp":0,"mid":0,"action":"SELL_CHIPS","cat":"BETTING","ctx":{"type":500}
[22:11:50.4544227][WARN/prepare_metric_for_sending.cpp:93] BAD METRIC: EARN; DATA: "amt":0,"char":{"slot":0,"cash":2000,"bank":111366673,"evc":111368673,"pvc":0,"pxr":0.00000,"nonce":638419903047211510},"c":[1146.45349,260.49551,-51.84094],"pt":3335483935,"vct":0,"vcp":0,"mid":0,"action":"SELL_CHIPS","cat":"BETTING","ctx":{"type":10}
[22:11:50.4544704][WARN/prepare_metric_for_sending.cpp:93] BAD METRIC: EARN; DATA: "amt":0,"char":{"slot":0,"cash":2000,"bank":111366673,"evc":111368673,"pvc":0,"pxr":0.00000,"nonce":638419903047211510},"c":[1146.45349,260.49551,-51.84094],"pt":3335483935,"vct":0,"vcp":0,"mid":0,"action":"SELL_CHIPS","cat":"BETTING","ctx":{"type":10}
[22:13:07.1933251][WARN/prepare_metric_for_sending.cpp:93] BAD METRIC: EARN; DATA: "amt":0,"char":{"slot":0,"cash":2000,"bank":111366673,"evc":111368673,"pvc":0,"pxr":0.00000,"nonce":638419903815910130},"c":[1146.45349,260.49551,-51.84094],"pt":3335554022,"vct":0,"vcp":0,"mid":0,"action":"SELL_CHIPS","cat":"BETTING","ctx":{"type":500}
[22:13:07.1933765][WARN/prepare_metric_for_sending.cpp:93] BAD METRIC: EARN; DATA: "amt":0,"char":{"slot":0,"cash":2000,"bank":111366673,"evc":111368673,"pvc":0,"pxr":0.00000,"nonce":638419903815910130},"c":[1146.45349,260.49551,-51.84094],"pt":3335554022,"vct":0,"vcp":0,"mid":0,"action":"SELL_CHIPS","cat":"BETTING","ctx":{"type":500}
[22:13:34.3990596][WARN/prepare_metric_for_sending.cpp:93] BAD METRIC: EARN; DATA: "amt":0,"char":{"slot":0,"cash":2000,"bank":111366673,"evc":111368673,"pvc":0,"pxr":0.00000,"nonce":638419904086432137},"c":[1146.45349,260.49551,-51.84094],"pt":3335584053,"vct":0,"vcp":0,"mid":0,"action":"SELL_CHIPS","cat":"BETTING","ctx":{"type":500}
[22:13:34.3991046][WARN/prepare_metric_for_sending.cpp:93] BAD METRIC: EARN; DATA: "amt":0,"char":{"slot":0,"cash":2000,"bank":111366673,"evc":111368673,"pvc":0,"pxr":0.00000,"nonce":638419904086432137},"c":[1146.45349,260.49551,-51.84094],"pt":3335584053,"vct":0,"vcp":0,"mid":0,"action":"SELL_CHIPS","cat":"BETTING","ctx":{"type":500}
[22:19:12.1722810][WARN/prepare_metric_for_sending.cpp:93] BAD METRIC: EARN; DATA: "amt":8740,"char":{"slot":0,"cash":10740,"bank":110301673,"evc":110312413,"pvc":0,"pxr":0.00000,"nonce":638419907463863504},"c":[2728.02368,-374.30295,-47.39749],"pt":3335901810,"vct":0,"vcp":0,"mid":0,"action":"ARCADE","cat":"ARCADE_AWARD","ctx":{
[22:19:12.1723440][WARN/prepare_metric_for_sending.cpp:93] BAD METRIC: EARN; DATA: "amt":8740,"char":{"slot":0,"cash":10740,"bank":110301673,"evc":110312413,"pvc":0,"pxr":0.00000,"nonce":638419907463863504},"c":[2728.02368,-374.30295,-47.39749],"pt":3335901810,"vct":0,"vcp":0,"mid":0,"action":"ARCADE","cat":"ARCADE_AWARD","ctx":{
[22:21:43.2398166][WARN/prepare_metric_for_sending.cpp:93] BAD METRIC: EARN; DATA: "amt":80000,"char":{"slot":0,"cash":90740,"bank":110301673,"evc":110392413,"pvc":0,"pxr":0.00000,"nonce":638419908975015702},"c":[-578.09729,-715.21576,116.80526],"pt":3336042177,"vct":0,"vcp":0,"mid":0,"action":"AGENCY","cat":"INCOME","ctx":{}
[22:21:43.2398628][WARN/prepare_metric_for_sending.cpp:93] BAD METRIC: EARN; DATA: "amt":80000,"char":{"slot":0,"cash":90740,"bank":110301673,"evc":110392413,"pvc":0,"pxr":0.00000,"nonce":638419908975015702},"c":[-578.09729,-715.21576,116.80526],"pt":3336042177,"vct":0,"vcp":0,"mid":0,"action":"AGENCY","cat":"INCOME","ctx":{}
[22:23:23.0934664][WARN/prepare_metric_for_sending.cpp:93] BAD METRIC: EARN; DATA: "amt":30500,"char":{"slot":0,"cash":121240,"bank":110301673,"evc":110422913,"pvc":0,"pxr":0.00000,"nonce":638419910014165543},"c":[-895.85583,-776.44806,15.91048],"pt":3336137878,"vct":0,"vcp":0,"mid":0,"action":"STREET_DEALER","cat":"NONE","ctx":{
[22:23:23.0935196][WARN/prepare_metric_for_sending.cpp:93] BAD METRIC: EARN; DATA: "amt":30500,"char":{"slot":0,"cash":121240,"bank":110301673,"evc":110422913,"pvc":0,"pxr":0.00000,"nonce":638419910014165543},"c":[-895.85583,-776.44806,15.91048],"pt":3336137878,"vct":0,"vcp":0,"mid":0,"action":"STREET_DEALER","cat":"NONE","ctx":{
[22:23:30.6086646][WARN/prepare_metric_for_sending.cpp:93] BAD METRIC: EARN; DATA: "amt":16500,"char":{"slot":0,"cash":137740,"bank":110301673,"evc":110439413,"pvc":0,"pxr":0.00000,"nonce":638419910047915850},"c":[-895.85583,-776.44806,15.91048],"pt":3336137878,"vct":0,"vcp":0,"mid":0,"action":"STREET_DEALER","cat":"NONE","ctx":{
[22:23:30.6087104][WARN/prepare_metric_for_sending.cpp:93] BAD METRIC: EARN; DATA: "amt":16500,"char":{"slot":0,"cash":137740,"bank":110301673,"evc":110439413,"pvc":0,"pxr":0.00000,"nonce":638419910047915850},"c":[-895.85583,-776.44806,15.91048],"pt":3336137878,"vct":0,"vcp":0,"mid":0,"action":"STREET_DEALER","cat":"NONE","ctx":{
[22:23:36.9688146][WARN/prepare_metric_for_sending.cpp:93] BAD METRIC: EARN; DATA: "amt":20700,"char":{"slot":0,"cash":172740,"bank":110301673,"evc":110474413,"pvc":0,"pxr":0.00000,"nonce":638419910113306912},"c":[-895.85583,-776.44806,15.91048],"pt":3336147892,"vct":0,"vcp":0,"mid":0,"action":"STREET_DEALER","cat":"NONE","ctx":{
[22:23:36.9688662][WARN/prepare_metric_for_sending.cpp:93] BAD METRIC: EARN; DATA: "amt":20700,"char":{"slot":0,"cash":172740,"bank":110301673,"evc":110474413,"pvc":0,"pxr":0.00000,"nonce":638419910113306912},"c":[-895.85583,-776.44806,15.91048],"pt":3336147892,"vct":0,"vcp":0,"mid":0,"action":"STREET_DEALER","cat":"NONE","ctx":{
[22:25:43.7239139][WARN/prepare_metric_for_sending.cpp:93] BAD METRIC: EARN; DATA: "amt":120000,"char":{"slot":0,"cash":292740,"bank":110301673,"evc":110594413,"pvc":0,"pxr":0.00000,"nonce":638419911378714652},"c":[-1615.63281,-3015.69702,-75.20506],"pt":3336267593,"vct":0,"vcp":0,"mid":0,"action":"NIGHTCLUB","cat":"INCOME","ctx":{}
[22:25:43.7239703][WARN/prepare_metric_for_sending.cpp:93] BAD METRIC: EARN; DATA: "amt":120000,"char":{"slot":0,"cash":292740,"bank":110301673,"evc":110594413,"pvc":0,"pxr":0.00000,"nonce":638419911378714652},"c":[-1615.63281,-3015.69702,-75.20506],"pt":3336267593,"vct":0,"vcp":0,"mid":0,"action":"NIGHTCLUB","cat":"INCOME","ctx":{}
[22:30:05.4429446][WARN/prepare_metric_for_sending.cpp:93] BAD METRIC: EARN; DATA: "amt":11500,"char":{"slot":0,"cash":292740,"bank":110313173,"evc":110605913,"pvc":0,"pxr":0.00000,"nonce":638419913996543027},"c":[-1525.97888,859.44080,171.19022],"pt":3336531704,"vct":0,"vcp":0,"mid":0,"action":"CLUB_MANAGEMENT_PARTICIPATION","cat":"NON
[22:30:05.4430121][WARN/prepare_metric_for_sending.cpp:93] BAD METRIC: EARN; DATA: "amt":11500,"char":{"slot":0,"cash":292740,"bank":110313173,"evc":110605913,"pvc":0,"pxr":0.00000,"nonce":638419913996543027},"c":[-1525.97888,859.44080,171.19022],"pt":3336531704,"vct":0,"vcp":0,"mid":0,"action":"CLUB_MANAGEMENT_PARTICIPATION","cat":"NON
[22:34:11.7484982][WARN/prepare_metric_for_sending.cpp:93] BAD METRIC: AWARD_XP; DATA: "amt":1300,"type":2658791846,"cat":1037279541,"pt":3336531704,"slot":0
[22:38:37.5774901][WARN/prepare_metric_for_sending.cpp:93] BAD METRIC: AWARD_XP; DATA: "amt":250,"type":2435321038,"cat":3446818566,"pt":3336821472,"slot":0
[22:38:37.5775607][WARN/prepare_metric_for_sending.cpp:93] BAD METRIC: W_L; DATA: "c":[1460.12,-1890.59,95.47],"wantedlvl":3
[22:38:37.5776180][WARN/prepare_metric_for_sending.cpp:93] BAD METRIC: ESVCS; DATA: "c":[1125.49,-1763.65,28.84],"name":353883353,"cd":[1125,-1763],"wlvl":3
[22:38:37.5776689][WARN/prepare_metric_for_sending.cpp:93] BAD METRIC: ESVCS; DATA: "c":[1027.50,-1767.37,35.35],"name":353883353,"cd":[1027,-1767],"wlvl":3
[22:38:37.5777040][WARN/prepare_metric_for_sending.cpp:93] BAD METRIC: W_L; DATA: "c":[-101.34,-1177.27,36.91],"wantedlvl":0
[22:38:37.5777099][WARN/prepare_metric_for_sending.cpp:93] BAD METRIC: AWARD_XP; DATA: "amt":300,"type":2892279813,"cat":3893038019,"pt":3336981827,"slot":0
[22:38:37.5777901][WARN/prepare_metric_for_sending.cpp:93] BAD METRIC: AWARD_XP; DATA: "amt":1000,"type":2658791846,"cat":3757759852,"pt":3336981827,"slot":0
[22:38:43.2413009][WARN/prepare_metric_for_sending.cpp:93] BAD METRIC: EARN; DATA: "amt":15000,"char":{"slot":0,"cash":292740,"bank":110323658,"evc":110616398,"pvc":0,"pxr":0.00000,"nonce":638419919173589155},"c":[-96.77682,-1177.57837,36.90528],"pt":3336981827,"vct":0,"vcp":0,"mid":0,"action":"AGENCY","cat":"PHONE_HIT","ctx":{"type":5
[22:38:43.2413549][WARN/prepare_metric_for_sending.cpp:93] BAD METRIC: EARN; DATA: "amt":15000,"char":{"slot":0,"cash":292740,"bank":110323658,"evc":110616398,"pvc":0,"pxr":0.00000,"nonce":638419919173589155},"c":[-96.77682,-1177.57837,36.90528],"pt":3336981827,"vct":0,"vcp":0,"mid":0,"action":"AGENCY","cat":"PHONE_HIT","ctx":{"type":5
[22:41:49.9411156][INFO/main.cpp:200] Scripts unregistered.
[22:41:49.9411647][INFO/main.cpp:203] Lua manager uninitialized.
[22:41:50.0368215][INFO/main.cpp:206] Hooking disabled.
[22:41:50.0370427][INFO/main.cpp:209] Dynamic native hooker uninitialized.
[22:41:50.0370674][DEBUG/thread_pool.cpp:109] Thread 15908 exiting...
[22:41:50.0370665][DEBUG/thread_pool.cpp:109] Thread 12524 exiting...
[22:41:50.0371283][DEBUG/thread_pool.cpp:109] Thread 14996 exiting...
[22:41:50.0371138][DEBUG/thread_pool.cpp:109] Thread 20312 exiting...
[22:41:50.0413496][INFO/main.cpp:214] Destroyed thread pool.
[22:41:50.0413724][INFO/main.cpp:217] Script Connection Service reset.
[22:41:50.0999459][INFO/main.cpp:219] Tunables Service reset.
[22:41:50.0999748][INFO/main.cpp:221] Hotkey Service reset.
[22:41:50.1000999][INFO/main.cpp:223] Matchmaking Service reset.
[22:41:50.1001632][INFO/main.cpp:225] Player Database Service reset.
[22:41:50.1001681][INFO/main.cpp:227] API Service reset.
[22:41:50.1804756][INFO/main.cpp:229] Script Patcher Service reset.
[22:41:50.1805150][INFO/main.cpp:231] Gui Service reset.
[22:41:50.1823419][INFO/main.cpp:233] GTA Data Service reset.
[22:41:50.1823528][INFO/main.cpp:235] Vehicle Service reset.
[22:41:50.1823718][INFO/main.cpp:237] Model Preview Service reset.
[22:41:50.1823778][INFO/main.cpp:239] Mobile Service reset.
[22:41:50.1823809][INFO/main.cpp:241] Player Service reset.
[22:41:50.1823849][INFO/main.cpp:243] Pickup Service reset.
[22:41:50.1823884][INFO/main.cpp:245] Custom Text Service reset.
[22:41:50.1824851][INFO/main.cpp:247] Context Service reset.
[22:41:50.1824911][INFO/main.cpp:249] Xml Vehicles Service reset.
[22:41:50.1824942][INFO/main.cpp:250] Services uninitialized.
[22:41:50.1829371][INFO/main.cpp:253] Hooking uninitialized.
[22:41:50.1829723][INFO/main.cpp:256] Fiber pool uninitialized.
[22:41:50.2359392][INFO/main.cpp:259] Renderer uninitialized.
[22:41:50.2363599][INFO/main.cpp:262] Byte Patch Manager uninitialized.
[22:41:50.2363818][INFO/main.cpp:265] Pointers uninitialized.
[22:41:50.2363881][INFO/main.cpp:268] Thread pool uninitialized.
[22:41:50.2363954][INFO/main.cpp:270] Farewell!
