[19:41:02.0846727][INFO/main.cpp:104] Yim's Menu Initializing
[19:41:02.0847121][INFO/main.cpp:105] Git Info
	Branch:	master
	Hash:	b7b201728978b67204637fee7d83e08863984306
	Date:	Thu Jan 11 11:52:31 2024
[19:41:02.0847332][DEBUG/thread_pool.cpp:22] Resizing thread pool from 0 to 4
[19:41:02.0850503][INFO/main.cpp:108] Thread pool initialized.
[19:41:02.0882879][INFO/main.cpp:111] Settings Loaded.
[19:41:02.0883076][DEBUG/thread_pool.cpp:96] Thread 17768 executing settings.cpp:12
[19:41:02.0890656][INFO/pointers.hpp:94] GTA5 pointers cache is up to date, using it.
[19:41:02.0891347][INFO/pointers.cpp:1804] Loading pointers instance from cache
[19:41:02.0891413][INFO/pointers.cpp:1813] Pointers cache: Loading 215 fields from the cache
[19:41:02.0891623][DEBUG/module.cpp:50] Waiting for socialclub.dll...
[19:41:02.0894021][INFO/pointers.hpp:94] Social Club pointers cache is up to date, using it.
[19:41:02.0894116][INFO/pointers.cpp:1804] Loading pointers instance from cache
[19:41:02.0894155][INFO/pointers.cpp:1813] Pointers cache: Loading 5 fields from the cache
[19:41:02.0894892][INFO/main.cpp:114] Pointers initialized.
[19:41:02.0895089][INFO/main.cpp:121] Disabled anticheat gameskeleton.
[19:41:02.0898528][INFO/main.cpp:124] Byte Patch Manager initialized.
[19:41:02.6172796][INFO/main.cpp:127] Renderer initialized.
[19:41:02.8534025][INFO/main.cpp:131] Fiber pool initialized.
[19:41:02.8544127][INFO/main.cpp:134] HTTP Client initialized.
[19:41:02.9793067][INFO/main.cpp:137] Translation Service initialized.
[19:41:03.0102744][INFO/main.cpp:140] Hooking initialized.
[19:41:03.0150418][DEBUG/gta_data_service.cpp:160] Loading data from cache.
[19:41:03.0150525][INFO/gta_data_service.cpp:172] Loading 1051 peds from cache.
[19:41:03.0155303][INFO/gta_data_service.cpp:190] Loading 843 vehicles from cache.
[19:41:03.0159062][INFO/gta_data_service.cpp:207] Loading 119 weapons from cache.
[19:41:03.0159136][INFO/gta_data_service.cpp:208] Loading 380 weapon components from cache.
[19:41:03.0159265][DEBUG/gta_data_service.cpp:166] Loaded all data from cache.
[19:41:03.0167315][DEBUG/thread_pool.cpp:96] Thread 1712 executing player_database_service.cpp:285
[19:41:03.0169661][INFO/main.cpp:161] Registered service instances...
[19:41:03.0172426][INFO/main.cpp:182] Scripts registered.
[19:41:03.1038807][INFO/main.cpp:185] Hooking enabled.
[19:41:03.1062241][INFO/main.cpp:188] Dynamic native hooker initialized.
[19:41:03.1068565][INFO/main.cpp:192] Lua manager initialized.
[19:41:06.4329988][INFO/queue_dependency.cpp:63] Blocking AC Verifier 66f724
[19:41:06.4330394][INFO/queue_dependency.cpp:63] Blocking AC Verifier 66f74c
[19:41:06.4330700][INFO/queue_dependency.cpp:63] Blocking AC Verifier 318b98
[19:41:06.4340481][INFO/queue_dependency.cpp:63] Blocking AC Verifier 335458
[19:41:06.4340766][INFO/queue_dependency.cpp:63] Blocking AC Verifier 335430
[19:41:06.4340964][INFO/queue_dependency.cpp:63] Blocking AC Verifier 4012b8
[19:41:06.4350168][INFO/queue_dependency.cpp:63] Blocking AC Verifier 45acf4
[19:41:06.4357885][INFO/queue_dependency.cpp:63] Blocking AC Verifier 459f38
[19:41:06.4358055][INFO/queue_dependency.cpp:63] Blocking AC Verifier 5ca880
[19:41:09.5367821][INFO/backend.cpp:53] Starting script: Self
[19:41:09.5368191][INFO/backend.cpp:78] Starting script: Weapons
[19:41:09.5368370][INFO/backend.cpp:101] Starting script: Vehicles
[19:41:09.5368580][INFO/backend.cpp:117] Starting script: Miscellaneous
[19:41:09.5368873][INFO/backend.cpp:138] Starting script: Remote
[19:41:09.5368979][INFO/backend.cpp:153] Starting script: Ls customs
[19:41:09.5369032][INFO/backend.cpp:165] Starting script: Rainbow paint
[19:41:09.5369077][INFO/backend.cpp:177] Starting script: Disable Control Action
[19:41:09.5369113][INFO/backend.cpp:190] Starting script: World
[19:41:09.5509358][INFO/tunables_service.cpp:36] Loading tunables from cache
[19:42:48.5271664][INFO/queue_dependency.cpp:63] Blocking AC Verifier 9621f0
[19:42:48.5272127][INFO/queue_dependency.cpp:63] Blocking AC Verifier a668ec
[19:42:48.5277088][WARN/prepare_metric_for_sending.cpp:93] BAD METRIC: MM; DATA: "mmList":"4B45524E454C33322E444C4C00|4B45524E454C424153452E646C6C00|5553455233322E646C6C00|47444933322E646C6C00|676469333266756C6C2E646C6C00|6D737663705F77696E2E646C6C00|75637274626173652E646C6C00|50534150492E444C4C00|5753325F33322E646C6C00|5250435254342E
[19:42:48.5279202][WARN/prepare_metric_for_sending.cpp:93] BAD METRIC: MM; DATA: "mmList":"61746975787036342E646C6C00|61746964787836342E646C6C00|616D6469686B36342E646C6C00|4849442E444C4C00|4D4D4465764170692E646C6C00|58417564696F325F372E646C6C00|415544494F5345532E444C4C00|7265736F75726365706F6C696379636C69656E742E646C6C00|57696E646F777
[19:42:48.5283437][INFO/queue_dependency.cpp:63] Blocking AC Verifier 66f774
[19:42:48.5283675][INFO/queue_dependency.cpp:63] Blocking AC Verifier 66f6fc
