[20:49:51.1660657][INFO/main.cpp:104] Yim's Menu Initializing
[20:49:51.1665656][INFO/main.cpp:105] Git Info
	Branch:	master
	Hash:	e005640c7515cf4c396fbaecc9fc9b0e3001c4f0
	Date:	Wed Jan 17 11:08:35 2024
[20:49:51.1665852][DEBUG/thread_pool.cpp:22] Resizing thread pool from 0 to 4
[20:49:51.1676297][INFO/main.cpp:108] Thread pool initialized.
[20:49:51.1803537][INFO/main.cpp:111] Settings Loaded.
[20:49:51.1803652][DEBUG/thread_pool.cpp:96] Thread 12724 executing settings.cpp:12
[20:49:51.1885863][INFO/pointers.hpp:94] GTA5 pointers cache is up to date, using it.
[20:49:51.1886419][INFO/pointers.cpp:1804] Loading pointers instance from cache
[20:49:51.1886456][INFO/pointers.cpp:1813] Pointers cache: Loading 215 fields from the cache
[20:49:51.1886646][DEBUG/module.cpp:50] Waiting for socialclub.dll...
[20:49:51.1966446][INFO/pointers.hpp:94] Social Club pointers cache is up to date, using it.
[20:49:51.1966642][INFO/pointers.cpp:1804] Loading pointers instance from cache
[20:49:51.1966665][INFO/pointers.cpp:1813] Pointers cache: Loading 5 fields from the cache
[20:49:51.1967269][INFO/main.cpp:114] Pointers initialized.
[20:49:51.1967627][INFO/main.cpp:121] Disabled anticheat gameskeleton.
[20:49:51.1970185][INFO/main.cpp:124] Byte Patch Manager initialized.
[20:49:51.8017038][INFO/main.cpp:127] Renderer initialized.
[20:49:52.1052386][INFO/main.cpp:131] Fiber pool initialized.
[20:49:52.1127173][INFO/main.cpp:134] HTTP Client initialized.
[20:49:52.3148352][INFO/main.cpp:137] Translation Service initialized.
[20:49:52.3418311][INFO/main.cpp:140] Hooking initialized.
[20:49:52.3711976][DEBUG/gta_data_service.cpp:160] Loading data from cache.
[20:49:52.3712167][INFO/gta_data_service.cpp:172] Loading 1051 peds from cache.
[20:49:52.3717581][INFO/gta_data_service.cpp:190] Loading 843 vehicles from cache.
[20:49:52.3724866][INFO/gta_data_service.cpp:207] Loading 119 weapons from cache.
[20:49:52.3724982][INFO/gta_data_service.cpp:208] Loading 380 weapon components from cache.
[20:49:52.3725131][DEBUG/gta_data_service.cpp:166] Loaded all data from cache.
[20:49:52.3839028][DEBUG/thread_pool.cpp:96] Thread 9508 executing player_database_service.cpp:285
[20:49:52.3848695][INFO/main.cpp:161] Registered service instances...
[20:49:52.3850992][INFO/main.cpp:182] Scripts registered.
[20:49:52.4501643][INFO/main.cpp:185] Hooking enabled.
[20:49:52.4538528][INFO/main.cpp:188] Dynamic native hooker initialized.
[20:49:52.4547600][INFO/main.cpp:192] Lua manager initialized.
[20:49:57.8298090][INFO/queue_dependency.cpp:63] Blocking AC Verifier 66f724
[20:49:57.8298413][INFO/queue_dependency.cpp:63] Blocking AC Verifier 66f74c
[20:49:57.8298629][INFO/queue_dependency.cpp:63] Blocking AC Verifier 318b98
[20:49:57.8305440][INFO/queue_dependency.cpp:63] Blocking AC Verifier 335458
[20:49:57.8305627][INFO/queue_dependency.cpp:63] Blocking AC Verifier 335430
[20:49:57.8305913][INFO/queue_dependency.cpp:63] Blocking AC Verifier 4012b8
[20:49:57.8311561][INFO/queue_dependency.cpp:63] Blocking AC Verifier 45acf4
[20:49:57.8323171][INFO/queue_dependency.cpp:63] Blocking AC Verifier 459f38
[20:49:59.4807381][INFO/backend.cpp:53] Starting script: Self
[20:49:59.4807742][INFO/backend.cpp:78] Starting script: Weapons
[20:49:59.4810849][INFO/backend.cpp:101] Starting script: Vehicles
[20:49:59.4811290][INFO/backend.cpp:117] Starting script: Miscellaneous
[20:49:59.4811882][INFO/backend.cpp:138] Starting script: Remote
[20:49:59.4811956][INFO/backend.cpp:153] Starting script: Ls customs
[20:49:59.4812037][INFO/backend.cpp:165] Starting script: Rainbow paint
[20:49:59.4812086][INFO/backend.cpp:177] Starting script: Disable Control Action
[20:49:59.4812141][INFO/backend.cpp:190] Starting script: World
[20:49:59.5205399][INFO/tunables_service.cpp:36] Loading tunables from cache
[20:52:48.3571373][INFO/queue_dependency.cpp:63] Blocking AC Verifier 9621f0
[20:52:48.3572176][INFO/queue_dependency.cpp:63] Blocking AC Verifier a668ec
[20:52:48.3575793][INFO/queue_dependency.cpp:63] Blocking AC Verifier 66f774
[20:52:48.3576038][INFO/queue_dependency.cpp:63] Blocking AC Verifier 66f6fc
[20:52:48.3709094][INFO/queue_dependency.cpp:63] Blocking AC Verifier 5ca880
[21:04:15.9184175][WARN/reaction.cpp:60] Received Modder Detection from Flitscher713 (221322832)
[21:04:17.4991803][WARN/reaction.cpp:60] Received Modder Detection from ChiefSimo (194714527)
[21:04:47.4988179][WARN/prepare_metric_for_sending.cpp:93] BAD METRIC: UVC; DATA: "vc":false
[21:05:23.9117090][WARN/prepare_metric_for_sending.cpp:93] BAD METRIC: AWARD_XP; DATA: "amt":13984299,"type":3136273443,"cat":654913086,"pt":3491590261,"slot":0
[21:05:23.9117959][WARN/prepare_metric_for_sending.cpp:93] BAD METRIC: UVC; DATA: "vc":false
[21:07:29.7045308][WARN/reaction.cpp:60] Received Modder Detection from GiovxLaRue (193829604)
[21:09:27.7950277][WARN/reaction.cpp:60] Received Modder Detection from WD3_officiel (204699718)
[21:12:25.6024566][WARN/prepare_metric_for_sending.cpp:93] BAD METRIC: EARN; DATA: "amt":1500,"char":{"slot":0,"cash":0,"bank":119587239,"evc":119587239,"pvc":0,"pxr":0.00000,"nonce":638436283393592066},"c":[-50.05391,21.77209,71.75046],"pt":3492006051,"vct":0,"vcp":0,"mid":0,"action":"DAILY_STASH","cat":"NONE","ctx":{"type":13}
[21:12:25.6025007][WARN/prepare_metric_for_sending.cpp:93] BAD METRIC: EARN; DATA: "amt":1500,"char":{"slot":0,"cash":0,"bank":119587239,"evc":119587239,"pvc":0,"pxr":0.00000,"nonce":638436283393592066},"c":[-50.05391,21.77209,71.75046],"pt":3492006051,"vct":0,"vcp":0,"mid":0,"action":"DAILY_STASH","cat":"NONE","ctx":{"type":13}
[21:12:43.7234183][WARN/prepare_metric_for_sending.cpp:93] BAD METRIC: AWARD_XP; DATA: "amt":300,"type":2658791846,"cat":2058801719,"pt":3492006051,"slot":0
[21:15:35.6127985][WARN/reaction.cpp:60] Received Modder Detection from kulmada (241412960)
[21:15:46.6648457][WARN/prepare_metric_for_sending.cpp:93] BAD METRIC: UVC; DATA: "vc":false
[21:15:46.6652189][WARN/prepare_metric_for_sending.cpp:93] BAD METRIC: AWARD_XP; DATA: "amt":13984599,"type":3136273443,"cat":654913086,"pt":3492201235,"slot":0
[21:23:47.5466884][WARN/reaction.cpp:60] Received Modder Detection from squidPoo (98340607)
[21:24:06.5411363][WARN/reaction.cpp:60] Received Modder Detection from B1llionaireBoyz (223861735)
[21:24:53.2977171][WARN/prepare_metric_for_sending.cpp:93] BAD METRIC: RDEV; DATA: "g":"SC 223861735"
[21:25:03.5167822][WARN/prepare_metric_for_sending.cpp:93] BAD METRIC: AWARD_XP; DATA: "amt":13984599,"type":3136273443,"cat":654913086,"pt":3492688631,"slot":0
[21:26:15.3051636][WARN/prepare_metric_for_sending.cpp:93] BAD METRIC: AWARD_XP; DATA: "amt":13984599,"type":3136273443,"cat":654913086,"pt":3492748559,"slot":0
[21:27:01.8647561][WARN/prepare_metric_for_sending.cpp:93] BAD METRIC: AWARD_XP; DATA: "amt":13984599,"type":3136273443,"cat":654913086,"pt":3492783309,"slot":0
[21:30:22.6493719][WARN/prepare_metric_for_sending.cpp:93] BAD METRIC: W_L; DATA: "c":[-236.81,-587.73,33.79],"wantedlvl":4
[21:30:22.6496988][WARN/prepare_metric_for_sending.cpp:93] BAD METRIC: W_L; DATA: "c":[-8.68,-613.11,37.33],"wantedlvl":0
[21:30:22.6497501][WARN/prepare_metric_for_sending.cpp:93] BAD METRIC: AWARD_XP; DATA: "amt":13984599,"type":3136273443,"cat":654913086,"pt":3492972092,"slot":0
[21:33:31.1874557][WARN/reaction.cpp:60] Received Modder Detection from Happy_Hour_Fugu (157156606)
[21:33:32.1250076][WARN/reaction.cpp:60] Received Modder Detection from Happy_Hour_Fugu (157156606)
[21:34:33.2400691][WARN/reaction.cpp:60] Received Modder Detection from Yomotsu-Shikome (120486040)
[21:39:03.8352574][WARN/prepare_metric_for_sending.cpp:93] BAD METRIC: EARN; DATA: "amt":20000,"char":{"slot":0,"cash":0,"bank":119597739,"evc":119597739,"pvc":0,"pxr":0.00000,"nonce":638436299375029356},"c":[1171.57739,-2972.16260,5.72364],"pt":3493490599,"vct":0,"vcp":0,"mid":0,"action":"DAILY_VEH","cat":"AUTOSHOP","ctx":{
[21:39:03.8353063][WARN/prepare_metric_for_sending.cpp:93] BAD METRIC: EARN; DATA: "amt":20000,"char":{"slot":0,"cash":0,"bank":119597739,"evc":119597739,"pvc":0,"pxr":0.00000,"nonce":638436299375029356},"c":[1171.57739,-2972.16260,5.72364],"pt":3493490599,"vct":0,"vcp":0,"mid":0,"action":"DAILY_VEH","cat":"AUTOSHOP","ctx":{
[21:39:43.7945642][WARN/prepare_metric_for_sending.cpp:93] BAD METRIC: AWARD_XP; DATA: "amt":1000,"type":2435321038,"cat":3285634639,"pt":3493490599,"slot":0
[21:41:27.7031321][WARN/interloper_reaction.cpp:30] Received Spectate Others from Flamesbraxcia (237409323), victim is 3puBKopeHb
[21:41:30.7439527][WARN/interloper_reaction.cpp:30] Received Spectate Others from Flamesbraxcia (237409323), victim is AatuPatu
[21:41:32.8040847][WARN/interloper_reaction.cpp:30] Received Spectate Others from Flamesbraxcia (237409323), victim is Aluminatron
[21:43:48.7324605][WARN/interloper_reaction.cpp:30] Received Spectate Others from Flamesbraxcia (237409323), victim is B1llionaireBoyz
[21:46:39.6982690][WARN/reaction.cpp:60] Received Modder Detection from eliteFlavioforgi (233910832)
[21:49:21.0505828][WARN/reaction.cpp:60] Received Modder Detection from AlexandruPFA (109125235)
[21:51:10.5369994][WARN/reaction.cpp:60] Received Modder Detection from PandanstonQ (139224751)
[21:51:50.8014363][WARN/prepare_metric_for_sending.cpp:93] BAD METRIC: UVC; DATA: "vc":false
[21:51:50.8016341][WARN/prepare_metric_for_sending.cpp:93] BAD METRIC: AWARD_XP; DATA: "amt":13985599,"type":3136273443,"cat":654913086,"pt":3494213116,"slot":0
[21:52:40.6907726][WARN/prepare_metric_for_sending.cpp:93] BAD METRIC: EARN; DATA: "amt":38200,"char":{"slot":0,"cash":38200,"bank":119597739,"evc":119635939,"pvc":0,"pxr":0.00000,"nonce":638436307585817363},"c":[551.57654,-1774.92151,29.31160],"pt":3494263203,"vct":0,"vcp":0,"mid":0,"action":"STREET_DEALER","cat":"NONE","ctx":{"type":2
[21:52:40.6908345][WARN/prepare_metric_for_sending.cpp:93] BAD METRIC: EARN; DATA: "amt":38200,"char":{"slot":0,"cash":38200,"bank":119597739,"evc":119635939,"pvc":0,"pxr":0.00000,"nonce":638436307585817363},"c":[551.57654,-1774.92151,29.31160],"pt":3494263203,"vct":0,"vcp":0,"mid":0,"action":"STREET_DEALER","cat":"NONE","ctx":{"type":2
[21:52:47.5451432][WARN/prepare_metric_for_sending.cpp:93] BAD METRIC: EARN; DATA: "amt":16900,"char":{"slot":0,"cash":55100,"bank":119597739,"evc":119652839,"pvc":0,"pxr":0.00000,"nonce":638436307612928720},"c":[551.57654,-1774.92151,29.31160],"pt":3494263203,"vct":0,"vcp":0,"mid":0,"action":"STREET_DEALER","cat":"NONE","ctx":{"type":3
[21:52:47.5451878][WARN/prepare_metric_for_sending.cpp:93] BAD METRIC: EARN; DATA: "amt":16900,"char":{"slot":0,"cash":55100,"bank":119597739,"evc":119652839,"pvc":0,"pxr":0.00000,"nonce":638436307612928720},"c":[551.57654,-1774.92151,29.31160],"pt":3494263203,"vct":0,"vcp":0,"mid":0,"action":"STREET_DEALER","cat":"NONE","ctx":{"type":3
[21:52:53.0959988][WARN/prepare_metric_for_sending.cpp:93] BAD METRIC: EARN; DATA: "amt":14050,"char":{"slot":0,"cash":83450,"bank":119597739,"evc":119681189,"pvc":0,"pxr":0.00000,"nonce":638436307668706127},"c":[551.57654,-1774.92151,29.31160],"pt":3494273219,"vct":0,"vcp":0,"mid":0,"action":"STREET_DEALER","cat":"NONE","ctx":{"type":7
[21:52:53.0960445][WARN/prepare_metric_for_sending.cpp:93] BAD METRIC: EARN; DATA: "amt":14050,"char":{"slot":0,"cash":83450,"bank":119597739,"evc":119681189,"pvc":0,"pxr":0.00000,"nonce":638436307668706127},"c":[551.57654,-1774.92151,29.31160],"pt":3494273219,"vct":0,"vcp":0,"mid":0,"action":"STREET_DEALER","cat":"NONE","ctx":{"type":7
[21:53:05.5344471][WARN/reaction.cpp:60] Received Modder Detection from xXxMRtequilaxXx (47879011)
[21:55:41.8767435][WARN/prepare_metric_for_sending.cpp:93] BAD METRIC: AWARD_XP; DATA: "amt":13985599,"type":3136273443,"cat":654913086,"pt":3494432135,"slot":0
[21:56:39.8578646][WARN/reaction.cpp:60] Received Modder Detection from ostmonster (184884092)
[22:00:08.9442160][WARN/prepare_metric_for_sending.cpp:93] BAD METRIC: EARN; DATA: "amt":3500,"char":{"slot":0,"cash":0,"bank":119684189,"evc":119684189,"pvc":0,"pxr":0.00000,"nonce":638436312026527062},"c":[-816.91498,-1087.02222,10.99012],"pt":3494695133,"vct":0,"vcp":0,"mid":0,"action":"AMB_JOB","cat":"JOBS","ctx":{"desc":"AM_HUNT_TH
[22:00:08.9442651][WARN/prepare_metric_for_sending.cpp:93] BAD METRIC: EARN; DATA: "amt":3500,"char":{"slot":0,"cash":0,"bank":119684189,"evc":119684189,"pvc":0,"pxr":0.00000,"nonce":638436312026527062},"c":[-816.91498,-1087.02222,10.99012],"pt":3494695133,"vct":0,"vcp":0,"mid":0,"action":"AMB_JOB","cat":"JOBS","ctx":{"desc":"AM_HUNT_TH
[22:00:18.8168903][WARN/prepare_metric_for_sending.cpp:93] BAD METRIC: AWARD_XP; DATA: "amt":700,"type":2658791846,"cat":3041509490,"pt":3494695133,"slot":0
[22:00:29.7462550][WARN/prepare_metric_for_sending.cpp:93] BAD METRIC: W_L; DATA: "c":[-816.43,-1094.87,10.38],"wantedlvl":2
[22:00:31.4781140][WARN/reaction.cpp:60] Received Modder Detection from Captaino47 (182941516)
[22:01:26.1582278][WARN/prepare_metric_for_sending.cpp:93] BAD METRIC: W_L; DATA: "c":[-1173.30,-1173.80,5.62],"wantedlvl":0
[22:01:33.6166916][WARN/reaction.cpp:60] Received Modder Detection from ALIAS220022 (238780645)
[22:02:05.9398572][WARN/prepare_metric_for_sending.cpp:93] BAD METRIC: EARN; DATA: "amt":10000,"char":{"slot":0,"cash":10000,"bank":119684189,"evc":119694189,"pvc":0,"pxr":0.00000,"nonce":638436313197868776},"c":[-1632.78064,-2997.16504,-78.14371],"pt":3494792006,"vct":0,"vcp":0,"mid":0,"action":"CLUB_MANAGEMENT_PARTICIPATION","cat":"NO
[22:02:05.9399016][WARN/prepare_metric_for_sending.cpp:93] BAD METRIC: EARN; DATA: "amt":10000,"char":{"slot":0,"cash":10000,"bank":119684189,"evc":119694189,"pvc":0,"pxr":0.00000,"nonce":638436313197868776},"c":[-1632.78064,-2997.16504,-78.14371],"pt":3494792006,"vct":0,"vcp":0,"mid":0,"action":"CLUB_MANAGEMENT_PARTICIPATION","cat":"NO
[22:03:06.0754847][WARN/prepare_metric_for_sending.cpp:93] BAD METRIC: AWARD_XP; DATA: "amt":1000,"type":2467613365,"cat":4079347841,"pt":3494792006,"slot":0
[22:03:06.0759114][WARN/prepare_metric_for_sending.cpp:93] BAD METRIC: W_L; DATA: "c":[-1166.68,-1183.80,5.10],"wantedlvl":2
[22:03:46.5032909][WARN/reaction.cpp:60] Received Modder Detection from Xeratinha2014 (66505744)
[22:04:10.7254475][WARN/prepare_metric_for_sending.cpp:93] BAD METRIC: W_L; DATA: "c":[-54.13,-921.33,28.73],"wantedlvl":0
[22:04:10.7254811][WARN/prepare_metric_for_sending.cpp:93] BAD METRIC: AWARD_XP; DATA: "amt":200,"type":2892279813,"cat":3893038019,"pt":3494892160,"slot":0
[22:06:00.0560036][WARN/prepare_metric_for_sending.cpp:93] BAD METRIC: W_L; DATA: "c":[347.28,-281.19,53.95],"wantedlvl":1
[22:06:00.0562741][WARN/prepare_metric_for_sending.cpp:93] BAD METRIC: W_L; DATA: "c":[55.04,-178.57,54.97],"wantedlvl":0
[22:06:00.0563003][WARN/prepare_metric_for_sending.cpp:93] BAD METRIC: AWARD_XP; DATA: "amt":13987499,"type":3136273443,"cat":654913086,"pt":3495010809,"slot":0
[22:06:17.6961453][WARN/interloper_reaction.cpp:30] Received Spectate Others from slysie85 (36201321), victim is xXxMRtequilaxXx
[22:06:20.1351320][WARN/reaction.cpp:60] Received Remote Ragdoll from lllllIIlllIlIlll (152146805)
[22:06:54.0178744][WARN/prepare_metric_for_sending.cpp:93] BAD METRIC: W_L; DATA: "c":[65.72,-187.98,54.89],"wantedlvl":1
[22:07:57.1720980][WARN/reaction.cpp:60] Received Remote Ragdoll from sad_Topic (113875942)
[22:07:57.1727656][WARN/reaction.cpp:60] Received Remote Ragdoll from lllllIIlllIlIlll (152146805)
[22:07:57.2147703][WARN/reaction.cpp:60] Received Remote Ragdoll from PauloElsh (227871652)
[22:08:06.1569009][WARN/prepare_metric_for_sending.cpp:93] BAD METRIC: W_L; DATA: "c":[89.81,-163.75,54.56],"wantedlvl":2
[22:08:06.1569674][WARN/prepare_metric_for_sending.cpp:93] BAD METRIC: W_L; DATA: "c":[86.61,-160.31,54.65],"wantedlvl":0
[22:08:22.9766926][WARN/interloper_reaction.cpp:30] Received Spectate Others from slysie85 (36201321), victim is xXxMRtequilaxXx
[22:09:42.4517417][WARN/interloper_reaction.cpp:30] Received Spectate Others from slysie85 (36201321), victim is -_-Lucifer666-_-
[22:10:45.7262604][WARN/reaction.cpp:60] Received Request Control Event from lllllIIlllIlIlll (152146805)
[22:10:45.8932155][WARN/reaction.cpp:60] Received Request Control Event from lllllIIlllIlIlll (152146805)
[22:10:46.0575009][WARN/reaction.cpp:60] Received Request Control Event from lllllIIlllIlIlll (152146805)
[22:10:46.2260906][WARN/reaction.cpp:60] Received Request Control Event from lllllIIlllIlIlll (152146805)
[22:10:46.4727998][WARN/reaction.cpp:60] Received Request Control Event from lllllIIlllIlIlll (152146805)
[22:10:46.6802175][WARN/reaction.cpp:60] Received Request Control Event from lllllIIlllIlIlll (152146805)
[22:10:46.8901187][WARN/reaction.cpp:60] Received Request Control Event from lllllIIlllIlIlll (152146805)
[22:10:47.0961301][WARN/reaction.cpp:60] Received Request Control Event from lllllIIlllIlIlll (152146805)
[22:10:47.2677312][WARN/reaction.cpp:60] Received Request Control Event from lllllIIlllIlIlll (152146805)
[22:10:47.5380275][WARN/reaction.cpp:60] Received Request Control Event from lllllIIlllIlIlll (152146805)
[22:10:47.7195999][WARN/reaction.cpp:60] Received Request Control Event from lllllIIlllIlIlll (152146805)
[22:10:47.7197509][WARN/reaction.cpp:60] Received Request Control Event from lllllIIlllIlIlll (152146805)
[22:10:47.9335691][WARN/reaction.cpp:60] Received Request Control Event from lllllIIlllIlIlll (152146805)
[22:10:48.1108598][WARN/reaction.cpp:60] Received Request Control Event from lllllIIlllIlIlll (152146805)
[22:10:48.3018739][WARN/reaction.cpp:60] Received Request Control Event from lllllIIlllIlIlll (152146805)
[22:10:48.4974022][WARN/reaction.cpp:60] Received Request Control Event from lllllIIlllIlIlll (152146805)
[22:10:48.5435520][WARN/reaction.cpp:60] Received Request Control Event from lllllIIlllIlIlll (152146805)
[22:10:48.7336114][WARN/reaction.cpp:60] Received Request Control Event from lllllIIlllIlIlll (152146805)
[22:10:48.9211363][WARN/reaction.cpp:60] Received Request Control Event from lllllIIlllIlIlll (152146805)
[22:10:49.1616836][WARN/reaction.cpp:60] Received Request Control Event from lllllIIlllIlIlll (152146805)
[22:10:49.2980194][WARN/reaction.cpp:60] Received Request Control Event from lllllIIlllIlIlll (152146805)
[22:10:49.4409285][WARN/reaction.cpp:60] Received Request Control Event from lllllIIlllIlIlll (152146805)
[22:10:49.5850687][WARN/reaction.cpp:60] Received Request Control Event from lllllIIlllIlIlll (152146805)
[22:10:49.8188020][WARN/reaction.cpp:60] Received Request Control Event from lllllIIlllIlIlll (152146805)
[22:10:49.9999140][WARN/reaction.cpp:60] Received Request Control Event from lllllIIlllIlIlll (152146805)
[22:10:50.0459403][WARN/reaction.cpp:60] Received Request Control Event from lllllIIlllIlIlll (152146805)
[22:10:50.1845999][WARN/reaction.cpp:60] Received Request Control Event from lllllIIlllIlIlll (152146805)
[22:10:50.4046326][WARN/reaction.cpp:60] Received Request Control Event from lllllIIlllIlIlll (152146805)
[22:10:50.6224652][WARN/reaction.cpp:60] Received Request Control Event from lllllIIlllIlIlll (152146805)
[22:10:50.7981139][WARN/reaction.cpp:60] Received Request Control Event from lllllIIlllIlIlll (152146805)
[22:10:51.0096422][WARN/reaction.cpp:60] Received Request Control Event from lllllIIlllIlIlll (152146805)
[22:10:51.2304769][WARN/reaction.cpp:60] Received Request Control Event from lllllIIlllIlIlll (152146805)
[22:10:51.4015464][WARN/reaction.cpp:60] Received Request Control Event from lllllIIlllIlIlll (152146805)
[22:10:51.5754958][WARN/reaction.cpp:60] Received Request Control Event from lllllIIlllIlIlll (152146805)
[22:11:53.9984405][WARN/prepare_metric_for_sending.cpp:93] BAD METRIC: W_L; DATA: "c":[-432.61,-399.91,32.24],"wantedlvl":2
[22:12:35.7344466][WARN/prepare_metric_for_sending.cpp:93] BAD METRIC: W_L; DATA: "c":[-350.50,-136.27,38.48],"wantedlvl":0
[22:13:18.6220843][WARN/reaction.cpp:60] Received Modder Detection from PandanstonQ (139224751)
[22:13:59.2339801][WARN/reaction.cpp:60] Received Modder Detection from ostmonster (184884092)
[22:17:38.4021195][WARN/prepare_metric_for_sending.cpp:93] BAD METRIC: COLLECTIBLE; DATA: "c":[-362.68,-221.39,37.00],"a":0,"b":1298470051,"c":100,"d":100,"e":1000,"f":1000,"g":0,"h":-1,"i":1,"j":-1,"k":0
[22:17:38.4021776][WARN/prepare_metric_for_sending.cpp:93] BAD METRIC: COLLECTIBLE; DATA: "c":[-362.68,-221.39,37.00],"a":0,"b":1298470051,"c":100,"d":100,"e":1000,"f":1000,"g":0,"h":-1,"i":1,"j":-1,"k":0
[22:17:39.6300874][WARN/prepare_metric_for_sending.cpp:93] BAD METRIC: W_L; DATA: "c":[-442.51,-254.88,35.36],"wantedlvl":1
[22:17:39.6302331][WARN/prepare_metric_for_sending.cpp:93] BAD METRIC: W_L; DATA: "c":[-343.89,-7.92,47.03],"wantedlvl":0
[22:17:39.6302432][WARN/prepare_metric_for_sending.cpp:93] BAD METRIC: AWARD_XP; DATA: "amt":100,"type":2892279813,"cat":3893038019,"pt":3495596928,"slot":0
[22:17:39.6306299][WARN/prepare_metric_for_sending.cpp:93] BAD METRIC: AWARD_XP; DATA: "amt":1000,"type":3315962511,"cat":119597033,"pt":3495697085,"slot":0
[22:17:39.6306394][WARN/prepare_metric_for_sending.cpp:93] BAD METRIC: AWARD_XP; DATA: "amt":1000,"type":3315962511,"cat":119597033,"pt":3495707442,"slot":0
[22:17:39.6306450][WARN/prepare_metric_for_sending.cpp:93] BAD METRIC: AWARD_XP; DATA: "amt":1000,"type":3315962511,"cat":119597033,"pt":3495707442,"slot":0
[22:17:39.6306508][WARN/prepare_metric_for_sending.cpp:93] BAD METRIC: AWARD_XP; DATA: "amt":1000,"type":3315962511,"cat":119597033,"pt":3495708919,"slot":0
[22:17:39.6306562][WARN/prepare_metric_for_sending.cpp:93] BAD METRIC: AWARD_XP; DATA: "amt":1000,"type":3315962511,"cat":119597033,"pt":3495708919,"slot":0
[22:17:39.6306613][WARN/prepare_metric_for_sending.cpp:93] BAD METRIC: AWARD_XP; DATA: "amt":1000,"type":3315962511,"cat":119597033,"pt":3495708919,"slot":0
[22:17:39.6306664][WARN/prepare_metric_for_sending.cpp:93] BAD METRIC: AWARD_XP; DATA: "amt":1000,"type":3315962511,"cat":119597033,"pt":3495708919,"slot":0
[22:17:39.6306724][WARN/prepare_metric_for_sending.cpp:93] BAD METRIC: AWARD_XP; DATA: "amt":1000,"type":3315962511,"cat":119597033,"pt":3495708919,"slot":0
[22:17:39.6306776][WARN/prepare_metric_for_sending.cpp:93] BAD METRIC: AWARD_XP; DATA: "amt":1000,"type":3315962511,"cat":119597033,"pt":3495708919,"slot":0
[22:17:39.6306937][WARN/prepare_metric_for_sending.cpp:93] BAD METRIC: AWARD_XP; DATA: "amt":1000,"type":3315962511,"cat":119597033,"pt":3495711435,"slot":0
[22:17:39.6307038][WARN/prepare_metric_for_sending.cpp:93] BAD METRIC: AWARD_XP; DATA: "amt":1000,"type":3315962511,"cat":119597033,"pt":3495711435,"slot":0
[22:17:39.6307159][WARN/prepare_metric_for_sending.cpp:93] BAD METRIC: AWARD_XP; DATA: "amt":1000,"type":3315962511,"cat":119597033,"pt":3495711435,"slot":0
[22:17:43.5523376][WARN/prepare_metric_for_sending.cpp:93] BAD METRIC: COLLECTIBLE; DATA: "c":[-367.97,-219.64,36.77],"a":0,"b":1298470051,"c":100,"d":100,"e":1000,"f":1000,"g":0,"h":-1,"i":1,"j":-1,"k":0
[22:17:43.5523730][WARN/prepare_metric_for_sending.cpp:93] BAD METRIC: COLLECTIBLE; DATA: "c":[-367.97,-219.64,36.77],"a":0,"b":1298470051,"c":100,"d":100,"e":1000,"f":1000,"g":0,"h":-1,"i":1,"j":-1,"k":0
[22:17:48.5968237][WARN/prepare_metric_for_sending.cpp:93] BAD METRIC: EARN; DATA: "amt":1000,"char":{"slot":0,"cash":21500,"bank":119684109,"evc":119705609,"pvc":0,"pxr":0.00000,"nonce":638436322622528302},"c":[-361.22372,-222.39673,36.55746],"pt":3495715478,"vct":0,"vcp":0,"mid":0,"action":"COLLECTABLES","cat":"ACTION_FIGURES","ctx":{
[22:17:48.5968671][WARN/prepare_metric_for_sending.cpp:93] BAD METRIC: EARN; DATA: "amt":1000,"char":{"slot":0,"cash":21500,"bank":119684109,"evc":119705609,"pvc":0,"pxr":0.00000,"nonce":638436322622528302},"c":[-361.22372,-222.39673,36.55746],"pt":3495715478,"vct":0,"vcp":0,"mid":0,"action":"COLLECTABLES","cat":"ACTION_FIGURES","ctx":{
[22:27:10.3506103][WARN/reaction.cpp:60] Received Request Control Event from -_-Lucifer666-_- (238949554)
[22:38:52.7390834][WARN/reaction.cpp:60] Received Modder Detection from LeHesse (144605629)
[22:38:55.0974427][WARN/reaction.cpp:60] Received Modder Detection from DARTHGAR (42426212)
[22:39:09.6404417][WARN/reaction.cpp:60] Received Modder Detection from jakeybee94 (129426113)
[22:39:24.6666086][WARN/prepare_metric_for_sending.cpp:93] BAD METRIC: UVC; DATA: "vc":false
[22:39:56.4595401][WARN/prepare_metric_for_sending.cpp:93] BAD METRIC: AWARD_XP; DATA: "amt":13999599,"type":3136273443,"cat":654913086,"pt":3496934042,"slot":0
[22:40:13.7573979][WARN/reaction.cpp:60] Received Modder Detection from cheloXp (112258280)
[22:41:07.8566267][WARN/reaction.cpp:60] Received Modder Detection from DARTHGAR (42426212)
[22:42:04.6846865][WARN/prepare_metric_for_sending.cpp:93] BAD METRIC: IDLEKICK; DATA: "idle":120000
[22:43:38.3214850][WARN/reaction.cpp:60] Received Modder Detection from morceaudeviande (119338868)
[22:45:06.8205259][WARN/prepare_metric_for_sending.cpp:93] BAD METRIC: W_L; DATA: "c":[-938.63,302.20,70.98],"wantedlvl":1
[22:45:06.8206759][WARN/prepare_metric_for_sending.cpp:93] BAD METRIC: W_L; DATA: "c":[-940.19,294.68,70.09],"wantedlvl":0
[22:45:48.5810866][WARN/reaction.cpp:60] Received Modder Detection from WizardKaradan (169347790)
[22:45:58.8495196][WARN/reaction.cpp:60] Received Modder Detection from martinforbes767 (238605751)
[22:46:08.7684535][WARN/reaction.cpp:60] Received Modder Detection from Sayroxo85 (235352871)
[22:46:27.5287512][WARN/reaction.cpp:60] Received Modder Detection from jakeybee94 (129426113)
[22:46:28.2510820][WARN/prepare_metric_for_sending.cpp:93] BAD METRIC: EARN; DATA: "amt":25000,"char":{"slot":0,"cash":21500,"bank":119709109,"evc":119730609,"pvc":0,"pxr":0.00000,"nonce":638436339821707898},"c":[-137.55521,-1396.60889,19.25640],"pt":3497334411,"vct":0,"vcp":0,"mid":0,"action":"AMB_JOB","cat":"JOBS","ctx":{"desc":"fm_co
[22:46:28.2511450][WARN/prepare_metric_for_sending.cpp:93] BAD METRIC: EARN; DATA: "amt":25000,"char":{"slot":0,"cash":21500,"bank":119709109,"evc":119730609,"pvc":0,"pxr":0.00000,"nonce":638436339821707898},"c":[-137.55521,-1396.60889,19.25640],"pt":3497334411,"vct":0,"vcp":0,"mid":0,"action":"AMB_JOB","cat":"JOBS","ctx":{"desc":"fm_co
[22:47:22.2852771][WARN/prepare_metric_for_sending.cpp:93] BAD METRIC: RDEV; DATA: "g":"SC 235352871"
[22:47:22.2853400][WARN/prepare_metric_for_sending.cpp:93] BAD METRIC: W_L; DATA: "c":[-138.10,-1395.10,29.21],"wantedlvl":1
[22:47:22.2854076][WARN/prepare_metric_for_sending.cpp:93] BAD METRIC: AWARD_XP; DATA: "amt":2000,"type":2658791846,"cat":2323682310,"pt":3497334411,"slot":0
[22:47:22.2855507][WARN/prepare_metric_for_sending.cpp:93] BAD METRIC: AWARD_XP; DATA: "amt":100,"type":2892279813,"cat":3893038019,"pt":3497374503,"slot":0
[22:47:22.2855987][WARN/prepare_metric_for_sending.cpp:93] BAD METRIC: W_L; DATA: "c":[-95.88,-1230.78,28.25],"wantedlvl":0
[22:47:42.6395407][WARN/reaction.cpp:60] Received Modder Detection from Kociokwik1 (229701600)
[22:48:33.6639492][WARN/reaction.cpp:60] Received Modder Detection from mason--play22 (38447002)
[22:48:52.0901765][WARN/prepare_metric_for_sending.cpp:93] BAD METRIC: W_L; DATA: "c":[339.26,-691.20,28.78],"wantedlvl":1
[22:49:25.3363407][WARN/reaction.cpp:60] Received Modder Detection from Gesmund (158335751)
[22:50:33.3575008][WARN/prepare_metric_for_sending.cpp:93] BAD METRIC: EARN; DATA: "amt":63065,"char":{"slot":0,"cash":84565,"bank":119708957,"evc":119793522,"pvc":0,"pxr":0.00000,"nonce":638436342273453116},"c":[-337.00061,-137.44937,38.45608],"pt":3497570962,"vct":0,"vcp":0,"mid":0,"action":"VEHICLE","cat":"SELLING_VEH","ctx":{
[22:50:33.3575584][WARN/prepare_metric_for_sending.cpp:93] BAD METRIC: EARN; DATA: "amt":63065,"char":{"slot":0,"cash":84565,"bank":119708957,"evc":119793522,"pvc":0,"pxr":0.00000,"nonce":638436342273453116},"c":[-337.00061,-137.44937,38.45608],"pt":3497570962,"vct":0,"vcp":0,"mid":0,"action":"VEHICLE","cat":"SELLING_VEH","ctx":{
[22:50:34.8029757][WARN/prepare_metric_for_sending.cpp:93] BAD METRIC: AWARD_XP; DATA: "amt":100,"type":2892279813,"cat":3893038019,"pt":3497510829,"slot":0
[22:50:34.8030545][WARN/prepare_metric_for_sending.cpp:93] BAD METRIC: W_L; DATA: "c":[-165.45,-40.43,52.23],"wantedlvl":0
[22:50:34.8031771][WARN/prepare_metric_for_sending.cpp:93] BAD METRIC: W_L; DATA: "c":[-351.13,-136.22,38.46],"wantedlvl":1
[22:50:34.8032130][WARN/prepare_metric_for_sending.cpp:93] BAD METRIC: W_L; DATA: "c":[-350.36,-136.28,38.46],"wantedlvl":0
[22:53:22.2499577][WARN/reaction.cpp:60] Received Modder Detection from morceaudeviande (119338868)
[22:55:32.4568539][WARN/reaction.cpp:60] Received Modder Detection from LeHesse (144605629)
[22:58:55.8944626][WARN/prepare_metric_for_sending.cpp:93] BAD METRIC: W_L; DATA: "c":[241.89,-191.47,54.81],"wantedlvl":1
[22:58:55.8945346][WARN/prepare_metric_for_sending.cpp:93] BAD METRIC: W_L; DATA: "c":[186.22,-342.38,43.91],"wantedlvl":2
[22:58:55.8949388][WARN/prepare_metric_for_sending.cpp:93] BAD METRIC: W_L; DATA: "c":[149.00,-714.50,47.08],"wantedlvl":0
[22:58:55.8949714][WARN/prepare_metric_for_sending.cpp:93] BAD METRIC: AWARD_XP; DATA: "amt":14001799,"type":3136273443,"cat":654913086,"pt":3498066870,"slot":0
[23:03:19.3390897][WARN/reaction.cpp:60] Received Modder Detection from TipsyDrew (37993506)
[23:11:25.5107264][WARN/prepare_metric_for_sending.cpp:93] BAD METRIC: EARN; DATA: "amt":20000,"char":{"slot":0,"cash":0,"bank":119813022,"evc":119813022,"pvc":0,"pxr":0.00000,"nonce":638436354793799573},"c":[-817.03174,-1080.35352,11.13395],"pt":3498810437,"vct":0,"vcp":0,"mid":0,"action":"AMB_JOB","cat":"JOBS","ctx":{"desc":"fm_conten
[23:11:25.5107764][WARN/prepare_metric_for_sending.cpp:93] BAD METRIC: EARN; DATA: "amt":20000,"char":{"slot":0,"cash":0,"bank":119813022,"evc":119813022,"pvc":0,"pxr":0.00000,"nonce":638436354793799573},"c":[-817.03174,-1080.35352,11.13395],"pt":3498810437,"vct":0,"vcp":0,"mid":0,"action":"AMB_JOB","cat":"JOBS","ctx":{"desc":"fm_conten
[23:11:45.4988240][WARN/prepare_metric_for_sending.cpp:93] BAD METRIC: AWARD_XP; DATA: "amt":2500,"type":2658791846,"cat":404533672,"pt":3498810437,"slot":0
[23:18:44.5532991][WARN/reaction.cpp:60] Received Modder Detection from TurtleSlayer420 (236138061)
[23:20:40.5454905][WARN/prepare_metric_for_sending.cpp:93] BAD METRIC: EARN; DATA: "amt":15300,"char":{"slot":0,"cash":15300,"bank":119813022,"evc":119828322,"pvc":0,"pxr":0.00000,"nonce":638436360344511624},"c":[1075.45776,-2284.00757,-46.59989],"pt":3499315878,"vct":0,"vcp":0,"mid":0,"action":"SALVAGE","cat":"INCOME","ctx":{}
[23:20:40.5455569][WARN/prepare_metric_for_sending.cpp:93] BAD METRIC: EARN; DATA: "amt":15300,"char":{"slot":0,"cash":15300,"bank":119813022,"evc":119828322,"pvc":0,"pxr":0.00000,"nonce":638436360344511624},"c":[1075.45776,-2284.00757,-46.59989],"pt":3499315878,"vct":0,"vcp":0,"mid":0,"action":"SALVAGE","cat":"INCOME","ctx":{}
[23:22:03.6302918][WARN/reaction.cpp:60] Received Modder Detection from captaindiablox (153749989)
[23:28:01.1228559][WARN/reaction.cpp:60] Received Modder Detection from Vocasz (228192511)
[23:28:47.5078980][WARN/reaction.cpp:60] Received Remote Ragdoll from TurtleSlayer420 (236138061)
[23:28:47.5084296][WARN/reaction.cpp:60] Received Remote Ragdoll from rrc1052 (49269985)
[23:28:47.5087279][WARN/reaction.cpp:60] Received Remote Ragdoll from Vocasz (228192511)
[23:28:47.5087835][WARN/reaction.cpp:60] Received Remote Ragdoll from KingB3ne (225308135)
[23:28:47.5088385][WARN/reaction.cpp:60] Received Remote Ragdoll from jebm23 (245215452)
[23:28:47.5617348][WARN/reaction.cpp:60] Received Remote Ragdoll from DARTHGAR (42426212)
[23:28:47.5618833][WARN/reaction.cpp:60] Received Remote Ragdoll from Vocasz (228192511)
[23:28:47.6274382][WARN/reaction.cpp:60] Received Remote Ragdoll from KingB3ne (225308135)
[23:28:47.6275752][WARN/reaction.cpp:60] Received Remote Ragdoll from jebm23 (245215452)
[23:28:47.6771041][WARN/reaction.cpp:60] Received Remote Ragdoll from rrc1052 (49269985)
[23:28:47.7303749][WARN/reaction.cpp:60] Received Remote Ragdoll from rrc1052 (49269985)
[23:28:47.8954977][WARN/reaction.cpp:60] Received Remote Ragdoll from rrc1052 (49269985)
[23:28:47.8970085][WARN/reaction.cpp:60] Received Remote Ragdoll from DARTHGAR (42426212)
[23:28:48.5872146][WARN/reaction.cpp:60] Received Remote Ragdoll from -Aegeanhawk- (83644855)
[23:28:48.5881954][WARN/reaction.cpp:60] Received Remote Ragdoll from -Aegeanhawk- (83644855)
[23:28:48.6981387][WARN/reaction.cpp:60] Received Remote Ragdoll from -Aegeanhawk- (83644855)
[23:28:48.8672365][WARN/reaction.cpp:60] Received Remote Ragdoll from -Aegeanhawk- (83644855)
[23:28:48.9785303][WARN/reaction.cpp:60] Received Remote Ragdoll from -Aegeanhawk- (83644855)
[23:28:49.0387479][WARN/reaction.cpp:60] Received Remote Ragdoll from -Aegeanhawk- (83644855)
[23:28:49.3687734][WARN/reaction.cpp:60] Received Remote Ragdoll from -Aegeanhawk- (83644855)
[23:28:49.5310440][WARN/reaction.cpp:60] Received Remote Ragdoll from -Aegeanhawk- (83644855)
[23:28:49.5783127][WARN/reaction.cpp:60] Received Remote Ragdoll from -Aegeanhawk- (83644855)
[23:28:49.6381043][WARN/reaction.cpp:60] Received Remote Ragdoll from -Aegeanhawk- (83644855)
[23:28:49.6381742][WARN/reaction.cpp:60] Received Remote Ragdoll from -Aegeanhawk- (83644855)
[23:28:49.6861968][WARN/reaction.cpp:60] Received Remote Ragdoll from -Aegeanhawk- (83644855)
[23:28:49.8386456][WARN/reaction.cpp:60] Received Remote Ragdoll from -Aegeanhawk- (83644855)
[23:28:49.8984068][WARN/reaction.cpp:60] Received Remote Ragdoll from -Aegeanhawk- (83644855)
[23:28:50.0081716][WARN/reaction.cpp:60] Received Remote Ragdoll from -Aegeanhawk- (83644855)
[23:28:50.0665744][WARN/reaction.cpp:60] Received Remote Ragdoll from -Aegeanhawk- (83644855)
[23:29:01.7373295][WARN/prepare_metric_for_sending.cpp:93] BAD METRIC: AWARD_XP; DATA: "amt":14004299,"type":3136273443,"cat":654913086,"pt":3499806082,"slot":0
[23:32:54.6857475][WARN/reaction.cpp:60] Received Modder Detection from KayTeeZee (244270489)
[23:35:43.4035528][WARN/prepare_metric_for_sending.cpp:93] BAD METRIC: AWARD_XP; DATA: "amt":14004299,"type":3136273443,"cat":654913086,"pt":3500183355,"slot":0
[23:36:51.1686252][WARN/reaction.cpp:60] Received Remote Ragdoll from Gesmund (158335751)
[23:36:51.2152815][WARN/reaction.cpp:60] Received Remote Ragdoll from Vocasz (228192511)
[23:36:51.2154319][WARN/reaction.cpp:60] Received Remote Ragdoll from TurtleSlayer420 (236138061)
[23:36:51.2157632][WARN/reaction.cpp:60] Received Remote Ragdoll from KingB3ne (225308135)
[23:38:53.7428188][WARN/prepare_metric_for_sending.cpp:93] BAD METRIC: W_L; DATA: "c":[-28.44,-942.00,30.56],"wantedlvl":2
[23:38:53.7429260][WARN/prepare_metric_for_sending.cpp:93] BAD METRIC: W_L; DATA: "c":[-34.52,-939.64,30.56],"wantedlvl":0
[23:39:30.1541862][WARN/prepare_metric_for_sending.cpp:93] BAD METRIC: AWARD_XP; DATA: "amt":14004299,"type":3136273443,"cat":654913086,"pt":3500398195,"slot":0
[23:41:01.1049155][WARN/reaction.cpp:60] Received Remote Ragdoll from Vocasz (228192511)
[23:41:01.1458474][WARN/reaction.cpp:60] Received Remote Ragdoll from Gesmund (158335751)
[23:41:01.1459296][WARN/reaction.cpp:60] Received Remote Ragdoll from NiceFrankPlayer (215240760)
[23:41:01.1462743][WARN/reaction.cpp:60] Received Remote Ragdoll from Tsukino2015 (103179511)
[23:41:01.1470099][WARN/reaction.cpp:60] Received Remote Ragdoll from KingB3ne (225308135)
[23:41:01.1931585][WARN/reaction.cpp:60] Received Remote Ragdoll from TurtleSlayer420 (236138061)
[23:41:28.3790449][WARN/reaction.cpp:60] Received Remote Ragdoll from TurtleSlayer420 (236138061)
[23:41:28.3795652][WARN/reaction.cpp:60] Received Remote Ragdoll from Tsukino2015 (103179511)
[23:41:28.3796407][WARN/reaction.cpp:60] Received Remote Ragdoll from Gesmund (158335751)
[23:41:28.3798451][WARN/reaction.cpp:60] Received Remote Ragdoll from KingB3ne (225308135)
[23:41:28.4206926][WARN/reaction.cpp:60] Received Remote Ragdoll from Vocasz (228192511)
[23:41:28.4212119][WARN/reaction.cpp:60] Received Remote Ragdoll from WizardKaradan (169347790)
[23:41:28.4215181][WARN/reaction.cpp:60] Received Remote Ragdoll from NiceFrankPlayer (215240760)
[23:41:28.4217373][WARN/reaction.cpp:60] Received Remote Ragdoll from GOJESUS22 (245500539)
[23:42:13.3671367][WARN/prepare_metric_for_sending.cpp:93] BAD METRIC: W_L; DATA: "c":[-57.16,-951.52,29.14],"wantedlvl":1
[23:42:13.3672977][WARN/prepare_metric_for_sending.cpp:93] BAD METRIC: W_L; DATA: "c":[37.69,-985.94,29.36],"wantedlvl":2
[23:42:47.1510145][WARN/reaction.cpp:60] Received Remote Ragdoll from NiceFrankPlayer (215240760)
[23:43:09.2619071][WARN/prepare_metric_for_sending.cpp:93] BAD METRIC: W_L; DATA: "c":[193.11,-1112.67,29.29],"wantedlvl":0
[23:43:09.2619662][WARN/prepare_metric_for_sending.cpp:93] BAD METRIC: AWARD_XP; DATA: "amt":14004299,"type":3136273443,"cat":654913086,"pt":3500611176,"slot":0
[23:43:54.0752535][WARN/reaction.cpp:60] Received Modder Detection from KingB3ne (225308135)
[23:46:51.3140654][WARN/reaction.cpp:60] Received Request Control Event from GOJESUS22 (245500539)
[23:46:51.6232650][WARN/reaction.cpp:60] Received Request Control Event from GOJESUS22 (245500539)
[23:46:51.7260945][WARN/reaction.cpp:60] Received Request Control Event from GOJESUS22 (245500539)
[23:46:51.8729352][WARN/reaction.cpp:60] Received Request Control Event from GOJESUS22 (245500539)
[23:46:52.1243703][WARN/reaction.cpp:60] Received Request Control Event from GOJESUS22 (245500539)
[23:46:52.1246450][WARN/reaction.cpp:60] Received Request Control Event from GOJESUS22 (245500539)
[23:46:52.3333085][WARN/reaction.cpp:60] Received Request Control Event from GOJESUS22 (245500539)
[23:46:52.4290513][WARN/reaction.cpp:60] Received Request Control Event from GOJESUS22 (245500539)
[23:46:52.6167670][WARN/reaction.cpp:60] Received Request Control Event from GOJESUS22 (245500539)
[23:46:52.6642699][WARN/reaction.cpp:60] Received Request Control Event from GOJESUS22 (245500539)
[23:46:52.8985885][WARN/reaction.cpp:60] Received Request Control Event from GOJESUS22 (245500539)
[23:46:53.0390581][WARN/reaction.cpp:60] Received Request Control Event from GOJESUS22 (245500539)
[23:46:53.1782927][WARN/reaction.cpp:60] Received Request Control Event from GOJESUS22 (245500539)
[23:46:53.3817618][WARN/reaction.cpp:60] Received Request Control Event from GOJESUS22 (245500539)
[23:46:53.4323878][WARN/reaction.cpp:60] Received Request Control Event from GOJESUS22 (245500539)
[23:46:53.5859453][WARN/reaction.cpp:60] Received Request Control Event from GOJESUS22 (245500539)
[23:46:53.6901107][WARN/reaction.cpp:60] Received Request Control Event from GOJESUS22 (245500539)
[23:46:53.8347541][WARN/reaction.cpp:60] Received Request Control Event from GOJESUS22 (245500539)
[23:46:53.8844021][WARN/reaction.cpp:60] Received Request Control Event from GOJESUS22 (245500539)
[23:46:54.1232518][WARN/reaction.cpp:60] Received Request Control Event from GOJESUS22 (245500539)
[23:46:54.3072220][WARN/reaction.cpp:60] Received Request Control Event from GOJESUS22 (245500539)
[23:46:54.3073139][WARN/reaction.cpp:60] Received Request Control Event from GOJESUS22 (245500539)
[23:46:54.5317416][WARN/reaction.cpp:60] Received Request Control Event from GOJESUS22 (245500539)
[23:46:54.7131943][WARN/reaction.cpp:60] Received Request Control Event from GOJESUS22 (245500539)
[23:46:54.7581217][WARN/reaction.cpp:60] Received Request Control Event from GOJESUS22 (245500539)
[23:46:54.9753351][WARN/reaction.cpp:60] Received Request Control Event from GOJESUS22 (245500539)
[23:46:55.2013640][WARN/reaction.cpp:60] Received Request Control Event from GOJESUS22 (245500539)
[23:46:55.3510424][WARN/reaction.cpp:60] Received Request Control Event from GOJESUS22 (245500539)
[23:46:55.4010496][WARN/reaction.cpp:60] Received Request Control Event from GOJESUS22 (245500539)
[23:46:55.6075413][WARN/reaction.cpp:60] Received Request Control Event from GOJESUS22 (245500539)
[23:46:55.8543636][WARN/reaction.cpp:60] Received Request Control Event from GOJESUS22 (245500539)
[23:46:56.0000694][WARN/reaction.cpp:60] Received Request Control Event from GOJESUS22 (245500539)
[23:46:56.0407286][WARN/reaction.cpp:60] Received Request Control Event from GOJESUS22 (245500539)
[23:46:56.1770591][WARN/reaction.cpp:60] Received Request Control Event from GOJESUS22 (245500539)
[23:46:56.3715706][WARN/reaction.cpp:60] Received Request Control Event from GOJESUS22 (245500539)
[23:46:56.6188451][WARN/reaction.cpp:60] Received Request Control Event from GOJESUS22 (245500539)
[23:46:56.7712543][WARN/reaction.cpp:60] Received Request Control Event from GOJESUS22 (245500539)
[23:46:56.8716263][WARN/reaction.cpp:60] Received Request Control Event from GOJESUS22 (245500539)
[23:46:57.1283360][WARN/reaction.cpp:60] Received Request Control Event from GOJESUS22 (245500539)
[23:46:57.1774260][WARN/reaction.cpp:60] Received Request Control Event from GOJESUS22 (245500539)
[23:46:57.3348330][WARN/reaction.cpp:60] Received Request Control Event from GOJESUS22 (245500539)
[23:46:57.4989075][WARN/reaction.cpp:60] Received Request Control Event from GOJESUS22 (245500539)
[23:46:57.6573949][WARN/reaction.cpp:60] Received Request Control Event from GOJESUS22 (245500539)
[23:46:57.7648571][WARN/reaction.cpp:60] Received Request Control Event from GOJESUS22 (245500539)
[23:46:57.9589618][WARN/reaction.cpp:60] Received Request Control Event from GOJESUS22 (245500539)
[23:46:58.0125668][WARN/reaction.cpp:60] Received Request Control Event from GOJESUS22 (245500539)
[23:46:58.1772327][WARN/reaction.cpp:60] Received Request Control Event from GOJESUS22 (245500539)
[23:46:58.2828649][WARN/reaction.cpp:60] Received Request Control Event from GOJESUS22 (245500539)
[23:46:58.4401483][WARN/reaction.cpp:60] Received Request Control Event from GOJESUS22 (245500539)
[23:46:58.5465286][WARN/reaction.cpp:60] Received Request Control Event from GOJESUS22 (245500539)
[23:46:58.7109096][WARN/reaction.cpp:60] Received Request Control Event from GOJESUS22 (245500539)
[23:46:58.7681468][WARN/reaction.cpp:60] Received Request Control Event from GOJESUS22 (245500539)
[23:46:58.9847063][WARN/reaction.cpp:60] Received Request Control Event from GOJESUS22 (245500539)
[23:46:58.9847519][WARN/reaction.cpp:60] Received Request Control Event from GOJESUS22 (245500539)
[23:46:59.1970771][WARN/reaction.cpp:60] Received Request Control Event from GOJESUS22 (245500539)
[23:46:59.4197835][WARN/reaction.cpp:60] Received Request Control Event from GOJESUS22 (245500539)
[23:46:59.5757368][WARN/reaction.cpp:60] Received Request Control Event from GOJESUS22 (245500539)
[23:46:59.6773815][WARN/reaction.cpp:60] Received Request Control Event from GOJESUS22 (245500539)
[23:46:59.8738181][WARN/reaction.cpp:60] Received Request Control Event from GOJESUS22 (245500539)
[23:46:59.8754537][WARN/reaction.cpp:60] Received Request Control Event from GOJESUS22 (245500539)
[23:47:00.0764425][WARN/reaction.cpp:60] Received Request Control Event from GOJESUS22 (245500539)
[23:47:00.2730007][WARN/reaction.cpp:60] Received Request Control Event from GOJESUS22 (245500539)
[23:47:00.4729303][WARN/reaction.cpp:60] Received Request Control Event from GOJESUS22 (245500539)
[23:47:00.7112393][WARN/reaction.cpp:60] Received Request Control Event from GOJESUS22 (245500539)
[23:47:00.9571219][WARN/reaction.cpp:60] Received Request Control Event from GOJESUS22 (245500539)
[23:47:01.0084711][WARN/reaction.cpp:60] Received Request Control Event from GOJESUS22 (245500539)
[23:47:01.1668588][WARN/reaction.cpp:60] Received Request Control Event from GOJESUS22 (245500539)
[23:47:01.1670236][WARN/reaction.cpp:60] Received Request Control Event from GOJESUS22 (245500539)
[23:47:01.3753620][WARN/reaction.cpp:60] Received Request Control Event from GOJESUS22 (245500539)
[23:47:01.5935641][WARN/reaction.cpp:60] Received Request Control Event from GOJESUS22 (245500539)
[23:47:01.8060661][WARN/reaction.cpp:60] Received Request Control Event from GOJESUS22 (245500539)
[23:47:02.0090078][WARN/reaction.cpp:60] Received Request Control Event from GOJESUS22 (245500539)
[23:47:02.2516162][WARN/reaction.cpp:60] Received Request Control Event from GOJESUS22 (245500539)
[23:47:02.4485903][WARN/reaction.cpp:60] Received Request Control Event from GOJESUS22 (245500539)
[23:47:02.4486333][WARN/reaction.cpp:60] Received Request Control Event from GOJESUS22 (245500539)
[23:47:02.6741465][WARN/reaction.cpp:60] Received Request Control Event from GOJESUS22 (245500539)
[23:47:02.8296058][WARN/reaction.cpp:60] Received Request Control Event from GOJESUS22 (245500539)
[23:47:03.0306373][WARN/reaction.cpp:60] Received Request Control Event from GOJESUS22 (245500539)
[23:47:03.2356848][WARN/reaction.cpp:60] Received Request Control Event from GOJESUS22 (245500539)
[23:47:03.4843317][WARN/reaction.cpp:60] Received Request Control Event from GOJESUS22 (245500539)
[23:47:03.6420319][WARN/reaction.cpp:60] Received Request Control Event from GOJESUS22 (245500539)
[23:47:03.6955066][WARN/reaction.cpp:60] Received Request Control Event from GOJESUS22 (245500539)
[23:47:03.9655743][WARN/reaction.cpp:60] Received Request Control Event from GOJESUS22 (245500539)
[23:47:04.0782703][WARN/reaction.cpp:60] Received Request Control Event from GOJESUS22 (245500539)
[23:47:04.1339773][WARN/reaction.cpp:60] Received Request Control Event from GOJESUS22 (245500539)
[23:47:04.4508338][WARN/reaction.cpp:60] Received Request Control Event from GOJESUS22 (245500539)
[23:47:04.6123399][WARN/reaction.cpp:60] Received Request Control Event from GOJESUS22 (245500539)
[23:47:04.6665587][WARN/reaction.cpp:60] Received Request Control Event from GOJESUS22 (245500539)
[23:47:04.9140144][WARN/reaction.cpp:60] Received Request Control Event from GOJESUS22 (245500539)
[23:47:05.1202597][WARN/reaction.cpp:60] Received Request Control Event from GOJESUS22 (245500539)
[23:47:05.1203169][WARN/reaction.cpp:60] Received Request Control Event from GOJESUS22 (245500539)
[23:47:05.3368201][WARN/reaction.cpp:60] Received Request Control Event from GOJESUS22 (245500539)
[23:47:05.5475779][WARN/reaction.cpp:60] Received Request Control Event from GOJESUS22 (245500539)
[23:47:05.7512149][WARN/reaction.cpp:60] Received Request Control Event from GOJESUS22 (245500539)
[23:47:05.9077046][WARN/reaction.cpp:60] Received Request Control Event from GOJESUS22 (245500539)
[23:47:06.0535852][WARN/reaction.cpp:60] Received Request Control Event from GOJESUS22 (245500539)
[23:47:06.1979439][WARN/reaction.cpp:60] Received Request Control Event from GOJESUS22 (245500539)
[23:47:06.3862576][WARN/reaction.cpp:60] Received Request Control Event from GOJESUS22 (245500539)
[23:47:06.6189974][WARN/reaction.cpp:60] Received Request Control Event from GOJESUS22 (245500539)
[23:47:06.8054747][WARN/reaction.cpp:60] Received Request Control Event from GOJESUS22 (245500539)
[23:47:06.9987308][WARN/reaction.cpp:60] Received Request Control Event from GOJESUS22 (245500539)
[23:47:07.2355624][WARN/reaction.cpp:60] Received Request Control Event from GOJESUS22 (245500539)
[23:47:07.4224542][WARN/reaction.cpp:60] Received Request Control Event from GOJESUS22 (245500539)
[23:47:07.6060567][WARN/reaction.cpp:60] Received Request Control Event from GOJESUS22 (245500539)
[23:47:07.8338912][WARN/reaction.cpp:60] Received Request Control Event from GOJESUS22 (245500539)
[23:47:08.0219538][WARN/reaction.cpp:60] Received Request Control Event from GOJESUS22 (245500539)
[23:47:08.2525194][WARN/reaction.cpp:60] Received Request Control Event from GOJESUS22 (245500539)
[23:47:08.4907671][WARN/reaction.cpp:60] Received Request Control Event from GOJESUS22 (245500539)
[23:47:08.6471382][WARN/reaction.cpp:60] Received Request Control Event from GOJESUS22 (245500539)
[23:47:08.7476779][WARN/reaction.cpp:60] Received Request Control Event from GOJESUS22 (245500539)
[23:47:08.9455146][WARN/reaction.cpp:60] Received Request Control Event from GOJESUS22 (245500539)
[23:47:08.9932299][WARN/reaction.cpp:60] Received Request Control Event from GOJESUS22 (245500539)
[23:47:09.1896267][WARN/reaction.cpp:60] Received Request Control Event from GOJESUS22 (245500539)
[23:47:09.1898396][WARN/reaction.cpp:60] Received Request Control Event from GOJESUS22 (245500539)
[23:47:09.4549221][WARN/reaction.cpp:60] Received Request Control Event from GOJESUS22 (245500539)
[23:47:09.5995898][WARN/reaction.cpp:60] Received Request Control Event from GOJESUS22 (245500539)
[23:47:09.6534513][WARN/reaction.cpp:60] Received Request Control Event from GOJESUS22 (245500539)
[23:47:09.9042381][WARN/reaction.cpp:60] Received Request Control Event from GOJESUS22 (245500539)
[23:47:10.1000054][WARN/reaction.cpp:60] Received Request Control Event from GOJESUS22 (245500539)
[23:47:10.1516270][WARN/reaction.cpp:60] Received Request Control Event from GOJESUS22 (245500539)
[23:47:10.3950275][WARN/reaction.cpp:60] Received Request Control Event from GOJESUS22 (245500539)
[23:47:10.5853945][WARN/reaction.cpp:60] Received Request Control Event from GOJESUS22 (245500539)
[23:47:10.5867244][WARN/reaction.cpp:60] Received Request Control Event from GOJESUS22 (245500539)
[23:47:10.7891081][WARN/reaction.cpp:60] Received Request Control Event from GOJESUS22 (245500539)
[23:47:10.9925521][WARN/reaction.cpp:60] Received Request Control Event from GOJESUS22 (245500539)
[23:47:11.2359166][WARN/reaction.cpp:60] Received Request Control Event from GOJESUS22 (245500539)
[23:47:11.4805177][WARN/reaction.cpp:60] Received Request Control Event from GOJESUS22 (245500539)
[23:47:11.5304432][WARN/reaction.cpp:60] Received Request Control Event from GOJESUS22 (245500539)
[23:47:11.7473119][WARN/reaction.cpp:60] Received Request Control Event from GOJESUS22 (245500539)
[23:47:11.9189247][WARN/reaction.cpp:60] Received Request Control Event from GOJESUS22 (245500539)
[23:47:11.9599681][WARN/reaction.cpp:60] Received Request Control Event from GOJESUS22 (245500539)
[23:47:12.1759492][WARN/reaction.cpp:60] Received Request Control Event from GOJESUS22 (245500539)
[23:47:12.3514703][WARN/reaction.cpp:60] Received Request Control Event from GOJESUS22 (245500539)
[23:47:12.5292968][WARN/reaction.cpp:60] Received Request Control Event from GOJESUS22 (245500539)
[23:47:12.7493318][WARN/reaction.cpp:60] Received Request Control Event from GOJESUS22 (245500539)
[23:47:12.9673127][WARN/reaction.cpp:60] Received Request Control Event from GOJESUS22 (245500539)
[23:47:13.1395465][WARN/reaction.cpp:60] Received Request Control Event from GOJESUS22 (245500539)
[23:47:13.1396704][WARN/reaction.cpp:60] Received Request Control Event from GOJESUS22 (245500539)
[23:47:13.3667090][WARN/reaction.cpp:60] Received Request Control Event from GOJESUS22 (245500539)
[23:47:13.5982368][WARN/reaction.cpp:60] Received Request Control Event from GOJESUS22 (245500539)
[23:47:13.7753135][WARN/reaction.cpp:60] Received Request Control Event from GOJESUS22 (245500539)
[23:47:13.8162978][WARN/reaction.cpp:60] Received Request Control Event from GOJESUS22 (245500539)
[23:47:13.9968564][WARN/reaction.cpp:60] Received Request Control Event from GOJESUS22 (245500539)
[23:47:14.2243429][WARN/reaction.cpp:60] Received Request Control Event from GOJESUS22 (245500539)
[23:47:14.4137607][WARN/reaction.cpp:60] Received Request Control Event from GOJESUS22 (245500539)
[23:47:14.6429058][WARN/reaction.cpp:60] Received Request Control Event from GOJESUS22 (245500539)
[23:47:14.8244774][WARN/reaction.cpp:60] Received Request Control Event from GOJESUS22 (245500539)
[23:47:15.0034292][WARN/reaction.cpp:60] Received Request Control Event from GOJESUS22 (245500539)
[23:47:15.1889975][WARN/reaction.cpp:60] Received Request Control Event from GOJESUS22 (245500539)
[23:47:15.4212560][WARN/reaction.cpp:60] Received Request Control Event from GOJESUS22 (245500539)
[23:47:15.6074024][WARN/reaction.cpp:60] Received Request Control Event from GOJESUS22 (245500539)
[23:47:15.6988693][WARN/reaction.cpp:60] Received Request Control Event from GOJESUS22 (245500539)
[23:47:15.8318568][WARN/reaction.cpp:60] Received Request Control Event from GOJESUS22 (245500539)
[23:47:15.8749233][WARN/reaction.cpp:60] Received Request Control Event from GOJESUS22 (245500539)
[23:47:16.0594673][WARN/reaction.cpp:60] Received Request Control Event from GOJESUS22 (245500539)
[23:47:16.2469223][WARN/reaction.cpp:60] Received Request Control Event from GOJESUS22 (245500539)
[23:47:16.4890867][WARN/reaction.cpp:60] Received Request Control Event from GOJESUS22 (245500539)
[23:47:16.6756730][WARN/reaction.cpp:60] Received Request Control Event from GOJESUS22 (245500539)
[23:47:16.8620037][WARN/reaction.cpp:60] Received Request Control Event from GOJESUS22 (245500539)
[23:47:17.0906240][WARN/reaction.cpp:60] Received Request Control Event from GOJESUS22 (245500539)
[23:47:17.3193463][WARN/reaction.cpp:60] Received Request Control Event from GOJESUS22 (245500539)
[23:47:17.4976373][WARN/reaction.cpp:60] Received Request Control Event from GOJESUS22 (245500539)
[23:47:17.5915643][WARN/reaction.cpp:60] Received Request Control Event from GOJESUS22 (245500539)
[23:47:17.7780056][WARN/reaction.cpp:60] Received Request Control Event from GOJESUS22 (245500539)
[23:47:17.7780738][WARN/reaction.cpp:60] Received Request Control Event from GOJESUS22 (245500539)
[23:47:17.9609910][WARN/reaction.cpp:60] Received Request Control Event from GOJESUS22 (245500539)
[23:47:18.1458975][WARN/reaction.cpp:60] Received Request Control Event from GOJESUS22 (245500539)
[23:47:18.3248661][WARN/reaction.cpp:60] Received Request Control Event from GOJESUS22 (245500539)
[23:47:18.5606845][WARN/reaction.cpp:60] Received Request Control Event from GOJESUS22 (245500539)
[23:47:18.7394349][WARN/reaction.cpp:60] Received Request Control Event from GOJESUS22 (245500539)
[23:47:18.9209381][WARN/reaction.cpp:60] Received Request Control Event from GOJESUS22 (245500539)
[23:47:19.1430545][WARN/reaction.cpp:60] Received Request Control Event from GOJESUS22 (245500539)
[23:47:19.3339665][WARN/reaction.cpp:60] Received Request Control Event from GOJESUS22 (245500539)
[23:47:19.4231125][WARN/reaction.cpp:60] Received Request Control Event from GOJESUS22 (245500539)
[23:47:19.5589484][WARN/reaction.cpp:60] Received Request Control Event from GOJESUS22 (245500539)
[23:47:19.6483791][WARN/reaction.cpp:60] Received Request Control Event from GOJESUS22 (245500539)
[23:47:19.8250128][WARN/reaction.cpp:60] Received Request Control Event from GOJESUS22 (245500539)
[23:47:19.8705169][WARN/reaction.cpp:60] Received Request Control Event from GOJESUS22 (245500539)
[23:47:20.0907123][WARN/reaction.cpp:60] Received Request Control Event from GOJESUS22 (245500539)
[23:47:20.2649928][WARN/reaction.cpp:60] Received Request Control Event from GOJESUS22 (245500539)
[23:47:20.5283411][WARN/reaction.cpp:60] Received Request Control Event from GOJESUS22 (245500539)
[23:47:20.7048628][WARN/reaction.cpp:60] Received Request Control Event from GOJESUS22 (245500539)
[23:47:20.7049352][WARN/reaction.cpp:60] Received Request Control Event from GOJESUS22 (245500539)
[23:47:20.8427626][WARN/reaction.cpp:60] Received Request Control Event from GOJESUS22 (245500539)
[23:47:21.0211234][WARN/reaction.cpp:60] Received Request Control Event from GOJESUS22 (245500539)
[23:47:21.2216555][WARN/reaction.cpp:60] Received Request Control Event from GOJESUS22 (245500539)
[23:47:28.2714183][WARN/reaction.cpp:60] Received Request Control Event from GOJESUS22 (245500539)
[23:47:28.4875512][WARN/reaction.cpp:60] Received Request Control Event from GOJESUS22 (245500539)
[23:47:28.5427425][WARN/reaction.cpp:60] Received Request Control Event from GOJESUS22 (245500539)
[23:47:28.9563665][WARN/reaction.cpp:60] Received Request Control Event from GOJESUS22 (245500539)
[23:47:29.0053450][WARN/reaction.cpp:60] Received Request Control Event from GOJESUS22 (245500539)
[23:47:29.1645420][WARN/reaction.cpp:60] Received Request Control Event from GOJESUS22 (245500539)
[23:47:29.3743922][WARN/reaction.cpp:60] Received Request Control Event from GOJESUS22 (245500539)
[23:47:29.5280811][WARN/reaction.cpp:60] Received Request Control Event from GOJESUS22 (245500539)
[23:47:29.6760867][WARN/reaction.cpp:60] Received Request Control Event from GOJESUS22 (245500539)
[23:47:29.8398472][WARN/reaction.cpp:60] Received Request Control Event from GOJESUS22 (245500539)
[23:47:29.8940531][WARN/reaction.cpp:60] Received Request Control Event from GOJESUS22 (245500539)
[23:47:30.0559512][WARN/reaction.cpp:60] Received Request Control Event from GOJESUS22 (245500539)
[23:47:30.1013988][WARN/reaction.cpp:60] Received Request Control Event from GOJESUS22 (245500539)
[23:47:30.3086100][WARN/reaction.cpp:60] Received Request Control Event from GOJESUS22 (245500539)
[23:47:30.5270955][WARN/reaction.cpp:60] Received Request Control Event from GOJESUS22 (245500539)
[23:47:30.7429554][WARN/reaction.cpp:60] Received Request Control Event from GOJESUS22 (245500539)
[23:47:30.9340721][WARN/reaction.cpp:60] Received Request Control Event from GOJESUS22 (245500539)
[23:47:31.1833483][WARN/reaction.cpp:60] Received Request Control Event from GOJESUS22 (245500539)
[23:47:31.3449713][WARN/reaction.cpp:60] Received Request Control Event from GOJESUS22 (245500539)
[23:47:31.4484182][WARN/reaction.cpp:60] Received Request Control Event from GOJESUS22 (245500539)
[23:47:31.6179749][WARN/reaction.cpp:60] Received Request Control Event from GOJESUS22 (245500539)
[23:47:31.6665714][WARN/reaction.cpp:60] Received Request Control Event from GOJESUS22 (245500539)
[23:47:31.9091001][WARN/reaction.cpp:60] Received Request Control Event from GOJESUS22 (245500539)
[23:47:32.1153057][WARN/reaction.cpp:60] Received Request Control Event from GOJESUS22 (245500539)
[23:47:32.1172366][WARN/reaction.cpp:60] Received Request Control Event from GOJESUS22 (245500539)
[23:47:32.3069451][WARN/reaction.cpp:60] Received Request Control Event from GOJESUS22 (245500539)
[23:47:32.5606452][WARN/reaction.cpp:60] Received Request Control Event from GOJESUS22 (245500539)
[23:47:32.7179985][WARN/reaction.cpp:60] Received Request Control Event from GOJESUS22 (245500539)
[23:47:32.7657735][WARN/reaction.cpp:60] Received Request Control Event from GOJESUS22 (245500539)
[23:47:32.9637905][WARN/reaction.cpp:60] Received Request Control Event from GOJESUS22 (245500539)
[23:47:33.1650816][WARN/reaction.cpp:60] Received Request Control Event from GOJESUS22 (245500539)
[23:47:33.3176374][WARN/reaction.cpp:60] Received Request Control Event from GOJESUS22 (245500539)
[23:47:33.5176132][WARN/reaction.cpp:60] Received Request Control Event from GOJESUS22 (245500539)
[23:49:20.1380820][WARN/reaction.cpp:60] Received Modder Detection from KingB3ne (225308135)
[23:50:47.2501245][WARN/reaction.cpp:60] Received Request Control Event from TurtleSlayer420 (236138061)
[23:50:47.4015811][WARN/reaction.cpp:60] Received Request Control Event from TurtleSlayer420 (236138061)
[23:50:47.5518084][WARN/reaction.cpp:60] Received Request Control Event from TurtleSlayer420 (236138061)
[23:50:47.7047613][WARN/reaction.cpp:60] Received Request Control Event from TurtleSlayer420 (236138061)
[23:50:47.8549992][WARN/reaction.cpp:60] Received Request Control Event from TurtleSlayer420 (236138061)
[23:50:48.0197940][WARN/reaction.cpp:60] Received Request Control Event from TurtleSlayer420 (236138061)
[23:50:48.1787508][WARN/reaction.cpp:60] Received Request Control Event from TurtleSlayer420 (236138061)
[23:52:39.1934202][WARN/reaction.cpp:60] Received Remote Ragdoll from Vocasz (228192511)
[23:52:39.2378197][WARN/reaction.cpp:60] Received Remote Ragdoll from NiceFrankPlayer (215240760)
[23:52:39.2384739][WARN/reaction.cpp:60] Received Remote Ragdoll from WizardKaradan (169347790)
[23:52:39.2386869][WARN/reaction.cpp:60] Received Remote Ragdoll from cuz668thegtagame (30260713)
[23:53:01.2760893][WARN/prepare_metric_for_sending.cpp:93] BAD METRIC: AWARD_XP; DATA: "amt":14004299,"type":3136273443,"cat":654913086,"pt":3501161108,"slot":0
[23:54:02.2104362][WARN/prepare_metric_for_sending.cpp:93] BAD METRIC: UVC; DATA: "vc":false
[23:54:02.2106056][WARN/prepare_metric_for_sending.cpp:93] BAD METRIC: AWARD_XP; DATA: "amt":14004299,"type":3136273443,"cat":654913086,"pt":3501200872,"slot":0
[23:55:50.1098326][WARN/prepare_metric_for_sending.cpp:93] BAD METRIC: AWARD_XP; DATA: "amt":14004299,"type":3136273443,"cat":654913086,"pt":3501289848,"slot":0
[00:07:57.3897583][WARN/prepare_metric_for_sending.cpp:93] BAD METRIC: UVC; DATA: "vc":false
[00:07:57.3899440][WARN/prepare_metric_for_sending.cpp:93] BAD METRIC: UVC; DATA: "vc":false
[00:18:15.1525872][WARN/prepare_metric_for_sending.cpp:93] BAD METRIC: AWARD_XP; DATA: "amt":200,"type":2658791846,"cat":2053762773,"pt":3502245362,"slot":0
[00:18:15.1526326][WARN/prepare_metric_for_sending.cpp:93] BAD METRIC: AWARD_XP; DATA: "amt":1398,"type":2658791846,"cat":2053762773,"pt":3502245362,"slot":0
[00:18:20.9202582][WARN/prepare_metric_for_sending.cpp:93] BAD METRIC: EARN; DATA: "amt":7980,"char":{"slot":0,"cash":7980,"bank":119804803,"evc":119812783,"pvc":0,"pxr":0.00000,"nonce":638436394948659542},"c":[2637.49438,3106.11011,48.48077],"pt":3502245362,"vct":0,"vcp":0,"mid":0,"action":"JOB","cat":"JOBS","ctx":{"mid":"voc1hRSrNUaNt
[00:18:20.9203021][WARN/prepare_metric_for_sending.cpp:93] BAD METRIC: EARN; DATA: "amt":7980,"char":{"slot":0,"cash":7980,"bank":119804803,"evc":119812783,"pvc":0,"pxr":0.00000,"nonce":638436394948659542},"c":[2637.49438,3106.11011,48.48077],"pt":3502245362,"vct":0,"vcp":0,"mid":0,"action":"JOB","cat":"JOBS","ctx":{"mid":"voc1hRSrNUaNt
[00:18:53.7004816][WARN/prepare_metric_for_sending.cpp:93] BAD METRIC: DIG; DATA: "gamer":"SC 200700026","action":"SCRIPT","data":{"a":3,"b":0},"id":-1851641206635666807
[00:19:34.9540170][WARN/prepare_metric_for_sending.cpp:93] BAD METRIC: UVC; DATA: "vc":false
[00:19:46.6478520][WARN/prepare_metric_for_sending.cpp:93] BAD METRIC: AWARD_XP; DATA: "amt":14005897,"type":3136273443,"cat":654913086,"pt":3502332422,"slot":0
[00:25:38.0879759][WARN/prepare_metric_for_sending.cpp:93] BAD METRIC: UVC; DATA: "vc":false
[00:38:58.9048726][WARN/prepare_metric_for_sending.cpp:93] BAD METRIC: W_L; DATA: "c":[-682.69,-284.54,35.37],"wantedlvl":2
[00:43:38.4185855][WARN/prepare_metric_for_sending.cpp:93] BAD METRIC: W_L; DATA: "c":[-216.75,102.39,68.86],"wantedlvl":0
[00:48:01.3367773][WARN/prepare_metric_for_sending.cpp:93] BAD METRIC: UVC; DATA: "vc":false
[00:48:12.6100075][WARN/prepare_metric_for_sending.cpp:93] BAD METRIC: AWARD_XP; DATA: "amt":14005897,"type":3136273443,"cat":654913086,"pt":3504000477,"slot":0
[00:57:39.1503122][WARN/prepare_metric_for_sending.cpp:93] BAD METRIC: AWARD_XP; DATA: "amt":25,"type":2435321038,"cat":2131309714,"pt":3504469221,"slot":0
[00:57:39.1503442][WARN/prepare_metric_for_sending.cpp:93] BAD METRIC: AWARD_XP; DATA: "amt":25,"type":2435321038,"cat":2131309714,"pt":3504479235,"slot":0
[00:57:39.1503503][WARN/prepare_metric_for_sending.cpp:93] BAD METRIC: AWARD_XP; DATA: "amt":25,"type":2435321038,"cat":2131309714,"pt":3504479235,"slot":0
[00:57:39.1503553][WARN/prepare_metric_for_sending.cpp:93] BAD METRIC: AWARD_XP; DATA: "amt":25,"type":2435321038,"cat":2131309714,"pt":3504489250,"slot":0
[00:57:39.1504240][WARN/prepare_metric_for_sending.cpp:93] BAD METRIC: AWARD_XP; DATA: "amt":25,"type":2435321038,"cat":2131309714,"pt":3504489250,"slot":0
[00:57:39.1504304][WARN/prepare_metric_for_sending.cpp:93] BAD METRIC: AWARD_XP; DATA: "amt":25,"type":2435321038,"cat":2131309714,"pt":3504489250,"slot":0
[00:57:39.1504354][WARN/prepare_metric_for_sending.cpp:93] BAD METRIC: AWARD_XP; DATA: "amt":25,"type":2435321038,"cat":2131309714,"pt":3504499277,"slot":0
[00:59:34.7262095][WARN/prepare_metric_for_sending.cpp:93] BAD METRIC: AWARD_XP; DATA: "amt":25,"type":2435321038,"cat":2131309714,"pt":3504509321,"slot":0
[00:59:34.7262599][WARN/prepare_metric_for_sending.cpp:93] BAD METRIC: AWARD_XP; DATA: "amt":25,"type":2435321038,"cat":2131309714,"pt":3504519337,"slot":0
[00:59:34.7263462][WARN/prepare_metric_for_sending.cpp:93] BAD METRIC: AWARD_XP; DATA: "amt":25,"type":2435321038,"cat":2131309714,"pt":3504589501,"slot":0
[00:59:34.7263575][WARN/prepare_metric_for_sending.cpp:93] BAD METRIC: AWARD_XP; DATA: "amt":715,"type":2658791846,"cat":855504611,"pt":3504619586,"slot":0
[00:59:35.3866863][WARN/prepare_metric_for_sending.cpp:93] BAD METRIC: EARN; DATA: "amt":2470,"char":{"slot":0,"cash":10450,"bank":119798339,"evc":119808789,"pvc":0,"pxr":0.00000,"nonce":638436419744752906},"c":[779.90735,-4704.79932,291.32770],"pt":3504619586,"vct":0,"vcp":0,"mid":542209678316056889,"action":"JOB","cat":"JOBS","ctx":{
[00:59:35.3867289][WARN/prepare_metric_for_sending.cpp:93] BAD METRIC: EARN; DATA: "amt":2470,"char":{"slot":0,"cash":10450,"bank":119798339,"evc":119808789,"pvc":0,"pxr":0.00000,"nonce":638436419744752906},"c":[779.90735,-4704.79932,291.32770],"pt":3504619586,"vct":0,"vcp":0,"mid":542209678316056889,"action":"JOB","cat":"JOBS","ctx":{
[01:02:10.4726597][WARN/prepare_metric_for_sending.cpp:93] BAD METRIC: AWARD_XP; DATA: "amt":25,"type":2435321038,"cat":2131309714,"pt":3504757922,"slot":0
[01:06:23.2942403][WARN/prepare_metric_for_sending.cpp:93] BAD METRIC: AWARD_XP; DATA: "amt":25,"type":2435321038,"cat":2131309714,"pt":3504998315,"slot":0
[01:06:23.2942727][WARN/prepare_metric_for_sending.cpp:93] BAD METRIC: AWARD_XP; DATA: "amt":25,"type":2435321038,"cat":2131309714,"pt":3504998315,"slot":0
[01:06:23.2942784][WARN/prepare_metric_for_sending.cpp:93] BAD METRIC: AWARD_XP; DATA: "amt":25,"type":2435321038,"cat":2131309714,"pt":3505008320,"slot":0
[01:06:23.2943144][WARN/prepare_metric_for_sending.cpp:93] BAD METRIC: AWARD_XP; DATA: "amt":25,"type":2435321038,"cat":2131309714,"pt":3505028356,"slot":0
[01:10:58.4804599][WARN/prepare_metric_for_sending.cpp:93] BAD METRIC: AWARD_XP; DATA: "amt":25,"type":2435321038,"cat":2131309714,"pt":3505195050,"slot":0
[01:11:02.6557868][WARN/prepare_metric_for_sending.cpp:93] BAD METRIC: AWARD_XP; DATA: "amt":1201,"type":2658791846,"cat":2053762773,"pt":3505308114,"slot":0
[01:11:04.2021022][WARN/prepare_metric_for_sending.cpp:93] BAD METRIC: EARN; DATA: "amt":30810,"char":{"slot":0,"cash":41260,"bank":119798339,"evc":119839599,"pvc":0,"pxr":0.00000,"nonce":638436426631872661},"c":[1732.00000,3303.00000,41.22349],"pt":3505308534,"vct":0,"vcp":0,"mid":542209678316057830,"action":"JOB","cat":"JOBS","ctx":{
[01:11:04.2021435][WARN/prepare_metric_for_sending.cpp:93] BAD METRIC: EARN; DATA: "amt":30810,"char":{"slot":0,"cash":41260,"bank":119798339,"evc":119839599,"pvc":0,"pxr":0.00000,"nonce":638436426631872661},"c":[1732.00000,3303.00000,41.22349],"pt":3505308534,"vct":0,"vcp":0,"mid":542209678316057830,"action":"JOB","cat":"JOBS","ctx":{
[01:12:31.2084407][WARN/reaction.cpp:60] Received Modder Detection from Marokkaantje076 (180185285)
[01:13:19.1356511][WARN/prepare_metric_for_sending.cpp:93] BAD METRIC: UVC; DATA: "vc":false
[01:13:19.1362183][WARN/prepare_metric_for_sending.cpp:93] BAD METRIC: UVC; DATA: "vc":false
[01:14:35.8174166][WARN/prepare_metric_for_sending.cpp:93] BAD METRIC: EARN; DATA: "amt":2000,"char":{"slot":0,"cash":43260,"bank":119798339,"evc":119841599,"pvc":0,"pxr":0.00000,"nonce":638436428696590768},"c":[1971.63074,3124.56494,46.31611],"pt":3505450393,"vct":0,"vcp":0,"mid":0,"action":"BADSPORT","cat":"GOOD_SPORT","ctx":{}
[01:14:35.8174658][WARN/prepare_metric_for_sending.cpp:93] BAD METRIC: EARN; DATA: "amt":2000,"char":{"slot":0,"cash":43260,"bank":119798339,"evc":119841599,"pvc":0,"pxr":0.00000,"nonce":638436428696590768},"c":[1971.63074,3124.56494,46.31611],"pt":3505450393,"vct":0,"vcp":0,"mid":0,"action":"BADSPORT","cat":"GOOD_SPORT","ctx":{}
[01:19:32.7736183][WARN/reaction.cpp:60] Received Remote Ragdoll from mesjedima (131942854)
[01:20:34.2007816][WARN/prepare_metric_for_sending.cpp:93] BAD METRIC: AWARD_XP; DATA: "amt":25,"type":2435321038,"cat":2131309714,"pt":3505703117,"slot":0
[01:20:34.2008065][WARN/prepare_metric_for_sending.cpp:93] BAD METRIC: AWARD_XP; DATA: "amt":25,"type":2435321038,"cat":2131309714,"pt":3505703117,"slot":0
[01:20:34.2008128][WARN/prepare_metric_for_sending.cpp:93] BAD METRIC: AWARD_XP; DATA: "amt":25,"type":2435321038,"cat":2131309714,"pt":3505713138,"slot":0
[01:20:34.2008505][WARN/prepare_metric_for_sending.cpp:93] BAD METRIC: AWARD_XP; DATA: "amt":25,"type":2435321038,"cat":2131309714,"pt":3505753190,"slot":0
[01:20:34.2008592][WARN/prepare_metric_for_sending.cpp:93] BAD METRIC: AWARD_XP; DATA: "amt":25,"type":2435321038,"cat":2131309714,"pt":3505773244,"slot":0
[01:20:34.2008646][WARN/prepare_metric_for_sending.cpp:93] BAD METRIC: AWARD_XP; DATA: "amt":25,"type":2435321038,"cat":2131309714,"pt":3505773244,"slot":0
[01:20:34.2008694][WARN/prepare_metric_for_sending.cpp:93] BAD METRIC: AWARD_XP; DATA: "amt":25,"type":2435321038,"cat":2131309714,"pt":3505783267,"slot":0
[01:20:34.2008742][WARN/prepare_metric_for_sending.cpp:93] BAD METRIC: AWARD_XP; DATA: "amt":25,"type":2435321038,"cat":2131309714,"pt":3505793288,"slot":0
[01:20:34.2009307][WARN/prepare_metric_for_sending.cpp:93] BAD METRIC: AWARD_XP; DATA: "amt":328,"type":2658791846,"cat":855504611,"pt":3505803288,"slot":0
[01:20:34.9547800][WARN/prepare_metric_for_sending.cpp:93] BAD METRIC: EARN; DATA: "amt":1230,"char":{"slot":0,"cash":44490,"bank":119798339,"evc":119842829,"pvc":0,"pxr":0.00000,"nonce":638436432340499305},"c":[475.51199,-3216.16626,6.06956],"pt":3505803288,"vct":0,"vcp":0,"mid":542209678316058412,"action":"JOB","cat":"JOBS","ctx":{
[01:20:34.9548221][WARN/prepare_metric_for_sending.cpp:93] BAD METRIC: EARN; DATA: "amt":1230,"char":{"slot":0,"cash":44490,"bank":119798339,"evc":119842829,"pvc":0,"pxr":0.00000,"nonce":638436432340499305},"c":[475.51199,-3216.16626,6.06956],"pt":3505803288,"vct":0,"vcp":0,"mid":542209678316058412,"action":"JOB","cat":"JOBS","ctx":{
[01:25:38.0684301][WARN/prepare_metric_for_sending.cpp:93] BAD METRIC: AWARD_XP; DATA: "amt":25,"type":2435321038,"cat":2131309714,"pt":3505925132,"slot":0
[01:25:38.0685907][WARN/prepare_metric_for_sending.cpp:93] BAD METRIC: AWARD_XP; DATA: "amt":25,"type":2435321038,"cat":2131309714,"pt":3506065382,"slot":0
[01:25:38.0685975][WARN/prepare_metric_for_sending.cpp:93] BAD METRIC: AWARD_XP; DATA: "amt":25,"type":2435321038,"cat":2131309714,"pt":3506065382,"slot":0
[01:25:38.0686025][WARN/prepare_metric_for_sending.cpp:93] BAD METRIC: AWARD_XP; DATA: "amt":25,"type":2435321038,"cat":2131309714,"pt":3506065382,"slot":0
[01:27:12.6615187][WARN/prepare_metric_for_sending.cpp:93] BAD METRIC: AWARD_XP; DATA: "amt":200,"type":3455376767,"cat":2563418546,"pt":3506145518,"slot":0
[01:27:12.6615783][WARN/prepare_metric_for_sending.cpp:93] BAD METRIC: AWARD_XP; DATA: "amt":1432,"type":2658791846,"cat":2053762773,"pt":3506205647,"slot":0
[01:27:13.2995786][WARN/prepare_metric_for_sending.cpp:93] BAD METRIC: EARN; DATA: "amt":30810,"char":{"slot":0,"cash":75300,"bank":119798339,"evc":119873639,"pvc":0,"pxr":0.00000,"nonce":638436436323163178},"c":[710.21429,4175.72754,40.70921],"pt":3506206556,"vct":0,"vcp":0,"mid":542209678316058666,"action":"JOB","cat":"JOBS","ctx":{
[01:27:13.2996197][WARN/prepare_metric_for_sending.cpp:93] BAD METRIC: EARN; DATA: "amt":30810,"char":{"slot":0,"cash":75300,"bank":119798339,"evc":119873639,"pvc":0,"pxr":0.00000,"nonce":638436436323163178},"c":[710.21429,4175.72754,40.70921],"pt":3506206556,"vct":0,"vcp":0,"mid":542209678316058666,"action":"JOB","cat":"JOBS","ctx":{
[01:30:33.3401209][WARN/prepare_metric_for_sending.cpp:93] BAD METRIC: UVC; DATA: "vc":false
[01:30:33.3403450][WARN/prepare_metric_for_sending.cpp:93] BAD METRIC: UVC; DATA: "vc":false
[01:43:12.0839373][WARN/prepare_metric_for_sending.cpp:93] BAD METRIC: AWARD_XP; DATA: "amt":25,"type":2435321038,"cat":2131309714,"pt":3507125740,"slot":0
[01:43:12.0839699][WARN/prepare_metric_for_sending.cpp:93] BAD METRIC: AWARD_XP; DATA: "amt":715,"type":2658791846,"cat":855504611,"pt":3507125740,"slot":0
[01:43:12.6990715][WARN/prepare_metric_for_sending.cpp:93] BAD METRIC: EARN; DATA: "amt":2470,"char":{"slot":0,"cash":77770,"bank":119798339,"evc":119876109,"pvc":0,"pxr":0.00000,"nonce":638436445917484265},"c":[3365.78296,3702.27393,37.37207],"pt":3507135743,"vct":0,"vcp":0,"mid":596000166558743433,"action":"JOB","cat":"JOBS","ctx":{
[01:43:12.6991116][WARN/prepare_metric_for_sending.cpp:93] BAD METRIC: EARN; DATA: "amt":2470,"char":{"slot":0,"cash":77770,"bank":119798339,"evc":119876109,"pvc":0,"pxr":0.00000,"nonce":638436445917484265},"c":[3365.78296,3702.27393,37.37207],"pt":3507135743,"vct":0,"vcp":0,"mid":596000166558743433,"action":"JOB","cat":"JOBS","ctx":{
[01:46:58.6008699][WARN/prepare_metric_for_sending.cpp:93] BAD METRIC: AWARD_XP; DATA: "amt":25,"type":2435321038,"cat":2131309714,"pt":3507264229,"slot":0
[01:46:58.6009052][WARN/prepare_metric_for_sending.cpp:93] BAD METRIC: AWARD_XP; DATA: "amt":25,"type":2435321038,"cat":2131309714,"pt":3507264229,"slot":0
[01:46:58.6009311][WARN/prepare_metric_for_sending.cpp:93] BAD METRIC: AWARD_XP; DATA: "amt":1201,"type":2658791846,"cat":2053762773,"pt":3507354445,"slot":0
[01:46:59.3226131][WARN/prepare_metric_for_sending.cpp:93] BAD METRIC: EARN; DATA: "amt":30810,"char":{"slot":0,"cash":108580,"bank":119798339,"evc":119906919,"pvc":0,"pxr":0.00000,"nonce":638436448182254349},"c":[3165.32715,3498.87183,72.59052],"pt":3507361879,"vct":0,"vcp":0,"mid":139880794411679148,"action":"JOB","cat":"JOBS","ctx":{
[01:46:59.3226663][WARN/prepare_metric_for_sending.cpp:93] BAD METRIC: EARN; DATA: "amt":30810,"char":{"slot":0,"cash":108580,"bank":119798339,"evc":119906919,"pvc":0,"pxr":0.00000,"nonce":638436448182254349},"c":[3165.32715,3498.87183,72.59052],"pt":3507361879,"vct":0,"vcp":0,"mid":139880794411679148,"action":"JOB","cat":"JOBS","ctx":{
[01:47:10.9890671][WARN/reaction.cpp:60] Received Modder Detection from ObesityLover123 (129099639)
[01:47:13.1506971][WARN/reaction.cpp:60] Received Modder Detection from fatlum-shabani55 (190054803)
[01:47:13.6717842][WARN/reaction.cpp:60] Received Modder Detection from Stoffeta (35821869)
[01:48:10.7778527][WARN/prepare_metric_for_sending.cpp:93] BAD METRIC: UVC; DATA: "vc":false
[01:48:10.7785812][WARN/prepare_metric_for_sending.cpp:93] BAD METRIC: UVC; DATA: "vc":false
[01:53:24.3994049][WARN/reaction.cpp:60] Received Modder Detection from CoCo-PoPsss (244083556)
[01:54:49.8275869][WARN/reaction.cpp:60] Received Kick Vote from samyy037 (227917158)
[01:57:05.8412009][WARN/reaction.cpp:60] Received Modder Detection from Pepitoo-_ (177942232)
[02:01:32.0345743][WARN/reaction.cpp:60] Received Modder Detection from VodkaValentin (231808241)
[02:05:33.9440930][DEBUG/script_function.cpp:35] Found pattern RSD in script PauseMenu_Multiplayer
[02:06:17.5205184][WARN/prepare_metric_for_sending.cpp:93] BAD METRIC: UVC; DATA: "vc":false
[02:06:17.5206121][WARN/prepare_metric_for_sending.cpp:93] BAD METRIC: AWARD_XP; DATA: "amt":14012464,"type":3136273443,"cat":654913086,"pt":3508500081,"slot":0
[02:11:36.6905262][WARN/prepare_metric_for_sending.cpp:93] BAD METRIC: W_L; DATA: "c":[-783.82,-254.65,37.24],"wantedlvl":1
[02:11:36.6906482][WARN/prepare_metric_for_sending.cpp:93] BAD METRIC: W_L; DATA: "c":[-783.82,-254.65,37.24],"wantedlvl":0
[02:14:24.0679647][WARN/interloper_reaction.cpp:30] Received Spectate Others from acidHAHAHA123sli (187292862), victim is XxkryphzxX
[02:15:36.7479480][WARN/prepare_metric_for_sending.cpp:93] BAD METRIC: IDLEKICK; DATA: "idle":120000
[02:15:36.7480574][WARN/prepare_metric_for_sending.cpp:93] BAD METRIC: W_L; DATA: "c":[-775.61,-284.80,37.09],"wantedlvl":1
[02:17:18.2551109][WARN/prepare_metric_for_sending.cpp:93] BAD METRIC: W_L; DATA: "c":[-775.74,-293.08,37.09],"wantedlvl":0
[02:17:48.9945216][WARN/prepare_metric_for_sending.cpp:93] BAD METRIC: W_L; DATA: "c":[-663.17,-367.71,34.78],"wantedlvl":1
[02:17:48.9947144][WARN/prepare_metric_for_sending.cpp:93] BAD METRIC: REPORT_INVALIDMODEL; DATA: "a":"SC 199738391","b":959275690,"c":401263359,"d":[-263.43,-397.16,29.66],"e":[-216.04,-514.35,34.74],"f":-3454880631398509927,"g":-3868341610802408984,"h":1856487421,"i":-1599626598,"et":276882815,"es":1459623836,"ep":2155363,"ec":false,"n":1447,"op":[
[02:17:48.9947372][WARN/prepare_metric_for_sending.cpp:93] BAD METRIC: REPORT_INVALIDMODEL; DATA: "a":"SC 199738391","b":959275690,"c":401263359,"d":[-253.11,-406.95,29.70],"e":[-215.62,-515.74,34.74],"f":-3454880631398509927,"g":-3868341610802408984,"h":1856487421,"i":-1599626598,"et":276882191,"es":1459623836,"ep":2155363,"ec":false,"n":1438,"op":[
[02:17:48.9947536][WARN/prepare_metric_for_sending.cpp:93] BAD METRIC: REPORT_INVALIDMODEL; DATA: "a":"SC 199738391","b":959275690,"c":401263359,"d":[-251.83,-408.35,29.70],"e":[-215.55,-515.91,34.74],"f":-3454880631398509927,"g":-3868341610802408984,"h":1856487421,"i":-1599626598,"et":276872441,"es":1459623836,"ep":2155363,"ec":false,"n":1270,"op":[
[02:17:48.9947697][WARN/prepare_metric_for_sending.cpp:93] BAD METRIC: REPORT_INVALIDMODEL; DATA: "a":"SC 199738391","b":959275690,"c":401263359,"d":[-250.84,-409.46,29.71],"e":[-215.48,-516.04,34.74],"f":-3454880631398509927,"g":-3868341610802408984,"h":1856487421,"i":-1599626598,"et":276869504,"es":1459623836,"ep":2155363,"ec":false,"n":2160,"op":[
[02:17:48.9947867][WARN/prepare_metric_for_sending.cpp:93] BAD METRIC: REPORT_INVALIDMODEL; DATA: "a":"SC 199738391","b":959275690,"c":401263359,"d":[-250.84,-409.46,29.71],"e":[-215.48,-516.04,34.74],"f":-3454880631398509927,"g":-3868341610802408984,"h":1856487421,"i":-1599626598,"et":276872133,"es":1459623836,"ep":2155363,"ec":false,"n":2188,"op":[
[02:17:48.9948023][WARN/prepare_metric_for_sending.cpp:93] BAD METRIC: REPORT_INVALIDMODEL; DATA: "a":"SC 199738391","b":959275690,"c":401263359,"d":[-250.84,-409.46,29.71],"e":[-215.48,-516.04,34.74],"f":-3454880631398509927,"g":-3868341610802408984,"h":1856487421,"i":-1599626598,"et":276881883,"es":1459623836,"ep":2155363,"ec":false,"n":1347,"op":[
[02:17:48.9948180][WARN/prepare_metric_for_sending.cpp:93] BAD METRIC: REPORT_INVALIDMODEL; DATA: "a":"SC 199738391","b":959275690,"c":401263359,"d":[-248.54,-412.13,29.70],"e":[-215.31,-516.33,34.75],"f":-3454880631398509927,"g":-3868341610802408984,"h":1856487421,"i":-1599626598,"et":276871524,"es":1459623836,"ep":2155363,"ec":false,"n":2182,"op":[
[02:17:48.9948411][WARN/prepare_metric_for_sending.cpp:93] BAD METRIC: REPORT_INVALIDMODEL; DATA: "a":"SC 199738391","b":959275690,"c":401263359,"d":[-248.54,-412.13,29.70],"e":[-215.31,-516.33,34.75],"f":-3454880631398509927,"g":-3868341610802408984,"h":1856487421,"i":-1599626598,"et":276870122,"es":1459623836,"ep":2155363,"ec":false,"n":2171,"op":[
[02:18:39.1505667][WARN/prepare_metric_for_sending.cpp:93] BAD METRIC: REPORT_INVALIDMODEL; DATA: "a":"SC 199738391","b":959275690,"c":401263359,"d":[-246.24,-414.89,29.64],"e":[-215.09,-516.62,34.76],"f":-3454880631398509927,"g":-3868341610802408984,"h":1257813920,"i":-1599626598,"et":276882502,"es":1459623836,"ep":2155363,"ec":false,"n":1439,"op":[
[02:18:39.1506211][WARN/prepare_metric_for_sending.cpp:93] BAD METRIC: REPORT_INVALIDMODEL; DATA: "a":"SC 199738391","b":959275690,"c":401263359,"d":[-245.04,-416.34,29.61],"e":[-214.98,-516.77,34.76],"f":-3454880631398509927,"g":-3868341610802408984,"h":1257813920,"i":-1599626598,"et":276869816,"es":1459623836,"ep":2155363,"ec":false,"n":2168,"op":[
[02:18:39.1506489][WARN/prepare_metric_for_sending.cpp:93] BAD METRIC: REPORT_INVALIDMODEL; DATA: "a":"SC 199738391","b":959275690,"c":401263359,"d":[-243.90,-417.73,29.60],"e":[-214.87,-516.90,34.76],"f":-3454880631398509927,"g":-3868341610802408984,"h":1257813920,"i":-1599626598,"et":276871210,"es":1459623836,"ep":2155363,"ec":false,"n":2181,"op":[
[02:18:39.1506741][WARN/prepare_metric_for_sending.cpp:93] BAD METRIC: REPORT_INVALIDMODEL; DATA: "a":"SC 199738391","b":959275690,"c":401263359,"d":[-241.34,-420.84,29.73],"e":[-214.65,-517.26,34.76],"f":-3454880631398509927,"g":-3868341610802408984,"h":1257813920,"i":-1599626598,"et":276870910,"es":1459623836,"ep":2155363,"ec":false,"n":2180,"op":[
[02:18:39.1507017][WARN/prepare_metric_for_sending.cpp:93] BAD METRIC: REPORT_INVALIDMODEL; DATA: "a":"SC 199738391","b":959275690,"c":401263359,"d":[-240.15,-422.29,29.81],"e":[-214.54,-517.48,34.76],"f":-3454880631398509927,"g":-3868341610802408984,"h":1257813920,"i":-1599626598,"et":276869192,"es":1459623836,"ep":2155363,"ec":false,"n":2158,"op":[
[02:18:39.1507222][WARN/prepare_metric_for_sending.cpp:93] BAD METRIC: REPORT_INVALIDMODEL; DATA: "a":"SC 199738391","b":959275690,"c":401263359,"d":[-237.60,-425.40,30.03],"e":[-214.30,-517.91,34.76],"f":-3454880631398509927,"g":-3868341610802408984,"h":1257813920,"i":-1599626598,"et":276871828,"es":1459623836,"ep":2155363,"ec":false,"n":2183,"op":[
[02:18:39.1507419][WARN/prepare_metric_for_sending.cpp:93] BAD METRIC: W_L; DATA: "c":[-227.55,-575.93,34.03],"wantedlvl":2
[02:18:39.1510645][WARN/prepare_metric_for_sending.cpp:93] BAD METRIC: REPORT_INVALIDMODEL; DATA: "a":"SC 187292862","b":959275690,"c":401263359,"d":[-186.79,-498.41,34.54],"e":[-189.41,-430.23,33.70],"f":-3454880631398509927,"g":-3868341610802408984,"h":217609618,"i":1257813920,"et":276872441,"es":1459623836,"ep":2155363,"ec":false,"n":1270,"op":[
[02:18:39.1510859][WARN/prepare_metric_for_sending.cpp:93] BAD METRIC: REPORT_INVALIDMODEL; DATA: "a":"SC 187292862","b":959275690,"c":401263359,"d":[-186.57,-497.73,34.53],"e":[-189.30,-430.29,33.71],"f":-3454880631398509927,"g":-3868341610802408984,"h":217609618,"i":1257813920,"et":276872133,"es":1459623836,"ep":2155363,"ec":false,"n":2188,"op":[
[02:18:39.1511187][WARN/prepare_metric_for_sending.cpp:93] BAD METRIC: REPORT_INVALIDMODEL; DATA: "a":"SC 187292862","b":959275690,"c":401263359,"d":[-186.57,-497.73,34.53],"e":[-189.30,-430.29,33.71],"f":-3454880631398509927,"g":-3868341610802408984,"h":217609618,"i":1257813920,"et":276871828,"es":1459623836,"ep":2155363,"ec":false,"n":2183,"op":[
[02:18:39.1511524][WARN/prepare_metric_for_sending.cpp:93] BAD METRIC: REPORT_INVALIDMODEL; DATA: "a":"SC 199738391","b":959275690,"c":401263359,"d":[-186.46,-497.37,34.53],"e":[-157.20,-442.63,33.83],"f":-3454880631398509927,"g":-3868341610802408984,"h":217609618,"i":1257813920,"et":276869192,"es":1459623836,"ep":2155363,"ec":false,"n":2158,"op":[
[02:19:08.6699788][WARN/reaction.cpp:60] Received Modder Detection from wiadro-69 (202407607)
[02:19:54.2356889][WARN/interloper_reaction.cpp:30] Received Spectate Others from acidHAHAHA123sli (187292862), victim is nath-ramdani79
[02:20:16.4470691][WARN/prepare_metric_for_sending.cpp:93] BAD METRIC: REPORT_INVALIDMODEL; DATA: "a":"SC 187292862","b":959275690,"c":401263359,"d":[-185.46,-494.25,34.50],"e":[-188.72,-430.49,33.77],"f":-3454880631398509927,"g":-3868341610802408984,"h":217609618,"i":1257813920,"et":276870122,"es":1459623836,"ep":2155363,"ec":false,"n":2171,"op":[
[02:20:16.4471053][WARN/prepare_metric_for_sending.cpp:93] BAD METRIC: REPORT_INVALIDMODEL; DATA: "a":"SC 187292862","b":959275690,"c":401263359,"d":[-185.46,-494.25,34.50],"e":[-188.72,-430.49,33.77],"f":-3454880631398509927,"g":-3868341610802408984,"h":217609618,"i":1257813920,"et":276871524,"es":1459623836,"ep":2155363,"ec":false,"n":2182,"op":[
[02:20:16.4471464][WARN/prepare_metric_for_sending.cpp:93] BAD METRIC: REPORT_INVALIDMODEL; DATA: "a":"SC 187292862","b":959275690,"c":401263359,"d":[-185.46,-494.25,34.50],"e":[-188.72,-430.49,33.77],"f":-3454880631398509927,"g":-3868341610802408984,"h":217609618,"i":1257813920,"et":276869504,"es":1459623836,"ep":2155363,"ec":false,"n":2160,"op":[
[02:20:16.4471824][WARN/prepare_metric_for_sending.cpp:93] BAD METRIC: REPORT_INVALIDMODEL; DATA: "a":"SC 187292862","b":959275690,"c":401263359,"d":[-184.85,-492.33,34.48],"e":[-189.39,-430.30,33.72],"f":-3454880631398509927,"g":-3868341610802408984,"h":217609618,"i":1257813920,"et":276869816,"es":1459623836,"ep":2155363,"ec":false,"n":2168,"op":[
[02:20:16.4472157][WARN/prepare_metric_for_sending.cpp:93] BAD METRIC: REPORT_INVALIDMODEL; DATA: "a":"SC 199738391","b":959275690,"c":401263359,"d":[-183.98,-489.61,34.47],"e":[-155.60,-441.06,34.12],"f":-3454880631398509927,"g":-3868341610802408984,"h":217609618,"i":1257813920,"et":276882815,"es":1459623836,"ep":2155363,"ec":false,"n":1447,"op":[
[02:20:16.4472488][WARN/prepare_metric_for_sending.cpp:93] BAD METRIC: REPORT_INVALIDMODEL; DATA: "a":"SC 199738391","b":959275690,"c":401263359,"d":[-183.45,-487.98,34.45],"e":[-155.97,-439.94,34.04],"f":-3454880631398509927,"g":-3868341610802408984,"h":217609618,"i":1257813920,"et":276871210,"es":1459623836,"ep":2155363,"ec":false,"n":2181,"op":[
[02:20:16.4472787][WARN/prepare_metric_for_sending.cpp:93] BAD METRIC: REPORT_INVALIDMODEL; DATA: "a":"SC 199738391","b":959275690,"c":401263359,"d":[-183.38,-487.76,34.45],"e":[-156.15,-439.62,34.03],"f":-3454880631398509927,"g":-3868341610802408984,"h":217609618,"i":1257813920,"et":276870910,"es":1459623836,"ep":2155363,"ec":false,"n":2180,"op":[
[02:20:16.4473055][WARN/prepare_metric_for_sending.cpp:93] BAD METRIC: REPORT_INVALIDMODEL; DATA: "a":"SC 199738391","b":959275690,"c":401263359,"d":[-182.84,-486.21,34.42],"e":[-160.08,-436.75,33.93],"f":-3454880631398509927,"g":-3868341610802408984,"h":217609618,"i":1257813920,"et":276882191,"es":1459623836,"ep":2155363,"ec":false,"n":1438,"op":[
[02:20:16.4473295][WARN/prepare_metric_for_sending.cpp:93] BAD METRIC: REPORT_INVALIDMODEL; DATA: "a":"SC 199738391","b":959275690,"c":401263359,"d":[-182.84,-486.21,34.42],"e":[-160.08,-436.75,33.93],"f":-3454880631398509927,"g":-3868341610802408984,"h":217609618,"i":1257813920,"et":276882502,"es":1459623836,"ep":2155363,"ec":false,"n":1439,"op":[
[02:20:16.4473548][WARN/prepare_metric_for_sending.cpp:93] BAD METRIC: REPORT_INVALIDMODEL; DATA: "a":"SC 199738391","b":959275690,"c":401263359,"d":[-182.69,-485.95,34.41],"e":[-161.00,-436.38,33.93],"f":-3454880631398509927,"g":-3868341610802408984,"h":217609618,"i":1257813920,"et":276881883,"es":1459623836,"ep":2155363,"ec":false,"n":1347,"op":[
[02:20:16.4473877][WARN/prepare_metric_for_sending.cpp:93] BAD METRIC: AWARD_XP; DATA: "amt":132,"type":679931529,"cat":2304783455,"pt":3509247412,"slot":0
[02:20:16.4473985][WARN/prepare_metric_for_sending.cpp:93] BAD METRIC: AWARD_XP; DATA: "amt":132,"type":679931529,"cat":2304783455,"pt":3509247412,"slot":0
[02:20:16.4474291][WARN/prepare_metric_for_sending.cpp:93] BAD METRIC: W_L; DATA: "c":[-183.27,-473.99,34.35],"wantedlvl":3
[02:20:16.4475462][WARN/prepare_metric_for_sending.cpp:93] BAD METRIC: ESVCS; DATA: "c":[-241.51,-674.49,32.87],"name":353883353,"cd":[-241,-674],"wlvl":3
[02:20:16.4477491][WARN/prepare_metric_for_sending.cpp:93] BAD METRIC: ESVCS; DATA: "c":[-630.14,-1265.91,10.48],"name":353883353,"cd":[-630,-1265],"wlvl":3
[02:20:16.4477841][WARN/prepare_metric_for_sending.cpp:93] BAD METRIC: W_L; DATA: "c":[-562.48,-1216.19,16.69],"wantedlvl":0
[02:20:16.6433320][WARN/interloper_reaction.cpp:30] Received Spectate Others from acidHAHAHA123sli (187292862), victim is acidHAHAHA123sli
[02:20:21.2129067][WARN/interloper_reaction.cpp:30] Received Spectate Others from acidHAHAHA123sli (187292862), victim is sadgoon1
[02:20:24.0219681][WARN/interloper_reaction.cpp:30] Received Spectate Others from acidHAHAHA123sli (187292862), victim is DirectFist
[02:20:27.7186024][WARN/interloper_reaction.cpp:30] Received Spectate Others from acidHAHAHA123sli (187292862), victim is acidHAHAHA123sli
[02:24:00.6728496][WARN/reaction.cpp:60] Received Report from TNS_Rosen (228064982)
[02:25:41.9254609][WARN/prepare_metric_for_sending.cpp:93] BAD METRIC: EARN; DATA: "amt":83212,"char":{"slot":0,"cash":191792,"bank":119798312,"evc":119990104,"pvc":0,"pxr":0.00000,"nonce":638436471359096267},"c":[-337.05789,-137.36089,38.47416],"pt":3509650516,"vct":0,"vcp":0,"mid":0,"action":"VEHICLE","cat":"SELLING_VEH","ctx":{
[02:25:41.9255053][WARN/prepare_metric_for_sending.cpp:93] BAD METRIC: EARN; DATA: "amt":83212,"char":{"slot":0,"cash":191792,"bank":119798312,"evc":119990104,"pvc":0,"pxr":0.00000,"nonce":638436471359096267},"c":[-337.05789,-137.36089,38.47416],"pt":3509650516,"vct":0,"vcp":0,"mid":0,"action":"VEHICLE","cat":"SELLING_VEH","ctx":{
[02:27:47.9341626][WARN/prepare_metric_for_sending.cpp:93] BAD METRIC: EARN; DATA: "amt":21630,"char":{"slot":0,"cash":21630,"bank":119990104,"evc":120011734,"pvc":0,"pxr":0.00000,"nonce":638436472618301208},"c":[2728.02368,-374.30295,-47.39749],"pt":3509737132,"vct":0,"vcp":0,"mid":0,"action":"ARCADE","cat":"ARCADE_AWARD","ctx":{
[02:27:47.9342122][WARN/prepare_metric_for_sending.cpp:93] BAD METRIC: EARN; DATA: "amt":21630,"char":{"slot":0,"cash":21630,"bank":119990104,"evc":120011734,"pvc":0,"pxr":0.00000,"nonce":638436472618301208},"c":[2728.02368,-374.30295,-47.39749],"pt":3509737132,"vct":0,"vcp":0,"mid":0,"action":"ARCADE","cat":"ARCADE_AWARD","ctx":{
[02:29:54.8131016][WARN/reaction.cpp:60] Received Modder Detection from HannesNix (194414979)
[02:32:39.3469487][WARN/reaction.cpp:60] Received Modder Detection from GGpork (246214177)
[02:34:29.3772769][WARN/interloper_reaction.cpp:30] Received Spectate Others from CEPErA_TANK (105170021), victim is FoxTTV
[02:34:48.2753453][WARN/reaction.cpp:60] Received Modder Detection from White-Angel-BS (198912833)
[02:34:57.8706046][WARN/prepare_metric_for_sending.cpp:93] BAD METRIC: RDEV; DATA: "g":"SC 67780071"
[02:34:57.8708055][WARN/prepare_metric_for_sending.cpp:93] BAD METRIC: UVC; DATA: "vc":false
[02:34:57.8711168][WARN/prepare_metric_for_sending.cpp:93] BAD METRIC: AWARD_XP; DATA: "amt":14012728,"type":3136273443,"cat":654913086,"pt":3510154501,"slot":0
[02:35:38.7802429][WARN/interloper_reaction.cpp:30] Received Spectate Others from CEPErA_TANK (105170021), victim is BaTTerBucKeT
[02:38:15.3286056][WARN/prepare_metric_for_sending.cpp:93] BAD METRIC: UVC; DATA: "vc":false
[02:38:15.3287088][WARN/prepare_metric_for_sending.cpp:93] BAD METRIC: AWARD_XP; DATA: "amt":14012728,"type":3136273443,"cat":654913086,"pt":3510191493,"slot":0
[02:39:06.8897449][WARN/prepare_metric_for_sending.cpp:93] BAD METRIC: EARN; DATA: "amt":83000,"char":{"slot":0,"cash":104630,"bank":119990104,"evc":120094734,"pvc":0,"pxr":0.00000,"nonce":638436479407748569},"c":[-1615.78491,-3015.81152,-75.20506],"pt":3510240336,"vct":0,"vcp":0,"mid":0,"action":"NIGHTCLUB","cat":"INCOME","ctx":{}
[02:39:06.8897988][WARN/prepare_metric_for_sending.cpp:93] BAD METRIC: EARN; DATA: "amt":83000,"char":{"slot":0,"cash":104630,"bank":119990104,"evc":120094734,"pvc":0,"pxr":0.00000,"nonce":638436479407748569},"c":[-1615.78491,-3015.81152,-75.20506],"pt":3510240336,"vct":0,"vcp":0,"mid":0,"action":"NIGHTCLUB","cat":"INCOME","ctx":{}
[02:42:18.5132032][WARN/prepare_metric_for_sending.cpp:93] BAD METRIC: EARN; DATA: "amt":439207,"char":{"slot":0,"cash":0,"bank":120533941,"evc":120533941,"pvc":0,"pxr":0.00000,"nonce":638436481325282619},"c":[-337.15082,-137.52956,38.53527],"pt":3510419592,"vct":0,"vcp":0,"mid":0,"action":"VEHICLE","cat":"SELLING_VEH","ctx":{
[02:42:18.5132681][WARN/prepare_metric_for_sending.cpp:93] BAD METRIC: EARN; DATA: "amt":439207,"char":{"slot":0,"cash":0,"bank":120533941,"evc":120533941,"pvc":0,"pxr":0.00000,"nonce":638436481325282619},"c":[-337.15082,-137.52956,38.53527],"pt":3510419592,"vct":0,"vcp":0,"mid":0,"action":"VEHICLE","cat":"SELLING_VEH","ctx":{
[02:48:39.1675360][WARN/prepare_metric_for_sending.cpp:93] BAD METRIC: DUPE_DETECT; DATA: "a":1,"b":3,"c":2613313775,"d":0,"e":0,"f":261,"g":110,"h":0,"i":0,"j":true,"k":0,"l":0
[02:50:02.4266913][INFO/main.cpp:200] Scripts unregistered.
[02:50:02.4273943][INFO/main.cpp:203] Lua manager uninitialized.
[02:50:02.4827441][INFO/main.cpp:206] Hooking disabled.
[02:50:02.4831841][INFO/main.cpp:209] Dynamic native hooker uninitialized.
[02:50:02.4832461][DEBUG/thread_pool.cpp:109] Thread 12724 exiting...
[02:50:02.4832953][DEBUG/thread_pool.cpp:109] Thread 3508 exiting...
[02:50:02.4833446][DEBUG/thread_pool.cpp:109] Thread 6300 exiting...
[02:50:02.8403927][DEBUG/thread_pool.cpp:109] Thread 9508 exiting...
[02:50:02.8411955][INFO/main.cpp:214] Destroyed thread pool.
[02:50:02.8412087][INFO/main.cpp:217] Script Connection Service reset.
[02:50:02.8437171][INFO/main.cpp:219] Tunables Service reset.
[02:50:02.8437867][INFO/main.cpp:221] Hotkey Service reset.
[02:50:02.8437973][INFO/main.cpp:223] Matchmaking Service reset.
[02:50:02.8441394][INFO/main.cpp:225] Player Database Service reset.
[02:50:02.8444651][INFO/main.cpp:227] API Service reset.
[02:50:02.8756190][INFO/main.cpp:229] Script Patcher Service reset.
[02:50:02.8756592][INFO/main.cpp:231] Gui Service reset.
[02:50:02.8777309][INFO/main.cpp:233] GTA Data Service reset.
[02:50:02.8777553][INFO/main.cpp:235] Vehicle Service reset.
[02:50:02.8777633][INFO/main.cpp:237] Model Preview Service reset.
[02:50:02.8777677][INFO/main.cpp:239] Mobile Service reset.
[02:50:02.8777722][INFO/main.cpp:241] Player Service reset.
[02:50:02.8777756][INFO/main.cpp:243] Pickup Service reset.
[02:50:02.8780896][INFO/main.cpp:245] Custom Text Service reset.
[02:50:02.8784278][INFO/main.cpp:247] Context Service reset.
[02:50:02.8788288][INFO/main.cpp:249] Xml Vehicles Service reset.
[02:50:02.8788385][INFO/main.cpp:250] Services uninitialized.
[02:50:02.8789055][INFO/main.cpp:253] Hooking uninitialized.
[02:50:02.8789165][INFO/main.cpp:256] Fiber pool uninitialized.
[02:50:02.9194996][INFO/main.cpp:259] Renderer uninitialized.
[02:50:02.9201375][INFO/main.cpp:262] Byte Patch Manager uninitialized.
[02:50:02.9201577][INFO/main.cpp:265] Pointers uninitialized.
[02:50:02.9201654][INFO/main.cpp:268] Thread pool uninitialized.
[02:50:02.9201679][INFO/main.cpp:270] Farewell!
