[21:42:43.5367731][INFO/main.cpp:104] Yim's Menu Initializing
[21:42:43.5371411][INFO/main.cpp:105] Git Info
	Branch:	master
	Hash:	e005640c7515cf4c396fbaecc9fc9b0e3001c4f0
	Date:	Wed Jan 17 11:08:35 2024
[21:42:43.5371682][DEBUG/thread_pool.cpp:22] Resizing thread pool from 0 to 4
[21:42:43.5377391][INFO/main.cpp:108] Thread pool initialized.
[21:42:43.5518910][INFO/main.cpp:111] Settings Loaded.
[21:42:43.5519137][DEBUG/thread_pool.cpp:96] Thread 12920 executing settings.cpp:12
[21:42:43.5598168][INFO/pointers.hpp:94] GTA5 pointers cache is up to date, using it.
[21:42:43.5598611][INFO/pointers.cpp:1804] Loading pointers instance from cache
[21:42:43.5598723][INFO/pointers.cpp:1813] Pointers cache: Loading 215 fields from the cache
[21:42:43.5598886][DEBUG/module.cpp:50] Waiting for socialclub.dll...
[21:42:43.5652363][INFO/pointers.hpp:94] Social Club pointers cache is up to date, using it.
[21:42:43.5652483][INFO/pointers.cpp:1804] Loading pointers instance from cache
[21:42:43.5652503][INFO/pointers.cpp:1813] Pointers cache: Loading 5 fields from the cache
[21:42:43.5652901][INFO/main.cpp:114] Pointers initialized.
[21:42:43.5653110][INFO/main.cpp:121] Disabled anticheat gameskeleton.
[21:42:43.5655738][INFO/main.cpp:124] Byte Patch Manager initialized.
[21:42:44.1232624][INFO/main.cpp:127] Renderer initialized.
[21:42:44.3531304][INFO/main.cpp:131] Fiber pool initialized.
[21:42:44.3629084][INFO/main.cpp:134] HTTP Client initialized.
[21:42:44.5435946][INFO/main.cpp:137] Translation Service initialized.
[21:42:44.5758812][INFO/main.cpp:140] Hooking initialized.
[21:42:44.6071049][DEBUG/gta_data_service.cpp:160] Loading data from cache.
[21:42:44.6071217][INFO/gta_data_service.cpp:172] Loading 1051 peds from cache.
[21:42:44.6075591][INFO/gta_data_service.cpp:190] Loading 843 vehicles from cache.
[21:42:44.6082581][INFO/gta_data_service.cpp:207] Loading 119 weapons from cache.
[21:42:44.6082696][INFO/gta_data_service.cpp:208] Loading 380 weapon components from cache.
[21:42:44.6082920][DEBUG/gta_data_service.cpp:166] Loaded all data from cache.
[21:42:44.6199450][DEBUG/thread_pool.cpp:96] Thread 16324 executing player_database_service.cpp:285
[21:42:44.6208668][INFO/main.cpp:161] Registered service instances...
[21:42:44.6212165][INFO/main.cpp:182] Scripts registered.
[21:42:44.7003801][INFO/main.cpp:185] Hooking enabled.
[21:42:44.7034793][INFO/main.cpp:188] Dynamic native hooker initialized.
[21:42:44.7041445][INFO/main.cpp:192] Lua manager initialized.
[21:42:48.2741289][INFO/queue_dependency.cpp:63] Blocking AC Verifier 9621f0
[21:42:48.2741797][INFO/queue_dependency.cpp:63] Blocking AC Verifier a668ec
[21:42:48.2746089][WARN/prepare_metric_for_sending.cpp:93] BAD METRIC: MM; DATA: "mmList":"4B45524E454C33322E444C4C00|4B45524E454C424153452E646C6C00|5553455233322E646C6C00|47444933322E646C6C00|676469333266756C6C2E646C6C00|6D737663705F77696E2E646C6C00|75637274626173652E646C6C00|50534150492E444C4C00|5753325F33322E646C6C00|5250435254342E
[21:42:48.2748415][WARN/prepare_metric_for_sending.cpp:93] BAD METRIC: MM; DATA: "mmList":"74657874696E7075746672616D65776F726B2E646C6C00|57494E5354412E646C6C00|61746963667836342E646C6C00|61746975787036342E646C6C00|61746964787836342E646C6C00|616D6469686B36342E646C6C00|4849442E444C4C00|4D4D4465764170692E646C6C00|58417564696F325F372E646
[21:42:53.9220143][INFO/backend.cpp:53] Starting script: Self
[21:42:53.9220377][INFO/backend.cpp:78] Starting script: Weapons
[21:42:53.9220516][INFO/backend.cpp:101] Starting script: Vehicles
[21:42:53.9220595][INFO/backend.cpp:117] Starting script: Miscellaneous
[21:42:53.9220910][INFO/backend.cpp:138] Starting script: Remote
[21:42:53.9221044][INFO/backend.cpp:153] Starting script: Ls customs
[21:42:53.9221103][INFO/backend.cpp:165] Starting script: Rainbow paint
[21:42:53.9221136][INFO/backend.cpp:177] Starting script: Disable Control Action
[21:42:53.9221185][INFO/backend.cpp:190] Starting script: World
[21:42:53.9528634][INFO/tunables_service.cpp:36] Loading tunables from cache
[21:43:31.8083253][INFO/queue_dependency.cpp:63] Blocking AC Verifier 318b98
[21:43:31.8133543][INFO/queue_dependency.cpp:63] Blocking AC Verifier 335458
[21:43:31.8133978][INFO/queue_dependency.cpp:63] Blocking AC Verifier 335430
[21:43:31.8134345][INFO/queue_dependency.cpp:63] Blocking AC Verifier 4012b8
[21:43:31.8186061][INFO/queue_dependency.cpp:63] Blocking AC Verifier 45acf4
[21:43:31.8188116][INFO/queue_dependency.cpp:63] Blocking AC Verifier 459f38
[21:43:31.8188286][INFO/queue_dependency.cpp:63] Blocking AC Verifier 5ca880
[21:43:31.8521113][INFO/queue_dependency.cpp:63] Blocking AC Verifier 66f724
[21:43:31.8521516][INFO/queue_dependency.cpp:63] Blocking AC Verifier 66f74c
[21:43:31.8521768][INFO/queue_dependency.cpp:63] Blocking AC Verifier 66f774
[21:43:31.8521933][INFO/queue_dependency.cpp:63] Blocking AC Verifier 66f6fc
[21:46:07.8126150][WARN/prepare_metric_for_sending.cpp:93] BAD METRIC: UVC; DATA: "vc":false
[21:46:47.8973465][WARN/prepare_metric_for_sending.cpp:93] BAD METRIC: AWARD_XP; DATA: "amt":13892516,"type":3136273443,"cat":654913086,"pt":3458518593,"slot":0
[21:47:03.4144424][WARN/prepare_metric_for_sending.cpp:93] BAD METRIC: UVC; DATA: "vc":false
[21:50:24.8007456][WARN/prepare_metric_for_sending.cpp:93] BAD METRIC: EARN; DATA: "amt":20000,"char":{"slot":0,"cash":0,"bank":117407750,"evc":117407750,"pvc":0,"pxr":0.00000,"nonce":638434578186162914},"c":[1169.70667,-2971.53857,5.24575],"pt":3458753790,"vct":0,"vcp":0,"mid":0,"action":"DAILY_VEH","cat":"AUTOSHOP","ctx":{
[21:50:24.8007970][WARN/prepare_metric_for_sending.cpp:93] BAD METRIC: EARN; DATA: "amt":20000,"char":{"slot":0,"cash":0,"bank":117407750,"evc":117407750,"pvc":0,"pxr":0.00000,"nonce":638434578186162914},"c":[1169.70667,-2971.53857,5.24575],"pt":3458753790,"vct":0,"vcp":0,"mid":0,"action":"DAILY_VEH","cat":"AUTOSHOP","ctx":{
[21:52:02.5307578][WARN/prepare_metric_for_sending.cpp:93] BAD METRIC: AWARD_XP; DATA: "amt":1000,"type":2435321038,"cat":3285634639,"pt":3458753790,"slot":0
[21:53:06.3202201][WARN/prepare_metric_for_sending.cpp:93] BAD METRIC: EARN; DATA: "amt":8600,"char":{"slot":0,"cash":8600,"bank":117407750,"evc":117416350,"pvc":0,"pxr":0.00000,"nonce":638434579799645144},"c":[2728.02368,-374.30295,-47.39749],"pt":3458886843,"vct":0,"vcp":0,"mid":0,"action":"ARCADE","cat":"ARCADE_AWARD","ctx":{"type":1
[21:53:06.3202737][WARN/prepare_metric_for_sending.cpp:93] BAD METRIC: EARN; DATA: "amt":8600,"char":{"slot":0,"cash":8600,"bank":117407750,"evc":117416350,"pvc":0,"pxr":0.00000,"nonce":638434579799645144},"c":[2728.02368,-374.30295,-47.39749],"pt":3458886843,"vct":0,"vcp":0,"mid":0,"action":"ARCADE","cat":"ARCADE_AWARD","ctx":{"type":1
[21:56:10.2835395][WARN/prepare_metric_for_sending.cpp:93] BAD METRIC: EARN; DATA: "amt":20000,"char":{"slot":0,"cash":8600,"bank":117427750,"evc":117436350,"pvc":0,"pxr":0.00000,"nonce":638434581640567996},"c":[1170.92627,-2970.65601,5.33531],"pt":3459075680,"vct":0,"vcp":0,"mid":0,"action":"DAILY_VEH","cat":"AUTOSHOP","ctx":{
[21:56:10.2835986][WARN/prepare_metric_for_sending.cpp:93] BAD METRIC: EARN; DATA: "amt":20000,"char":{"slot":0,"cash":8600,"bank":117427750,"evc":117436350,"pvc":0,"pxr":0.00000,"nonce":638434581640567996},"c":[1170.92627,-2970.65601,5.33531],"pt":3459075680,"vct":0,"vcp":0,"mid":0,"action":"DAILY_VEH","cat":"AUTOSHOP","ctx":{
[21:58:33.4415285][WARN/prepare_metric_for_sending.cpp:93] BAD METRIC: EARN; DATA: "amt":24000,"char":{"slot":0,"cash":32600,"bank":117427750,"evc":117460350,"pvc":0,"pxr":0.00000,"nonce":638434583070813325},"c":[1075.45776,-2284.00757,-46.59989],"pt":3459201016,"vct":0,"vcp":0,"mid":0,"action":"SALVAGE","cat":"INCOME","ctx":{}
[21:58:33.4415762][WARN/prepare_metric_for_sending.cpp:93] BAD METRIC: EARN; DATA: "amt":24000,"char":{"slot":0,"cash":32600,"bank":117427750,"evc":117460350,"pvc":0,"pxr":0.00000,"nonce":638434583070813325},"c":[1075.45776,-2284.00757,-46.59989],"pt":3459201016,"vct":0,"vcp":0,"mid":0,"action":"SALVAGE","cat":"INCOME","ctx":{}
[22:00:55.8479453][WARN/prepare_metric_for_sending.cpp:93] BAD METRIC: EARN; DATA: "amt":20000,"char":{"slot":0,"cash":52600,"bank":117427750,"evc":117480350,"pvc":0,"pxr":0.00000,"nonce":638434584495334840},"c":[-578.09552,-715.21472,116.80525],"pt":3459325929,"vct":0,"vcp":0,"mid":0,"action":"AGENCY","cat":"INCOME","ctx":{}
[22:00:55.8479937][WARN/prepare_metric_for_sending.cpp:93] BAD METRIC: EARN; DATA: "amt":20000,"char":{"slot":0,"cash":52600,"bank":117427750,"evc":117480350,"pvc":0,"pxr":0.00000,"nonce":638434584495334840},"c":[-578.09552,-715.21472,116.80525],"pt":3459325929,"vct":0,"vcp":0,"mid":0,"action":"AGENCY","cat":"INCOME","ctx":{}
[22:01:02.7392865][WARN/prepare_metric_for_sending.cpp:93] BAD METRIC: AWARD_XP; DATA: "amt":1000,"type":2435321038,"cat":3285634639,"pt":3459075680,"slot":0
[22:03:18.5362413][WARN/prepare_metric_for_sending.cpp:93] BAD METRIC: EARN; DATA: "amt":25000,"char":{"slot":0,"cash":77600,"bank":117427750,"evc":117505350,"pvc":0,"pxr":0.00000,"nonce":638434585921163798},"c":[-1615.53857,-3015.62598,-75.20506],"pt":3459459063,"vct":0,"vcp":0,"mid":0,"action":"NIGHTCLUB","cat":"INCOME","ctx":{}
[22:03:18.5362927][WARN/prepare_metric_for_sending.cpp:93] BAD METRIC: EARN; DATA: "amt":25000,"char":{"slot":0,"cash":77600,"bank":117427750,"evc":117505350,"pvc":0,"pxr":0.00000,"nonce":638434585921163798},"c":[-1615.53857,-3015.62598,-75.20506],"pt":3459459063,"vct":0,"vcp":0,"mid":0,"action":"NIGHTCLUB","cat":"INCOME","ctx":{}
[22:06:34.1223546][WARN/prepare_metric_for_sending.cpp:93] BAD METRIC: EARN; DATA: "amt":11000,"char":{"slot":0,"cash":77600,"bank":117438750,"evc":117516350,"pvc":0,"pxr":0.00000,"nonce":638434587876485637},"c":[-3022.15796,739.32764,16.63519],"pt":3459653963,"vct":0,"vcp":0,"mid":0,"action":"CLUB_MANAGEMENT_PARTICIPATION","cat":"NONE"
[22:06:34.1224165][WARN/prepare_metric_for_sending.cpp:93] BAD METRIC: EARN; DATA: "amt":11000,"char":{"slot":0,"cash":77600,"bank":117438750,"evc":117516350,"pvc":0,"pxr":0.00000,"nonce":638434587876485637},"c":[-3022.15796,739.32764,16.63519],"pt":3459653963,"vct":0,"vcp":0,"mid":0,"action":"CLUB_MANAGEMENT_PARTICIPATION","cat":"NONE"
[22:07:55.1765703][WARN/prepare_metric_for_sending.cpp:93] BAD METRIC: EARN; DATA: "amt":7007,"char":{"slot":0,"cash":77600,"bank":117445757,"evc":117523357,"pvc":0,"pxr":0.00000,"nonce":638434588688011933},"c":[-2967.54126,398.40445,15.08044],"pt":3459722594,"vct":0,"vcp":0,"mid":0,"action":"AMB_JOB","cat":"JOBS","ctx":{"desc":"RANDOM_
[22:07:55.1766142][WARN/prepare_metric_for_sending.cpp:93] BAD METRIC: EARN; DATA: "amt":7007,"char":{"slot":0,"cash":77600,"bank":117445757,"evc":117523357,"pvc":0,"pxr":0.00000,"nonce":638434588688011933},"c":[-2967.54126,398.40445,15.08044],"pt":3459722594,"vct":0,"vcp":0,"mid":0,"action":"AMB_JOB","cat":"JOBS","ctx":{"desc":"RANDOM_
[22:10:02.9228786][WARN/prepare_metric_for_sending.cpp:93] BAD METRIC: AWARD_XP; DATA: "amt":1200,"type":2658791846,"cat":1037279541,"pt":3459653963,"slot":0
[22:13:26.5725301][WARN/prepare_metric_for_sending.cpp:93] BAD METRIC: EARN; DATA: "amt":25000,"char":{"slot":0,"cash":77600,"bank":117463257,"evc":117540857,"pvc":0,"pxr":0.00000,"nonce":638434592002325924},"c":[-146.21758,-97.10557,55.04294],"pt":3460043663,"vct":0,"vcp":0,"mid":0,"action":"AMB_JOB","cat":"JOBS","ctx":{"desc":"ARMORED
[22:13:26.5725797][WARN/prepare_metric_for_sending.cpp:93] BAD METRIC: EARN; DATA: "amt":25000,"char":{"slot":0,"cash":77600,"bank":117463257,"evc":117540857,"pvc":0,"pxr":0.00000,"nonce":638434592002325924},"c":[-146.21758,-97.10557,55.04294],"pt":3460043663,"vct":0,"vcp":0,"mid":0,"action":"AMB_JOB","cat":"JOBS","ctx":{"desc":"ARMORED
[22:14:03.0446437][WARN/prepare_metric_for_sending.cpp:93] BAD METRIC: W_L; DATA: "c":[-151.90,-95.14,54.63],"wantedlvl":2
[22:14:03.0447190][WARN/prepare_metric_for_sending.cpp:93] BAD METRIC: AWARD_XP; DATA: "amt":1000,"type":2658791846,"cat":404533672,"pt":3460043663,"slot":0
[22:15:05.1587195][WARN/prepare_metric_for_sending.cpp:93] BAD METRIC: EARN; DATA: "amt":16,"char":{"slot":0,"cash":77616,"bank":117463257,"evc":117540873,"pvc":0,"pxr":0.00000,"nonce":638434592987674012},"c":[-474.40912,-729.44507,30.56297],"pt":3460143925,"vct":0,"vcp":0,"mid":0,"action":"PICKUP","cat":"PICKED_UP","ctx":{}
[22:15:05.1587655][WARN/prepare_metric_for_sending.cpp:93] BAD METRIC: EARN; DATA: "amt":16,"char":{"slot":0,"cash":77616,"bank":117463257,"evc":117540873,"pvc":0,"pxr":0.00000,"nonce":638434592987674012},"c":[-474.40912,-729.44507,30.56297],"pt":3460143925,"vct":0,"vcp":0,"mid":0,"action":"PICKUP","cat":"PICKED_UP","ctx":{}
[22:18:03.1093608][WARN/prepare_metric_for_sending.cpp:93] BAD METRIC: W_L; DATA: "c":[-470.42,-728.13,29.85],"wantedlvl":0
[22:18:03.1094055][WARN/prepare_metric_for_sending.cpp:93] BAD METRIC: AWARD_XP; DATA: "amt":200,"type":2892279813,"cat":3893038019,"pt":3460123892,"slot":0
[22:25:57.3020924][WARN/prepare_metric_for_sending.cpp:93] BAD METRIC: EARN; DATA: "amt":60000,"char":{"slot":0,"cash":77648,"bank":117488257,"evc":117565905,"pvc":0,"pxr":0.00000,"nonce":638434599510758304},"c":[-1940.13928,203.13260,85.21841],"pt":3460777218,"vct":0,"vcp":0,"mid":0,"action":"AUTOSHOP","cat":"BUSINESS","ctx":{
[22:25:57.3021569][WARN/prepare_metric_for_sending.cpp:93] BAD METRIC: EARN; DATA: "amt":60000,"char":{"slot":0,"cash":77648,"bank":117488257,"evc":117565905,"pvc":0,"pxr":0.00000,"nonce":638434599510758304},"c":[-1940.13928,203.13260,85.21841],"pt":3460777218,"vct":0,"vcp":0,"mid":0,"action":"AUTOSHOP","cat":"BUSINESS","ctx":{
[22:27:03.2895884][WARN/prepare_metric_for_sending.cpp:93] BAD METRIC: AWARD_XP; DATA: "amt":500,"type":2658791846,"cat":1814661405,"pt":3460777218,"slot":0
[22:32:03.3912599][WARN/prepare_metric_for_sending.cpp:93] BAD METRIC: W_L; DATA: "c":[-1937.85,252.90,84.82],"wantedlvl":1
[22:36:03.4913017][WARN/prepare_metric_for_sending.cpp:93] BAD METRIC: W_L; DATA: "c":[-1756.66,44.32,67.75],"wantedlvl":2
[22:36:03.4914459][WARN/prepare_metric_for_sending.cpp:93] BAD METRIC: W_L; DATA: "c":[-1218.33,-635.97,40.11],"wantedlvl":0
[22:36:03.4914553][WARN/prepare_metric_for_sending.cpp:93] BAD METRIC: AWARD_XP; DATA: "amt":200,"type":2892279813,"cat":3893038019,"pt":3461222118,"slot":0
[22:41:35.8843867][WARN/prepare_metric_for_sending.cpp:93] BAD METRIC: EARN; DATA: "amt":30,"char":{"slot":0,"cash":30,"bank":117561390,"evc":117561420,"pvc":0,"pxr":0.00000,"nonce":638434608894892620},"c":[-235.57520,-380.18637,29.90269],"pt":3461695198,"vct":0,"vcp":0,"mid":0,"action":"PICKUP","cat":"PICKED_UP","ctx":{},"tobank":false
[22:41:35.8844340][WARN/prepare_metric_for_sending.cpp:93] BAD METRIC: EARN; DATA: "amt":30,"char":{"slot":0,"cash":30,"bank":117561390,"evc":117561420,"pvc":0,"pxr":0.00000,"nonce":638434608894892620},"c":[-235.57520,-380.18637,29.90269],"pt":3461695198,"vct":0,"vcp":0,"mid":0,"action":"PICKUP","cat":"PICKED_UP","ctx":{},"tobank":false
[22:45:54.7883737][WARN/prepare_metric_for_sending.cpp:93] BAD METRIC: W_L; DATA: "c":[-235.73,-379.04,29.86],"wantedlvl":1
[22:45:54.7885950][WARN/prepare_metric_for_sending.cpp:93] BAD METRIC: W_L; DATA: "c":[-350.08,-136.29,38.72],"wantedlvl":0
[22:50:11.6664467][WARN/prepare_metric_for_sending.cpp:93] BAD METRIC: EARN; DATA: "amt":50000,"char":{"slot":0,"cash":50030,"bank":117560540,"evc":117610570,"pvc":0,"pxr":0.00000,"nonce":638434614052424558},"c":[-1615.76794,-3015.79858,-75.20506],"pt":3462190198,"vct":0,"vcp":0,"mid":0,"action":"NIGHTCLUB","cat":"INCOME","ctx":{}
[22:50:11.6665018][WARN/prepare_metric_for_sending.cpp:93] BAD METRIC: EARN; DATA: "amt":50000,"char":{"slot":0,"cash":50030,"bank":117560540,"evc":117610570,"pvc":0,"pxr":0.00000,"nonce":638434614052424558},"c":[-1615.76794,-3015.79858,-75.20506],"pt":3462190198,"vct":0,"vcp":0,"mid":0,"action":"NIGHTCLUB","cat":"INCOME","ctx":{}
[22:57:56.0629001][WARN/prepare_metric_for_sending.cpp:93] BAD METRIC: EARN; DATA: "amt":45000,"char":{"slot":0,"cash":500,"bank":117655070,"evc":117655570,"pvc":0,"pxr":0.00000,"nonce":638434618696943079},"c":[773.45880,-832.66339,25.76543],"pt":3462605006,"vct":0,"vcp":0,"mid":0,"action":"AGENCY","cat":"PHONE_HIT","ctx":{"type":6
[22:57:56.0629572][WARN/prepare_metric_for_sending.cpp:93] BAD METRIC: EARN; DATA: "amt":45000,"char":{"slot":0,"cash":500,"bank":117655070,"evc":117655570,"pvc":0,"pxr":0.00000,"nonce":638434618696943079},"c":[773.45880,-832.66339,25.76543],"pt":3462605006,"vct":0,"vcp":0,"mid":0,"action":"AGENCY","cat":"PHONE_HIT","ctx":{"type":6
[22:59:03.9388965][WARN/prepare_metric_for_sending.cpp:93] BAD METRIC: AWARD_XP; DATA: "amt":1000,"type":2658791846,"cat":3757759852,"pt":3462605006,"slot":0
[23:20:56.2879338][WARN/prepare_metric_for_sending.cpp:93] BAD METRIC: AWARD_XP; DATA: "amt":13898616,"type":3136273443,"cat":654913086,"pt":3463928537,"slot":0
[23:24:59.7615755][WARN/prepare_metric_for_sending.cpp:93] BAD METRIC: EARN; DATA: "amt":2000,"char":{"slot":0,"cash":0,"bank":116422685,"evc":116422685,"pvc":0,"pxr":0.00000,"nonce":638434634935090516},"c":[-933.15448,-193.80373,37.03588],"pt":3464161989,"vct":0,"vcp":0,"mid":0,"action":"DAILY_STASH","cat":"NONE","ctx":{"type":15}
[23:24:59.7616245][WARN/prepare_metric_for_sending.cpp:93] BAD METRIC: EARN; DATA: "amt":2000,"char":{"slot":0,"cash":0,"bank":116422685,"evc":116422685,"pvc":0,"pxr":0.00000,"nonce":638434634935090516},"c":[-933.15448,-193.80373,37.03588],"pt":3464161989,"vct":0,"vcp":0,"mid":0,"action":"DAILY_STASH","cat":"NONE","ctx":{"type":15}
[23:25:06.1106953][WARN/prepare_metric_for_sending.cpp:93] BAD METRIC: AWARD_XP; DATA: "amt":400,"type":2658791846,"cat":2058801719,"pt":3464161989,"slot":0
[23:29:23.6740453][DEBUG/script_function.cpp:35] Found pattern ML in script carmod_shop
[23:29:23.6789845][DEBUG/script_function.cpp:35] Found pattern SM in script carmod_shop
[23:35:04.7796909][WARN/prepare_metric_for_sending.cpp:93] BAD METRIC: W_L; DATA: "c":[-825.98,-359.35,37.31],"wantedlvl":1
[23:35:04.7797680][WARN/prepare_metric_for_sending.cpp:93] BAD METRIC: W_L; DATA: "c":[-946.41,-422.53,37.27],"wantedlvl":2
[23:35:04.7798236][WARN/prepare_metric_for_sending.cpp:93] BAD METRIC: W_L; DATA: "c":[726.20,-465.01,36.94],"wantedlvl":0
[23:35:04.7798307][WARN/prepare_metric_for_sending.cpp:93] BAD METRIC: AWARD_XP; DATA: "amt":200,"type":2892279813,"cat":3893038019,"pt":3464734578,"slot":0
[23:45:30.9554105][WARN/prepare_metric_for_sending.cpp:93] BAD METRIC: EARN; DATA: "amt":1304325,"char":{"slot":0,"cash":0,"bank":117721068,"evc":117721068,"pvc":0,"pxr":0.00000,"nonce":638434647251913920},"c":[-20.21337,-2692.72217,6.00430],"pt":3465365734,"vct":0,"vcp":0,"mid":0,"action":"BUSINESS_HUB_SELL","cat":"NONE","ctx":{"id":10
[23:45:30.9554640][WARN/prepare_metric_for_sending.cpp:93] BAD METRIC: EARN; DATA: "amt":1304325,"char":{"slot":0,"cash":0,"bank":117721068,"evc":117721068,"pvc":0,"pxr":0.00000,"nonce":638434647251913920},"c":[-20.21337,-2692.72217,6.00430],"pt":3465365734,"vct":0,"vcp":0,"mid":0,"action":"BUSINESS_HUB_SELL","cat":"NONE","ctx":{"id":10
[23:47:56.9624347][WARN/prepare_metric_for_sending.cpp:93] BAD METRIC: EARN; DATA: "amt":5831,"char":{"slot":0,"cash":0,"bank":117726899,"evc":117726899,"pvc":0,"pxr":0.00000,"nonce":638434648707066781},"c":[617.81464,-2024.86438,9.44782],"pt":3465514399,"vct":0,"vcp":0,"mid":0,"action":"AMB_JOB","cat":"JOBS","ctx":{"desc":"fm_content_m
[23:47:56.9624838][WARN/prepare_metric_for_sending.cpp:93] BAD METRIC: EARN; DATA: "amt":5831,"char":{"slot":0,"cash":0,"bank":117726899,"evc":117726899,"pvc":0,"pxr":0.00000,"nonce":638434648707066781},"c":[617.81464,-2024.86438,9.44782],"pt":3465514399,"vct":0,"vcp":0,"mid":0,"action":"AMB_JOB","cat":"JOBS","ctx":{"desc":"fm_content_m
[23:49:15.7680373][WARN/prepare_metric_for_sending.cpp:93] BAD METRIC: AWARD_XP; DATA: "amt":1500,"type":3419251281,"cat":1626430110,"pt":3465365734,"slot":0
[23:59:05.3329535][WARN/prepare_metric_for_sending.cpp:93] BAD METRIC: AWARD_XP; DATA: "amt":250,"type":2435321038,"cat":3446818566,"pt":3466129678,"slot":0
[23:59:05.3330165][WARN/prepare_metric_for_sending.cpp:93] BAD METRIC: W_L; DATA: "c":[1460.12,-1890.59,96.03],"wantedlvl":3
[00:02:28.1979415][WARN/prepare_metric_for_sending.cpp:93] BAD METRIC: EARN; DATA: "amt":15000,"char":{"slot":0,"cash":0,"bank":117741899,"evc":117741899,"pvc":0,"pxr":0.00000,"nonce":638434657417921885},"c":[2160.33496,-1096.02185,173.83490],"pt":3466340025,"vct":0,"vcp":0,"mid":0,"action":"AGENCY","cat":"PHONE_HIT","ctx":{"type":5
[00:02:28.1980715][WARN/prepare_metric_for_sending.cpp:93] BAD METRIC: EARN; DATA: "amt":15000,"char":{"slot":0,"cash":0,"bank":117741899,"evc":117741899,"pvc":0,"pxr":0.00000,"nonce":638434657417921885},"c":[2160.33496,-1096.02185,173.83490],"pt":3466340025,"vct":0,"vcp":0,"mid":0,"action":"AGENCY","cat":"PHONE_HIT","ctx":{"type":5
[00:04:05.4431333][WARN/prepare_metric_for_sending.cpp:93] BAD METRIC: ESVCS; DATA: "c":[1449.66,-1883.31,71.59],"name":353883353,"cd":[1449,-1883],"wlvl":3
[00:04:05.4432429][WARN/prepare_metric_for_sending.cpp:93] BAD METRIC: ESVCS; DATA: "c":[1045.35,-746.90,57.42],"name":353883353,"cd":[1045,-746],"wlvl":3
[00:04:05.4433138][WARN/prepare_metric_for_sending.cpp:93] BAD METRIC: W_L; DATA: "c":[2169.02,-1078.55,175.33],"wantedlvl":0
[00:04:05.4433288][WARN/prepare_metric_for_sending.cpp:93] BAD METRIC: AWARD_XP; DATA: "amt":300,"type":2892279813,"cat":3893038019,"pt":3466340025,"slot":0
[00:04:05.4433384][WARN/prepare_metric_for_sending.cpp:93] BAD METRIC: AWARD_XP; DATA: "amt":1000,"type":2658791846,"cat":3757759852,"pt":3466340025,"slot":0
[00:14:10.5632580][WARN/prepare_metric_for_sending.cpp:93] BAD METRIC: EARN; DATA: "amt":33,"char":{"slot":0,"cash":333,"bank":117732384,"evc":117732717,"pvc":0,"pxr":0.00000,"nonce":638434664444073295},"c":[-262.58270,-1406.68689,31.29898],"pt":3467037549,"vct":0,"vcp":0,"mid":0,"action":"PICKUP","cat":"PICKED_UP","ctx":{}
[00:14:10.5633087][WARN/prepare_metric_for_sending.cpp:93] BAD METRIC: EARN; DATA: "amt":33,"char":{"slot":0,"cash":333,"bank":117732384,"evc":117732717,"pvc":0,"pxr":0.00000,"nonce":638434664444073295},"c":[-262.58270,-1406.68689,31.29898],"pt":3467037549,"vct":0,"vcp":0,"mid":0,"action":"PICKUP","cat":"PICKED_UP","ctx":{}
[00:18:28.7530593][WARN/prepare_metric_for_sending.cpp:93] BAD METRIC: W_L; DATA: "c":[-554.84,-149.96,38.10],"wantedlvl":1
[00:18:28.7531128][WARN/prepare_metric_for_sending.cpp:93] BAD METRIC: W_L; DATA: "c":[-649.07,-475.98,34.62],"wantedlvl":2
[00:18:28.7531642][WARN/prepare_metric_for_sending.cpp:93] BAD METRIC: W_L; DATA: "c":[-742.15,-716.78,29.14],"wantedlvl":3
[00:20:16.3831640][WARN/prepare_metric_for_sending.cpp:93] BAD METRIC: W_L; DATA: "c":[-747.67,-1475.33,4.92],"wantedlvl":0
[00:20:16.3832053][WARN/prepare_metric_for_sending.cpp:93] BAD METRIC: AWARD_XP; DATA: "amt":300,"type":2892279813,"cat":3893038019,"pt":3467328292,"slot":0
[00:20:16.3832735][WARN/prepare_metric_for_sending.cpp:93] BAD METRIC: W_L; DATA: "c":[-747.67,-1475.33,4.92],"wantedlvl":2
[00:20:16.3833739][WARN/prepare_metric_for_sending.cpp:93] BAD METRIC: W_L; DATA: "c":[-1141.18,-1987.58,13.08],"wantedlvl":3
[00:20:16.3835430][WARN/prepare_metric_for_sending.cpp:93] BAD METRIC: W_L; DATA: "c":[-1053.36,-1900.98,13.21],"wantedlvl":0
[00:20:16.3836316][WARN/prepare_metric_for_sending.cpp:93] BAD METRIC: AWARD_XP; DATA: "amt":13902566,"type":3136273443,"cat":654913086,"pt":3467407432,"slot":0
[00:25:05.9224471][WARN/prepare_metric_for_sending.cpp:93] BAD METRIC: W_L; DATA: "c":[-249.22,-1088.55,24.45],"wantedlvl":1
[00:25:05.9225981][WARN/prepare_metric_for_sending.cpp:93] BAD METRIC: W_L; DATA: "c":[-242.94,-732.26,15.62],"wantedlvl":0
[00:25:05.9226074][WARN/prepare_metric_for_sending.cpp:93] BAD METRIC: AWARD_XP; DATA: "amt":100,"type":2892279813,"cat":3893038019,"pt":3467567663,"slot":0
[00:26:42.6978330][WARN/prepare_metric_for_sending.cpp:93] BAD METRIC: EARN; DATA: "amt":20000,"char":{"slot":0,"cash":0,"bank":117752217,"evc":117752217,"pvc":0,"pxr":0.00000,"nonce":638434671963262724},"c":[550.14471,2675.35767,42.19678],"pt":3467787506,"vct":0,"vcp":0,"mid":0,"action":"AMB_JOB","cat":"JOBS","ctx":{"desc":"fm_content_
[00:26:42.6978779][WARN/prepare_metric_for_sending.cpp:93] BAD METRIC: EARN; DATA: "amt":20000,"char":{"slot":0,"cash":0,"bank":117752217,"evc":117752217,"pvc":0,"pxr":0.00000,"nonce":638434671963262724},"c":[550.14471,2675.35767,42.19678],"pt":3467787506,"vct":0,"vcp":0,"mid":0,"action":"AMB_JOB","cat":"JOBS","ctx":{"desc":"fm_content_
[00:29:06.0008683][WARN/prepare_metric_for_sending.cpp:93] BAD METRIC: AWARD_XP; DATA: "amt":2500,"type":2658791846,"cat":404533672,"pt":3467787506,"slot":0
[00:29:06.0010167][WARN/prepare_metric_for_sending.cpp:93] BAD METRIC: AWARD_XP; DATA: "amt":1000,"type":2658791846,"cat":404533672,"pt":3467814165,"slot":0
[00:39:51.3361796][WARN/prepare_metric_for_sending.cpp:93] BAD METRIC: EARN; DATA: "amt":20000,"char":{"slot":0,"cash":0,"bank":117772217,"evc":117772217,"pvc":0,"pxr":0.00000,"nonce":638434679850833971},"c":[1172.37158,-2972.23096,5.29265],"pt":3468565179,"vct":0,"vcp":0,"mid":0,"action":"DAILY_VEH","cat":"AUTOSHOP","ctx":{
[00:39:51.3362276][WARN/prepare_metric_for_sending.cpp:93] BAD METRIC: EARN; DATA: "amt":20000,"char":{"slot":0,"cash":0,"bank":117772217,"evc":117772217,"pvc":0,"pxr":0.00000,"nonce":638434679850833971},"c":[1172.37158,-2972.23096,5.29265],"pt":3468565179,"vct":0,"vcp":0,"mid":0,"action":"DAILY_VEH","cat":"AUTOSHOP","ctx":{
[00:43:10.7466766][WARN/prepare_metric_for_sending.cpp:93] BAD METRIC: AWARD_XP; DATA: "amt":1000,"type":2435321038,"cat":3285634639,"pt":3468565179,"slot":0
[00:44:24.8969629][WARN/prepare_metric_for_sending.cpp:93] BAD METRIC: EARN; DATA: "amt":20000,"char":{"slot":0,"cash":0,"bank":117792217,"evc":117792217,"pvc":0,"pxr":0.00000,"nonce":638434682587976072},"c":[1170.55151,-2971.58203,5.61996],"pt":3468830602,"vct":0,"vcp":0,"mid":0,"action":"DAILY_VEH","cat":"AUTOSHOP","ctx":{
[00:44:24.8970071][WARN/prepare_metric_for_sending.cpp:93] BAD METRIC: EARN; DATA: "amt":20000,"char":{"slot":0,"cash":0,"bank":117792217,"evc":117792217,"pvc":0,"pxr":0.00000,"nonce":638434682587976072},"c":[1170.55151,-2971.58203,5.61996],"pt":3468830602,"vct":0,"vcp":0,"mid":0,"action":"DAILY_VEH","cat":"AUTOSHOP","ctx":{
[00:48:06.3453619][WARN/prepare_metric_for_sending.cpp:93] BAD METRIC: AWARD_XP; DATA: "amt":1000,"type":2435321038,"cat":3285634639,"pt":3468830602,"slot":0
[00:53:06.4357228][WARN/prepare_metric_for_sending.cpp:93] BAD METRIC: W_L; DATA: "c":[767.28,-2312.92,27.21],"wantedlvl":1
[00:53:06.4358012][WARN/prepare_metric_for_sending.cpp:93] BAD METRIC: W_L; DATA: "c":[820.15,-1863.86,29.31],"wantedlvl":2
[00:53:06.4359851][WARN/prepare_metric_for_sending.cpp:93] BAD METRIC: W_L; DATA: "c":[299.35,-172.10,58.11],"wantedlvl":0
[00:53:06.4359928][WARN/prepare_metric_for_sending.cpp:93] BAD METRIC: AWARD_XP; DATA: "amt":200,"type":2892279813,"cat":3893038019,"pt":3469346483,"slot":0
[01:05:13.2986506][WARN/prepare_metric_for_sending.cpp:93] BAD METRIC: EARN; DATA: "amt":2000,"char":{"slot":0,"cash":2000,"bank":117783202,"evc":117785202,"pvc":0,"pxr":0.00000,"nonce":638434695069401638},"c":[-290.06564,-115.86445,45.37270],"pt":3469924927,"vct":0,"vcp":0,"mid":0,"action":"BADSPORT","cat":"GOOD_SPORT","ctx":{}
[01:05:13.2987048][WARN/prepare_metric_for_sending.cpp:93] BAD METRIC: EARN; DATA: "amt":2000,"char":{"slot":0,"cash":2000,"bank":117783202,"evc":117785202,"pvc":0,"pxr":0.00000,"nonce":638434695069401638},"c":[-290.06564,-115.86445,45.37270],"pt":3469924927,"vct":0,"vcp":0,"mid":0,"action":"BADSPORT","cat":"GOOD_SPORT","ctx":{}
[01:24:10.9795950][WARN/prepare_metric_for_sending.cpp:93] BAD METRIC: EARN; DATA: "amt":45000,"char":{"slot":0,"cash":2000,"bank":117828132,"evc":117830132,"pvc":0,"pxr":0.00000,"nonce":638434706447594252},"c":[-416.15863,-1712.02014,19.50535],"pt":3470941211,"vct":0,"vcp":0,"mid":0,"action":"AGENCY","cat":"PHONE_HIT","ctx":{"type":0
[01:24:10.9797131][WARN/prepare_metric_for_sending.cpp:93] BAD METRIC: EARN; DATA: "amt":45000,"char":{"slot":0,"cash":2000,"bank":117828132,"evc":117830132,"pvc":0,"pxr":0.00000,"nonce":638434706447594252},"c":[-416.15863,-1712.02014,19.50535],"pt":3470941211,"vct":0,"vcp":0,"mid":0,"action":"AGENCY","cat":"PHONE_HIT","ctx":{"type":0
[01:25:07.1109887][WARN/prepare_metric_for_sending.cpp:93] BAD METRIC: AWARD_XP; DATA: "amt":250,"type":2435321038,"cat":3446818566,"pt":3470938280,"slot":0
[01:25:07.1110390][WARN/prepare_metric_for_sending.cpp:93] BAD METRIC: AWARD_XP; DATA: "amt":1000,"type":2658791846,"cat":3757759852,"pt":3470941211,"slot":0
[01:27:08.5136295][WARN/prepare_metric_for_sending.cpp:93] BAD METRIC: EARN; DATA: "amt":33600,"char":{"slot":0,"cash":33600,"bank":117830105,"evc":117863705,"pvc":0,"pxr":0.00000,"nonce":638434708223077905},"c":[1075.45776,-2284.00757,-46.59989],"pt":3471105740,"vct":0,"vcp":0,"mid":0,"action":"SALVAGE","cat":"INCOME","ctx":{}
[01:27:08.5137031][WARN/prepare_metric_for_sending.cpp:93] BAD METRIC: EARN; DATA: "amt":33600,"char":{"slot":0,"cash":33600,"bank":117830105,"evc":117863705,"pvc":0,"pxr":0.00000,"nonce":638434708223077905},"c":[1075.45776,-2284.00757,-46.59989],"pt":3471105740,"vct":0,"vcp":0,"mid":0,"action":"SALVAGE","cat":"INCOME","ctx":{}
[01:28:42.6961630][WARN/prepare_metric_for_sending.cpp:93] BAD METRIC: EARN; DATA: "amt":21430,"char":{"slot":0,"cash":55030,"bank":117830105,"evc":117885135,"pvc":0,"pxr":0.00000,"nonce":638434709164494468},"c":[2728.02368,-374.30295,-47.39749],"pt":3471183928,"vct":0,"vcp":0,"mid":0,"action":"ARCADE","cat":"ARCADE_AWARD","ctx":{
[01:28:42.6962143][WARN/prepare_metric_for_sending.cpp:93] BAD METRIC: EARN; DATA: "amt":21430,"char":{"slot":0,"cash":55030,"bank":117830105,"evc":117885135,"pvc":0,"pxr":0.00000,"nonce":638434709164494468},"c":[2728.02368,-374.30295,-47.39749],"pt":3471183928,"vct":0,"vcp":0,"mid":0,"action":"ARCADE","cat":"ARCADE_AWARD","ctx":{
[01:30:42.6015177][WARN/prepare_metric_for_sending.cpp:93] BAD METRIC: EARN; DATA: "amt":80000,"char":{"slot":0,"cash":135030,"bank":117830105,"evc":117965135,"pvc":0,"pxr":0.00000,"nonce":638434710362612180},"c":[-578.09857,-715.08887,116.80526],"pt":3471293784,"vct":0,"vcp":0,"mid":0,"action":"AGENCY","cat":"INCOME","ctx":{}
[01:30:42.6015661][WARN/prepare_metric_for_sending.cpp:93] BAD METRIC: EARN; DATA: "amt":80000,"char":{"slot":0,"cash":135030,"bank":117830105,"evc":117965135,"pvc":0,"pxr":0.00000,"nonce":638434710362612180},"c":[-578.09857,-715.08887,116.80526],"pt":3471293784,"vct":0,"vcp":0,"mid":0,"action":"AGENCY","cat":"INCOME","ctx":{}
[01:32:22.5343404][WARN/prepare_metric_for_sending.cpp:93] BAD METRIC: EARN; DATA: "amt":120000,"char":{"slot":0,"cash":255030,"bank":117830105,"evc":118085135,"pvc":0,"pxr":0.00000,"nonce":638434711362758000},"c":[-1615.69800,-3015.74805,-75.20506],"pt":3471378508,"vct":0,"vcp":0,"mid":0,"action":"NIGHTCLUB","cat":"INCOME","ctx":{}
[01:32:22.5344049][WARN/prepare_metric_for_sending.cpp:93] BAD METRIC: EARN; DATA: "amt":120000,"char":{"slot":0,"cash":255030,"bank":117830105,"evc":118085135,"pvc":0,"pxr":0.00000,"nonce":638434711362758000},"c":[-1615.69800,-3015.74805,-75.20506],"pt":3471378508,"vct":0,"vcp":0,"mid":0,"action":"NIGHTCLUB","cat":"INCOME","ctx":{}
[01:33:06.0634902][INFO/main.cpp:200] Scripts unregistered.
[01:33:06.0641771][INFO/main.cpp:203] Lua manager uninitialized.
[01:33:06.1286301][INFO/main.cpp:206] Hooking disabled.
[01:33:06.1297152][INFO/main.cpp:209] Dynamic native hooker uninitialized.
[01:33:06.1297441][DEBUG/thread_pool.cpp:109] Thread 12920 exiting...
[01:33:06.1297728][DEBUG/thread_pool.cpp:109] Thread 2564 exiting...
[01:33:06.1298158][DEBUG/thread_pool.cpp:109] Thread 17372 exiting...
[01:33:06.2662422][DEBUG/thread_pool.cpp:109] Thread 16324 exiting...
[01:33:06.2666915][INFO/main.cpp:214] Destroyed thread pool.
[01:33:06.2667039][INFO/main.cpp:217] Script Connection Service reset.
[01:33:06.2800681][INFO/main.cpp:219] Tunables Service reset.
[01:33:06.2800941][INFO/main.cpp:221] Hotkey Service reset.
[01:33:06.2800982][INFO/main.cpp:223] Matchmaking Service reset.
[01:33:06.2807324][INFO/main.cpp:225] Player Database Service reset.
[01:33:06.2810116][INFO/main.cpp:227] API Service reset.
[01:33:06.3310375][INFO/main.cpp:229] Script Patcher Service reset.
[01:33:06.3311054][INFO/main.cpp:231] Gui Service reset.
[01:33:06.3349884][INFO/main.cpp:233] GTA Data Service reset.
[01:33:06.3350307][INFO/main.cpp:235] Vehicle Service reset.
[01:33:06.3350527][INFO/main.cpp:237] Model Preview Service reset.
[01:33:06.3353372][INFO/main.cpp:239] Mobile Service reset.
[01:33:06.3353492][INFO/main.cpp:241] Player Service reset.
[01:33:06.3353658][INFO/main.cpp:243] Pickup Service reset.
[01:33:06.3359763][INFO/main.cpp:245] Custom Text Service reset.
[01:33:06.3366342][INFO/main.cpp:247] Context Service reset.
[01:33:06.3370634][INFO/main.cpp:249] Xml Vehicles Service reset.
[01:33:06.3370694][INFO/main.cpp:250] Services uninitialized.
[01:33:06.3371213][INFO/main.cpp:253] Hooking uninitialized.
[01:33:06.3371464][INFO/main.cpp:256] Fiber pool uninitialized.
[01:33:06.3842550][INFO/main.cpp:259] Renderer uninitialized.
[01:33:06.3850257][INFO/main.cpp:262] Byte Patch Manager uninitialized.
[01:33:06.3850475][INFO/main.cpp:265] Pointers uninitialized.
[01:33:06.3850553][INFO/main.cpp:268] Thread pool uninitialized.
[01:33:06.3850585][INFO/main.cpp:270] Farewell!
