[20:21:35.2680888][INFO/main.cpp:159] Yim's Menu Initializing
[20:21:35.2681281][INFO/main.cpp:160] Git Info
	Branch:	master
	Hash:	d737c01b333f349ff9d4803784fee1051ee93cb9
	Date:	Tue Feb 20 18:29:02 2024
[20:21:35.2682710][INFO/main.cpp:172] Windows 10 Home Version 22H2 (OS Build 19045.4046)
[20:21:35.2727638][DEBUG/thread_pool.cpp:22] Resizing thread pool from 0 to 4
[20:21:35.2729733][INFO/main.cpp:180] Thread pool initialized.
[20:21:35.2760022][INFO/settings.cpp:76] Updating settings.
[20:21:35.2778195][INFO/main.cpp:183] Settings Loaded.
[20:21:35.2778322][DEBUG/thread_pool.cpp:96] Thread 15964 executing settings.cpp:12
[20:21:35.2799960][INFO/batch.hpp:106] Found 'ISA' GTA5.exe+0xF193
[20:21:35.2834221][INFO/batch.hpp:106] Found 'GS' GTA5.exe+0x2C66D4
[20:21:35.2840501][INFO/batch.hpp:106] Found 'PF' GTA5.exe+0x73508C
[20:21:35.2847326][INFO/batch.hpp:106] Found 'SR' GTA5.exe+0x16C993
[20:21:35.2864590][INFO/batch.hpp:106] Found 'SGL' GTA5.exe+0x6D9014
[20:21:35.2873921][INFO/batch.hpp:106] Found 'GL' GTA5.exe+0x6D9020
[20:21:35.2918347][INFO/batch.hpp:106] Found 'FV' GTA5.exe+0x161DBA0
[20:21:35.2970364][INFO/batch.hpp:106] Found 'NPM' GTA5.exe+0x10B1B94
[20:21:35.2995711][INFO/batch.hpp:106] Found 'SP' GTA5.exe+0xA4B929
[20:21:35.2998795][INFO/batch.hpp:106] Found 'NRF' GTA5.exe+0x1BB87
[20:21:35.3008257][INFO/batch.hpp:106] Found 'ST' GTA5.exe+0x1620B6F
[20:21:35.3052897][INFO/batch.hpp:106] Found 'S' GTA5.exe+0x138E3D9
[20:21:35.3072461][INFO/batch.hpp:106] Found 'NH' GTA5.exe+0x1620C19
[20:21:35.3083812][INFO/batch.hpp:106] Found 'CGSHM' GTA5.exe+0x16254D9
[20:21:35.3086975][INFO/batch.hpp:106] Found 'GTS' GTA5.exe+0x1620688
[20:21:35.3087782][INFO/batch.hpp:106] Found 'SG' GTA5.exe+0x16204C0
[20:21:35.3100118][INFO/batch.hpp:106] Found 'TSE' GTA5.exe+0xD93FFC
[20:21:35.3104498][INFO/batch.hpp:106] Found 'TK' GTA5.exe+0xA4FA1C
[20:21:35.3118015][INFO/batch.hpp:106] Found 'OQ' GTA5.exe+0x5703BE
[20:21:35.3124022][INFO/batch.hpp:106] Found 'RBB' GTA5.exe+0x6705A8
[20:21:35.3180820][INFO/batch.hpp:106] Found 'RBS' GTA5.exe+0x132C5EC
[20:21:35.3182369][INFO/batch.hpp:106] Found 'RBWD' GTA5.exe+0x10DD39D
[20:21:35.3191421][INFO/batch.hpp:106] Found 'WBD' GTA5.exe+0x13E6874
[20:21:35.3194595][INFO/batch.hpp:106] Found 'WBQ' GTA5.exe+0x1334130
[20:21:35.3202534][INFO/batch.hpp:106] Found 'RBA' GTA5.exe+0x132C2C8
[20:21:35.3260283][INFO/batch.hpp:106] Found 'WPGSDN' GTA5.exe+0x1184050
[20:21:35.3300873][INFO/batch.hpp:106] Found 'SEA' GTA5.exe+0x16DAE99
[20:21:35.3333790][INFO/batch.hpp:106] Found 'WBI64' GTA5.exe+0x1134B35
[20:21:35.3387888][INFO/batch.hpp:106] Found 'PTH' GTA5.exe+0x1624F95
[20:21:35.3397526][INFO/batch.hpp:106] Found 'RC' GTA5.exe+0x146419C
[20:21:35.3438746][INFO/batch.hpp:106] Found 'GSH' GTA5.exe+0x162643C
[20:21:35.3439200][INFO/batch.hpp:106] Found 'CNOM' GTA5.exe+0xB299F0
[20:21:35.3443659][INFO/batch.hpp:106] Found 'WBI32' GTA5.exe+0x11339F7
[20:21:35.3475899][INFO/batch.hpp:106] Found 'WBB' GTA5.exe+0x11334F8
[20:21:35.3521050][INFO/batch.hpp:106] Found 'NPMI' GTA5.exe+0x118EE4F
[20:21:35.3545903][INFO/batch.hpp:106] Found 'GSCFWC' GTA5.exe+0xA4AA9C
[20:21:35.3551918][INFO/batch.hpp:106] Found 'WBA' GTA5.exe+0x16C169A
[20:21:35.3553729][INFO/batch.hpp:106] Found 'GPR' GTA5.exe+0x114F69C
[20:21:35.3634999][INFO/batch.hpp:106] Found 'API' GTA5.exe+0x16DD5B8
[20:21:35.3641336][INFO/batch.hpp:106] Found 'GNED' GTA5.exe+0x1A30070
[20:21:35.3653335][INFO/batch.hpp:106] Found 'RNM' GTA5.exe+0x13FCF95
[20:21:35.3689206][INFO/batch.hpp:106] Found 'RCS/GSTFT/GNOFP/GNO/GSTI' GTA5.exe+0x119A67C
[20:21:35.3690327][INFO/batch.hpp:106] Found 'REH' GTA5.exe+0x16D720C
[20:21:35.3691610][INFO/batch.hpp:106] Found 'MHT' GTA5.exe+0xB4CE
[20:21:35.3730168][INFO/batch.hpp:106] Found 'CAD' GTA5.exe+0x1199F7E
[20:21:35.3751907][INFO/batch.hpp:106] Found 'WPGDN' GTA5.exe+0x1184B98
[20:21:35.3758961][INFO/batch.hpp:106] Found 'GGCC' GTA5.exe+0xA7FCDA
[20:21:35.3764933][INFO/batch.hpp:106] Found 'FR' GTA5.exe+0xCEAB78
[20:21:35.3776350][INFO/batch.hpp:106] Found 'NPMS' GTA5.exe+0x11C3AD2
[20:21:35.3783262][INFO/batch.hpp:106] Found 'RCC' GTA5.exe+0x11996E0
[20:21:35.3802822][INFO/batch.hpp:106] Found 'GLT' GTA5.exe+0xDB678F
[20:21:35.3868304][INFO/batch.hpp:106] Found 'FPFC' GTA5.exe+0x131C552
[20:21:35.3871545][INFO/batch.hpp:106] Found 'RBIST' GTA5.exe+0x1199860
[20:21:35.3891888][INFO/batch.hpp:106] Found 'FDGD' GTA5.exe+0x131FB9B
[20:21:35.3913789][INFO/batch.hpp:106] Found 'SCP' GTA5.exe+0x2F5104
[20:21:35.3931219][INFO/batch.hpp:106] Found 'FPFD' GTA5.exe+0x131C7BC
[20:21:35.3933143][INFO/batch.hpp:106] Found 'IMCD' GTA5.exe+0x53F00D
[20:21:35.3978498][INFO/batch.hpp:106] Found 'MCF' GTA5.exe+0x169AD6E
[20:21:35.3987614][INFO/batch.hpp:106] Found 'SCM' GTA5.exe+0x10C3F49
[20:21:35.3991306][INFO/batch.hpp:106] Found 'SGSBGH' GTA5.exe+0x443D7C
[20:21:35.4001011][INFO/batch.hpp:106] Found 'GMI' GTA5.exe+0x1672C56
[20:21:35.4004589][INFO/batch.hpp:106] Found 'FPU&FPCA&FPOA&FPM' GTA5.exe+0x806092
[20:21:35.4020480][INFO/batch.hpp:106] Found 'GGOS' GTA5.exe+0x14640B4
[20:21:35.4053147][INFO/batch.hpp:106] Found 'N' GTA5.exe+0x107B10D
[20:21:35.4055448][INFO/batch.hpp:106] Found 'NC' GTA5.exe+0x441419
[20:21:35.4086618][INFO/batch.hpp:106] Found 'JSBI' GTA5.exe+0x110C2EB
[20:21:35.4114337][INFO/batch.hpp:106] Found 'SGSBGH' GTA5.exe+0x14726CE
[20:21:35.4194715][INFO/batch.hpp:106] Found 'SPBGH' GTA5.exe+0x4428BE
[20:21:35.4215067][INFO/batch.hpp:106] Found 'IPBGH' GTA5.exe+0x441434
[20:21:35.4242730][INFO/batch.hpp:106] Found 'VM' GTA5.exe+0x16204CA
[20:21:35.4289414][INFO/batch.hpp:106] Found 'RENC' GTA5.exe+0x142983A
[20:21:35.4338351][INFO/batch.hpp:106] Found 'C' GTA5.exe+0xCECBEC
[20:21:35.4381184][INFO/batch.hpp:106] Found 'WJRD' GTA5.exe+0x111264B
[20:21:35.4388609][INFO/batch.hpp:106] Found 'HT' GTA5.exe+0x1464E65
[20:21:35.4391200][INFO/batch.hpp:106] Found 'GU' GTA5.exe+0x1492662
[20:21:35.4394163][INFO/batch.hpp:106] Found 'AFBGH' GTA5.exe+0x1071E28
[20:21:35.4459636][INFO/batch.hpp:106] Found 'PMFR' GTA5.exe+0x147D0D4
[20:21:35.4470304][INFO/batch.hpp:106] Found 'PGI' GTA5.exe+0x14820E8
[20:21:35.4473471][INFO/batch.hpp:106] Found 'PIGI' GTA5.exe+0x10BDE9F
[20:21:35.4475093][INFO/batch.hpp:106] Found 'SPDM' GTA5.exe+0x11AFB24
[20:21:35.4496957][INFO/batch.hpp:106] Found 'QP' GTA5.exe+0x14218A2
[20:21:35.4497809][INFO/batch.hpp:106] Found 'SJRM' GTA5.exe+0x1299082
[20:21:35.4566287][INFO/batch.hpp:106] Found 'SGS' GTA5.exe+0x1126A2C
[20:21:35.4568892][INFO/batch.hpp:106] Found 'GCP' GTA5.exe+0x1403FAC
[20:21:35.4588987][INFO/batch.hpp:106] Found 'HJR' GTA5.exe+0x11115B4
[20:21:35.4602174][INFO/batch.hpp:106] Found 'SND' GTA5.exe+0xF63023
[20:21:35.4615950][INFO/batch.hpp:106] Found 'STOPVT' GTA5.exe+0x6A10AC
[20:21:35.4616442][INFO/batch.hpp:106] Found 'SRGC' GTA5.exe+0x120C8EB
[20:21:35.4620292][INFO/batch.hpp:106] Found 'HRGC' GTA5.exe+0x120550C
[20:21:35.4627520][INFO/batch.hpp:106] Found 'RC' GTA5.exe+0xF94320
[20:21:35.4642431][INFO/batch.hpp:106] Found 'CD' GTA5.exe+0x1906D7
[20:21:35.4650711][INFO/batch.hpp:106] Found 'RR' GTA5.exe+0xC1CAF3
[20:21:35.4653808][INFO/batch.hpp:106] Found 'IDC' GTA5.exe+0x67D4F4
[20:21:35.4682524][INFO/batch.hpp:106] Found 'SPT' GTA5.exe+0xB8AE24
[20:21:35.4697762][INFO/batch.hpp:106] Found 'SSMA' GTA5.exe+0x1474F68
[20:21:35.4746955][INFO/batch.hpp:106] Found 'TAC' GTA5.exe+0xAF7CA4
[20:21:35.4762100][INFO/batch.hpp:106] Found 'LCF' GTA5.exe+0x5DD9B8
[20:21:35.4779215][INFO/batch.hpp:106] Found 'MFO' GTA5.exe+0xA78A2B
[20:21:35.4781788][INFO/batch.hpp:106] Found 'DSI' GTA5.exe+0x14740FC
[20:21:35.4782461][INFO/batch.hpp:106] Found 'DPI' GTA5.exe+0x14022B0
[20:21:35.4787844][INFO/batch.hpp:106] Found 'ESI' GTA5.exe+0x1184CBA
[20:21:35.4807630][INFO/batch.hpp:106] Found 'BNA' GTA5.exe+0x16E760C
[20:21:35.4821052][INFO/batch.hpp:106] Found 'SJD' GTA5.exe+0xA93F24
[20:21:35.4822033][INFO/batch.hpp:106] Found 'SAACF' GTA5.exe+0xA94380
[20:21:35.4841197][INFO/batch.hpp:106] Found 'QD' GTA5.exe+0x130AF04
[20:21:35.4860632][INFO/batch.hpp:106] Found 'PMFS' GTA5.exe+0x145FFA4
[20:21:35.4881637][INFO/batch.hpp:106] Found 'SP' GTA5.exe+0x141F260
[20:21:35.4885882][INFO/batch.hpp:106] Found 'NT' GTA5.exe+0xCDCC0E
[20:21:35.4901927][INFO/batch.hpp:106] Found 'CTP' GTA5.exe+0x141136C
[20:21:35.4922979][INFO/batch.hpp:106] Found 'RS' GTA5.exe+0xD17805
[20:21:35.4944410][INFO/batch.hpp:106] Found 'GEAT' GTA5.exe+0xA92E00
[20:21:35.4948176][INFO/batch.hpp:106] Found 'TPO' GTA5.exe+0xBC6C8E
[20:21:35.4980506][INFO/batch.hpp:106] Found 'RAU' GTA5.exe+0x16D84CC
[20:21:35.4992595][INFO/batch.hpp:106] Found 'WPCDN' GTA5.exe+0x1176910
[20:21:35.5004313][INFO/batch.hpp:106] Found 'SCI' GTA5.exe+0x144E77B
[20:21:35.5022341][INFO/batch.hpp:106] Found 'FPC2' GTA5.exe+0x14A6937
[20:21:35.5022967][INFO/batch.hpp:106] Found 'ICF' GTA5.exe+0xAAFB6B
[20:21:35.5026088][INFO/batch.hpp:106] Found 'CPTN' GTA5.exe+0xD672F0
[20:21:35.5031370][INFO/batch.hpp:106] Found 'HSR' GTA5.exe+0x1425B18
[20:21:35.5036188][INFO/batch.hpp:106] Found 'SPCS' GTA5.exe+0x113AAB8
[20:21:35.5040812][INFO/batch.hpp:106] Found 'SS' GTA5.exe+0x1077518
[20:21:35.5086404][INFO/batch.hpp:106] Found 'EAD' GTA5.exe+0x1205924
[20:21:35.5096747][INFO/batch.hpp:106] Found 'WPADN' GTA5.exe+0x1183728
[20:21:35.5109472][INFO/batch.hpp:106] Found 'SNT' GTA5.exe+0x1429FED
[20:21:35.5126487][INFO/batch.hpp:106] Found 'WVPMDN' GTA5.exe+0x118A2F4
[20:21:35.5128415][INFO/batch.hpp:106] Found 'GVOV' GTA5.exe+0x2E7BEC
[20:21:35.5136399][INFO/batch.hpp:106] Found 'WPCDN' GTA5.exe+0x1183BEC
[20:21:35.5137222][INFO/batch.hpp:106] Found 'PRP' GTA5.exe+0x118F2F
[20:21:35.5140468][INFO/batch.hpp:106] Found 'MO' GTA5.exe+0x114F398
[20:21:35.5162144][INFO/batch.hpp:106] Found 'PEP' GTA5.exe+0x9BBE87
[20:21:35.5162417][INFO/batch.hpp:106] Found 'VEP' GTA5.exe+0xD6A141
[20:21:35.5168677][INFO/batch.hpp:106] Found 'HCM' GTA5.exe+0x2D5FF8
[20:21:35.5182984][INFO/batch.hpp:106] Found 'AWIV' GTA5.exe+0xF134B3
[20:21:35.5193627][INFO/batch.hpp:106] Found 'L&UL' GTA5.exe+0x1A43D0
[20:21:35.5213323][INFO/batch.hpp:106] Found 'DSCC' GTA5.exe+0x1206A4D
[20:21:35.5228383][INFO/batch.hpp:106] Found 'FPCR' GTA5.exe+0x11564C7
[20:21:35.5240921][INFO/batch.hpp:106] Found 'GHAHBI' GTA5.exe+0x1626510
[20:21:35.5248558][INFO/batch.hpp:106] Found 'TFC' GTA5.exe+0xC22919
[20:21:35.5270087][INFO/batch.hpp:106] Found 'AMR&CMTFM' GTA5.exe+0x13F4480
[20:21:35.5296809][INFO/batch.hpp:106] Found 'RPI' GTA5.exe+0x6B8204
[20:21:35.5319965][INFO/batch.hpp:106] Found 'TJC' GTA5.exe+0xB022D8
[20:21:35.5321366][INFO/batch.hpp:106] Found 'RE' GTA5.exe+0x508CE8
[20:21:35.5334999][INFO/batch.hpp:106] Found 'RE' GTA5.exe+0x511FDC
[20:21:35.5376407][INFO/batch.hpp:106] Found 'RP' GTA5.exe+0x516668
[20:21:35.5377859][INFO/batch.hpp:106] Found 'RR' GTA5.exe+0x1EB08
[20:21:35.5400332][INFO/batch.hpp:106] Found 'RBS' GTA5.exe+0x132C898
[20:21:35.5407048][INFO/batch.hpp:106] Found 'SNPPD' GTA5.exe+0x16DC022
[20:21:35.5416787][INFO/batch.hpp:106] Found 'NHM' GTA5.exe+0x10C41F9
[20:21:35.5443236][INFO/batch.hpp:106] Found 'RBS' GTA5.exe+0x11C037C
[20:21:35.5456328][INFO/batch.hpp:106] Found 'DHM' GTA5.exe+0x801F47
[20:21:35.5457348][INFO/batch.hpp:106] Found 'ASA' GTA5.exe+0x114E5A0
[20:21:35.5467531][INFO/batch.hpp:106] Found 'PD' GTA5.exe+0x144E5A9
[20:21:35.5496415][INFO/batch.hpp:106] Found 'TCA' GTA5.exe+0xF6411E
[20:21:35.5521232][INFO/batch.hpp:106] Found 'CDBE' GTA5.exe+0x1138C3C
[20:21:35.5525323][INFO/batch.hpp:106] Found 'IPP' GTA5.exe+0x925D66
[20:21:35.5540113][INFO/batch.hpp:106] Found 'DO' GTA5.exe+0x754298
[20:21:35.5553059][INFO/batch.hpp:106] Found 'NEM&CEQ&NEP&GNPI&QNE' GTA5.exe+0x115071F
[20:21:35.5558426][INFO/batch.hpp:106] Found 'DP' GTA5.exe+0xCFDBAC
[20:21:35.5562728][INFO/batch.hpp:106] Found 'FRC' GTA5.exe+0x14047F3
[20:21:35.5565703][INFO/batch.hpp:106] Found 'DV' GTA5.exe+0xD95BB8
[20:21:35.5580741][INFO/batch.hpp:106] Found 'MWL' GTA5.exe+0x5DF7A3
[20:21:35.5586658][INFO/batch.hpp:106] Found 'CW' GTA5.exe+0x166DD7
[20:21:35.5604571][INFO/batch.hpp:106] Found 'IMSV' GTA5.exe+0x110A474
[20:21:35.5651402][INFO/batch.hpp:106] Found 'RMFQ&RMFUR' GTA5.exe+0x141C12A
[20:21:35.5651745][INFO/batch.hpp:106] Found 'EP' GTA5.exe+0xA75A0F
[20:21:35.5657351][INFO/batch.hpp:106] Found 'BE' GTA5.exe+0xA7590F
[20:21:35.5702044][INFO/batch.hpp:106] Found 'BP' GTA5.exe+0x16E7813
[20:21:35.5722898][INFO/batch.hpp:106] Found 'RAI' GTA5.exe+0x1288BFA
[20:21:35.5745156][INFO/batch.hpp:106] Found 'WMSB' GTA5.exe+0xCFECD3
[20:21:35.5816414][INFO/batch.hpp:106] Found 'CTSHP' GTA5.exe+0xA4969E
[20:21:35.5818120][INFO/batch.hpp:106] Found 'SOD' GTA5.exe+0x12B03A1
[20:21:35.5837351][INFO/batch.hpp:106] Found 'DC' GTA5.exe+0x14B663B
[20:21:35.5837870][INFO/batch.hpp:106] Found 'DT' GTA5.exe+0x13E4
[20:21:35.5959726][INFO/batch.hpp:106] Found 'GTCE0MB' GTA5.exe+0x1326700
[20:21:35.5990342][INFO/batch.hpp:106] Found 'VEHMMGR' GTA5.exe+0xFD4981
[20:21:35.5996593][INFO/batch.hpp:106] Found 'SWL' GTA5.exe+0x114E618
[20:21:35.6001918][INFO/batch.hpp:106] Found 'BLPLST' GTA5.exe+0x2C7580
[20:21:35.6025349][INFO/batch.hpp:106] Found 'SVM1' GTA5.exe+0x161F9BB
[20:21:35.6042537][INFO/batch.hpp:106] Found 'SVM3&4' GTA5.exe+0x161F982
[20:21:35.6052923][INFO/batch.hpp:106] Found 'FEE' GTA5.exe+0x16C5989
[20:21:35.6060147][INFO/batch.hpp:106] Found 'GS' GTA5.exe+0x27B56
[20:21:35.6072107][INFO/batch.hpp:106] Found 'NS' GTA5.exe+0x8A555
[20:21:35.6109854][INFO/batch.hpp:106] Found 'E0MB' GTA5.exe+0x1321736
[20:21:35.6141675][INFO/batch.hpp:106] Found 'SVM5&6' GTA5.exe+0x161FAC9
[20:21:35.6146440][INFO/batch.hpp:106] Found 'GPS' GTA5.exe+0x83BF39
[20:21:35.6173069][INFO/batch.hpp:106] Found 'CT' GTA5.exe+0x1309060
[20:21:35.6179762][INFO/batch.hpp:106] Found 'ASAP' GTA5.exe+0x114A110
[20:21:35.6230782][INFO/batch.hpp:106] Found 'TCYCL' GTA5.exe+0xE54FFC
[20:21:35.6334387][INFO/batch.hpp:106] Found 'SVM2' GTA5.exe+0x161FB16
[20:21:35.6533208][INFO/batch.hpp:106] Found 'ISCOA' GTA5.exe+0x13BCE16
[20:21:35.6719381][INFO/batch.hpp:106] Found 'DCLMGR' GTA5.exe+0xE2650C
[20:21:35.6719852][INFO/pointers.hpp:79] Pointers cache: saved 215 fields to the cache
[20:21:35.6725903][DEBUG/module.cpp:50] Waiting for socialclub.dll...
[20:21:35.6735752][INFO/batch.hpp:106] Found 'SGPA' GTA5.exe+0x1C1F48
[20:21:35.6748157][INFO/batch.hpp:106] Found 'RAP' GTA5.exe+0x1D7FA8
[20:21:35.6760186][INFO/batch.hpp:106] Found 'PD' GTA5.exe+0x12A2EA
[20:21:35.6760691][INFO/pointers.hpp:79] Pointers cache: saved 5 fields to the cache
[20:21:35.6767207][INFO/main.cpp:186] Pointers initialized.
[20:21:35.6767352][INFO/main.cpp:193] Disabled anticheat gameskeleton.
[20:21:35.6771745][INFO/main.cpp:196] Byte Patch Manager initialized.
[20:21:36.2356975][INFO/main.cpp:199] Renderer initialized.
[20:21:36.4749919][INFO/main.cpp:203] Fiber pool initialized.
[20:21:36.4759197][INFO/main.cpp:206] HTTP Client initialized.
[20:21:36.6348155][INFO/translation_service.cpp:38] Languages outdated, downloading new translations.
[20:21:36.7292677][INFO/main.cpp:209] Translation Service initialized.
[20:21:36.7543929][INFO/main.cpp:212] Hooking initialized.
[20:21:36.7855078][DEBUG/gta_data_service.cpp:160] Loading data from cache.
[20:21:36.7855294][INFO/gta_data_service.cpp:172] Loading 1051 peds from cache.
[20:21:36.7863019][INFO/gta_data_service.cpp:190] Loading 843 vehicles from cache.
[20:21:36.7869481][INFO/gta_data_service.cpp:207] Loading 119 weapons from cache.
[20:21:36.7869560][INFO/gta_data_service.cpp:208] Loading 380 weapon components from cache.
[20:21:36.7869796][DEBUG/gta_data_service.cpp:166] Loaded all data from cache.
[20:21:36.7971091][DEBUG/thread_pool.cpp:96] Thread 8736 executing player_database_service.cpp:285
[20:21:36.7972981][INFO/main.cpp:233] Registered service instances...
[20:21:36.7974671][INFO/main.cpp:254] Scripts registered.
[20:21:36.8608627][INFO/main.cpp:257] Hooking enabled.
[20:21:36.8629762][INFO/main.cpp:260] Dynamic native hooker initialized.
[20:21:36.8635074][INFO/main.cpp:264] Lua manager initialized.
[20:21:41.3369635][INFO/queue_dependency.cpp:63] Blocking AC Verifier 9621f0
[20:21:41.3370221][INFO/queue_dependency.cpp:63] Blocking AC Verifier a668ec
[20:21:41.3376619][INFO/queue_dependency.cpp:63] Blocking AC Verifier 66f724
[20:21:41.3376794][INFO/queue_dependency.cpp:63] Blocking AC Verifier 66f74c
[20:21:41.3377047][INFO/queue_dependency.cpp:63] Blocking AC Verifier 318b98
[20:21:41.3377171][INFO/queue_dependency.cpp:63] Blocking AC Verifier 66f774
[20:21:41.3377265][INFO/queue_dependency.cpp:63] Blocking AC Verifier 66f6fc
[20:21:41.3386618][INFO/queue_dependency.cpp:63] Blocking AC Verifier 335458
[20:21:41.3386865][INFO/queue_dependency.cpp:63] Blocking AC Verifier 335430
[20:21:41.3386999][INFO/queue_dependency.cpp:63] Blocking AC Verifier 4012b8
[20:21:41.3396855][INFO/queue_dependency.cpp:63] Blocking AC Verifier 45acf4
[20:21:41.3398864][INFO/queue_dependency.cpp:63] Blocking AC Verifier 459f38
[20:21:41.3399014][INFO/queue_dependency.cpp:63] Blocking AC Verifier 5ca880
[20:21:44.5219476][INFO/backend.cpp:53] Starting script: Self
[20:21:44.5219852][INFO/backend.cpp:78] Starting script: Weapons
[20:21:44.5220187][INFO/backend.cpp:101] Starting script: Vehicles
[20:21:44.5220430][INFO/backend.cpp:117] Starting script: Miscellaneous
[20:21:44.5220893][INFO/backend.cpp:138] Starting script: Remote
[20:21:44.5220993][INFO/backend.cpp:153] Starting script: Ls customs
[20:21:44.5221082][INFO/backend.cpp:165] Starting script: Rainbow paint
[20:21:44.5221108][INFO/backend.cpp:177] Starting script: Disable Control Action
[20:21:44.5221141][INFO/backend.cpp:190] Starting script: World
[20:21:44.5500849][INFO/tunables_service.cpp:36] Loading tunables from cache
[20:22:36.0923887][WARN/prepare_metric_for_sending.cpp:93] BAD METRIC: MM; DATA: "mmList":"4B45524E454C33322E444C4C00|4B45524E454C424153452E646C6C00|61707068656C702E646C6C00|5553455233322E646C6C00|47444933322E646C6C00|676469333266756C6C2E646C6C00|6D737663705F77696E2E646C6C00|75637274626173652E646C6C00|50534150492E444C4C00|5753325F3332
[20:22:36.0926161][WARN/prepare_metric_for_sending.cpp:93] BAD METRIC: MM; DATA: "mmList":"64336431305F31636F72652E646C6C00|4D534354462E646C6C00|74657874696E7075746672616D65776F726B2E646C6C00|57494E5354412E646C6C00|61746963667836342E646C6C00|61746975787036342E646C6C00|61746964787836342E646C6C00|616D6469686B36342E646C6C00|6478636F72652
[20:22:51.9575313][WARN/prepare_metric_for_sending.cpp:93] BAD METRIC: UVC; DATA: "vc":false
[20:22:51.9577638][WARN/prepare_metric_for_sending.cpp:93] BAD METRIC: AWARD_XP; DATA: "amt":14098560,"type":3136273443,"cat":654913086,"pt":3571298241,"slot":0
[20:23:37.1388049][WARN/prepare_metric_for_sending.cpp:93] BAD METRIC: UVC; DATA: "vc":false
[20:28:31.8572959][WARN/prepare_metric_for_sending.cpp:93] BAD METRIC: EARN; DATA: "amt":61115,"char":{"slot":0,"cash":61129,"bank":122653700,"evc":122714829,"pvc":0,"pxr":0.00000,"nonce":638440577056887987},"c":[-336.86847,-137.45151,38.47995],"pt":3571628905,"vct":0,"vcp":0,"mid":0,"action":"VEHICLE","cat":"SELLING_VEH","ctx":{
[20:28:31.8573597][WARN/prepare_metric_for_sending.cpp:93] BAD METRIC: EARN; DATA: "amt":61115,"char":{"slot":0,"cash":61129,"bank":122653700,"evc":122714829,"pvc":0,"pxr":0.00000,"nonce":638440577056887987},"c":[-336.86847,-137.45151,38.47995],"pt":3571628905,"vct":0,"vcp":0,"mid":0,"action":"VEHICLE","cat":"SELLING_VEH","ctx":{
[20:55:27.6228313][WARN/prepare_metric_for_sending.cpp:93] BAD METRIC: EARN; DATA: "amt":28300,"char":{"slot":0,"cash":89429,"bank":121246371,"evc":121335800,"pvc":0,"pxr":0.00000,"nonce":638440593249500903},"c":[-1304.44177,-1318.15894,4.88012],"pt":3573213329,"vct":0,"vcp":0,"mid":0,"action":"STREET_DEALER","cat":"NONE","ctx":{
[20:55:27.6229080][WARN/prepare_metric_for_sending.cpp:93] BAD METRIC: EARN; DATA: "amt":28300,"char":{"slot":0,"cash":89429,"bank":121246371,"evc":121335800,"pvc":0,"pxr":0.00000,"nonce":638440593249500903},"c":[-1304.44177,-1318.15894,4.88012],"pt":3573213329,"vct":0,"vcp":0,"mid":0,"action":"STREET_DEALER","cat":"NONE","ctx":{
[20:55:34.2042239][WARN/prepare_metric_for_sending.cpp:93] BAD METRIC: EARN; DATA: "amt":18500,"char":{"slot":0,"cash":107929,"bank":121246371,"evc":121354300,"pvc":0,"pxr":0.00000,"nonce":638440593279202123},"c":[-1304.44177,-1318.15894,4.88012],"pt":3573223354,"vct":0,"vcp":0,"mid":0,"action":"STREET_DEALER","cat":"NONE","ctx":{
[20:55:34.2042661][WARN/prepare_metric_for_sending.cpp:93] BAD METRIC: EARN; DATA: "amt":18500,"char":{"slot":0,"cash":107929,"bank":121246371,"evc":121354300,"pvc":0,"pxr":0.00000,"nonce":638440593279202123},"c":[-1304.44177,-1318.15894,4.88012],"pt":3573223354,"vct":0,"vcp":0,"mid":0,"action":"STREET_DEALER","cat":"NONE","ctx":{
[20:55:41.1967882][WARN/prepare_metric_for_sending.cpp:93] BAD METRIC: EARN; DATA: "amt":19800,"char":{"slot":0,"cash":143729,"bank":121246371,"evc":121390100,"pvc":0,"pxr":0.00000,"nonce":638440593351488931},"c":[-1304.44177,-1318.15894,4.88012],"pt":3573223354,"vct":0,"vcp":0,"mid":0,"action":"STREET_DEALER","cat":"NONE","ctx":{
[20:55:41.1968313][WARN/prepare_metric_for_sending.cpp:93] BAD METRIC: EARN; DATA: "amt":19800,"char":{"slot":0,"cash":143729,"bank":121246371,"evc":121390100,"pvc":0,"pxr":0.00000,"nonce":638440593351488931},"c":[-1304.44177,-1318.15894,4.88012],"pt":3573223354,"vct":0,"vcp":0,"mid":0,"action":"STREET_DEALER","cat":"NONE","ctx":{
[21:10:06.2121720][WARN/prepare_metric_for_sending.cpp:93] BAD METRIC: EARN; DATA: "amt":2000,"char":{"slot":0,"cash":145529,"bank":121204536,"evc":121350065,"pvc":0,"pxr":0.00000,"nonce":638440602000456834},"c":[-891.39050,-120.15275,37.67107],"pt":3574072331,"vct":0,"vcp":0,"mid":0,"action":"BADSPORT","cat":"GOOD_SPORT","ctx":{}
[21:10:06.2122230][WARN/prepare_metric_for_sending.cpp:93] BAD METRIC: EARN; DATA: "amt":2000,"char":{"slot":0,"cash":145529,"bank":121204536,"evc":121350065,"pvc":0,"pxr":0.00000,"nonce":638440602000456834},"c":[-891.39050,-120.15275,37.67107],"pt":3574072331,"vct":0,"vcp":0,"mid":0,"action":"BADSPORT","cat":"GOOD_SPORT","ctx":{}
[21:14:37.3488087][WARN/prepare_metric_for_sending.cpp:93] BAD METRIC: W_L; DATA: "c":[-707.78,-340.21,34.28],"wantedlvl":2
[21:17:49.1361780][WARN/prepare_metric_for_sending.cpp:93] BAD METRIC: W_L; DATA: "c":[-350.68,-136.18,38.36],"wantedlvl":0
[21:17:59.1150958][WARN/prepare_metric_for_sending.cpp:93] BAD METRIC: EARN; DATA: "amt":19800,"char":{"slot":0,"cash":165329,"bank":121200021,"evc":121365350,"pvc":0,"pxr":0.00000,"nonce":638440606728123002},"c":[1196.86938,-3104.49756,6.02803],"pt":3574546257,"vct":0,"vcp":0,"mid":0,"action":"IMP_EXP","cat":"JOBS","ctx":{
[21:17:59.1151599][WARN/prepare_metric_for_sending.cpp:93] BAD METRIC: EARN; DATA: "amt":19800,"char":{"slot":0,"cash":165329,"bank":121200021,"evc":121365350,"pvc":0,"pxr":0.00000,"nonce":638440606728123002},"c":[1196.86938,-3104.49756,6.02803],"pt":3574546257,"vct":0,"vcp":0,"mid":0,"action":"IMP_EXP","cat":"JOBS","ctx":{
[21:23:37.5781351][WARN/prepare_metric_for_sending.cpp:93] BAD METRIC: AWARD_XP; DATA: "amt":500,"type":2658791846,"cat":2364259886,"pt":3574544677,"slot":0
[21:23:37.5781962][WARN/prepare_metric_for_sending.cpp:93] BAD METRIC: RANK_UP; DATA: "rank":438,"time":3574544677,"evc":0
[21:23:59.3663334][WARN/prepare_metric_for_sending.cpp:93] BAD METRIC: EARN; DATA: "amt":1500,"char":{"slot":0,"cash":165329,"bank":121201521,"evc":121366850,"pvc":0,"pxr":0.00000,"nonce":638440610330773059},"c":[731.83142,-1737.82971,28.70110],"pt":3574891711,"vct":0,"vcp":0,"mid":0,"action":"DAILY_STASH","cat":"NONE","ctx":{"type":21}
[21:23:59.3663811][WARN/prepare_metric_for_sending.cpp:93] BAD METRIC: EARN; DATA: "amt":1500,"char":{"slot":0,"cash":165329,"bank":121201521,"evc":121366850,"pvc":0,"pxr":0.00000,"nonce":638440610330773059},"c":[731.83142,-1737.82971,28.70110],"pt":3574891711,"vct":0,"vcp":0,"mid":0,"action":"DAILY_STASH","cat":"NONE","ctx":{"type":21}
[21:27:37.6512808][WARN/prepare_metric_for_sending.cpp:93] BAD METRIC: AWARD_XP; DATA: "amt":300,"type":2658791846,"cat":2058801719,"pt":3574891711,"slot":0
[21:32:37.7921784][WARN/prepare_metric_for_sending.cpp:93] BAD METRIC: AWARD_XP; DATA: "amt":250,"type":2435321038,"cat":3446818566,"pt":3575124892,"slot":0
[21:32:37.7923366][WARN/prepare_metric_for_sending.cpp:93] BAD METRIC: AWARD_XP; DATA: "amt":250,"type":2435321038,"cat":3446818566,"pt":3575285253,"slot":0
[21:35:29.4727520][WARN/prepare_metric_for_sending.cpp:93] BAD METRIC: EARN; DATA: "amt":45000,"char":{"slot":0,"cash":165329,"bank":121246521,"evc":121411850,"pvc":0,"pxr":0.00000,"nonce":638440617230967720},"c":[2605.04150,2420.06372,22.87132],"pt":3575539064,"vct":0,"vcp":0,"mid":0,"action":"AGENCY","cat":"PHONE_HIT","ctx":{"type":3
[21:35:29.4728142][WARN/prepare_metric_for_sending.cpp:93] BAD METRIC: EARN; DATA: "amt":45000,"char":{"slot":0,"cash":165329,"bank":121246521,"evc":121411850,"pvc":0,"pxr":0.00000,"nonce":638440617230967720},"c":[2605.04150,2420.06372,22.87132],"pt":3575539064,"vct":0,"vcp":0,"mid":0,"action":"AGENCY","cat":"PHONE_HIT","ctx":{"type":3
[21:36:05.5856930][DEBUG/script_function.cpp:35] Found pattern ML in script carmod_shop
[21:36:05.5907924][DEBUG/script_function.cpp:35] Found pattern SM in script carmod_shop
[21:36:37.9233823][WARN/prepare_metric_for_sending.cpp:93] BAD METRIC: AWARD_XP; DATA: "amt":250,"type":2435321038,"cat":3446818566,"pt":3575435573,"slot":0
[21:36:37.9234900][WARN/prepare_metric_for_sending.cpp:93] BAD METRIC: AWARD_XP; DATA: "amt":250,"type":2435321038,"cat":3446818566,"pt":3575515787,"slot":0
[21:36:37.9235060][WARN/prepare_metric_for_sending.cpp:93] BAD METRIC: AWARD_XP; DATA: "amt":1000,"type":2658791846,"cat":3757759852,"pt":3575539064,"slot":0
[21:37:34.2854077][WARN/prepare_metric_for_sending.cpp:93] BAD METRIC: UVC; DATA: "vc":false
[21:37:34.2855261][WARN/prepare_metric_for_sending.cpp:93] BAD METRIC: AWARD_XP; DATA: "amt":14101360,"type":3136273443,"cat":654913086,"pt":3575655998,"slot":0
[21:48:03.7644562][WARN/prepare_metric_for_sending.cpp:93] BAD METRIC: AWARD_XP; DATA: "amt":500,"type":2658791846,"cat":1814661405,"pt":3576256945,"slot":0
[21:48:08.5157457][WARN/prepare_metric_for_sending.cpp:93] BAD METRIC: EARN; DATA: "amt":80000,"char":{"slot":0,"cash":165329,"bank":121276521,"evc":121441850,"pvc":0,"pxr":0.00000,"nonce":638440624821763883},"c":[-990.57654,794.69733,172.68524],"pt":3576256945,"vct":0,"vcp":0,"mid":0,"action":"AUTOSHOP","cat":"BUSINESS","ctx":{
[21:48:08.5158001][WARN/prepare_metric_for_sending.cpp:93] BAD METRIC: EARN; DATA: "amt":80000,"char":{"slot":0,"cash":165329,"bank":121276521,"evc":121441850,"pvc":0,"pxr":0.00000,"nonce":638440624821763883},"c":[-990.57654,794.69733,172.68524],"pt":3576256945,"vct":0,"vcp":0,"mid":0,"action":"AUTOSHOP","cat":"BUSINESS","ctx":{
[21:55:38.8023263][WARN/prepare_metric_for_sending.cpp:93] BAD METRIC: W_L; DATA: "c":[733.39,-18.89,82.26],"wantedlvl":1
[21:55:38.8024769][WARN/prepare_metric_for_sending.cpp:93] BAD METRIC: W_L; DATA: "c":[1380.28,221.68,-49.28],"wantedlvl":0
[22:12:10.7055818][INFO/main.cpp:272] Scripts unregistered.
[22:12:10.7056079][INFO/main.cpp:275] Lua manager uninitialized.
[22:12:10.7715265][INFO/main.cpp:278] Hooking disabled.
[22:12:10.7720282][INFO/main.cpp:281] Dynamic native hooker uninitialized.
[22:12:10.7721102][DEBUG/thread_pool.cpp:109] Thread 15964 exiting...
[22:12:10.7720899][DEBUG/thread_pool.cpp:109] Thread 15140 exiting...
[22:12:10.7721025][DEBUG/thread_pool.cpp:109] Thread 8736 exiting...
[22:12:10.7721566][DEBUG/thread_pool.cpp:109] Thread 19088 exiting...
[22:12:10.7737705][INFO/main.cpp:286] Destroyed thread pool.
[22:12:10.7737804][INFO/main.cpp:289] Script Connection Service reset.
[22:12:10.7822959][INFO/main.cpp:291] Tunables Service reset.
[22:12:10.7823271][INFO/main.cpp:293] Hotkey Service reset.
[22:12:10.7823704][INFO/main.cpp:295] Matchmaking Service reset.
[22:12:10.7825203][INFO/main.cpp:297] Player Database Service reset.
[22:12:10.7825346][INFO/main.cpp:299] API Service reset.
[22:12:10.8012612][INFO/main.cpp:301] Script Patcher Service reset.
[22:12:10.8013018][INFO/main.cpp:303] Gui Service reset.
[22:12:10.8031726][INFO/main.cpp:305] GTA Data Service reset.
[22:12:10.8031912][INFO/main.cpp:307] Vehicle Service reset.
[22:12:10.8031962][INFO/main.cpp:309] Model Preview Service reset.
[22:12:10.8034100][INFO/main.cpp:311] Mobile Service reset.
[22:12:10.8034183][INFO/main.cpp:313] Player Service reset.
[22:12:10.8034223][INFO/main.cpp:315] Pickup Service reset.
[22:12:10.8034280][INFO/main.cpp:317] Custom Text Service reset.
[22:12:10.8037045][INFO/main.cpp:319] Context Service reset.
[22:12:10.8037134][INFO/main.cpp:321] Xml Vehicles Service reset.
[22:12:10.8037161][INFO/main.cpp:322] Services uninitialized.
[22:12:10.8037773][INFO/main.cpp:325] Hooking uninitialized.
[22:12:10.8037872][INFO/main.cpp:328] Fiber pool uninitialized.
[22:12:10.8309986][INFO/main.cpp:331] Renderer uninitialized.
[22:12:10.8318761][INFO/main.cpp:334] Byte Patch Manager uninitialized.
[22:12:10.8319820][INFO/main.cpp:337] Pointers uninitialized.
[22:12:10.8319933][INFO/main.cpp:340] Thread pool uninitialized.
[22:12:10.8319966][INFO/main.cpp:342] Farewell!
