[18:03:16.2604405][INFO/main.cpp:159] Yim's Menu Initializing
[18:03:16.2607913][INFO/main.cpp:160] Git Info
	Branch:	master
	Hash:	d737c01b333f349ff9d4803784fee1051ee93cb9
	Date:	Tue Feb 20 18:29:02 2024
[18:03:16.2609454][INFO/main.cpp:172] Windows 10 Home Version 22H2 (OS Build 19045.4046)
[18:03:16.2657114][DEBUG/thread_pool.cpp:22] Resizing thread pool from 0 to 4
[18:03:16.2659982][INFO/main.cpp:180] Thread pool initialized.
[18:03:16.2854196][INFO/main.cpp:183] Settings Loaded.
[18:03:16.2856453][DEBUG/thread_pool.cpp:96] Thread 11844 executing settings.cpp:12
[18:03:16.2954085][INFO/pointers.hpp:94] GTA5 pointers cache is up to date, using it.
[18:03:16.2954755][INFO/pointers.cpp:1812] Loading pointers instance from cache
[18:03:16.2954817][INFO/pointers.cpp:1821] Pointers cache: Loading 215 fields from the cache
[18:03:16.2955114][DEBUG/module.cpp:50] Waiting for socialclub.dll...
[18:03:16.3018687][INFO/pointers.hpp:94] Social Club pointers cache is up to date, using it.
[18:03:16.3018854][INFO/pointers.cpp:1812] Loading pointers instance from cache
[18:03:16.3018914][INFO/pointers.cpp:1821] Pointers cache: Loading 5 fields from the cache
[18:03:16.3019899][INFO/main.cpp:186] Pointers initialized.
[18:03:16.3020799][INFO/main.cpp:193] Disabled anticheat gameskeleton.
[18:03:16.3025695][INFO/main.cpp:196] Byte Patch Manager initialized.
[18:03:16.3322647][FATAL/exception_handler.cpp:42] EXCEPTION_ACCESS_VIOLATION
Dumping modules:
GTA5.exe Base Address: 0x7FF675A10000 Size: 67215872
ntdll.dll Base Address: 0x7FFD40850000 Size: 1153536
KERNEL32.DLL Base Address: 0x7FFD3F050000 Size: 513536
KERNELBASE.dll Base Address: 0x7FFD3DFF0000 Size: 1255936
USER32.dll Base Address: 0x7FFD3E890000 Size: 584704
win32u.dll Base Address: 0x7FFD3E360000 Size: 42496
GDI32.dll Base Address: 0x7FFD405E0000 Size: 57856
gdi32full.dll Base Address: 0x7FFD3E770000 Size: 672768
msvcp_win.dll Base Address: 0x7FFD3E680000 Size: 344064
ucrtbase.dll Base Address: 0x7FFD3E390000 Size: 735744
PSAPI.DLL Base Address: 0x7FFD3FA10000 Size: 2048
WS2_32.dll Base Address: 0x7FFD3F9A0000 Size: 275456
RPCRT4.dll Base Address: 0x7FFD3F110000 Size: 923648
CRYPT32.dll Base Address: 0x7FFD3E490000 Size: 1094656
WINTRUST.dll Base Address: 0x7FFD3E2F0000 Size: 293888
msvcrt.dll Base Address: 0x7FFD3ED90000 Size: 477184
IMM32.dll Base Address: 0x7FFD3F7C0000 Size: 125440
bcrypt.dll Base Address: 0x7FFD3DF10000 Size: 102912
VERSION.dll Base Address: 0x7FFD38390000 Size: 10752
DSOUND.dll Base Address: 0x7FFD00B00000 Size: 380928
SHLWAPI.dll Base Address: 0x7FFD3F810000 Size: 182784
advapi32.dll Base Address: 0x7FFD3F6A0000 Size: 438784
SHELL32.dll Base Address: 0x7FFD3FA20000 Size: 5806592
sechost.dll Base Address: 0x7FFD3F240000 Size: 421888
ole32.dll Base Address: 0x7FFD3F870000 Size: 833024
combase.dll Base Address: 0x7FFD3EA30000 Size: 2328064
OLEAUT32.dll Base Address: 0x7FFD3EF80000 Size: 608768
WININET.dll Base Address: 0x7FFD14A70000 Size: 2019840
WINMM.dll Base Address: 0x7FFD349E0000 Size: 81408
MFPlat.DLL Base Address: 0x7FFD14F50000 Size: 1409024
MF.dll Base Address: 0x7FFD054F0000 Size: 340992
cfgmgr32.dll Base Address: 0x7FFD3E720000 Size: 219136
shcore.dll Base Address: 0x7FFD40620000 Size: 476672
msdmo.dll Base Address: 0x7FFD29DF0000 Size: 13312
PROPSYS.dll Base Address: 0x7FFD39810000 Size: 631296
MFReadWrite.dll Base Address: 0x7FFCE0770000 Size: 918016
d3d9.dll Base Address: 0x7FFD11B00000 Size: 1371648
WTSAPI32.dll Base Address: 0x7FFD39BA0000 Size: 37888
D3DCOMPILER_43.dll Base Address: 0x7FFCAF0F0000 Size: 2423296
DINPUT8.dll Base Address: 0x7FFD185D0000 Size: 169472
XINPUT1_3.dll Base Address: 0x400000 Size: 85504
SETUPAPI.dll Base Address: 0x7FFD40170000 Size: 887808
IPHLPAPI.DLL Base Address: 0x7FFD3D2E0000 Size: 166400
powrprof.dll Base Address: 0x7FFD3D7C0000 Size: 70656
winmmbase.dll Base Address: 0x7FFD043A0000 Size: 95232
kernel.appcore.dll Base Address: 0x7FFD3BDA0000 Size: 16384
dwmapi.dll Base Address: 0x7FFD3BBC0000 Size: 98816
windows.storage.dll Base Address: 0x7FFD3BFA0000 Size: 5845504
Wldp.dll Base Address: 0x7FFD3D860000 Size: 96768
GFSDK_TXAA_AlphaResolve.win64.dll Base Address: 0x7FFD39B00000 Size: 48128
OPENGL32.dll Base Address: 0x7FFCEB7C0000 Size: 909312
GLU32.dll Base Address: 0x7FFCE2FB0000 Size: 122880
GFSDK_ShadowLib.win64.dll Base Address: 0x7FFCAED20000 Size: 96256
d3dx9_43.dll Base Address: 0x7FFCAEAB0000 Size: 2280960
bink2w64.dll Base Address: 0x7FFD07980000 Size: 307712
MFCORE.DLL Base Address: 0x7FFCDEE60000 Size: 3960320
ksuser.dll Base Address: 0x7FFCE2C10000 Size: 6144
CRYPTBASE.DLL Base Address: 0x7FFD3D760000 Size: 10752
UMPDC.dll Base Address: 0x7FFD3D7A0000 Size: 34816
bcryptPrimitives.dll Base Address: 0x7FFD3E5F0000 Size: 408576
RTWorkQ.DLL Base Address: 0x7FFD16860000 Size: 105472
MSASN1.dll Base Address: 0x7FFD3DC40000 Size: 34816
inputhost.dll Base Address: 0x7FFD34C70000 Size: 976384
wintypes.dll Base Address: 0x7FFD39DF0000 Size: 487424
CoreMessaging.dll Base Address: 0x7FFD3B4C0000 Size: 607744
CoreUIComponents.dll Base Address: 0x7FFD3ADE0000 Size: 1795072
ntmarta.dll Base Address: 0x7FFD3D000000 Size: 140288
dbghelp.dll Base Address: 0x7FFD37630000 Size: 1400320
dbgcore.DLL Base Address: 0x7FFD2B720000 Size: 136704
CRYPTSP.dll Base Address: 0x7FFD3DBF0000 Size: 46080
uxtheme.dll Base Address: 0x7FFD3B8D0000 Size: 382976
rsaenh.dll Base Address: 0x7FFD3CEC0000 Size: 142336
clbcatq.dll Base Address: 0x7FFD3F360000 Size: 437760
amsi.dll Base Address: 0x7FFD23610000 Size: 62464
USERENV.dll Base Address: 0x7FFD3DDC0000 Size: 108032
profapi.dll Base Address: 0x7FFD3DE40000 Size: 88064
MpOav.dll Base Address: 0x7FFD221C0000 Size: 204800
dxcore.dll Base Address: 0x7FFD36630000 Size: 150016
apphelp.dll Base Address: 0x7FFD3B730000 Size: 319488
D3D11.DLL Base Address: 0x7FFD3A3B0000 Size: 1853440
dxgi.dll Base Address: 0x7FFD3C780000 Size: 614912
DEVOBJ.dll Base Address: 0x7FFD3DCA0000 Size: 132608
D3D10_1.DLL Base Address: 0x7FFD0DC40000 Size: 130048
d3d10_1core.dll Base Address: 0x7FFD2AC20000 Size: 7680
MSCTF.dll Base Address: 0x7FFD406F0000 Size: 864256
textinputframework.dll Base Address: 0x7FFD34E40000 Size: 722944
WINSTA.dll Base Address: 0x7FFD3D280000 Size: 190976
aticfx64.dll Base Address: 0x7FFD34A10000 Size: 1123840
atiuxp64.dll Base Address: 0x7FFD346C0000 Size: 190464
atidxx64.dll Base Address: 0x7FFD32740000 Size: 11699712
amdihk64.dll Base Address: 0x7FFD2FDA0000 Size: 117248
HID.DLL Base Address: 0x7FFD3C740000 Size: 20480
MMDevApi.dll Base Address: 0x7FFD37850000 Size: 387072
XAudio2_7.dll Base Address: 0x7FFCE0900000 Size: 485376
AUDIOSES.DLL Base Address: 0x7FFD37A50000 Size: 1037312
resourcepolicyclient.dll Base Address: 0x7FFD3B9B0000 Size: 31744
Windows.UI.dll Base Address: 0x7FFD35060000 Size: 731136
WindowManagementAPI.dll Base Address: 0x7FFD374D0000 Size: 450048
twinapi.appcore.dll Base Address: 0x7FFD372C0000 Size: 1456640
avrt.dll Base Address: 0x7FFD38920000 Size: 5632
napinsp.dll Base Address: 0x7FFD2CBA0000 Size: 50176
pnrpnsp.dll Base Address: 0x7FFD27740000 Size: 66048
wshbth.dll Base Address: 0x7FFD27720000 Size: 43008
NLAapi.dll Base Address: 0x7FFD39910000 Size: 68608
mswsock.dll Base Address: 0x7FFD3D5D0000 Size: 331776
DNSAPI.dll Base Address: 0x7FFD3D320000 Size: 600576
NSI.dll Base Address: 0x7FFD40610000 Size: 7680
winrnr.dll Base Address: 0x7FFD27700000 Size: 32768
fwpuclnt.dll Base Address: 0x7FFD30760000 Size: 283648
rasadhlp.dll Base Address: 0x7FFD30530000 Size: 7168
imagehlp.dll Base Address: 0x7FFD406D0000 Size: 45056
gpapi.dll Base Address: 0x7FFD3C750000 Size: 69120
cryptnet.dll Base Address: 0x7FFD2B5F0000 Size: 135168
WINNSI.DLL Base Address: 0x7FFD383A0000 Size: 11776
SspiCli.dll Base Address: 0x7FFD3DDF0000 Size: 123904
socialclub.dll Base Address: 0x7FFCBC990000 Size: 2599424
chrome_elf.dll Base Address: 0x7FFD0A180000 Size: 901120
libcef.dll Base Address: 0x7FFCB09F0000 Size: 151009280
COMDLG32.dll Base Address: 0x7FFD3F410000 Size: 684032
COMCTL32.dll Base Address: 0x7FFD1FA40000 Size: 560128
OLEACC.dll Base Address: 0x7FFD10510000 Size: 260608
UIAutomationCore.DLL Base Address: 0x7FFD0F9F0000 Size: 2040832
NETAPI32.dll Base Address: 0x7FFD2D010000 Size: 47616
Secur32.dll Base Address: 0x7FFD23970000 Size: 11264
WINHTTP.dll Base Address: 0x7FFD36980000 Size: 845312
DWrite.dll Base Address: 0x7FFD2F150000 Size: 1601024
WINSPOOL.DRV Base Address: 0x7FFD16600000 Size: 389632
ncrypt.dll Base Address: 0x7FFD3D8D0000 Size: 102400
USP10.dll Base Address: 0x7FFCE2F90000 Size: 512
urlmon.dll Base Address: 0x7FFD2FF40000 Size: 1281536
dxva2.dll Base Address: 0x7FFD04B60000 Size: 96256
wevtapi.dll Base Address: 0x7FFD388B0000 Size: 296960
CRYPTUI.dll Base Address: 0x7FFD186A0000 Size: 246272
credui.dll Base Address: 0x7FFD0C8C0000 Size: 55808
dhcpcsvc.DLL Base Address: 0x7FFD370A0000 Size: 61440
ESENT.dll Base Address: 0x7FFD27B50000 Size: 2585088
iertutil.dll Base Address: 0x7FFD312D0000 Size: 551424
netutils.dll Base Address: 0x7FFD3D440000 Size: 19456
srvcli.dll Base Address: 0x7FFD2FDE0000 Size: 54272
DSROLE.DLL Base Address: 0x7FFD39790000 Size: 7680
WKSCLI.DLL Base Address: 0x7FFD3CFE0000 Size: 45568
SAMCLI.DLL Base Address: 0x7FFD2A2C0000 Size: 61440
NTASN1.dll Base Address: 0x7FFD3D890000 Size: 81408
FirewallAPI.dll Base Address: 0x7FFD3CAE0000 Size: 329728
fwbase.dll Base Address: 0x7FFD3CA70000 Size: 151552
FWPolicyIOMgr.dll Base Address: 0x7FFD2EB10000 Size: 205824
wdmaud.drv Base Address: 0x7FFD1D2D0000 Size: 193024
msacm32.drv Base Address: 0x7FFD1D2C0000 Size: 17920
MSACM32.dll Base Address: 0x7FFD1D2A0000 Size: 74240
midimap.dll Base Address: 0x7FFD1D290000 Size: 13312
ondemandconnroutehelper.dll Base Address: 0x7FFD0E030000 Size: 42496
dhcpcsvc6.DLL Base Address: 0x7FFD370C0000 Size: 23552
YimMenu (1).dll Base Address: 0x7FFCACBC0000 Size: 9238016
MSVCP140_2.dll Base Address: 0x7FFCE2FE0000 Size: 196096
VCRUNTIME140.dll Base Address: 0x7FFD10330000 Size: 73728
MSVCP140.dll Base Address: 0x7FFD10290000 Size: 340480
VCRUNTIME140_1.dll Base Address: 0x7FFD0D3E0000 Size: 15360
D3DCOMPILER_47.dll Base Address: 0x7FFD39F50000 Size: 3396608
winbrand.dll Base Address: 0x7FFD15920000 Size: 161280
xinput1_4.dll Base Address: 0x7FFD2AC30000 Size: 30208
Dumping registers:
RAX: 0x49
RCX: 0x1C3D9D957B8
RDX: 0x0
RBX: 0x1C3EB594878
RSI: 0x1C4472D007F
RDI: 0x1C4472D36C0
RSP: 0xBC15B8F690
RBP: 0xBC15B8F729
R8:  0x7FF6789059A0
R9:  0x1C4472D0000
R10: 0x2
R11: 0x1C3EB593CA0
R12: 0x8
R13: 0x1C4472D7D10
R14: 0x1C3EB594848
R15: 0x1C3EBE24378
Dumping stacktrace:
[0]	GTA5.exe+0x161FACF 0x7FF67702FACF
[1]	GTA5.exe+0x16204CF 0x7FF6770304CF
[2]	GTA5.exe+0xA59780 0x7FF676469780
[3]	GTA5.exe+0x1620BB1 0x7FF677030BB1
[4]	GTA5.exe+0xA4DFC4 0x7FF67645DFC4
[5]	GTA5.exe+0xA51880 0x7FF676461880
[6]	GTA5.exe+0x162FA85 0x7FF67703FA85
[7]	GTA5.exe+0x162FA85 0x7FF67703FA85
[8]	GTA5.exe+0x162F2B7 0x7FF67703F2B7
[9]	GTA5.exe+0x27B94 0x7FF675A37B94
[10]	GTA5.exe+0x21283 0x7FF675A31283
[11]	GTA5.exe+0x162EEC0 0x7FF67703EEC0
[12]	GTA5.exe+0x1494 0x7FF675A11494
[13]	GTA5.exe+0x130538F 0x7FF676D1538F
[14]	GTA5.exe+0x1821344 0x7FF677231344
[15]	KERNEL32.DLL BaseThreadInitThunk
[16]	ntdll.dll RtlUserThreadStart
--------End of exception--------

[18:03:17.0081250][INFO/main.cpp:199] Renderer initialized.
[18:03:17.3171309][INFO/main.cpp:203] Fiber pool initialized.
[18:03:17.3289576][INFO/main.cpp:206] HTTP Client initialized.
[18:03:17.5871627][INFO/translation_service.cpp:38] Languages outdated, downloading new translations.
[18:03:17.8458820][INFO/main.cpp:209] Translation Service initialized.
[18:03:17.8760164][INFO/main.cpp:212] Hooking initialized.
[18:03:17.9133506][DEBUG/gta_data_service.cpp:160] Loading data from cache.
[18:03:17.9133662][INFO/gta_data_service.cpp:172] Loading 1051 peds from cache.
[18:03:17.9139196][INFO/gta_data_service.cpp:190] Loading 843 vehicles from cache.
[18:03:17.9143118][INFO/gta_data_service.cpp:207] Loading 119 weapons from cache.
[18:03:17.9143164][INFO/gta_data_service.cpp:208] Loading 380 weapon components from cache.
[18:03:17.9143327][DEBUG/gta_data_service.cpp:166] Loaded all data from cache.
[18:03:17.9311103][DEBUG/thread_pool.cpp:96] Thread 8352 executing player_database_service.cpp:285
[18:03:17.9322640][INFO/main.cpp:233] Registered service instances...
[18:03:17.9325819][INFO/main.cpp:254] Scripts registered.
[18:03:18.0078550][INFO/main.cpp:257] Hooking enabled.
[18:03:18.0111567][INFO/main.cpp:260] Dynamic native hooker initialized.
[18:03:18.0118860][INFO/main.cpp:264] Lua manager initialized.
[18:03:18.2380648][INFO/backend.cpp:53] Starting script: Self
[18:03:18.2380914][INFO/backend.cpp:78] Starting script: Weapons
[18:03:18.2383808][INFO/backend.cpp:101] Starting script: Vehicles
[18:03:18.2383958][INFO/backend.cpp:117] Starting script: Miscellaneous
[18:03:18.2387102][INFO/backend.cpp:138] Starting script: Remote
[18:03:18.2387236][INFO/backend.cpp:153] Starting script: Ls customs
[18:03:18.2387287][INFO/backend.cpp:165] Starting script: Rainbow paint
[18:03:18.2387316][INFO/backend.cpp:177] Starting script: Disable Control Action
[18:03:18.2387352][INFO/backend.cpp:190] Starting script: World
[18:03:18.3290128][INFO/tunables_service.cpp:36] Loading tunables from cache
[18:04:09.6749851][INFO/queue_dependency.cpp:63] Blocking AC Verifier 9621f0
[18:04:09.6750495][INFO/queue_dependency.cpp:63] Blocking AC Verifier a668ec
[18:04:09.6768514][INFO/queue_dependency.cpp:63] Blocking AC Verifier 66f774
[18:04:09.6768919][INFO/queue_dependency.cpp:63] Blocking AC Verifier 66f6fc
[18:06:15.3741320][INFO/queue_dependency.cpp:63] Blocking AC Verifier 318b98
[18:06:15.7834459][INFO/queue_dependency.cpp:63] Blocking AC Verifier 335458
[18:06:15.7834926][INFO/queue_dependency.cpp:63] Blocking AC Verifier 335430
[18:06:15.7835751][INFO/queue_dependency.cpp:63] Blocking AC Verifier 4012b8
[18:06:15.8382900][INFO/queue_dependency.cpp:63] Blocking AC Verifier 45acf4
[18:06:15.8385880][INFO/queue_dependency.cpp:63] Blocking AC Verifier 459f38
[18:06:15.8385984][INFO/queue_dependency.cpp:63] Blocking AC Verifier 5ca880
[18:06:15.9622924][INFO/queue_dependency.cpp:63] Blocking AC Verifier 66f724
[18:06:15.9623305][INFO/queue_dependency.cpp:63] Blocking AC Verifier 66f74c
[18:08:21.3819996][WARN/prepare_metric_for_sending.cpp:93] BAD METRIC: W_L; DATA: "c":[-2113.79,-378.13,13.42],"wantedlvl":2
[18:08:21.3820504][WARN/prepare_metric_for_sending.cpp:93] BAD METRIC: W_L; DATA: "c":[-1603.16,-749.98,11.96],"wantedlvl":0
[18:09:27.4313729][WARN/prepare_metric_for_sending.cpp:93] BAD METRIC: EARN; DATA: "amt":2000,"char":{"slot":0,"cash":2000,"bank":122955443,"evc":122957443,"pvc":0,"pxr":0.00000,"nonce":638443085624180902},"c":[-24.49997,-1255.02344,34.86232],"pt":3608168811,"vct":0,"vcp":0,"mid":0,"action":"BADSPORT","cat":"GOOD_SPORT","ctx":{}
[18:09:27.4314223][WARN/prepare_metric_for_sending.cpp:93] BAD METRIC: EARN; DATA: "amt":2000,"char":{"slot":0,"cash":2000,"bank":122955443,"evc":122957443,"pvc":0,"pxr":0.00000,"nonce":638443085624180902},"c":[-24.49997,-1255.02344,34.86232],"pt":3608168811,"vct":0,"vcp":0,"mid":0,"action":"BADSPORT","cat":"GOOD_SPORT","ctx":{}
[18:10:21.4800392][WARN/prepare_metric_for_sending.cpp:93] BAD METRIC: EARN; DATA: "amt":1500,"char":{"slot":0,"cash":3500,"bank":122955443,"evc":122958943,"pvc":0,"pxr":0.00000,"nonce":638443086164902648},"c":[1075.45776,-2284.00757,-46.59989],"pt":3608216047,"vct":0,"vcp":0,"mid":0,"action":"SALVAGE","cat":"INCOME","ctx":{}
[18:10:21.4801107][WARN/prepare_metric_for_sending.cpp:93] BAD METRIC: EARN; DATA: "amt":1500,"char":{"slot":0,"cash":3500,"bank":122955443,"evc":122958943,"pvc":0,"pxr":0.00000,"nonce":638443086164902648},"c":[1075.45776,-2284.00757,-46.59989],"pt":3608216047,"vct":0,"vcp":0,"mid":0,"action":"SALVAGE","cat":"INCOME","ctx":{}
[18:12:21.4362852][WARN/prepare_metric_for_sending.cpp:93] BAD METRIC: AWARD_XP; DATA: "amt":1000,"type":2658791846,"cat":404533672,"pt":3608194334,"slot":0
[18:31:21.9322744][WARN/prepare_metric_for_sending.cpp:93] BAD METRIC: AWARD_XP; DATA: "amt":1000,"type":2658791846,"cat":404533672,"pt":3609466053,"slot":0
[18:36:22.0725579][WARN/prepare_metric_for_sending.cpp:93] BAD METRIC: DUPE_DETECT; DATA: "a":1,"b":3,"c":2400073108,"d":0,"e":0,"f":265,"g":110,"h":0,"i":0,"j":true,"k":0,"l":0
[18:40:59.3952574][WARN/prepare_metric_for_sending.cpp:93] BAD METRIC: AWARD_XP; DATA: "amt":1000,"type":2658791846,"cat":404533672,"pt":3609999072,"slot":0
[18:50:14.8372506][WARN/prepare_metric_for_sending.cpp:93] BAD METRIC: AWARD_XP; DATA: "amt":1000,"type":2658791846,"cat":404533672,"pt":3610496235,"slot":0
[18:54:50.3107508][WARN/prepare_metric_for_sending.cpp:93] BAD METRIC: W_L; DATA: "c":[-3165.30,1059.80,20.86],"wantedlvl":2
[18:54:50.3108394][WARN/prepare_metric_for_sending.cpp:93] BAD METRIC: W_L; DATA: "c":[-1467.79,-141.18,245.99],"wantedlvl":0
[18:54:50.3108501][WARN/prepare_metric_for_sending.cpp:93] BAD METRIC: AWARD_XP; DATA: "amt":200,"type":2892279813,"cat":3893038019,"pt":3610777185,"slot":0
[18:54:50.3109175][WARN/prepare_metric_for_sending.cpp:93] BAD METRIC: AWARD_XP; DATA: "amt":1000,"type":2658791846,"cat":404533672,"pt":3610839030,"slot":0
[18:57:52.6404651][WARN/prepare_metric_for_sending.cpp:93] BAD METRIC: EARN; DATA: "amt":35000,"char":{"slot":0,"cash":3500,"bank":122981428,"evc":122984928,"pvc":0,"pxr":0.00000,"nonce":638443114675610296},"c":[808.28534,-2999.46777,-68.99980],"pt":3610997258,"vct":0,"vcp":0,"mid":0,"action":"VEH_ROBBERY","cat":"SALVAGE","ctx":{
[18:57:52.6405100][WARN/prepare_metric_for_sending.cpp:93] BAD METRIC: EARN; DATA: "amt":35000,"char":{"slot":0,"cash":3500,"bank":122981428,"evc":122984928,"pvc":0,"pxr":0.00000,"nonce":638443114675610296},"c":[808.28534,-2999.46777,-68.99980],"pt":3610997258,"vct":0,"vcp":0,"mid":0,"action":"VEH_ROBBERY","cat":"SALVAGE","ctx":{
[18:59:22.6008425][WARN/prepare_metric_for_sending.cpp:93] BAD METRIC: W_L; DATA: "c":[-516.10,-2845.25,6.91],"wantedlvl":2
[19:03:22.6649058][WARN/prepare_metric_for_sending.cpp:93] BAD METRIC: W_L; DATA: "c":[-118.94,-1519.53,34.89],"wantedlvl":0
[19:03:22.6649479][WARN/prepare_metric_for_sending.cpp:93] BAD METRIC: AWARD_XP; DATA: "amt":200,"type":2892279813,"cat":3893038019,"pt":3611152965,"slot":0
[19:03:22.6650217][WARN/prepare_metric_for_sending.cpp:93] BAD METRIC: AWARD_XP; DATA: "amt":1000,"type":2658791846,"cat":404533672,"pt":3611243195,"slot":0
[19:08:22.7471409][WARN/prepare_metric_for_sending.cpp:93] BAD METRIC: AWARD_XP; DATA: "amt":250,"type":2435321038,"cat":3446818566,"pt":3611558123,"slot":0
[19:08:46.5719004][WARN/prepare_metric_for_sending.cpp:93] BAD METRIC: EARN; DATA: "amt":45000,"char":{"slot":0,"cash":3500,"bank":123026428,"evc":123029928,"pvc":0,"pxr":0.00000,"nonce":638443121216283825},"c":[190.76662,-319.18234,43.74782],"pt":3611588160,"vct":0,"vcp":0,"mid":0,"action":"AGENCY","cat":"PHONE_HIT","ctx":{"type":2
[19:08:46.5719999][WARN/prepare_metric_for_sending.cpp:93] BAD METRIC: EARN; DATA: "amt":45000,"char":{"slot":0,"cash":3500,"bank":123026428,"evc":123029928,"pvc":0,"pxr":0.00000,"nonce":638443121216283825},"c":[190.76662,-319.18234,43.74782],"pt":3611588160,"vct":0,"vcp":0,"mid":0,"action":"AGENCY","cat":"PHONE_HIT","ctx":{"type":2
[19:12:22.8379579][WARN/prepare_metric_for_sending.cpp:93] BAD METRIC: AWARD_XP; DATA: "amt":1000,"type":2658791846,"cat":3757759852,"pt":3611588160,"slot":0
[19:13:54.3041668][INFO/main.cpp:272] Scripts unregistered.
[19:13:54.3041882][INFO/main.cpp:275] Lua manager uninitialized.
[19:13:54.3617134][INFO/main.cpp:278] Hooking disabled.
[19:13:54.3620838][INFO/main.cpp:281] Dynamic native hooker uninitialized.
[19:13:54.3621023][DEBUG/thread_pool.cpp:109] Thread 11844 exiting...
[19:13:54.3621866][DEBUG/thread_pool.cpp:109] Thread 8092 exiting...
[19:13:54.3622252][DEBUG/thread_pool.cpp:109] Thread 10432 exiting...
[19:13:54.4476252][DEBUG/thread_pool.cpp:109] Thread 8352 exiting...
[19:13:54.4488387][INFO/main.cpp:286] Destroyed thread pool.
[19:13:54.4488616][INFO/main.cpp:289] Script Connection Service reset.
[19:13:54.4624454][INFO/main.cpp:291] Tunables Service reset.
[19:13:54.4624727][INFO/main.cpp:293] Hotkey Service reset.
[19:13:54.4624771][INFO/main.cpp:295] Matchmaking Service reset.
[19:13:54.4627487][INFO/main.cpp:297] Player Database Service reset.
[19:13:54.4627837][INFO/main.cpp:299] API Service reset.
[19:13:54.4779216][INFO/main.cpp:301] Script Patcher Service reset.
[19:13:54.4783429][INFO/main.cpp:303] Gui Service reset.
[19:13:54.4817649][INFO/main.cpp:305] GTA Data Service reset.
[19:13:54.4817939][INFO/main.cpp:307] Vehicle Service reset.
[19:13:54.4817989][INFO/main.cpp:309] Model Preview Service reset.
[19:13:54.4818030][INFO/main.cpp:311] Mobile Service reset.
[19:13:54.4818065][INFO/main.cpp:313] Player Service reset.
[19:13:54.4818087][INFO/main.cpp:315] Pickup Service reset.
[19:13:54.4818139][INFO/main.cpp:317] Custom Text Service reset.
[19:13:54.4829008][INFO/main.cpp:319] Context Service reset.
[19:13:54.4829124][INFO/main.cpp:321] Xml Vehicles Service reset.
[19:13:54.4829155][INFO/main.cpp:322] Services uninitialized.
[19:13:54.4829799][INFO/main.cpp:325] Hooking uninitialized.
[19:13:54.4830287][INFO/main.cpp:328] Fiber pool uninitialized.
[19:13:54.5060422][INFO/main.cpp:331] Renderer uninitialized.
[19:13:54.5063266][INFO/main.cpp:334] Byte Patch Manager uninitialized.
[19:13:54.5063333][INFO/main.cpp:337] Pointers uninitialized.
[19:13:54.5063375][INFO/main.cpp:340] Thread pool uninitialized.
[19:13:54.5063389][INFO/main.cpp:342] Farewell!
