[01:42:59.8899064][INFO/main.cpp:159] Yim's Menu Initializing
[01:42:59.8899381][INFO/main.cpp:160] Git Info
	Branch:	master
	Hash:	d737c01b333f349ff9d4803784fee1051ee93cb9
	Date:	Tue Feb 20 18:29:02 2024
[01:42:59.8901253][INFO/main.cpp:172] Windows 10 Home Version 22H2 (OS Build 19045.4170)
[01:42:59.8949950][DEBUG/thread_pool.cpp:22] Resizing thread pool from 0 to 4
[01:42:59.8951976][INFO/main.cpp:180] Thread pool initialized.
[01:42:59.8998312][INFO/main.cpp:183] Settings Loaded.
[01:42:59.8998369][DEBUG/thread_pool.cpp:96] Thread 14832 executing settings.cpp:12
[01:42:59.9011660][INFO/pointers.hpp:94] GTA5 pointers cache is up to date, using it.
[01:42:59.9011879][INFO/pointers.cpp:1812] Loading pointers instance from cache
[01:42:59.9011943][INFO/pointers.cpp:1821] Pointers cache: Loading 215 fields from the cache
[01:42:59.9012079][DEBUG/module.cpp:50] Waiting for socialclub.dll...
[01:42:59.9014869][INFO/pointers.hpp:94] Social Club pointers cache is up to date, using it.
[01:42:59.9014924][INFO/pointers.cpp:1812] Loading pointers instance from cache
[01:42:59.9014939][INFO/pointers.cpp:1821] Pointers cache: Loading 5 fields from the cache
[01:42:59.9015228][INFO/main.cpp:186] Pointers initialized.
[01:42:59.9015699][INFO/main.cpp:193] Disabled anticheat gameskeleton.
[01:42:59.9019118][INFO/main.cpp:196] Byte Patch Manager initialized.
[01:43:00.7603763][INFO/main.cpp:199] Renderer initialized.
[01:43:01.0420766][INFO/main.cpp:203] Fiber pool initialized.
[01:43:01.0435168][INFO/main.cpp:206] HTTP Client initialized.
[01:43:01.3689220][INFO/translation_service.cpp:38] Languages outdated, downloading new translations.
[01:43:01.5950029][INFO/main.cpp:209] Translation Service initialized.
[01:43:01.6327251][INFO/main.cpp:212] Hooking initialized.
[01:43:01.6419049][DEBUG/gta_data_service.cpp:160] Loading data from cache.
[01:43:01.6419228][INFO/gta_data_service.cpp:172] Loading 1051 peds from cache.
[01:43:01.6430928][INFO/gta_data_service.cpp:190] Loading 843 vehicles from cache.
[01:43:01.6436290][INFO/gta_data_service.cpp:207] Loading 119 weapons from cache.
[01:43:01.6436419][INFO/gta_data_service.cpp:208] Loading 380 weapon components from cache.
[01:43:01.6436735][DEBUG/gta_data_service.cpp:166] Loaded all data from cache.
[01:43:01.6510514][DEBUG/thread_pool.cpp:96] Thread 14884 executing player_database_service.cpp:285
[01:43:01.6512741][INFO/main.cpp:233] Registered service instances...
[01:43:01.6515631][INFO/main.cpp:254] Scripts registered.
[01:43:01.7398125][INFO/main.cpp:257] Hooking enabled.
[01:43:01.7430325][INFO/main.cpp:260] Dynamic native hooker initialized.
[01:43:01.7694487][INFO/main.cpp:264] Lua manager initialized.
[01:43:01.9148684][INFO/backend.cpp:53] Starting script: Self
[01:43:01.9148995][INFO/backend.cpp:78] Starting script: Weapons
[01:43:01.9149150][INFO/backend.cpp:101] Starting script: Vehicles
[01:43:01.9149250][INFO/backend.cpp:117] Starting script: Miscellaneous
[01:43:01.9149605][INFO/backend.cpp:138] Starting script: Remote
[01:43:01.9149672][INFO/backend.cpp:153] Starting script: Ls customs
[01:43:01.9149716][INFO/backend.cpp:165] Starting script: Rainbow paint
[01:43:01.9149739][INFO/backend.cpp:177] Starting script: Disable Control Action
[01:43:01.9149774][INFO/backend.cpp:190] Starting script: World
[01:43:01.9447835][INFO/tunables_service.cpp:36] Loading tunables from cache
[01:43:32.4872891][WARN/prepare_metric_for_sending.cpp:93] BAD METRIC: EARN; DATA: "amt":0,"char":{"slot":0,"cash":449105,"bank":132386299,"evc":132835404,"pvc":0,"pxr":0.00000,"nonce":638464958074766646},"c":[1115.73730,234.81650,-50.09090],"pt":3872884863,"vct":0,"vcp":0,"mid":0,"action":"SELL_CHIPS","cat":"BETTING","ctx":{"type":25}
[01:43:32.4873362][WARN/prepare_metric_for_sending.cpp:93] BAD METRIC: EARN; DATA: "amt":0,"char":{"slot":0,"cash":449105,"bank":132386299,"evc":132835404,"pvc":0,"pxr":0.00000,"nonce":638464958074766646},"c":[1115.73730,234.81650,-50.09090],"pt":3872884863,"vct":0,"vcp":0,"mid":0,"action":"SELL_CHIPS","cat":"BETTING","ctx":{"type":25}
[01:43:46.1012546][WARN/prepare_metric_for_sending.cpp:93] BAD METRIC: EARN; DATA: "amt":0,"char":{"slot":0,"cash":449105,"bank":132386299,"evc":132835404,"pvc":0,"pxr":0.00000,"nonce":638464958205713337},"c":[1115.73730,234.81650,-50.09090],"pt":3872894907,"vct":0,"vcp":0,"mid":0,"action":"SELL_CHIPS","cat":"BETTING","ctx":{"type":25}
[01:43:46.1012987][WARN/prepare_metric_for_sending.cpp:93] BAD METRIC: EARN; DATA: "amt":0,"char":{"slot":0,"cash":449105,"bank":132386299,"evc":132835404,"pvc":0,"pxr":0.00000,"nonce":638464958205713337},"c":[1115.73730,234.81650,-50.09090],"pt":3872894907,"vct":0,"vcp":0,"mid":0,"action":"SELL_CHIPS","cat":"BETTING","ctx":{"type":25}
[01:44:01.2104715][WARN/prepare_metric_for_sending.cpp:93] BAD METRIC: EARN; DATA: "amt":0,"char":{"slot":0,"cash":449105,"bank":132386299,"evc":132835404,"pvc":0,"pxr":0.00000,"nonce":638464958360665002},"c":[1115.73730,234.81650,-50.09090],"pt":3872914968,"vct":0,"vcp":0,"mid":0,"action":"SELL_CHIPS","cat":"BETTING","ctx":{"type":125}
[01:44:01.2105194][WARN/prepare_metric_for_sending.cpp:93] BAD METRIC: EARN; DATA: "amt":0,"char":{"slot":0,"cash":449105,"bank":132386299,"evc":132835404,"pvc":0,"pxr":0.00000,"nonce":638464958360665002},"c":[1115.73730,234.81650,-50.09090],"pt":3872914968,"vct":0,"vcp":0,"mid":0,"action":"SELL_CHIPS","cat":"BETTING","ctx":{"type":125}
[01:44:10.3235284][WARN/prepare_metric_for_sending.cpp:93] BAD METRIC: EARN; DATA: "amt":0,"char":{"slot":0,"cash":449105,"bank":132386299,"evc":132835404,"pvc":0,"pxr":0.00000,"nonce":638464958453124832},"c":[1115.73730,234.81650,-50.09090],"pt":3872914968,"vct":0,"vcp":0,"mid":0,"action":"SELL_CHIPS","cat":"BETTING","ctx":{"type":125}
[01:44:10.3235787][WARN/prepare_metric_for_sending.cpp:93] BAD METRIC: EARN; DATA: "amt":0,"char":{"slot":0,"cash":449105,"bank":132386299,"evc":132835404,"pvc":0,"pxr":0.00000,"nonce":638464958453124832},"c":[1115.73730,234.81650,-50.09090],"pt":3872914968,"vct":0,"vcp":0,"mid":0,"action":"SELL_CHIPS","cat":"BETTING","ctx":{"type":125}
[01:44:18.3072931][WARN/prepare_metric_for_sending.cpp:93] BAD METRIC: EARN; DATA: "amt":0,"char":{"slot":0,"cash":449105,"bank":132386299,"evc":132835404,"pvc":0,"pxr":0.00000,"nonce":638464958532436543},"c":[1115.73730,234.81650,-50.09090],"pt":3872924981,"vct":0,"vcp":0,"mid":0,"action":"SELL_CHIPS","cat":"BETTING","ctx":{"type":125}
[01:44:18.3073415][WARN/prepare_metric_for_sending.cpp:93] BAD METRIC: EARN; DATA: "amt":0,"char":{"slot":0,"cash":449105,"bank":132386299,"evc":132835404,"pvc":0,"pxr":0.00000,"nonce":638464958532436543},"c":[1115.73730,234.81650,-50.09090],"pt":3872924981,"vct":0,"vcp":0,"mid":0,"action":"SELL_CHIPS","cat":"BETTING","ctx":{"type":125}
[01:44:24.9925793][WARN/prepare_metric_for_sending.cpp:93] BAD METRIC: EARN; DATA: "amt":0,"char":{"slot":0,"cash":449105,"bank":132386299,"evc":132835404,"pvc":0,"pxr":0.00000,"nonce":638464958600104318},"c":[1115.73730,234.81650,-50.09090],"pt":3872935009,"vct":0,"vcp":0,"mid":0,"action":"SELL_CHIPS","cat":"BETTING","ctx":{"type":125}
[01:44:24.9926272][WARN/prepare_metric_for_sending.cpp:93] BAD METRIC: EARN; DATA: "amt":0,"char":{"slot":0,"cash":449105,"bank":132386299,"evc":132835404,"pvc":0,"pxr":0.00000,"nonce":638464958600104318},"c":[1115.73730,234.81650,-50.09090],"pt":3872935009,"vct":0,"vcp":0,"mid":0,"action":"SELL_CHIPS","cat":"BETTING","ctx":{"type":125}
[01:44:30.1609498][WARN/prepare_metric_for_sending.cpp:93] BAD METRIC: EARN; DATA: "amt":0,"char":{"slot":0,"cash":449105,"bank":132386299,"evc":132835404,"pvc":0,"pxr":0.00000,"nonce":638464958646354698},"c":[1115.73730,234.81650,-50.09090],"pt":3872935009,"vct":0,"vcp":0,"mid":0,"action":"SELL_CHIPS","cat":"BETTING","ctx":{"type":125}
[01:44:30.1609922][WARN/prepare_metric_for_sending.cpp:93] BAD METRIC: EARN; DATA: "amt":0,"char":{"slot":0,"cash":449105,"bank":132386299,"evc":132835404,"pvc":0,"pxr":0.00000,"nonce":638464958646354698},"c":[1115.73730,234.81650,-50.09090],"pt":3872935009,"vct":0,"vcp":0,"mid":0,"action":"SELL_CHIPS","cat":"BETTING","ctx":{"type":125}
[01:44:35.4144286][WARN/prepare_metric_for_sending.cpp:93] BAD METRIC: EARN; DATA: "amt":0,"char":{"slot":0,"cash":449105,"bank":132386299,"evc":132835404,"pvc":0,"pxr":0.00000,"nonce":638464958734879339},"c":[1115.73730,234.81650,-50.09090],"pt":3872945057,"vct":0,"vcp":0,"mid":0,"action":"SELL_CHIPS","cat":"BETTING","ctx":{"type":125}
[01:44:35.4144813][WARN/prepare_metric_for_sending.cpp:93] BAD METRIC: EARN; DATA: "amt":0,"char":{"slot":0,"cash":449105,"bank":132386299,"evc":132835404,"pvc":0,"pxr":0.00000,"nonce":638464958734879339},"c":[1115.73730,234.81650,-50.09090],"pt":3872945057,"vct":0,"vcp":0,"mid":0,"action":"SELL_CHIPS","cat":"BETTING","ctx":{"type":125}
[01:44:44.0638760][WARN/prepare_metric_for_sending.cpp:93] BAD METRIC: EARN; DATA: "amt":0,"char":{"slot":0,"cash":449105,"bank":132386299,"evc":132835404,"pvc":0,"pxr":0.00000,"nonce":638464958790191950},"c":[1115.73730,234.81650,-50.09090],"pt":3872955093,"vct":0,"vcp":0,"mid":0,"action":"SELL_CHIPS","cat":"BETTING","ctx":{"type":125}
[01:44:44.0639239][WARN/prepare_metric_for_sending.cpp:93] BAD METRIC: EARN; DATA: "amt":0,"char":{"slot":0,"cash":449105,"bank":132386299,"evc":132835404,"pvc":0,"pxr":0.00000,"nonce":638464958790191950},"c":[1115.73730,234.81650,-50.09090],"pt":3872955093,"vct":0,"vcp":0,"mid":0,"action":"SELL_CHIPS","cat":"BETTING","ctx":{"type":125}
[01:44:49.7442042][WARN/prepare_metric_for_sending.cpp:93] BAD METRIC: EARN; DATA: "amt":0,"char":{"slot":0,"cash":449105,"bank":132386299,"evc":132835404,"pvc":0,"pxr":0.00000,"nonce":638464958847379538},"c":[1115.73730,234.81650,-50.09090],"pt":3872955093,"vct":0,"vcp":0,"mid":0,"action":"SELL_CHIPS","cat":"BETTING","ctx":{"type":125}
[01:44:49.7442515][WARN/prepare_metric_for_sending.cpp:93] BAD METRIC: EARN; DATA: "amt":0,"char":{"slot":0,"cash":449105,"bank":132386299,"evc":132835404,"pvc":0,"pxr":0.00000,"nonce":638464958847379538},"c":[1115.73730,234.81650,-50.09090],"pt":3872955093,"vct":0,"vcp":0,"mid":0,"action":"SELL_CHIPS","cat":"BETTING","ctx":{"type":125}
[01:44:55.5515662][WARN/prepare_metric_for_sending.cpp:93] BAD METRIC: EARN; DATA: "amt":0,"char":{"slot":0,"cash":449105,"bank":132386299,"evc":132835404,"pvc":0,"pxr":0.00000,"nonce":638464958905247154},"c":[1115.73730,234.81650,-50.09090],"pt":3872965098,"vct":0,"vcp":0,"mid":0,"action":"SELL_CHIPS","cat":"BETTING","ctx":{"type":125}
[01:44:55.5516122][WARN/prepare_metric_for_sending.cpp:93] BAD METRIC: EARN; DATA: "amt":0,"char":{"slot":0,"cash":449105,"bank":132386299,"evc":132835404,"pvc":0,"pxr":0.00000,"nonce":638464958905247154},"c":[1115.73730,234.81650,-50.09090],"pt":3872965098,"vct":0,"vcp":0,"mid":0,"action":"SELL_CHIPS","cat":"BETTING","ctx":{"type":125}
[01:45:01.0295393][WARN/prepare_metric_for_sending.cpp:93] BAD METRIC: EARN; DATA: "amt":0,"char":{"slot":0,"cash":449105,"bank":132386299,"evc":132835404,"pvc":0,"pxr":0.00000,"nonce":638464958960192267},"c":[1115.73730,234.81650,-50.09090],"pt":3872975132,"vct":0,"vcp":0,"mid":0,"action":"SELL_CHIPS","cat":"BETTING","ctx":{"type":125}
[01:45:01.0295859][WARN/prepare_metric_for_sending.cpp:93] BAD METRIC: EARN; DATA: "amt":0,"char":{"slot":0,"cash":449105,"bank":132386299,"evc":132835404,"pvc":0,"pxr":0.00000,"nonce":638464958960192267},"c":[1115.73730,234.81650,-50.09090],"pt":3872975132,"vct":0,"vcp":0,"mid":0,"action":"SELL_CHIPS","cat":"BETTING","ctx":{"type":125}
[01:45:06.6813131][WARN/prepare_metric_for_sending.cpp:93] BAD METRIC: EARN; DATA: "amt":0,"char":{"slot":0,"cash":449105,"bank":132386299,"evc":132835404,"pvc":0,"pxr":0.00000,"nonce":638464959016503294},"c":[1115.73730,234.81650,-50.09090],"pt":3872975132,"vct":0,"vcp":0,"mid":0,"action":"SELL_CHIPS","cat":"BETTING","ctx":{"type":125}
[01:45:06.6813608][WARN/prepare_metric_for_sending.cpp:93] BAD METRIC: EARN; DATA: "amt":0,"char":{"slot":0,"cash":449105,"bank":132386299,"evc":132835404,"pvc":0,"pxr":0.00000,"nonce":638464959016503294},"c":[1115.73730,234.81650,-50.09090],"pt":3872975132,"vct":0,"vcp":0,"mid":0,"action":"SELL_CHIPS","cat":"BETTING","ctx":{"type":125}
[01:45:12.0541785][WARN/prepare_metric_for_sending.cpp:93] BAD METRIC: EARN; DATA: "amt":0,"char":{"slot":0,"cash":449105,"bank":132386299,"evc":132835404,"pvc":0,"pxr":0.00000,"nonce":638464959071026084},"c":[1115.73730,234.81650,-50.09090],"pt":3872985170,"vct":0,"vcp":0,"mid":0,"action":"SELL_CHIPS","cat":"BETTING","ctx":{"type":125}
[01:45:12.0542226][WARN/prepare_metric_for_sending.cpp:93] BAD METRIC: EARN; DATA: "amt":0,"char":{"slot":0,"cash":449105,"bank":132386299,"evc":132835404,"pvc":0,"pxr":0.00000,"nonce":638464959071026084},"c":[1115.73730,234.81650,-50.09090],"pt":3872985170,"vct":0,"vcp":0,"mid":0,"action":"SELL_CHIPS","cat":"BETTING","ctx":{"type":125}
[01:45:17.1576376][WARN/prepare_metric_for_sending.cpp:93] BAD METRIC: EARN; DATA: "amt":0,"char":{"slot":0,"cash":449105,"bank":132386299,"evc":132835404,"pvc":0,"pxr":0.00000,"nonce":638464959116827445},"c":[1115.73730,234.81650,-50.09090],"pt":3872985170,"vct":0,"vcp":0,"mid":0,"action":"SELL_CHIPS","cat":"BETTING","ctx":{"type":125}
[01:45:17.1576804][WARN/prepare_metric_for_sending.cpp:93] BAD METRIC: EARN; DATA: "amt":0,"char":{"slot":0,"cash":449105,"bank":132386299,"evc":132835404,"pvc":0,"pxr":0.00000,"nonce":638464959116827445},"c":[1115.73730,234.81650,-50.09090],"pt":3872985170,"vct":0,"vcp":0,"mid":0,"action":"SELL_CHIPS","cat":"BETTING","ctx":{"type":125}
[01:45:26.5808229][WARN/prepare_metric_for_sending.cpp:93] BAD METRIC: EARN; DATA: "amt":0,"char":{"slot":0,"cash":449105,"bank":132386299,"evc":132835404,"pvc":0,"pxr":0.00000,"nonce":638464959216203207},"c":[1115.73730,234.81650,-50.09090],"pt":3872995209,"vct":0,"vcp":0,"mid":0,"action":"SELL_CHIPS","cat":"BETTING","ctx":{"type":125}
[01:45:26.5808701][WARN/prepare_metric_for_sending.cpp:93] BAD METRIC: EARN; DATA: "amt":0,"char":{"slot":0,"cash":449105,"bank":132386299,"evc":132835404,"pvc":0,"pxr":0.00000,"nonce":638464959216203207},"c":[1115.73730,234.81650,-50.09090],"pt":3872995209,"vct":0,"vcp":0,"mid":0,"action":"SELL_CHIPS","cat":"BETTING","ctx":{"type":125}
[01:45:34.2699037][WARN/prepare_metric_for_sending.cpp:93] BAD METRIC: EARN; DATA: "amt":0,"char":{"slot":0,"cash":449105,"bank":132386299,"evc":132835404,"pvc":0,"pxr":0.00000,"nonce":638464959292693143},"c":[1115.73730,234.81650,-50.09090],"pt":3873005229,"vct":0,"vcp":0,"mid":0,"action":"SELL_CHIPS","cat":"BETTING","ctx":{"type":125}
[01:45:34.2699492][WARN/prepare_metric_for_sending.cpp:93] BAD METRIC: EARN; DATA: "amt":0,"char":{"slot":0,"cash":449105,"bank":132386299,"evc":132835404,"pvc":0,"pxr":0.00000,"nonce":638464959292693143},"c":[1115.73730,234.81650,-50.09090],"pt":3873005229,"vct":0,"vcp":0,"mid":0,"action":"SELL_CHIPS","cat":"BETTING","ctx":{"type":125}
[01:45:39.9954321][WARN/prepare_metric_for_sending.cpp:93] BAD METRIC: EARN; DATA: "amt":0,"char":{"slot":0,"cash":449105,"bank":132386299,"evc":132835404,"pvc":0,"pxr":0.00000,"nonce":638464959350001518},"c":[1115.73730,234.81650,-50.09090],"pt":3873005229,"vct":0,"vcp":0,"mid":0,"action":"SELL_CHIPS","cat":"BETTING","ctx":{"type":125}
[01:45:39.9954853][WARN/prepare_metric_for_sending.cpp:93] BAD METRIC: EARN; DATA: "amt":0,"char":{"slot":0,"cash":449105,"bank":132386299,"evc":132835404,"pvc":0,"pxr":0.00000,"nonce":638464959350001518},"c":[1115.73730,234.81650,-50.09090],"pt":3873005229,"vct":0,"vcp":0,"mid":0,"action":"SELL_CHIPS","cat":"BETTING","ctx":{"type":125}
[01:45:45.4782234][WARN/prepare_metric_for_sending.cpp:93] BAD METRIC: EARN; DATA: "amt":0,"char":{"slot":0,"cash":449105,"bank":132386299,"evc":132835404,"pvc":0,"pxr":0.00000,"nonce":638464959404475139},"c":[1115.73730,234.81650,-50.09090],"pt":3873015245,"vct":0,"vcp":0,"mid":0,"action":"SELL_CHIPS","cat":"BETTING","ctx":{"type":125}
[01:45:45.4782712][WARN/prepare_metric_for_sending.cpp:93] BAD METRIC: EARN; DATA: "amt":0,"char":{"slot":0,"cash":449105,"bank":132386299,"evc":132835404,"pvc":0,"pxr":0.00000,"nonce":638464959404475139},"c":[1115.73730,234.81650,-50.09090],"pt":3873015245,"vct":0,"vcp":0,"mid":0,"action":"SELL_CHIPS","cat":"BETTING","ctx":{"type":125}
[01:45:50.7043943][WARN/prepare_metric_for_sending.cpp:93] BAD METRIC: EARN; DATA: "amt":0,"char":{"slot":0,"cash":449105,"bank":132386299,"evc":132835404,"pvc":0,"pxr":0.00000,"nonce":638464959456527408},"c":[1115.73730,234.81650,-50.09090],"pt":3873015245,"vct":0,"vcp":0,"mid":0,"action":"SELL_CHIPS","cat":"BETTING","ctx":{"type":125}
[01:45:50.7044409][WARN/prepare_metric_for_sending.cpp:93] BAD METRIC: EARN; DATA: "amt":0,"char":{"slot":0,"cash":449105,"bank":132386299,"evc":132835404,"pvc":0,"pxr":0.00000,"nonce":638464959456527408},"c":[1115.73730,234.81650,-50.09090],"pt":3873015245,"vct":0,"vcp":0,"mid":0,"action":"SELL_CHIPS","cat":"BETTING","ctx":{"type":125}
[01:45:57.2317012][WARN/prepare_metric_for_sending.cpp:93] BAD METRIC: EARN; DATA: "amt":0,"char":{"slot":0,"cash":449105,"bank":132386299,"evc":132835404,"pvc":0,"pxr":0.00000,"nonce":638464959516987745},"c":[1115.73730,234.81650,-50.09090],"pt":3873025264,"vct":0,"vcp":0,"mid":0,"action":"SELL_CHIPS","cat":"BETTING","ctx":{"type":125}
[01:45:57.2317441][WARN/prepare_metric_for_sending.cpp:93] BAD METRIC: EARN; DATA: "amt":0,"char":{"slot":0,"cash":449105,"bank":132386299,"evc":132835404,"pvc":0,"pxr":0.00000,"nonce":638464959516987745},"c":[1115.73730,234.81650,-50.09090],"pt":3873025264,"vct":0,"vcp":0,"mid":0,"action":"SELL_CHIPS","cat":"BETTING","ctx":{"type":125}
[01:46:03.8018669][WARN/prepare_metric_for_sending.cpp:93] BAD METRIC: EARN; DATA: "amt":0,"char":{"slot":0,"cash":449105,"bank":132386299,"evc":132835404,"pvc":0,"pxr":0.00000,"nonce":638464959588295090},"c":[1115.73730,234.81650,-50.09090],"pt":3873035285,"vct":0,"vcp":0,"mid":0,"action":"SELL_CHIPS","cat":"BETTING","ctx":{"type":125}
[01:46:03.8019131][WARN/prepare_metric_for_sending.cpp:93] BAD METRIC: EARN; DATA: "amt":0,"char":{"slot":0,"cash":449105,"bank":132386299,"evc":132835404,"pvc":0,"pxr":0.00000,"nonce":638464959588295090},"c":[1115.73730,234.81650,-50.09090],"pt":3873035285,"vct":0,"vcp":0,"mid":0,"action":"SELL_CHIPS","cat":"BETTING","ctx":{"type":125}
[01:46:08.9805599][WARN/prepare_metric_for_sending.cpp:93] BAD METRIC: EARN; DATA: "amt":0,"char":{"slot":0,"cash":449105,"bank":132386299,"evc":132835404,"pvc":0,"pxr":0.00000,"nonce":638464959639546561},"c":[1115.73730,234.81650,-50.09090],"pt":3873035285,"vct":0,"vcp":0,"mid":0,"action":"SELL_CHIPS","cat":"BETTING","ctx":{"type":125}
[01:46:08.9806071][WARN/prepare_metric_for_sending.cpp:93] BAD METRIC: EARN; DATA: "amt":0,"char":{"slot":0,"cash":449105,"bank":132386299,"evc":132835404,"pvc":0,"pxr":0.00000,"nonce":638464959639546561},"c":[1115.73730,234.81650,-50.09090],"pt":3873035285,"vct":0,"vcp":0,"mid":0,"action":"SELL_CHIPS","cat":"BETTING","ctx":{"type":125}
[01:46:15.8140225][WARN/prepare_metric_for_sending.cpp:93] BAD METRIC: EARN; DATA: "amt":0,"char":{"slot":0,"cash":449105,"bank":132386299,"evc":132835404,"pvc":0,"pxr":0.00000,"nonce":638464959707122715},"c":[1115.73730,234.81650,-50.09090],"pt":3873045315,"vct":0,"vcp":0,"mid":0,"action":"SELL_CHIPS","cat":"BETTING","ctx":{"type":125}
[01:46:15.8140694][WARN/prepare_metric_for_sending.cpp:93] BAD METRIC: EARN; DATA: "amt":0,"char":{"slot":0,"cash":449105,"bank":132386299,"evc":132835404,"pvc":0,"pxr":0.00000,"nonce":638464959707122715},"c":[1115.73730,234.81650,-50.09090],"pt":3873045315,"vct":0,"vcp":0,"mid":0,"action":"SELL_CHIPS","cat":"BETTING","ctx":{"type":125}
[01:50:25.4374887][WARN/prepare_metric_for_sending.cpp:93] BAD METRIC: EARN; DATA: "amt":0,"char":{"slot":0,"cash":449105,"bank":132386299,"evc":132835404,"pvc":0,"pxr":0.00000,"nonce":638464962198736163},"c":[967.03802,32.73044,116.17420],"pt":3873279216,"vct":0,"vcp":0,"mid":0,"action":"SELL_CHIPS","cat":"BETTING","ctx":{"type":1000}
[01:50:25.4375330][WARN/prepare_metric_for_sending.cpp:93] BAD METRIC: EARN; DATA: "amt":0,"char":{"slot":0,"cash":449105,"bank":132386299,"evc":132835404,"pvc":0,"pxr":0.00000,"nonce":638464962198736163},"c":[967.03802,32.73044,116.17420],"pt":3873279216,"vct":0,"vcp":0,"mid":0,"action":"SELL_CHIPS","cat":"BETTING","ctx":{"type":1000}
[01:50:59.5820241][WARN/prepare_metric_for_sending.cpp:93] BAD METRIC: EARN; DATA: "amt":0,"char":{"slot":0,"cash":449105,"bank":132386299,"evc":132835404,"pvc":0,"pxr":0.00000,"nonce":638464962568554370},"c":[967.03802,32.73044,116.17420],"pt":3873319398,"vct":0,"vcp":0,"mid":0,"action":"SELL_CHIPS","cat":"BETTING","ctx":{"type":1000}
[01:50:59.5820698][WARN/prepare_metric_for_sending.cpp:93] BAD METRIC: EARN; DATA: "amt":0,"char":{"slot":0,"cash":449105,"bank":132386299,"evc":132835404,"pvc":0,"pxr":0.00000,"nonce":638464962568554370},"c":[967.03802,32.73044,116.17420],"pt":3873319398,"vct":0,"vcp":0,"mid":0,"action":"SELL_CHIPS","cat":"BETTING","ctx":{"type":1000}
[01:51:16.5168220][WARN/prepare_metric_for_sending.cpp:93] BAD METRIC: EARN; DATA: "amt":0,"char":{"slot":0,"cash":449105,"bank":132386299,"evc":132835404,"pvc":0,"pxr":0.00000,"nonce":638464962709267158},"c":[967.03802,32.73044,116.17420],"pt":3873335945,"vct":0,"vcp":0,"mid":0,"action":"SELL_CHIPS","cat":"BETTING","ctx":{"type":1000}
[01:51:16.5168706][WARN/prepare_metric_for_sending.cpp:93] BAD METRIC: EARN; DATA: "amt":0,"char":{"slot":0,"cash":449105,"bank":132386299,"evc":132835404,"pvc":0,"pxr":0.00000,"nonce":638464962709267158},"c":[967.03802,32.73044,116.17420],"pt":3873335945,"vct":0,"vcp":0,"mid":0,"action":"SELL_CHIPS","cat":"BETTING","ctx":{"type":1000}
[01:51:40.1366457][WARN/prepare_metric_for_sending.cpp:93] BAD METRIC: EARN; DATA: "amt":0,"char":{"slot":0,"cash":449105,"bank":132386299,"evc":132835404,"pvc":0,"pxr":0.00000,"nonce":638464962945598745},"c":[967.03802,32.73044,116.17420],"pt":3873356004,"vct":0,"vcp":0,"mid":0,"action":"SELL_CHIPS","cat":"BETTING","ctx":{"type":5000}
[01:51:40.1366906][WARN/prepare_metric_for_sending.cpp:93] BAD METRIC: EARN; DATA: "amt":0,"char":{"slot":0,"cash":449105,"bank":132386299,"evc":132835404,"pvc":0,"pxr":0.00000,"nonce":638464962945598745},"c":[967.03802,32.73044,116.17420],"pt":3873356004,"vct":0,"vcp":0,"mid":0,"action":"SELL_CHIPS","cat":"BETTING","ctx":{"type":5000}
[01:52:02.1298498][WARN/prepare_metric_for_sending.cpp:93] BAD METRIC: EARN; DATA: "amt":0,"char":{"slot":0,"cash":449105,"bank":132386299,"evc":132835404,"pvc":0,"pxr":0.00000,"nonce":638464963192209419},"c":[967.03802,32.73044,116.17420],"pt":3873386054,"vct":0,"vcp":0,"mid":0,"action":"SELL_CHIPS","cat":"BETTING","ctx":{"type":5000}
[01:52:02.1298964][WARN/prepare_metric_for_sending.cpp:93] BAD METRIC: EARN; DATA: "amt":0,"char":{"slot":0,"cash":449105,"bank":132386299,"evc":132835404,"pvc":0,"pxr":0.00000,"nonce":638464963192209419},"c":[967.03802,32.73044,116.17420],"pt":3873386054,"vct":0,"vcp":0,"mid":0,"action":"SELL_CHIPS","cat":"BETTING","ctx":{"type":5000}
[01:52:33.5541376][WARN/prepare_metric_for_sending.cpp:93] BAD METRIC: EARN; DATA: "amt":0,"char":{"slot":0,"cash":449105,"bank":132386299,"evc":132835404,"pvc":0,"pxr":0.00000,"nonce":638464963514978442},"c":[967.03802,32.73044,116.17420],"pt":3873416165,"vct":0,"vcp":0,"mid":0,"action":"SELL_CHIPS","cat":"BETTING","ctx":{"type":5000}
[01:52:33.5541939][WARN/prepare_metric_for_sending.cpp:93] BAD METRIC: EARN; DATA: "amt":0,"char":{"slot":0,"cash":449105,"bank":132386299,"evc":132835404,"pvc":0,"pxr":0.00000,"nonce":638464963514978442},"c":[967.03802,32.73044,116.17420],"pt":3873416165,"vct":0,"vcp":0,"mid":0,"action":"SELL_CHIPS","cat":"BETTING","ctx":{"type":5000}
[01:53:01.8724161][WARN/prepare_metric_for_sending.cpp:93] BAD METRIC: EARN; DATA: "amt":0,"char":{"slot":0,"cash":449105,"bank":132386299,"evc":132835404,"pvc":0,"pxr":0.00000,"nonce":638464963794541321},"c":[967.03802,32.73044,116.17420],"pt":3873446208,"vct":0,"vcp":0,"mid":0,"action":"SELL_CHIPS","cat":"BETTING","ctx":{"type":5000}
[01:53:01.8724994][WARN/prepare_metric_for_sending.cpp:93] BAD METRIC: EARN; DATA: "amt":0,"char":{"slot":0,"cash":449105,"bank":132386299,"evc":132835404,"pvc":0,"pxr":0.00000,"nonce":638464963794541321},"c":[967.03802,32.73044,116.17420],"pt":3873446208,"vct":0,"vcp":0,"mid":0,"action":"SELL_CHIPS","cat":"BETTING","ctx":{"type":5000}
[01:53:27.5101604][WARN/prepare_metric_for_sending.cpp:93] BAD METRIC: EARN; DATA: "amt":0,"char":{"slot":0,"cash":449105,"bank":132386299,"evc":132835404,"pvc":0,"pxr":0.00000,"nonce":638464964046223100},"c":[967.03802,32.73044,116.17420],"pt":3873466283,"vct":0,"vcp":0,"mid":0,"action":"SELL_CHIPS","cat":"BETTING","ctx":{"type":5000}
[01:53:27.5102081][WARN/prepare_metric_for_sending.cpp:93] BAD METRIC: EARN; DATA: "amt":0,"char":{"slot":0,"cash":449105,"bank":132386299,"evc":132835404,"pvc":0,"pxr":0.00000,"nonce":638464964046223100},"c":[967.03802,32.73044,116.17420],"pt":3873466283,"vct":0,"vcp":0,"mid":0,"action":"SELL_CHIPS","cat":"BETTING","ctx":{"type":5000}
[01:53:42.6895008][WARN/prepare_metric_for_sending.cpp:93] BAD METRIC: EARN; DATA: "amt":0,"char":{"slot":0,"cash":449105,"bank":132386299,"evc":132835404,"pvc":0,"pxr":0.00000,"nonce":638464964171546460},"c":[967.03802,32.73044,116.17420],"pt":3873476331,"vct":0,"vcp":0,"mid":0,"action":"SELL_CHIPS","cat":"BETTING","ctx":{"type":5000}
[01:53:42.6895443][WARN/prepare_metric_for_sending.cpp:93] BAD METRIC: EARN; DATA: "amt":0,"char":{"slot":0,"cash":449105,"bank":132386299,"evc":132835404,"pvc":0,"pxr":0.00000,"nonce":638464964171546460},"c":[967.03802,32.73044,116.17420],"pt":3873476331,"vct":0,"vcp":0,"mid":0,"action":"SELL_CHIPS","cat":"BETTING","ctx":{"type":5000}
[01:53:57.2112260][WARN/prepare_metric_for_sending.cpp:93] BAD METRIC: EARN; DATA: "amt":0,"char":{"slot":0,"cash":449105,"bank":132386299,"evc":132835404,"pvc":0,"pxr":0.00000,"nonce":638464964347679370},"c":[967.03802,32.73044,116.17420],"pt":3873496352,"vct":0,"vcp":0,"mid":0,"action":"SELL_CHIPS","cat":"BETTING","ctx":{"type":5000}
[01:53:57.2112739][WARN/prepare_metric_for_sending.cpp:93] BAD METRIC: EARN; DATA: "amt":0,"char":{"slot":0,"cash":449105,"bank":132386299,"evc":132835404,"pvc":0,"pxr":0.00000,"nonce":638464964347679370},"c":[967.03802,32.73044,116.17420],"pt":3873496352,"vct":0,"vcp":0,"mid":0,"action":"SELL_CHIPS","cat":"BETTING","ctx":{"type":5000}
[01:54:27.6813491][WARN/prepare_metric_for_sending.cpp:93] BAD METRIC: EARN; DATA: "amt":0,"char":{"slot":0,"cash":449105,"bank":132386299,"evc":132835404,"pvc":0,"pxr":0.00000,"nonce":638464964654976123},"c":[967.03802,32.73044,116.17420],"pt":3873526452,"vct":0,"vcp":0,"mid":0,"action":"SELL_CHIPS","cat":"BETTING","ctx":{"type":5000}
[01:54:27.6813947][WARN/prepare_metric_for_sending.cpp:93] BAD METRIC: EARN; DATA: "amt":0,"char":{"slot":0,"cash":449105,"bank":132386299,"evc":132835404,"pvc":0,"pxr":0.00000,"nonce":638464964654976123},"c":[967.03802,32.73044,116.17420],"pt":3873526452,"vct":0,"vcp":0,"mid":0,"action":"SELL_CHIPS","cat":"BETTING","ctx":{"type":5000}
[01:55:17.4558367][WARN/prepare_metric_for_sending.cpp:93] BAD METRIC: EARN; DATA: "amt":0,"char":{"slot":0,"cash":449105,"bank":132386299,"evc":132835404,"pvc":0,"pxr":0.00000,"nonce":638464965154663527},"c":[967.03802,32.73044,116.17420],"pt":3873576632,"vct":0,"vcp":0,"mid":0,"action":"SELL_CHIPS","cat":"BETTING","ctx":{"type":5000}
[01:55:17.4558847][WARN/prepare_metric_for_sending.cpp:93] BAD METRIC: EARN; DATA: "amt":0,"char":{"slot":0,"cash":449105,"bank":132386299,"evc":132835404,"pvc":0,"pxr":0.00000,"nonce":638464965154663527},"c":[967.03802,32.73044,116.17420],"pt":3873576632,"vct":0,"vcp":0,"mid":0,"action":"SELL_CHIPS","cat":"BETTING","ctx":{"type":5000}
[01:55:37.5308032][WARN/prepare_metric_for_sending.cpp:93] BAD METRIC: EARN; DATA: "amt":0,"char":{"slot":0,"cash":449105,"bank":132386299,"evc":132835404,"pvc":0,"pxr":0.00000,"nonce":638464965320004709},"c":[967.03802,32.73044,116.17420],"pt":3873596692,"vct":0,"vcp":0,"mid":0,"action":"SELL_CHIPS","cat":"BETTING","ctx":{"type":5000}
[01:55:37.5308475][WARN/prepare_metric_for_sending.cpp:93] BAD METRIC: EARN; DATA: "amt":0,"char":{"slot":0,"cash":449105,"bank":132386299,"evc":132835404,"pvc":0,"pxr":0.00000,"nonce":638464965320004709},"c":[967.03802,32.73044,116.17420],"pt":3873596692,"vct":0,"vcp":0,"mid":0,"action":"SELL_CHIPS","cat":"BETTING","ctx":{"type":5000}
[01:55:51.0831916][WARN/prepare_metric_for_sending.cpp:93] BAD METRIC: EARN; DATA: "amt":0,"char":{"slot":0,"cash":449105,"bank":132386299,"evc":132835404,"pvc":0,"pxr":0.00000,"nonce":638464965491928857},"c":[967.03802,32.73044,116.17420],"pt":3873616784,"vct":0,"vcp":0,"mid":0,"action":"SELL_CHIPS","cat":"BETTING","ctx":{"type":5000}
[01:55:51.0832857][WARN/prepare_metric_for_sending.cpp:93] BAD METRIC: EARN; DATA: "amt":0,"char":{"slot":0,"cash":449105,"bank":132386299,"evc":132835404,"pvc":0,"pxr":0.00000,"nonce":638464965491928857},"c":[967.03802,32.73044,116.17420],"pt":3873616784,"vct":0,"vcp":0,"mid":0,"action":"SELL_CHIPS","cat":"BETTING","ctx":{"type":5000}
[01:56:07.5974047][WARN/prepare_metric_for_sending.cpp:93] BAD METRIC: EARN; DATA: "amt":0,"char":{"slot":0,"cash":449105,"bank":132386299,"evc":132835404,"pvc":0,"pxr":0.00000,"nonce":638464965620366714},"c":[967.03802,32.73044,116.17420],"pt":3873626785,"vct":0,"vcp":0,"mid":0,"action":"SELL_CHIPS","cat":"BETTING","ctx":{"type":5000}
[01:56:07.5975227][WARN/prepare_metric_for_sending.cpp:93] BAD METRIC: EARN; DATA: "amt":0,"char":{"slot":0,"cash":449105,"bank":132386299,"evc":132835404,"pvc":0,"pxr":0.00000,"nonce":638464965620366714},"c":[967.03802,32.73044,116.17420],"pt":3873626785,"vct":0,"vcp":0,"mid":0,"action":"SELL_CHIPS","cat":"BETTING","ctx":{"type":5000}
[01:56:22.9210638][WARN/prepare_metric_for_sending.cpp:93] BAD METRIC: EARN; DATA: "amt":0,"char":{"slot":0,"cash":449105,"bank":132386299,"evc":132835404,"pvc":0,"pxr":0.00000,"nonce":638464965805289962},"c":[967.03802,32.73044,116.17420],"pt":3873646835,"vct":0,"vcp":0,"mid":0,"action":"SELL_CHIPS","cat":"BETTING","ctx":{"type":5000}
[01:56:22.9211107][WARN/prepare_metric_for_sending.cpp:93] BAD METRIC: EARN; DATA: "amt":0,"char":{"slot":0,"cash":449105,"bank":132386299,"evc":132835404,"pvc":0,"pxr":0.00000,"nonce":638464965805289962},"c":[967.03802,32.73044,116.17420],"pt":3873646835,"vct":0,"vcp":0,"mid":0,"action":"SELL_CHIPS","cat":"BETTING","ctx":{"type":5000}
[01:56:58.3205304][WARN/prepare_metric_for_sending.cpp:93] BAD METRIC: EARN; DATA: "amt":0,"char":{"slot":0,"cash":449105,"bank":132386299,"evc":132835404,"pvc":0,"pxr":0.00000,"nonce":638464966169665941},"c":[967.03802,32.73044,116.17420],"pt":3873676929,"vct":0,"vcp":0,"mid":0,"action":"SELL_CHIPS","cat":"BETTING","ctx":{"type":5000}
[01:56:58.3206051][WARN/prepare_metric_for_sending.cpp:93] BAD METRIC: EARN; DATA: "amt":0,"char":{"slot":0,"cash":449105,"bank":132386299,"evc":132835404,"pvc":0,"pxr":0.00000,"nonce":638464966169665941},"c":[967.03802,32.73044,116.17420],"pt":3873676929,"vct":0,"vcp":0,"mid":0,"action":"SELL_CHIPS","cat":"BETTING","ctx":{"type":5000}
[01:57:36.6361171][WARN/prepare_metric_for_sending.cpp:93] BAD METRIC: EARN; DATA: "amt":0,"char":{"slot":0,"cash":449105,"bank":132386299,"evc":132835404,"pvc":0,"pxr":0.00000,"nonce":638464966541733389},"c":[967.03802,32.73044,116.17420],"pt":3873717011,"vct":0,"vcp":0,"mid":0,"action":"SELL_CHIPS","cat":"BETTING","ctx":{"type":5000}
[01:57:36.6361665][WARN/prepare_metric_for_sending.cpp:93] BAD METRIC: EARN; DATA: "amt":0,"char":{"slot":0,"cash":449105,"bank":132386299,"evc":132835404,"pvc":0,"pxr":0.00000,"nonce":638464966541733389},"c":[967.03802,32.73044,116.17420],"pt":3873717011,"vct":0,"vcp":0,"mid":0,"action":"SELL_CHIPS","cat":"BETTING","ctx":{"type":5000}
[01:57:54.4725175][WARN/prepare_metric_for_sending.cpp:93] BAD METRIC: EARN; DATA: "amt":0,"char":{"slot":0,"cash":449105,"bank":132386299,"evc":132835404,"pvc":0,"pxr":0.00000,"nonce":638464966689354111},"c":[967.03802,32.73044,116.17420],"pt":3873737043,"vct":0,"vcp":0,"mid":0,"action":"SELL_CHIPS","cat":"BETTING","ctx":{"type":5000}
[01:57:54.4725698][WARN/prepare_metric_for_sending.cpp:93] BAD METRIC: EARN; DATA: "amt":0,"char":{"slot":0,"cash":449105,"bank":132386299,"evc":132835404,"pvc":0,"pxr":0.00000,"nonce":638464966689354111},"c":[967.03802,32.73044,116.17420],"pt":3873737043,"vct":0,"vcp":0,"mid":0,"action":"SELL_CHIPS","cat":"BETTING","ctx":{"type":5000}
[01:58:09.7278555][WARN/prepare_metric_for_sending.cpp:93] BAD METRIC: EARN; DATA: "amt":0,"char":{"slot":0,"cash":449105,"bank":132386299,"evc":132835404,"pvc":0,"pxr":0.00000,"nonce":638464966880994080},"c":[967.03802,32.73044,116.17420],"pt":3873757086,"vct":0,"vcp":0,"mid":0,"action":"SELL_CHIPS","cat":"BETTING","ctx":{"type":5000}
[01:58:09.7279026][WARN/prepare_metric_for_sending.cpp:93] BAD METRIC: EARN; DATA: "amt":0,"char":{"slot":0,"cash":449105,"bank":132386299,"evc":132835404,"pvc":0,"pxr":0.00000,"nonce":638464966880994080},"c":[967.03802,32.73044,116.17420],"pt":3873757086,"vct":0,"vcp":0,"mid":0,"action":"SELL_CHIPS","cat":"BETTING","ctx":{"type":5000}
[01:58:41.8058621][WARN/prepare_metric_for_sending.cpp:93] BAD METRIC: EARN; DATA: "amt":0,"char":{"slot":0,"cash":449105,"bank":132386299,"evc":132835404,"pvc":0,"pxr":0.00000,"nonce":638464967199432207},"c":[967.03802,32.73044,116.17420],"pt":3873787143,"vct":0,"vcp":0,"mid":0,"action":"SELL_CHIPS","cat":"BETTING","ctx":{"type":5000}
[01:58:41.8059367][WARN/prepare_metric_for_sending.cpp:93] BAD METRIC: EARN; DATA: "amt":0,"char":{"slot":0,"cash":449105,"bank":132386299,"evc":132835404,"pvc":0,"pxr":0.00000,"nonce":638464967199432207},"c":[967.03802,32.73044,116.17420],"pt":3873787143,"vct":0,"vcp":0,"mid":0,"action":"SELL_CHIPS","cat":"BETTING","ctx":{"type":5000}
[01:59:11.6640836][WARN/prepare_metric_for_sending.cpp:93] BAD METRIC: EARN; DATA: "amt":0,"char":{"slot":0,"cash":449105,"bank":132386299,"evc":132835404,"pvc":0,"pxr":0.00000,"nonce":638464967492089029},"c":[967.03802,32.73044,116.17420],"pt":3873817208,"vct":0,"vcp":0,"mid":0,"action":"SELL_CHIPS","cat":"BETTING","ctx":{"type":5000}
[01:59:11.6641304][WARN/prepare_metric_for_sending.cpp:93] BAD METRIC: EARN; DATA: "amt":0,"char":{"slot":0,"cash":449105,"bank":132386299,"evc":132835404,"pvc":0,"pxr":0.00000,"nonce":638464967492089029},"c":[967.03802,32.73044,116.17420],"pt":3873817208,"vct":0,"vcp":0,"mid":0,"action":"SELL_CHIPS","cat":"BETTING","ctx":{"type":5000}
[01:59:39.6937469][WARN/prepare_metric_for_sending.cpp:93] BAD METRIC: EARN; DATA: "amt":0,"char":{"slot":0,"cash":449105,"bank":132386299,"evc":132835404,"pvc":0,"pxr":0.00000,"nonce":638464967790293669},"c":[967.03802,32.73044,116.17420],"pt":3873847263,"vct":0,"vcp":0,"mid":0,"action":"SELL_CHIPS","cat":"BETTING","ctx":{"type":5000}
[01:59:39.6937943][WARN/prepare_metric_for_sending.cpp:93] BAD METRIC: EARN; DATA: "amt":0,"char":{"slot":0,"cash":449105,"bank":132386299,"evc":132835404,"pvc":0,"pxr":0.00000,"nonce":638464967790293669},"c":[967.03802,32.73044,116.17420],"pt":3873847263,"vct":0,"vcp":0,"mid":0,"action":"SELL_CHIPS","cat":"BETTING","ctx":{"type":5000}
[02:00:16.3635005][WARN/prepare_metric_for_sending.cpp:93] BAD METRIC: EARN; DATA: "amt":0,"char":{"slot":0,"cash":449105,"bank":132386299,"evc":132835404,"pvc":0,"pxr":0.00000,"nonce":638464968138000063},"c":[967.03802,32.73044,116.17420],"pt":3873877314,"vct":0,"vcp":0,"mid":0,"action":"SELL_CHIPS","cat":"BETTING","ctx":{"type":5000}
[02:00:16.3635475][WARN/prepare_metric_for_sending.cpp:93] BAD METRIC: EARN; DATA: "amt":0,"char":{"slot":0,"cash":449105,"bank":132386299,"evc":132835404,"pvc":0,"pxr":0.00000,"nonce":638464968138000063},"c":[967.03802,32.73044,116.17420],"pt":3873877314,"vct":0,"vcp":0,"mid":0,"action":"SELL_CHIPS","cat":"BETTING","ctx":{"type":5000}
[02:00:48.7845740][WARN/prepare_metric_for_sending.cpp:93] BAD METRIC: EARN; DATA: "amt":0,"char":{"slot":0,"cash":449105,"bank":132386299,"evc":132835404,"pvc":0,"pxr":0.00000,"nonce":638464968463263816},"c":[967.03802,32.73044,116.17420],"pt":3873907410,"vct":0,"vcp":0,"mid":0,"action":"SELL_CHIPS","cat":"BETTING","ctx":{"type":5000}
[02:00:48.7846372][WARN/prepare_metric_for_sending.cpp:93] BAD METRIC: EARN; DATA: "amt":0,"char":{"slot":0,"cash":449105,"bank":132386299,"evc":132835404,"pvc":0,"pxr":0.00000,"nonce":638464968463263816},"c":[967.03802,32.73044,116.17420],"pt":3873907410,"vct":0,"vcp":0,"mid":0,"action":"SELL_CHIPS","cat":"BETTING","ctx":{"type":5000}
[02:01:03.8436276][WARN/prepare_metric_for_sending.cpp:93] BAD METRIC: EARN; DATA: "amt":0,"char":{"slot":0,"cash":449105,"bank":132386299,"evc":132835404,"pvc":0,"pxr":0.00000,"nonce":638464968583312583},"c":[967.03802,32.73044,116.17420],"pt":3873917447,"vct":0,"vcp":0,"mid":0,"action":"SELL_CHIPS","cat":"BETTING","ctx":{"type":5000}
[02:01:03.8436718][WARN/prepare_metric_for_sending.cpp:93] BAD METRIC: EARN; DATA: "amt":0,"char":{"slot":0,"cash":449105,"bank":132386299,"evc":132835404,"pvc":0,"pxr":0.00000,"nonce":638464968583312583},"c":[967.03802,32.73044,116.17420],"pt":3873917447,"vct":0,"vcp":0,"mid":0,"action":"SELL_CHIPS","cat":"BETTING","ctx":{"type":5000}
[02:01:18.4956319][WARN/prepare_metric_for_sending.cpp:93] BAD METRIC: EARN; DATA: "amt":0,"char":{"slot":0,"cash":449105,"bank":132386299,"evc":132835404,"pvc":0,"pxr":0.00000,"nonce":638464968756622804},"c":[967.03802,32.73044,116.17420],"pt":3873937419,"vct":0,"vcp":0,"mid":0,"action":"SELL_CHIPS","cat":"BETTING","ctx":{"type":5000}
[02:01:18.4957093][WARN/prepare_metric_for_sending.cpp:93] BAD METRIC: EARN; DATA: "amt":0,"char":{"slot":0,"cash":449105,"bank":132386299,"evc":132835404,"pvc":0,"pxr":0.00000,"nonce":638464968756622804},"c":[967.03802,32.73044,116.17420],"pt":3873937419,"vct":0,"vcp":0,"mid":0,"action":"SELL_CHIPS","cat":"BETTING","ctx":{"type":5000}
[02:01:50.1365464][WARN/prepare_metric_for_sending.cpp:93] BAD METRIC: EARN; DATA: "amt":0,"char":{"slot":0,"cash":449105,"bank":132386299,"evc":132835404,"pvc":0,"pxr":0.00000,"nonce":638464969046249914},"c":[967.03802,32.73044,116.17420],"pt":3873967499,"vct":0,"vcp":0,"mid":0,"action":"SELL_CHIPS","cat":"BETTING","ctx":{"type":10000}
[02:01:50.1365895][WARN/prepare_metric_for_sending.cpp:93] BAD METRIC: EARN; DATA: "amt":0,"char":{"slot":0,"cash":449105,"bank":132386299,"evc":132835404,"pvc":0,"pxr":0.00000,"nonce":638464969046249914},"c":[967.03802,32.73044,116.17420],"pt":3873967499,"vct":0,"vcp":0,"mid":0,"action":"SELL_CHIPS","cat":"BETTING","ctx":{"type":10000}
[02:02:04.6682022][WARN/prepare_metric_for_sending.cpp:93] BAD METRIC: EARN; DATA: "amt":0,"char":{"slot":0,"cash":449105,"bank":132386299,"evc":132835404,"pvc":0,"pxr":0.00000,"nonce":638464969191406321},"c":[967.03802,32.73044,116.17420],"pt":3873987559,"vct":0,"vcp":0,"mid":0,"action":"SELL_CHIPS","cat":"BETTING","ctx":{"type":10000}
[02:02:04.6682480][WARN/prepare_metric_for_sending.cpp:93] BAD METRIC: EARN; DATA: "amt":0,"char":{"slot":0,"cash":449105,"bank":132386299,"evc":132835404,"pvc":0,"pxr":0.00000,"nonce":638464969191406321},"c":[967.03802,32.73044,116.17420],"pt":3873987559,"vct":0,"vcp":0,"mid":0,"action":"SELL_CHIPS","cat":"BETTING","ctx":{"type":10000}
[02:02:19.3658434][WARN/prepare_metric_for_sending.cpp:93] BAD METRIC: EARN; DATA: "amt":0,"char":{"slot":0,"cash":449105,"bank":132386299,"evc":132835404,"pvc":0,"pxr":0.00000,"nonce":638464969376078053},"c":[967.03802,32.73044,116.17420],"pt":3873997602,"vct":0,"vcp":0,"mid":0,"action":"SELL_CHIPS","cat":"BETTING","ctx":{"type":10000}
[02:02:19.3658925][WARN/prepare_metric_for_sending.cpp:93] BAD METRIC: EARN; DATA: "amt":0,"char":{"slot":0,"cash":449105,"bank":132386299,"evc":132835404,"pvc":0,"pxr":0.00000,"nonce":638464969376078053},"c":[967.03802,32.73044,116.17420],"pt":3873997602,"vct":0,"vcp":0,"mid":0,"action":"SELL_CHIPS","cat":"BETTING","ctx":{"type":10000}
[02:02:51.1658879][WARN/prepare_metric_for_sending.cpp:93] BAD METRIC: EARN; DATA: "amt":0,"char":{"slot":0,"cash":449105,"bank":132386299,"evc":132835404,"pvc":0,"pxr":0.00000,"nonce":638464969685423295},"c":[967.03802,32.73044,116.17420],"pt":3874027681,"vct":0,"vcp":0,"mid":0,"action":"SELL_CHIPS","cat":"BETTING","ctx":{"type":10000}
[02:02:51.1659413][WARN/prepare_metric_for_sending.cpp:93] BAD METRIC: EARN; DATA: "amt":0,"char":{"slot":0,"cash":449105,"bank":132386299,"evc":132835404,"pvc":0,"pxr":0.00000,"nonce":638464969685423295},"c":[967.03802,32.73044,116.17420],"pt":3874027681,"vct":0,"vcp":0,"mid":0,"action":"SELL_CHIPS","cat":"BETTING","ctx":{"type":10000}
[02:03:23.7670861][WARN/prepare_metric_for_sending.cpp:93] BAD METRIC: EARN; DATA: "amt":0,"char":{"slot":0,"cash":449105,"bank":132386299,"evc":132835404,"pvc":0,"pxr":0.00000,"nonce":638464970011584727},"c":[967.03802,32.73044,116.17420],"pt":3874067783,"vct":0,"vcp":0,"mid":0,"action":"SELL_CHIPS","cat":"BETTING","ctx":{"type":10000}
[02:03:23.7671667][WARN/prepare_metric_for_sending.cpp:93] BAD METRIC: EARN; DATA: "amt":0,"char":{"slot":0,"cash":449105,"bank":132386299,"evc":132835404,"pvc":0,"pxr":0.00000,"nonce":638464970011584727},"c":[967.03802,32.73044,116.17420],"pt":3874067783,"vct":0,"vcp":0,"mid":0,"action":"SELL_CHIPS","cat":"BETTING","ctx":{"type":10000}
[02:03:53.1993562][WARN/prepare_metric_for_sending.cpp:93] BAD METRIC: EARN; DATA: "amt":0,"char":{"slot":0,"cash":449105,"bank":132386299,"evc":132835404,"pvc":0,"pxr":0.00000,"nonce":638464970310298948},"c":[967.03802,32.73044,116.17420],"pt":3874097870,"vct":0,"vcp":0,"mid":0,"action":"SELL_CHIPS","cat":"BETTING","ctx":{"type":10000}
[02:03:53.1994030][WARN/prepare_metric_for_sending.cpp:93] BAD METRIC: EARN; DATA: "amt":0,"char":{"slot":0,"cash":449105,"bank":132386299,"evc":132835404,"pvc":0,"pxr":0.00000,"nonce":638464970310298948},"c":[967.03802,32.73044,116.17420],"pt":3874097870,"vct":0,"vcp":0,"mid":0,"action":"SELL_CHIPS","cat":"BETTING","ctx":{"type":10000}
[02:04:11.2784550][WARN/prepare_metric_for_sending.cpp:93] BAD METRIC: EARN; DATA: "amt":0,"char":{"slot":0,"cash":449105,"bank":132386299,"evc":132835404,"pvc":0,"pxr":0.00000,"nonce":638464970457456120},"c":[967.03802,32.73044,116.17420],"pt":3874107891,"vct":0,"vcp":0,"mid":0,"action":"SELL_CHIPS","cat":"BETTING","ctx":{"type":10000}
[02:04:11.2784981][WARN/prepare_metric_for_sending.cpp:93] BAD METRIC: EARN; DATA: "amt":0,"char":{"slot":0,"cash":449105,"bank":132386299,"evc":132835404,"pvc":0,"pxr":0.00000,"nonce":638464970457456120},"c":[967.03802,32.73044,116.17420],"pt":3874107891,"vct":0,"vcp":0,"mid":0,"action":"SELL_CHIPS","cat":"BETTING","ctx":{"type":10000}
[02:04:27.6920838][WARN/prepare_metric_for_sending.cpp:93] BAD METRIC: EARN; DATA: "amt":0,"char":{"slot":0,"cash":449105,"bank":132386299,"evc":132835404,"pvc":0,"pxr":0.00000,"nonce":638464970665206787},"c":[967.03802,32.73044,116.17420],"pt":3874127919,"vct":0,"vcp":0,"mid":0,"action":"SELL_CHIPS","cat":"BETTING","ctx":{"type":20000}
[02:04:27.6921287][WARN/prepare_metric_for_sending.cpp:93] BAD METRIC: EARN; DATA: "amt":0,"char":{"slot":0,"cash":449105,"bank":132386299,"evc":132835404,"pvc":0,"pxr":0.00000,"nonce":638464970665206787},"c":[967.03802,32.73044,116.17420],"pt":3874127919,"vct":0,"vcp":0,"mid":0,"action":"SELL_CHIPS","cat":"BETTING","ctx":{"type":20000}
[02:04:53.2312732][WARN/prepare_metric_for_sending.cpp:93] BAD METRIC: EARN; DATA: "amt":0,"char":{"slot":0,"cash":449105,"bank":132386299,"evc":132835404,"pvc":0,"pxr":0.00000,"nonce":638464970916001965},"c":[967.03802,32.73044,116.17420],"pt":3874157976,"vct":0,"vcp":0,"mid":0,"action":"SELL_CHIPS","cat":"BETTING","ctx":{"type":10000}
[02:04:53.2313222][WARN/prepare_metric_for_sending.cpp:93] BAD METRIC: EARN; DATA: "amt":0,"char":{"slot":0,"cash":449105,"bank":132386299,"evc":132835404,"pvc":0,"pxr":0.00000,"nonce":638464970916001965},"c":[967.03802,32.73044,116.17420],"pt":3874157976,"vct":0,"vcp":0,"mid":0,"action":"SELL_CHIPS","cat":"BETTING","ctx":{"type":10000}
[02:05:23.3999606][WARN/prepare_metric_for_sending.cpp:93] BAD METRIC: EARN; DATA: "amt":0,"char":{"slot":0,"cash":449105,"bank":132386299,"evc":132835404,"pvc":0,"pxr":0.00000,"nonce":638464971219877033},"c":[967.03802,32.73044,116.17420],"pt":3874188093,"vct":0,"vcp":0,"mid":0,"action":"SELL_CHIPS","cat":"BETTING","ctx":{"type":10000}
[02:05:23.4000292][WARN/prepare_metric_for_sending.cpp:93] BAD METRIC: EARN; DATA: "amt":0,"char":{"slot":0,"cash":449105,"bank":132386299,"evc":132835404,"pvc":0,"pxr":0.00000,"nonce":638464971219877033},"c":[967.03802,32.73044,116.17420],"pt":3874188093,"vct":0,"vcp":0,"mid":0,"action":"SELL_CHIPS","cat":"BETTING","ctx":{"type":10000}
[02:06:01.1797908][WARN/prepare_metric_for_sending.cpp:93] BAD METRIC: EARN; DATA: "amt":0,"char":{"slot":0,"cash":449105,"bank":132386299,"evc":132835404,"pvc":0,"pxr":0.00000,"nonce":638464971594067056},"c":[967.03802,32.73044,116.17420],"pt":3874228168,"vct":0,"vcp":0,"mid":0,"action":"SELL_CHIPS","cat":"BETTING","ctx":{"type":20000}
[02:06:01.1798571][WARN/prepare_metric_for_sending.cpp:93] BAD METRIC: EARN; DATA: "amt":0,"char":{"slot":0,"cash":449105,"bank":132386299,"evc":132835404,"pvc":0,"pxr":0.00000,"nonce":638464971594067056},"c":[967.03802,32.73044,116.17420],"pt":3874228168,"vct":0,"vcp":0,"mid":0,"action":"SELL_CHIPS","cat":"BETTING","ctx":{"type":20000}
[02:06:28.3134783][WARN/prepare_metric_for_sending.cpp:93] BAD METRIC: EARN; DATA: "amt":0,"char":{"slot":0,"cash":449105,"bank":132386299,"evc":132835404,"pvc":0,"pxr":0.00000,"nonce":638464971858642011},"c":[967.03802,32.73044,116.17420],"pt":3874248205,"vct":0,"vcp":0,"mid":0,"action":"SELL_CHIPS","cat":"BETTING","ctx":{"type":20000}
[02:06:28.3135262][WARN/prepare_metric_for_sending.cpp:93] BAD METRIC: EARN; DATA: "amt":0,"char":{"slot":0,"cash":449105,"bank":132386299,"evc":132835404,"pvc":0,"pxr":0.00000,"nonce":638464971858642011},"c":[967.03802,32.73044,116.17420],"pt":3874248205,"vct":0,"vcp":0,"mid":0,"action":"SELL_CHIPS","cat":"BETTING","ctx":{"type":20000}
[02:07:03.9151050][WARN/prepare_metric_for_sending.cpp:93] BAD METRIC: EARN; DATA: "amt":0,"char":{"slot":0,"cash":449105,"bank":132377274,"evc":132826379,"pvc":0,"pxr":0.00000,"nonce":638464972215676379},"c":[967.03802,32.73044,116.17420],"pt":3874288308,"vct":0,"vcp":0,"mid":0,"action":"SELL_CHIPS","cat":"BETTING","ctx":{"type":20000}
[02:07:03.9151527][WARN/prepare_metric_for_sending.cpp:93] BAD METRIC: EARN; DATA: "amt":0,"char":{"slot":0,"cash":449105,"bank":132377274,"evc":132826379,"pvc":0,"pxr":0.00000,"nonce":638464972215676379},"c":[967.03802,32.73044,116.17420],"pt":3874288308,"vct":0,"vcp":0,"mid":0,"action":"SELL_CHIPS","cat":"BETTING","ctx":{"type":20000}
[02:07:33.1446584][WARN/prepare_metric_for_sending.cpp:93] BAD METRIC: EARN; DATA: "amt":0,"char":{"slot":0,"cash":449105,"bank":132377274,"evc":132826379,"pvc":0,"pxr":0.00000,"nonce":638464972511312445},"c":[967.03802,32.73044,116.17420],"pt":3874318370,"vct":0,"vcp":0,"mid":0,"action":"SELL_CHIPS","cat":"BETTING","ctx":{"type":20000}
[02:07:33.1447075][WARN/prepare_metric_for_sending.cpp:93] BAD METRIC: EARN; DATA: "amt":0,"char":{"slot":0,"cash":449105,"bank":132377274,"evc":132826379,"pvc":0,"pxr":0.00000,"nonce":638464972511312445},"c":[967.03802,32.73044,116.17420],"pt":3874318370,"vct":0,"vcp":0,"mid":0,"action":"SELL_CHIPS","cat":"BETTING","ctx":{"type":20000}
[02:12:24.9932153][WARN/prepare_metric_for_sending.cpp:93] BAD METRIC: AWARD_XP; DATA: "amt":100,"type":2435321038,"cat":1742376909,"pt":3874559099,"slot":0
[02:26:47.2904860][INFO/main.cpp:272] Scripts unregistered.
[02:26:47.2905318][INFO/main.cpp:275] Lua manager uninitialized.
[02:26:47.3476612][INFO/main.cpp:278] Hooking disabled.
[02:26:47.3486426][INFO/main.cpp:281] Dynamic native hooker uninitialized.
[02:26:47.3486817][DEBUG/thread_pool.cpp:109] Thread 14884 exiting...
[02:26:47.3486849][DEBUG/thread_pool.cpp:109] Thread 14832 exiting...
[02:26:47.3487406][DEBUG/thread_pool.cpp:109] Thread 7104 exiting...
[02:26:47.3487242][DEBUG/thread_pool.cpp:109] Thread 9100 exiting...
[02:26:47.3498363][INFO/main.cpp:286] Destroyed thread pool.
[02:26:47.3498516][INFO/main.cpp:289] Script Connection Service reset.
[02:26:47.3558216][INFO/main.cpp:291] Tunables Service reset.
[02:26:47.3558449][INFO/main.cpp:293] Hotkey Service reset.
[02:26:47.3559117][INFO/main.cpp:295] Matchmaking Service reset.
[02:26:47.3566763][INFO/main.cpp:297] Player Database Service reset.
[02:26:47.3566837][INFO/main.cpp:299] API Service reset.
[02:26:47.3703288][INFO/main.cpp:301] Script Patcher Service reset.
[02:26:47.3705990][INFO/main.cpp:303] Gui Service reset.
[02:26:47.3744145][INFO/main.cpp:305] GTA Data Service reset.
[02:26:47.3744332][INFO/main.cpp:307] Vehicle Service reset.
[02:26:47.3744443][INFO/main.cpp:309] Model Preview Service reset.
[02:26:47.3744767][INFO/main.cpp:311] Mobile Service reset.
[02:26:47.3744832][INFO/main.cpp:313] Player Service reset.
[02:26:47.3744853][INFO/main.cpp:315] Pickup Service reset.
[02:26:47.3745035][INFO/main.cpp:317] Custom Text Service reset.
[02:26:47.3746266][INFO/main.cpp:319] Context Service reset.
[02:26:47.3746331][INFO/main.cpp:321] Xml Vehicles Service reset.
[02:26:47.3746347][INFO/main.cpp:322] Services uninitialized.
[02:26:47.3746998][INFO/main.cpp:325] Hooking uninitialized.
[02:26:47.3747095][INFO/main.cpp:328] Fiber pool uninitialized.
[02:26:47.3858107][INFO/main.cpp:331] Renderer uninitialized.
[02:26:47.3865469][INFO/main.cpp:334] Byte Patch Manager uninitialized.
[02:26:47.3865847][INFO/main.cpp:337] Pointers uninitialized.
[02:26:47.3865948][INFO/main.cpp:340] Thread pool uninitialized.
[02:26:47.3865978][INFO/main.cpp:342] Farewell!
