[20:01:30.0825179][INFO/main.cpp:159] Yim's Menu Initializing
[20:01:30.0831223][INFO/main.cpp:160] Git Info
	Branch:	master
	Hash:	d737c01b333f349ff9d4803784fee1051ee93cb9
	Date:	Tue Feb 20 18:29:02 2024
[20:01:30.0832644][INFO/main.cpp:172] Windows 10 Home Version 22H2 (OS Build 19045.4170)
[20:01:30.0896817][DEBUG/thread_pool.cpp:22] Resizing thread pool from 0 to 4
[20:01:30.0899630][INFO/main.cpp:180] Thread pool initialized.
[20:01:30.1076407][INFO/main.cpp:183] Settings Loaded.
[20:01:30.1076474][DEBUG/thread_pool.cpp:96] Thread 13956 executing settings.cpp:12
[20:01:30.1172061][INFO/pointers.hpp:94] GTA5 pointers cache is up to date, using it.
[20:01:30.1172818][INFO/pointers.cpp:1812] Loading pointers instance from cache
[20:01:30.1172889][INFO/pointers.cpp:1821] Pointers cache: Loading 215 fields from the cache
[20:01:30.1173136][DEBUG/module.cpp:50] Waiting for socialclub.dll...
[20:01:30.1252598][INFO/pointers.hpp:94] Social Club pointers cache is up to date, using it.
[20:01:30.1252786][INFO/pointers.cpp:1812] Loading pointers instance from cache
[20:01:30.1252827][INFO/pointers.cpp:1821] Pointers cache: Loading 5 fields from the cache
[20:01:30.1253606][INFO/main.cpp:186] Pointers initialized.
[20:01:30.1253733][INFO/main.cpp:193] Disabled anticheat gameskeleton.
[20:01:30.1256750][INFO/main.cpp:196] Byte Patch Manager initialized.
[20:01:30.8286356][INFO/main.cpp:199] Renderer initialized.
[20:01:31.1557941][INFO/main.cpp:203] Fiber pool initialized.
[20:01:31.1655626][INFO/main.cpp:206] HTTP Client initialized.
[20:01:31.3697200][INFO/main.cpp:209] Translation Service initialized.
[20:01:31.4034952][INFO/main.cpp:212] Hooking initialized.
[20:01:31.4375324][DEBUG/gta_data_service.cpp:160] Loading data from cache.
[20:01:31.4375491][INFO/gta_data_service.cpp:172] Loading 1051 peds from cache.
[20:01:31.4382151][INFO/gta_data_service.cpp:190] Loading 843 vehicles from cache.
[20:01:31.4386276][INFO/gta_data_service.cpp:207] Loading 119 weapons from cache.
[20:01:31.4386376][INFO/gta_data_service.cpp:208] Loading 380 weapon components from cache.
[20:01:31.4386637][DEBUG/gta_data_service.cpp:166] Loaded all data from cache.
[20:01:31.4565294][DEBUG/thread_pool.cpp:96] Thread 18136 executing player_database_service.cpp:285
[20:01:31.4576539][INFO/main.cpp:233] Registered service instances...
[20:01:31.4578818][INFO/main.cpp:254] Scripts registered.
[20:01:31.5285283][INFO/main.cpp:257] Hooking enabled.
[20:01:31.5316745][INFO/main.cpp:260] Dynamic native hooker initialized.
[20:01:31.5326042][INFO/main.cpp:264] Lua manager initialized.
[20:01:31.6603955][INFO/backend.cpp:53] Starting script: Self
[20:01:31.6604192][INFO/backend.cpp:78] Starting script: Weapons
[20:01:31.6607378][INFO/backend.cpp:101] Starting script: Vehicles
[20:01:31.6607522][INFO/backend.cpp:117] Starting script: Miscellaneous
[20:01:31.6610348][INFO/backend.cpp:138] Starting script: Remote
[20:01:31.6610729][INFO/backend.cpp:153] Starting script: Ls customs
[20:01:31.6610789][INFO/backend.cpp:165] Starting script: Rainbow paint
[20:01:31.6610816][INFO/backend.cpp:177] Starting script: Disable Control Action
[20:01:31.6610852][INFO/backend.cpp:190] Starting script: World
[20:01:31.7002983][INFO/tunables_service.cpp:36] Loading tunables from cache
[20:02:13.6635062][WARN/prepare_metric_for_sending.cpp:93] BAD METRIC: REPORT_INVALIDMODEL; DATA: "a":"SC 64296075","b":959275690,"c":401263359,"d":[235.63,-1021.26,28.78],"e":[-185.88,-157.82,-125.80],"f":-679458882675390086,"g":1035035936816854631,"h":-428540915,"i":1104331669,"et":451765863,"es":1459623836,"ep":2155363,"ec":false,"n":6070,"op":[
[20:03:03.0921140][INFO/queue_dependency.cpp:63] Blocking AC Verifier 318b98
[20:03:03.1784955][INFO/queue_dependency.cpp:63] Blocking AC Verifier 66f724
[20:03:03.1785367][INFO/queue_dependency.cpp:63] Blocking AC Verifier 66f74c
[20:03:03.1785624][INFO/queue_dependency.cpp:63] Blocking AC Verifier 66f774
[20:03:03.1785695][INFO/queue_dependency.cpp:63] Blocking AC Verifier 66f6fc
[20:03:03.1863891][INFO/queue_dependency.cpp:63] Blocking AC Verifier 335458
[20:03:03.1864201][INFO/queue_dependency.cpp:63] Blocking AC Verifier 335430
[20:03:03.1864781][INFO/queue_dependency.cpp:63] Blocking AC Verifier 4012b8
[20:03:03.2048796][INFO/queue_dependency.cpp:63] Blocking AC Verifier 45acf4
[20:03:03.2053000][INFO/queue_dependency.cpp:63] Blocking AC Verifier 459f38
[20:03:03.2053147][INFO/queue_dependency.cpp:63] Blocking AC Verifier 5ca880
[20:04:28.1691018][INFO/queue_dependency.cpp:63] Blocking AC Verifier 9621f0
[20:04:28.1691632][INFO/queue_dependency.cpp:63] Blocking AC Verifier a668ec
[20:11:40.7627558][WARN/reaction.cpp:60] Received Modder Detection from Walid_Super (237108444)
[20:13:12.3897703][WARN/prepare_metric_for_sending.cpp:93] BAD METRIC: UVC; DATA: "vc":false
[20:13:26.9563770][INFO/main.cpp:272] Scripts unregistered.
[20:13:26.9563989][INFO/main.cpp:275] Lua manager uninitialized.
[20:13:27.0075364][INFO/main.cpp:278] Hooking disabled.
[20:13:27.0075989][INFO/main.cpp:281] Dynamic native hooker uninitialized.
[20:13:27.0076135][DEBUG/thread_pool.cpp:109] Thread 18136 exiting...
[20:13:27.0076199][DEBUG/thread_pool.cpp:109] Thread 13956 exiting...
[20:13:27.0076239][DEBUG/thread_pool.cpp:109] Thread 13392 exiting...
[20:13:27.0076265][DEBUG/thread_pool.cpp:109] Thread 6104 exiting...
[20:13:27.0086414][INFO/main.cpp:286] Destroyed thread pool.
[20:13:27.0086532][INFO/main.cpp:289] Script Connection Service reset.
[20:13:27.0109554][INFO/main.cpp:291] Tunables Service reset.
[20:13:27.0109683][INFO/main.cpp:293] Hotkey Service reset.
[20:13:27.0109709][INFO/main.cpp:295] Matchmaking Service reset.
[20:13:27.0111401][INFO/main.cpp:297] Player Database Service reset.
[20:13:27.0111471][INFO/main.cpp:299] API Service reset.
[20:13:27.0114575][INFO/main.cpp:301] Script Patcher Service reset.
[20:13:27.0114804][INFO/main.cpp:303] Gui Service reset.
[20:13:27.0138189][INFO/main.cpp:305] GTA Data Service reset.
[20:13:27.0138315][INFO/main.cpp:307] Vehicle Service reset.
[20:13:27.0143288][INFO/main.cpp:309] Model Preview Service reset.
[20:13:27.0143382][INFO/main.cpp:311] Mobile Service reset.
[20:13:27.0143435][INFO/main.cpp:313] Player Service reset.
[20:13:27.0143585][INFO/main.cpp:315] Pickup Service reset.
[20:13:27.0143754][INFO/main.cpp:317] Custom Text Service reset.
[20:13:27.0144627][INFO/main.cpp:319] Context Service reset.
[20:13:27.0144999][INFO/main.cpp:321] Xml Vehicles Service reset.
[20:13:27.0145152][INFO/main.cpp:322] Services uninitialized.
[20:13:27.0146494][INFO/main.cpp:325] Hooking uninitialized.
[20:13:27.0146614][INFO/main.cpp:328] Fiber pool uninitialized.
[20:13:27.0348173][INFO/main.cpp:331] Renderer uninitialized.
[20:13:27.0352845][INFO/main.cpp:334] Byte Patch Manager uninitialized.
[20:13:27.0353077][INFO/main.cpp:337] Pointers uninitialized.
[20:13:27.0353139][INFO/main.cpp:340] Thread pool uninitialized.
[20:13:27.0353174][INFO/main.cpp:342] Farewell!
