[23:58:04.7490242][INFO/main.cpp:159] Yim's Menu Initializing
[23:58:04.7496441][INFO/main.cpp:160] Git Info
	Branch:	master
	Hash:	d737c01b333f349ff9d4803784fee1051ee93cb9
	Date:	Tue Feb 20 18:29:02 2024
[23:58:04.7498127][INFO/main.cpp:172] Windows 10 Home Version 22H2 (OS Build 19045.4170)
[23:58:04.7537127][DEBUG/thread_pool.cpp:22] Resizing thread pool from 0 to 4
[23:58:04.7538863][INFO/main.cpp:180] Thread pool initialized.
[23:58:04.7592850][INFO/main.cpp:183] Settings Loaded.
[23:58:04.7592930][DEBUG/thread_pool.cpp:96] Thread 476 executing settings.cpp:12
[23:58:04.7610407][INFO/pointers.hpp:94] GTA5 pointers cache is up to date, using it.
[23:58:04.7610703][INFO/pointers.cpp:1812] Loading pointers instance from cache
[23:58:04.7610750][INFO/pointers.cpp:1821] Pointers cache: Loading 215 fields from the cache
[23:58:04.7610966][DEBUG/module.cpp:50] Waiting for socialclub.dll...
[23:58:04.7613932][INFO/pointers.hpp:94] Social Club pointers cache is up to date, using it.
[23:58:04.7613986][INFO/pointers.cpp:1812] Loading pointers instance from cache
[23:58:04.7614002][INFO/pointers.cpp:1821] Pointers cache: Loading 5 fields from the cache
[23:58:04.7614474][INFO/main.cpp:186] Pointers initialized.
[23:58:04.7614603][INFO/main.cpp:193] Disabled anticheat gameskeleton.
[23:58:04.7618792][INFO/main.cpp:196] Byte Patch Manager initialized.
[23:58:05.4043085][INFO/main.cpp:199] Renderer initialized.
[23:58:05.6336792][INFO/main.cpp:203] Fiber pool initialized.
[23:58:05.6346419][INFO/main.cpp:206] HTTP Client initialized.
[23:58:05.9353815][INFO/main.cpp:209] Translation Service initialized.
[23:58:05.9655467][INFO/main.cpp:212] Hooking initialized.
[23:58:05.9755409][DEBUG/gta_data_service.cpp:160] Loading data from cache.
[23:58:05.9755562][INFO/gta_data_service.cpp:172] Loading 1051 peds from cache.
[23:58:05.9760415][INFO/gta_data_service.cpp:190] Loading 843 vehicles from cache.
[23:58:05.9764345][INFO/gta_data_service.cpp:207] Loading 119 weapons from cache.
[23:58:05.9764427][INFO/gta_data_service.cpp:208] Loading 380 weapon components from cache.
[23:58:05.9764644][DEBUG/gta_data_service.cpp:166] Loaded all data from cache.
[23:58:05.9838464][DEBUG/thread_pool.cpp:96] Thread 8296 executing player_database_service.cpp:285
[23:58:05.9844916][INFO/main.cpp:233] Registered service instances...
[23:58:05.9847097][INFO/main.cpp:254] Scripts registered.
[23:58:06.0528129][INFO/main.cpp:257] Hooking enabled.
[23:58:06.0561476][INFO/main.cpp:260] Dynamic native hooker initialized.
[23:58:06.0568698][INFO/main.cpp:264] Lua manager initialized.
[23:58:06.2096703][INFO/backend.cpp:53] Starting script: Self
[23:58:06.2096989][INFO/backend.cpp:78] Starting script: Weapons
[23:58:06.2097153][INFO/backend.cpp:101] Starting script: Vehicles
[23:58:06.2097263][INFO/backend.cpp:117] Starting script: Miscellaneous
[23:58:06.2097715][INFO/backend.cpp:138] Starting script: Remote
[23:58:06.2097839][INFO/backend.cpp:153] Starting script: Ls customs
[23:58:06.2097887][INFO/backend.cpp:165] Starting script: Rainbow paint
[23:58:06.2097913][INFO/backend.cpp:177] Starting script: Disable Control Action
[23:58:06.2097948][INFO/backend.cpp:190] Starting script: World
[23:58:06.2325138][INFO/tunables_service.cpp:36] Loading tunables from cache
[23:59:14.6317946][INFO/queue_dependency.cpp:63] Blocking AC Verifier 9621f0
[23:59:14.6318470][INFO/queue_dependency.cpp:63] Blocking AC Verifier a668ec
[23:59:14.6328638][INFO/queue_dependency.cpp:63] Blocking AC Verifier 66f774
[23:59:14.6328833][INFO/queue_dependency.cpp:63] Blocking AC Verifier 66f6fc
[00:00:11.4765082][INFO/queue_dependency.cpp:63] Blocking AC Verifier 66f724
[00:00:11.4765469][INFO/queue_dependency.cpp:63] Blocking AC Verifier 66f74c
[00:00:11.4765662][INFO/queue_dependency.cpp:63] Blocking AC Verifier 318b98
[00:00:11.4797697][INFO/queue_dependency.cpp:63] Blocking AC Verifier 335458
[00:00:11.4797999][INFO/queue_dependency.cpp:63] Blocking AC Verifier 335430
[00:00:11.4798363][INFO/queue_dependency.cpp:63] Blocking AC Verifier 4012b8
[00:00:11.4859874][INFO/queue_dependency.cpp:63] Blocking AC Verifier 45acf4
[00:00:11.4861535][INFO/queue_dependency.cpp:63] Blocking AC Verifier 459f38
[00:00:11.4861660][INFO/queue_dependency.cpp:63] Blocking AC Verifier 5ca880
[00:04:39.8667508][WARN/prepare_metric_for_sending.cpp:93] BAD METRIC: AWARD_XP; DATA: "amt":328,"type":2658791846,"cat":855504611,"pt":3935028087,"slot":0
[00:04:40.4389883][WARN/prepare_metric_for_sending.cpp:93] BAD METRIC: EARN; DATA: "amt":1230,"char":{"slot":0,"cash":100450,"bank":132650867,"evc":132751317,"pvc":0,"pxr":0.00000,"nonce":638470946805610487},"c":[150.29846,-1057.42505,29.20457],"pt":3935028087,"vct":0,"vcp":0,"mid":344912972528968083,"action":"JOB","cat":"JOBS","ctx":{
[00:04:40.4390307][WARN/prepare_metric_for_sending.cpp:93] BAD METRIC: EARN; DATA: "amt":1230,"char":{"slot":0,"cash":100450,"bank":132650867,"evc":132751317,"pvc":0,"pxr":0.00000,"nonce":638470946805610487},"c":[150.29846,-1057.42505,29.20457],"pt":3935028087,"vct":0,"vcp":0,"mid":344912972528968083,"action":"JOB","cat":"JOBS","ctx":{
[00:10:09.7523399][WARN/prepare_metric_for_sending.cpp:93] BAD METRIC: AWARD_XP; DATA: "amt":1260,"type":2658791846,"cat":2053762773,"pt":3935320196,"slot":0
[00:10:10.3190466][WARN/prepare_metric_for_sending.cpp:93] BAD METRIC: EARN; DATA: "amt":30810,"char":{"slot":0,"cash":131260,"bank":132650867,"evc":132782127,"pvc":0,"pxr":0.00000,"nonce":638470950103232430},"c":[-309.92801,-857.95374,31.17889],"pt":3935320196,"vct":0,"vcp":0,"mid":769814134366888613,"action":"JOB","cat":"JOBS","ctx":{
[00:10:10.3190891][WARN/prepare_metric_for_sending.cpp:93] BAD METRIC: EARN; DATA: "amt":30810,"char":{"slot":0,"cash":131260,"bank":132650867,"evc":132782127,"pvc":0,"pxr":0.00000,"nonce":638470950103232430},"c":[-309.92801,-857.95374,31.17889],"pt":3935320196,"vct":0,"vcp":0,"mid":769814134366888613,"action":"JOB","cat":"JOBS","ctx":{
[00:12:51.3525124][WARN/prepare_metric_for_sending.cpp:93] BAD METRIC: UVC; DATA: "vc":false
[00:12:51.3526929][WARN/prepare_metric_for_sending.cpp:93] BAD METRIC: UVC; DATA: "vc":false
[00:17:51.5067628][WARN/prepare_metric_for_sending.cpp:93] BAD METRIC: AWARD_XP; DATA: "amt":25,"type":2435321038,"cat":2131309714,"pt":3935721617,"slot":0
[00:17:51.5067984][WARN/prepare_metric_for_sending.cpp:93] BAD METRIC: AWARD_XP; DATA: "amt":25,"type":2435321038,"cat":2131309714,"pt":3935731626,"slot":0
[00:23:38.4858491][WARN/prepare_metric_for_sending.cpp:93] BAD METRIC: AWARD_XP; DATA: "amt":100,"type":2658791846,"cat":2113013421,"pt":3936104832,"slot":0
[00:23:38.4858858][WARN/prepare_metric_for_sending.cpp:93] BAD METRIC: AWARD_XP; DATA: "amt":2203,"type":2658791846,"cat":2053762773,"pt":3936104832,"slot":0
[00:23:39.2627808][WARN/prepare_metric_for_sending.cpp:93] BAD METRIC: EARN; DATA: "amt":30810,"char":{"slot":0,"cash":162070,"bank":132650867,"evc":132812937,"pvc":0,"pxr":0.00000,"nonce":638470958191829903},"c":[773.16095,4183.93311,36.54049],"pt":3936109784,"vct":0,"vcp":0,"mid":344912972528968898,"action":"JOB","cat":"JOBS","ctx":{
[00:23:39.2628234][WARN/prepare_metric_for_sending.cpp:93] BAD METRIC: EARN; DATA: "amt":30810,"char":{"slot":0,"cash":162070,"bank":132650867,"evc":132812937,"pvc":0,"pxr":0.00000,"nonce":638470958191829903},"c":[773.16095,4183.93311,36.54049],"pt":3936109784,"vct":0,"vcp":0,"mid":344912972528968898,"action":"JOB","cat":"JOBS","ctx":{
[00:24:12.7505159][WARN/reaction.cpp:60] Received Modder Detection from GrrLionne (232018370)
[00:26:09.3244814][WARN/reaction.cpp:60] Received Request Control Event from GrrLionne (232018370)
[00:26:33.6657814][WARN/prepare_metric_for_sending.cpp:93] BAD METRIC: UVC; DATA: "vc":false
[00:26:33.6660090][WARN/prepare_metric_for_sending.cpp:93] BAD METRIC: UVC; DATA: "vc":false
[00:26:34.0363238][DEBUG/script_function.cpp:35] Found pattern RSD in script PauseMenu_Multiplayer
[00:26:46.3427663][WARN/prepare_metric_for_sending.cpp:93] BAD METRIC: UVC; DATA: "vc":false
[00:26:46.3428669][WARN/prepare_metric_for_sending.cpp:93] BAD METRIC: AWARD_XP; DATA: "amt":14648054,"type":3136273443,"cat":654913086,"pt":3936257666,"slot":0
[00:34:40.4909701][WARN/prepare_metric_for_sending.cpp:93] BAD METRIC: UVC; DATA: "vc":false
[00:34:40.4910835][WARN/prepare_metric_for_sending.cpp:93] BAD METRIC: AWARD_XP; DATA: "amt":14648054,"type":3136273443,"cat":654913086,"pt":3936301990,"slot":0
[00:46:09.2764960][WARN/prepare_metric_for_sending.cpp:93] BAD METRIC: EARN; DATA: "amt":0,"char":{"slot":0,"cash":162070,"bank":132600867,"evc":132762937,"pvc":0,"pxr":0.00000,"nonce":638470971642148933},"c":[966.56067,31.96894,116.17420],"pt":3936956912,"vct":0,"vcp":0,"mid":0,"action":"SELL_CHIPS","cat":"BETTING","ctx":{"type":3000}
[00:46:09.2765496][WARN/prepare_metric_for_sending.cpp:93] BAD METRIC: EARN; DATA: "amt":0,"char":{"slot":0,"cash":162070,"bank":132600867,"evc":132762937,"pvc":0,"pxr":0.00000,"nonce":638470971642148933},"c":[966.56067,31.96894,116.17420],"pt":3936956912,"vct":0,"vcp":0,"mid":0,"action":"SELL_CHIPS","cat":"BETTING","ctx":{"type":3000}
[00:46:35.5131431][WARN/prepare_metric_for_sending.cpp:93] BAD METRIC: EARN; DATA: "amt":0,"char":{"slot":0,"cash":162070,"bank":132600867,"evc":132762937,"pvc":0,"pxr":0.00000,"nonce":638470971929475927},"c":[966.56067,31.96894,116.17420],"pt":3936986956,"vct":0,"vcp":0,"mid":0,"action":"SELL_CHIPS","cat":"BETTING","ctx":{"type":3000}
[00:46:35.5132036][WARN/prepare_metric_for_sending.cpp:93] BAD METRIC: EARN; DATA: "amt":0,"char":{"slot":0,"cash":162070,"bank":132600867,"evc":132762937,"pvc":0,"pxr":0.00000,"nonce":638470971929475927},"c":[966.56067,31.96894,116.17420],"pt":3936986956,"vct":0,"vcp":0,"mid":0,"action":"SELL_CHIPS","cat":"BETTING","ctx":{"type":3000}
[00:46:55.7958591][WARN/prepare_metric_for_sending.cpp:93] BAD METRIC: EARN; DATA: "amt":0,"char":{"slot":0,"cash":162070,"bank":132600867,"evc":132762937,"pvc":0,"pxr":0.00000,"nonce":638470972130629946},"c":[966.56067,31.96894,116.17420],"pt":3937007002,"vct":0,"vcp":0,"mid":0,"action":"SELL_CHIPS","cat":"BETTING","ctx":{"type":3000}
[00:46:55.7959078][WARN/prepare_metric_for_sending.cpp:93] BAD METRIC: EARN; DATA: "amt":0,"char":{"slot":0,"cash":162070,"bank":132600867,"evc":132762937,"pvc":0,"pxr":0.00000,"nonce":638470972130629946},"c":[966.56067,31.96894,116.17420],"pt":3937007002,"vct":0,"vcp":0,"mid":0,"action":"SELL_CHIPS","cat":"BETTING","ctx":{"type":3000}
[00:47:25.6674129][WARN/prepare_metric_for_sending.cpp:93] BAD METRIC: EARN; DATA: "amt":0,"char":{"slot":0,"cash":162070,"bank":132600867,"evc":132762937,"pvc":0,"pxr":0.00000,"nonce":638470972433668453},"c":[966.56067,31.96894,116.17420],"pt":3937037075,"vct":0,"vcp":0,"mid":0,"action":"SELL_CHIPS","cat":"BETTING","ctx":{"type":3000}
[00:47:25.6674683][WARN/prepare_metric_for_sending.cpp:93] BAD METRIC: EARN; DATA: "amt":0,"char":{"slot":0,"cash":162070,"bank":132600867,"evc":132762937,"pvc":0,"pxr":0.00000,"nonce":638470972433668453},"c":[966.56067,31.96894,116.17420],"pt":3937037075,"vct":0,"vcp":0,"mid":0,"action":"SELL_CHIPS","cat":"BETTING","ctx":{"type":3000}
[00:47:56.3565520][WARN/prepare_metric_for_sending.cpp:93] BAD METRIC: EARN; DATA: "amt":0,"char":{"slot":0,"cash":162070,"bank":132600867,"evc":132762937,"pvc":0,"pxr":0.00000,"nonce":638470972759882910},"c":[966.56067,31.96894,116.17420],"pt":3937067134,"vct":0,"vcp":0,"mid":0,"action":"SELL_CHIPS","cat":"BETTING","ctx":{"type":5000}
[00:47:56.3566128][WARN/prepare_metric_for_sending.cpp:93] BAD METRIC: EARN; DATA: "amt":0,"char":{"slot":0,"cash":162070,"bank":132600867,"evc":132762937,"pvc":0,"pxr":0.00000,"nonce":638470972759882910},"c":[966.56067,31.96894,116.17420],"pt":3937067134,"vct":0,"vcp":0,"mid":0,"action":"SELL_CHIPS","cat":"BETTING","ctx":{"type":5000}
[00:48:30.9246185][WARN/prepare_metric_for_sending.cpp:93] BAD METRIC: EARN; DATA: "amt":0,"char":{"slot":0,"cash":162070,"bank":132600867,"evc":132762937,"pvc":0,"pxr":0.00000,"nonce":638470973085968715},"c":[966.56067,31.96894,116.17420],"pt":3937097198,"vct":0,"vcp":0,"mid":0,"action":"SELL_CHIPS","cat":"BETTING","ctx":{"type":5000}
[00:48:30.9246680][WARN/prepare_metric_for_sending.cpp:93] BAD METRIC: EARN; DATA: "amt":0,"char":{"slot":0,"cash":162070,"bank":132600867,"evc":132762937,"pvc":0,"pxr":0.00000,"nonce":638470973085968715},"c":[966.56067,31.96894,116.17420],"pt":3937097198,"vct":0,"vcp":0,"mid":0,"action":"SELL_CHIPS","cat":"BETTING","ctx":{"type":5000}
[00:49:05.1479054][WARN/prepare_metric_for_sending.cpp:93] BAD METRIC: EARN; DATA: "amt":0,"char":{"slot":0,"cash":162070,"bank":132600867,"evc":132762937,"pvc":0,"pxr":0.00000,"nonce":638470973432309008},"c":[966.56067,31.96894,116.17420],"pt":3937137281,"vct":0,"vcp":0,"mid":0,"action":"SELL_CHIPS","cat":"BETTING","ctx":{"type":5000}
[00:49:05.1479670][WARN/prepare_metric_for_sending.cpp:93] BAD METRIC: EARN; DATA: "amt":0,"char":{"slot":0,"cash":162070,"bank":132600867,"evc":132762937,"pvc":0,"pxr":0.00000,"nonce":638470973432309008},"c":[966.56067,31.96894,116.17420],"pt":3937137281,"vct":0,"vcp":0,"mid":0,"action":"SELL_CHIPS","cat":"BETTING","ctx":{"type":5000}
[00:49:34.8094374][WARN/prepare_metric_for_sending.cpp:93] BAD METRIC: EARN; DATA: "amt":0,"char":{"slot":0,"cash":162070,"bank":132600867,"evc":132762937,"pvc":0,"pxr":0.00000,"nonce":638470973745187684},"c":[966.56067,31.96894,116.17420],"pt":3937167327,"vct":0,"vcp":0,"mid":0,"action":"SELL_CHIPS","cat":"BETTING","ctx":{"type":10000}
[00:49:34.8094980][WARN/prepare_metric_for_sending.cpp:93] BAD METRIC: EARN; DATA: "amt":0,"char":{"slot":0,"cash":162070,"bank":132600867,"evc":132762937,"pvc":0,"pxr":0.00000,"nonce":638470973745187684},"c":[966.56067,31.96894,116.17420],"pt":3937167327,"vct":0,"vcp":0,"mid":0,"action":"SELL_CHIPS","cat":"BETTING","ctx":{"type":10000}
[00:50:06.1923440][WARN/prepare_metric_for_sending.cpp:93] BAD METRIC: EARN; DATA: "amt":0,"char":{"slot":0,"cash":162070,"bank":132600867,"evc":132762937,"pvc":0,"pxr":0.00000,"nonce":638470974054719348},"c":[966.56067,31.96894,116.17420],"pt":3937197375,"vct":0,"vcp":0,"mid":0,"action":"SELL_CHIPS","cat":"BETTING","ctx":{"type":25000}
[00:50:06.1923938][WARN/prepare_metric_for_sending.cpp:93] BAD METRIC: EARN; DATA: "amt":0,"char":{"slot":0,"cash":162070,"bank":132600867,"evc":132762937,"pvc":0,"pxr":0.00000,"nonce":638470974054719348},"c":[966.56067,31.96894,116.17420],"pt":3937197375,"vct":0,"vcp":0,"mid":0,"action":"SELL_CHIPS","cat":"BETTING","ctx":{"type":25000}
[00:50:44.0242907][WARN/prepare_metric_for_sending.cpp:93] BAD METRIC: EARN; DATA: "amt":0,"char":{"slot":0,"cash":162070,"bank":132600867,"evc":132762937,"pvc":0,"pxr":0.00000,"nonce":638470974427747247},"c":[966.56067,31.96894,116.17420],"pt":3937237409,"vct":0,"vcp":0,"mid":0,"action":"SELL_CHIPS","cat":"BETTING","ctx":{"type":25000}
[00:50:44.0243392][WARN/prepare_metric_for_sending.cpp:93] BAD METRIC: EARN; DATA: "amt":0,"char":{"slot":0,"cash":162070,"bank":132600867,"evc":132762937,"pvc":0,"pxr":0.00000,"nonce":638470974427747247},"c":[966.56067,31.96894,116.17420],"pt":3937237409,"vct":0,"vcp":0,"mid":0,"action":"SELL_CHIPS","cat":"BETTING","ctx":{"type":25000}
[00:51:01.1175850][WARN/prepare_metric_for_sending.cpp:93] BAD METRIC: EARN; DATA: "amt":0,"char":{"slot":0,"cash":162070,"bank":132600867,"evc":132762937,"pvc":0,"pxr":0.00000,"nonce":638470974560758236},"c":[966.56067,31.96894,116.17420],"pt":3937247429,"vct":0,"vcp":0,"mid":0,"action":"SELL_CHIPS","cat":"BETTING","ctx":{"type":25000}
[00:51:01.1176311][WARN/prepare_metric_for_sending.cpp:93] BAD METRIC: EARN; DATA: "amt":0,"char":{"slot":0,"cash":162070,"bank":132600867,"evc":132762937,"pvc":0,"pxr":0.00000,"nonce":638470974560758236},"c":[966.56067,31.96894,116.17420],"pt":3937247429,"vct":0,"vcp":0,"mid":0,"action":"SELL_CHIPS","cat":"BETTING","ctx":{"type":25000}
[00:51:21.9561161][WARN/prepare_metric_for_sending.cpp:93] BAD METRIC: EARN; DATA: "amt":0,"char":{"slot":0,"cash":162070,"bank":132600867,"evc":132762937,"pvc":0,"pxr":0.00000,"nonce":638470974768170587},"c":[966.56067,31.96894,116.17420],"pt":3937267466,"vct":0,"vcp":0,"mid":0,"action":"SELL_CHIPS","cat":"BETTING","ctx":{"type":5000}
[00:51:21.9561629][WARN/prepare_metric_for_sending.cpp:93] BAD METRIC: EARN; DATA: "amt":0,"char":{"slot":0,"cash":162070,"bank":132600867,"evc":132762937,"pvc":0,"pxr":0.00000,"nonce":638470974768170587},"c":[966.56067,31.96894,116.17420],"pt":3937267466,"vct":0,"vcp":0,"mid":0,"action":"SELL_CHIPS","cat":"BETTING","ctx":{"type":5000}
[00:51:53.6645680][WARN/prepare_metric_for_sending.cpp:93] BAD METRIC: EARN; DATA: "amt":0,"char":{"slot":0,"cash":162070,"bank":132600867,"evc":132762937,"pvc":0,"pxr":0.00000,"nonce":638470975087566339},"c":[966.56067,31.96894,116.17420],"pt":3937297555,"vct":0,"vcp":0,"mid":0,"action":"SELL_CHIPS","cat":"BETTING","ctx":{"type":5000}
[00:51:53.6646336][WARN/prepare_metric_for_sending.cpp:93] BAD METRIC: EARN; DATA: "amt":0,"char":{"slot":0,"cash":162070,"bank":132600867,"evc":132762937,"pvc":0,"pxr":0.00000,"nonce":638470975087566339},"c":[966.56067,31.96894,116.17420],"pt":3937297555,"vct":0,"vcp":0,"mid":0,"action":"SELL_CHIPS","cat":"BETTING","ctx":{"type":5000}
[00:52:13.3304652][WARN/prepare_metric_for_sending.cpp:93] BAD METRIC: EARN; DATA: "amt":0,"char":{"slot":0,"cash":162070,"bank":132600867,"evc":132762937,"pvc":0,"pxr":0.00000,"nonce":638470975331261146},"c":[966.56067,31.96894,116.17420],"pt":3937327613,"vct":0,"vcp":0,"mid":0,"action":"SELL_CHIPS","cat":"BETTING","ctx":{"type":5000}
[00:52:13.3305294][WARN/prepare_metric_for_sending.cpp:93] BAD METRIC: EARN; DATA: "amt":0,"char":{"slot":0,"cash":162070,"bank":132600867,"evc":132762937,"pvc":0,"pxr":0.00000,"nonce":638470975331261146},"c":[966.56067,31.96894,116.17420],"pt":3937327613,"vct":0,"vcp":0,"mid":0,"action":"SELL_CHIPS","cat":"BETTING","ctx":{"type":5000}
[00:52:45.9832478][WARN/prepare_metric_for_sending.cpp:93] BAD METRIC: EARN; DATA: "amt":0,"char":{"slot":0,"cash":162070,"bank":132600867,"evc":132762937,"pvc":0,"pxr":0.00000,"nonce":638470975637625765},"c":[966.56067,31.96894,116.17420],"pt":3937357681,"vct":0,"vcp":0,"mid":0,"action":"SELL_CHIPS","cat":"BETTING","ctx":{"type":5000}
[00:52:45.9833268][WARN/prepare_metric_for_sending.cpp:93] BAD METRIC: EARN; DATA: "amt":0,"char":{"slot":0,"cash":162070,"bank":132600867,"evc":132762937,"pvc":0,"pxr":0.00000,"nonce":638470975637625765},"c":[966.56067,31.96894,116.17420],"pt":3937357681,"vct":0,"vcp":0,"mid":0,"action":"SELL_CHIPS","cat":"BETTING","ctx":{"type":5000}
[00:53:17.5244676][WARN/prepare_metric_for_sending.cpp:93] BAD METRIC: EARN; DATA: "amt":0,"char":{"slot":0,"cash":162070,"bank":132600867,"evc":132762937,"pvc":0,"pxr":0.00000,"nonce":638470975967379349},"c":[966.56067,31.96894,116.17420],"pt":3937383346,"vct":0,"vcp":0,"mid":0,"action":"SELL_CHIPS","cat":"BETTING","ctx":{"type":5000}
[00:53:17.5245307][WARN/prepare_metric_for_sending.cpp:93] BAD METRIC: EARN; DATA: "amt":0,"char":{"slot":0,"cash":162070,"bank":132600867,"evc":132762937,"pvc":0,"pxr":0.00000,"nonce":638470975967379349},"c":[966.56067,31.96894,116.17420],"pt":3937383346,"vct":0,"vcp":0,"mid":0,"action":"SELL_CHIPS","cat":"BETTING","ctx":{"type":5000}
[00:54:03.0084831][WARN/prepare_metric_for_sending.cpp:93] BAD METRIC: EARN; DATA: "amt":0,"char":{"slot":0,"cash":162070,"bank":132600867,"evc":132762937,"pvc":0,"pxr":0.00000,"nonce":638470976379189723},"c":[966.56067,31.96894,116.17420],"pt":3937423420,"vct":0,"vcp":0,"mid":0,"action":"SELL_CHIPS","cat":"BETTING","ctx":{"type":10000}
[00:54:03.0085444][WARN/prepare_metric_for_sending.cpp:93] BAD METRIC: EARN; DATA: "amt":0,"char":{"slot":0,"cash":162070,"bank":132600867,"evc":132762937,"pvc":0,"pxr":0.00000,"nonce":638470976379189723},"c":[966.56067,31.96894,116.17420],"pt":3937423420,"vct":0,"vcp":0,"mid":0,"action":"SELL_CHIPS","cat":"BETTING","ctx":{"type":10000}
[00:54:31.5281054][WARN/prepare_metric_for_sending.cpp:93] BAD METRIC: EARN; DATA: "amt":0,"char":{"slot":0,"cash":162070,"bank":132600867,"evc":132762937,"pvc":0,"pxr":0.00000,"nonce":638470976694512450},"c":[966.56067,31.96894,116.17420],"pt":3937463509,"vct":0,"vcp":0,"mid":0,"action":"SELL_CHIPS","cat":"BETTING","ctx":{"type":10000}
[00:54:31.5281554][WARN/prepare_metric_for_sending.cpp:93] BAD METRIC: EARN; DATA: "amt":0,"char":{"slot":0,"cash":162070,"bank":132600867,"evc":132762937,"pvc":0,"pxr":0.00000,"nonce":638470976694512450},"c":[966.56067,31.96894,116.17420],"pt":3937463509,"vct":0,"vcp":0,"mid":0,"action":"SELL_CHIPS","cat":"BETTING","ctx":{"type":10000}
[00:54:49.7456544][WARN/prepare_metric_for_sending.cpp:93] BAD METRIC: EARN; DATA: "amt":0,"char":{"slot":0,"cash":162070,"bank":132600867,"evc":132762937,"pvc":0,"pxr":0.00000,"nonce":638470976846690364},"c":[966.56067,31.96894,116.17420],"pt":3937473515,"vct":0,"vcp":0,"mid":0,"action":"SELL_CHIPS","cat":"BETTING","ctx":{"type":10000}
[00:54:49.7456979][WARN/prepare_metric_for_sending.cpp:93] BAD METRIC: EARN; DATA: "amt":0,"char":{"slot":0,"cash":162070,"bank":132600867,"evc":132762937,"pvc":0,"pxr":0.00000,"nonce":638470976846690364},"c":[966.56067,31.96894,116.17420],"pt":3937473515,"vct":0,"vcp":0,"mid":0,"action":"SELL_CHIPS","cat":"BETTING","ctx":{"type":10000}
[00:55:04.1839367][WARN/prepare_metric_for_sending.cpp:93] BAD METRIC: EARN; DATA: "amt":0,"char":{"slot":0,"cash":162070,"bank":132600867,"evc":132762937,"pvc":0,"pxr":0.00000,"nonce":638470977029614395},"c":[966.56067,31.96894,116.17420],"pt":3937493558,"vct":0,"vcp":0,"mid":0,"action":"SELL_CHIPS","cat":"BETTING","ctx":{"type":10000}
[00:55:04.1840153][WARN/prepare_metric_for_sending.cpp:93] BAD METRIC: EARN; DATA: "amt":0,"char":{"slot":0,"cash":162070,"bank":132600867,"evc":132762937,"pvc":0,"pxr":0.00000,"nonce":638470977029614395},"c":[966.56067,31.96894,116.17420],"pt":3937493558,"vct":0,"vcp":0,"mid":0,"action":"SELL_CHIPS","cat":"BETTING","ctx":{"type":10000}
[00:55:35.2445745][WARN/prepare_metric_for_sending.cpp:93] BAD METRIC: EARN; DATA: "amt":0,"char":{"slot":0,"cash":162070,"bank":132600867,"evc":132762937,"pvc":0,"pxr":0.00000,"nonce":638470977334303752},"c":[966.56067,31.96894,116.17420],"pt":3937523606,"vct":0,"vcp":0,"mid":0,"action":"SELL_CHIPS","cat":"BETTING","ctx":{"type":10000}
[00:55:35.2446241][WARN/prepare_metric_for_sending.cpp:93] BAD METRIC: EARN; DATA: "amt":0,"char":{"slot":0,"cash":162070,"bank":132600867,"evc":132762937,"pvc":0,"pxr":0.00000,"nonce":638470977334303752},"c":[966.56067,31.96894,116.17420],"pt":3937523606,"vct":0,"vcp":0,"mid":0,"action":"SELL_CHIPS","cat":"BETTING","ctx":{"type":10000}
[00:56:03.9146758][WARN/prepare_metric_for_sending.cpp:93] BAD METRIC: EARN; DATA: "amt":0,"char":{"slot":0,"cash":162070,"bank":132600867,"evc":132762937,"pvc":0,"pxr":0.00000,"nonce":638470977618019892},"c":[966.56067,31.96894,116.17420],"pt":3937553667,"vct":0,"vcp":0,"mid":0,"action":"SELL_CHIPS","cat":"BETTING","ctx":{"type":10000}
[00:56:03.9147450][WARN/prepare_metric_for_sending.cpp:93] BAD METRIC: EARN; DATA: "amt":0,"char":{"slot":0,"cash":162070,"bank":132600867,"evc":132762937,"pvc":0,"pxr":0.00000,"nonce":638470977618019892},"c":[966.56067,31.96894,116.17420],"pt":3937553667,"vct":0,"vcp":0,"mid":0,"action":"SELL_CHIPS","cat":"BETTING","ctx":{"type":10000}
[00:56:31.9091373][WARN/prepare_metric_for_sending.cpp:93] BAD METRIC: EARN; DATA: "amt":0,"char":{"slot":0,"cash":162070,"bank":132600867,"evc":132762937,"pvc":0,"pxr":0.00000,"nonce":638470977904426720},"c":[966.56067,31.96894,116.17420],"pt":3937583687,"vct":0,"vcp":0,"mid":0,"action":"SELL_CHIPS","cat":"BETTING","ctx":{"type":10000}
[00:56:31.9091861][WARN/prepare_metric_for_sending.cpp:93] BAD METRIC: EARN; DATA: "amt":0,"char":{"slot":0,"cash":162070,"bank":132600867,"evc":132762937,"pvc":0,"pxr":0.00000,"nonce":638470977904426720},"c":[966.56067,31.96894,116.17420],"pt":3937583687,"vct":0,"vcp":0,"mid":0,"action":"SELL_CHIPS","cat":"BETTING","ctx":{"type":10000}
[00:57:00.5579699][WARN/prepare_metric_for_sending.cpp:93] BAD METRIC: EARN; DATA: "amt":0,"char":{"slot":0,"cash":162070,"bank":132600867,"evc":132762937,"pvc":0,"pxr":0.00000,"nonce":638470978183297842},"c":[966.56067,31.96894,116.17420],"pt":3937603701,"vct":0,"vcp":0,"mid":0,"action":"SELL_CHIPS","cat":"BETTING","ctx":{"type":10000}
[00:57:00.5580221][WARN/prepare_metric_for_sending.cpp:93] BAD METRIC: EARN; DATA: "amt":0,"char":{"slot":0,"cash":162070,"bank":132600867,"evc":132762937,"pvc":0,"pxr":0.00000,"nonce":638470978183297842},"c":[966.56067,31.96894,116.17420],"pt":3937603701,"vct":0,"vcp":0,"mid":0,"action":"SELL_CHIPS","cat":"BETTING","ctx":{"type":10000}
[00:57:16.7133607][WARN/prepare_metric_for_sending.cpp:93] BAD METRIC: EARN; DATA: "amt":0,"char":{"slot":0,"cash":162070,"bank":132600867,"evc":132762937,"pvc":0,"pxr":0.00000,"nonce":638470978317966913},"c":[966.56067,31.96894,116.17420],"pt":3937623739,"vct":0,"vcp":0,"mid":0,"action":"SELL_CHIPS","cat":"BETTING","ctx":{"type":10000}
[00:57:16.7134186][WARN/prepare_metric_for_sending.cpp:93] BAD METRIC: EARN; DATA: "amt":0,"char":{"slot":0,"cash":162070,"bank":132600867,"evc":132762937,"pvc":0,"pxr":0.00000,"nonce":638470978317966913},"c":[966.56067,31.96894,116.17420],"pt":3937623739,"vct":0,"vcp":0,"mid":0,"action":"SELL_CHIPS","cat":"BETTING","ctx":{"type":10000}
[00:57:31.0180878][WARN/prepare_metric_for_sending.cpp:93] BAD METRIC: EARN; DATA: "amt":0,"char":{"slot":0,"cash":162070,"bank":132600867,"evc":132762937,"pvc":0,"pxr":0.00000,"nonce":638470978489313476},"c":[966.56067,31.96894,116.17420],"pt":3937643755,"vct":0,"vcp":0,"mid":0,"action":"SELL_CHIPS","cat":"BETTING","ctx":{"type":10000}
[00:57:31.0181542][WARN/prepare_metric_for_sending.cpp:93] BAD METRIC: EARN; DATA: "amt":0,"char":{"slot":0,"cash":162070,"bank":132600867,"evc":132762937,"pvc":0,"pxr":0.00000,"nonce":638470978489313476},"c":[966.56067,31.96894,116.17420],"pt":3937643755,"vct":0,"vcp":0,"mid":0,"action":"SELL_CHIPS","cat":"BETTING","ctx":{"type":10000}
[00:58:01.3944553][WARN/prepare_metric_for_sending.cpp:93] BAD METRIC: EARN; DATA: "amt":0,"char":{"slot":0,"cash":162070,"bank":132600867,"evc":132762937,"pvc":0,"pxr":0.00000,"nonce":638470978793881643},"c":[966.56067,31.96894,116.17420],"pt":3937673812,"vct":0,"vcp":0,"mid":0,"action":"SELL_CHIPS","cat":"BETTING","ctx":{"type":10000}
[00:58:01.3945166][WARN/prepare_metric_for_sending.cpp:93] BAD METRIC: EARN; DATA: "amt":0,"char":{"slot":0,"cash":162070,"bank":132600867,"evc":132762937,"pvc":0,"pxr":0.00000,"nonce":638470978793881643},"c":[966.56067,31.96894,116.17420],"pt":3937673812,"vct":0,"vcp":0,"mid":0,"action":"SELL_CHIPS","cat":"BETTING","ctx":{"type":10000}
[00:58:29.2295002][WARN/prepare_metric_for_sending.cpp:93] BAD METRIC: EARN; DATA: "amt":0,"char":{"slot":0,"cash":162070,"bank":132600867,"evc":132762937,"pvc":0,"pxr":0.00000,"nonce":638470979071303971},"c":[966.56067,31.96894,116.17420],"pt":3937693832,"vct":0,"vcp":0,"mid":0,"action":"SELL_CHIPS","cat":"BETTING","ctx":{"type":10000}
[00:58:29.2295971][WARN/prepare_metric_for_sending.cpp:93] BAD METRIC: EARN; DATA: "amt":0,"char":{"slot":0,"cash":162070,"bank":132600867,"evc":132762937,"pvc":0,"pxr":0.00000,"nonce":638470979071303971},"c":[966.56067,31.96894,116.17420],"pt":3937693832,"vct":0,"vcp":0,"mid":0,"action":"SELL_CHIPS","cat":"BETTING","ctx":{"type":10000}
[00:58:44.6000739][WARN/prepare_metric_for_sending.cpp:93] BAD METRIC: EARN; DATA: "amt":0,"char":{"slot":0,"cash":162070,"bank":132600867,"evc":132762937,"pvc":0,"pxr":0.00000,"nonce":638470979194729644},"c":[966.56067,31.96894,116.17420],"pt":3937713871,"vct":0,"vcp":0,"mid":0,"action":"SELL_CHIPS","cat":"BETTING","ctx":{"type":10000}
[00:58:44.6001200][WARN/prepare_metric_for_sending.cpp:93] BAD METRIC: EARN; DATA: "amt":0,"char":{"slot":0,"cash":162070,"bank":132600867,"evc":132762937,"pvc":0,"pxr":0.00000,"nonce":638470979194729644},"c":[966.56067,31.96894,116.17420],"pt":3937713871,"vct":0,"vcp":0,"mid":0,"action":"SELL_CHIPS","cat":"BETTING","ctx":{"type":10000}
[00:59:01.5686059][WARN/prepare_metric_for_sending.cpp:93] BAD METRIC: EARN; DATA: "amt":0,"char":{"slot":0,"cash":162070,"bank":132600867,"evc":132762937,"pvc":0,"pxr":0.00000,"nonce":638470979396539131},"c":[966.56067,31.96894,116.17420],"pt":3937733949,"vct":0,"vcp":0,"mid":0,"action":"SELL_CHIPS","cat":"BETTING","ctx":{"type":10000}
[00:59:01.5686697][WARN/prepare_metric_for_sending.cpp:93] BAD METRIC: EARN; DATA: "amt":0,"char":{"slot":0,"cash":162070,"bank":132600867,"evc":132762937,"pvc":0,"pxr":0.00000,"nonce":638470979396539131},"c":[966.56067,31.96894,116.17420],"pt":3937733949,"vct":0,"vcp":0,"mid":0,"action":"SELL_CHIPS","cat":"BETTING","ctx":{"type":10000}
[00:59:32.5391643][WARN/prepare_metric_for_sending.cpp:93] BAD METRIC: EARN; DATA: "amt":0,"char":{"slot":0,"cash":162070,"bank":132600867,"evc":132762937,"pvc":0,"pxr":0.00000,"nonce":638470979704499986},"c":[966.56067,31.96894,116.17420],"pt":3937764003,"vct":0,"vcp":0,"mid":0,"action":"SELL_CHIPS","cat":"BETTING","ctx":{"type":10000}
[00:59:32.5392249][WARN/prepare_metric_for_sending.cpp:93] BAD METRIC: EARN; DATA: "amt":0,"char":{"slot":0,"cash":162070,"bank":132600867,"evc":132762937,"pvc":0,"pxr":0.00000,"nonce":638470979704499986},"c":[966.56067,31.96894,116.17420],"pt":3937764003,"vct":0,"vcp":0,"mid":0,"action":"SELL_CHIPS","cat":"BETTING","ctx":{"type":10000}
[01:00:08.3080648][WARN/prepare_metric_for_sending.cpp:93] BAD METRIC: EARN; DATA: "amt":0,"char":{"slot":0,"cash":162070,"bank":132600867,"evc":132762937,"pvc":0,"pxr":0.00000,"nonce":638470980067295733},"c":[966.56067,31.96894,116.17420],"pt":3937794090,"vct":0,"vcp":0,"mid":0,"action":"SELL_CHIPS","cat":"BETTING","ctx":{"type":10000}
[01:00:08.3081343][WARN/prepare_metric_for_sending.cpp:93] BAD METRIC: EARN; DATA: "amt":0,"char":{"slot":0,"cash":162070,"bank":132600867,"evc":132762937,"pvc":0,"pxr":0.00000,"nonce":638470980067295733},"c":[966.56067,31.96894,116.17420],"pt":3937794090,"vct":0,"vcp":0,"mid":0,"action":"SELL_CHIPS","cat":"BETTING","ctx":{"type":10000}
[01:00:46.2483562][WARN/prepare_metric_for_sending.cpp:93] BAD METRIC: EARN; DATA: "amt":0,"char":{"slot":0,"cash":162070,"bank":132600867,"evc":132762937,"pvc":0,"pxr":0.00000,"nonce":638470980441265980},"c":[966.56067,31.96894,116.17420],"pt":3937834185,"vct":0,"vcp":0,"mid":0,"action":"SELL_CHIPS","cat":"BETTING","ctx":{"type":10000}
[01:00:46.2484652][WARN/prepare_metric_for_sending.cpp:93] BAD METRIC: EARN; DATA: "amt":0,"char":{"slot":0,"cash":162070,"bank":132600867,"evc":132762937,"pvc":0,"pxr":0.00000,"nonce":638470980441265980},"c":[966.56067,31.96894,116.17420],"pt":3937834185,"vct":0,"vcp":0,"mid":0,"action":"SELL_CHIPS","cat":"BETTING","ctx":{"type":10000}
[01:01:02.1439346][WARN/prepare_metric_for_sending.cpp:93] BAD METRIC: EARN; DATA: "amt":0,"char":{"slot":0,"cash":162070,"bank":132600867,"evc":132762937,"pvc":0,"pxr":0.00000,"nonce":638470980569666661},"c":[966.56067,31.96894,116.17420],"pt":3937844201,"vct":0,"vcp":0,"mid":0,"action":"SELL_CHIPS","cat":"BETTING","ctx":{"type":10000}
[01:01:02.1439894][WARN/prepare_metric_for_sending.cpp:93] BAD METRIC: EARN; DATA: "amt":0,"char":{"slot":0,"cash":162070,"bank":132600867,"evc":132762937,"pvc":0,"pxr":0.00000,"nonce":638470980569666661},"c":[966.56067,31.96894,116.17420],"pt":3937844201,"vct":0,"vcp":0,"mid":0,"action":"SELL_CHIPS","cat":"BETTING","ctx":{"type":10000}
[01:01:26.6828794][WARN/prepare_metric_for_sending.cpp:93] BAD METRIC: EARN; DATA: "amt":0,"char":{"slot":0,"cash":162070,"bank":132600867,"evc":132762937,"pvc":0,"pxr":0.00000,"nonce":638470980814276160},"c":[966.56067,31.96894,116.17420],"pt":3937874302,"vct":0,"vcp":0,"mid":0,"action":"SELL_CHIPS","cat":"BETTING","ctx":{"type":30000}
[01:01:26.6829267][WARN/prepare_metric_for_sending.cpp:93] BAD METRIC: EARN; DATA: "amt":0,"char":{"slot":0,"cash":162070,"bank":132600867,"evc":132762937,"pvc":0,"pxr":0.00000,"nonce":638470980814276160},"c":[966.56067,31.96894,116.17420],"pt":3937874302,"vct":0,"vcp":0,"mid":0,"action":"SELL_CHIPS","cat":"BETTING","ctx":{"type":30000}
[01:01:56.3632482][WARN/prepare_metric_for_sending.cpp:93] BAD METRIC: EARN; DATA: "amt":0,"char":{"slot":0,"cash":162070,"bank":132600867,"evc":132762937,"pvc":0,"pxr":0.00000,"nonce":638470981111846447},"c":[966.56067,31.96894,116.17420],"pt":3937904443,"vct":0,"vcp":0,"mid":0,"action":"SELL_CHIPS","cat":"BETTING","ctx":{"type":10000}
[01:01:56.3632942][WARN/prepare_metric_for_sending.cpp:93] BAD METRIC: EARN; DATA: "amt":0,"char":{"slot":0,"cash":162070,"bank":132600867,"evc":132762937,"pvc":0,"pxr":0.00000,"nonce":638470981111846447},"c":[966.56067,31.96894,116.17420],"pt":3937904443,"vct":0,"vcp":0,"mid":0,"action":"SELL_CHIPS","cat":"BETTING","ctx":{"type":10000}
[01:02:10.4376892][WARN/prepare_metric_for_sending.cpp:93] BAD METRIC: EARN; DATA: "amt":0,"char":{"slot":0,"cash":162070,"bank":132600867,"evc":132762937,"pvc":0,"pxr":0.00000,"nonce":638470981252940502},"c":[966.56067,31.96894,116.17420],"pt":3937914471,"vct":0,"vcp":0,"mid":0,"action":"SELL_CHIPS","cat":"BETTING","ctx":{"type":10000}
[01:02:10.4377347][WARN/prepare_metric_for_sending.cpp:93] BAD METRIC: EARN; DATA: "amt":0,"char":{"slot":0,"cash":162070,"bank":132600867,"evc":132762937,"pvc":0,"pxr":0.00000,"nonce":638470981252940502},"c":[966.56067,31.96894,116.17420],"pt":3937914471,"vct":0,"vcp":0,"mid":0,"action":"SELL_CHIPS","cat":"BETTING","ctx":{"type":10000}
[01:02:24.0719714][WARN/prepare_metric_for_sending.cpp:93] BAD METRIC: EARN; DATA: "amt":0,"char":{"slot":0,"cash":162070,"bank":132600867,"evc":132762937,"pvc":0,"pxr":0.00000,"nonce":638470981434265172},"c":[966.56067,31.96894,116.17420],"pt":3937934494,"vct":0,"vcp":0,"mid":0,"action":"SELL_CHIPS","cat":"BETTING","ctx":{"type":10000}
[01:02:24.0720350][WARN/prepare_metric_for_sending.cpp:93] BAD METRIC: EARN; DATA: "amt":0,"char":{"slot":0,"cash":162070,"bank":132600867,"evc":132762937,"pvc":0,"pxr":0.00000,"nonce":638470981434265172},"c":[966.56067,31.96894,116.17420],"pt":3937934494,"vct":0,"vcp":0,"mid":0,"action":"SELL_CHIPS","cat":"BETTING","ctx":{"type":10000}
[01:03:07.2665348][WARN/prepare_metric_for_sending.cpp:93] BAD METRIC: EARN; DATA: "amt":0,"char":{"slot":0,"cash":162070,"bank":132600867,"evc":132762937,"pvc":0,"pxr":0.00000,"nonce":638470981856433872},"c":[966.56067,31.96894,116.17420],"pt":3937974588,"vct":0,"vcp":0,"mid":0,"action":"SELL_CHIPS","cat":"BETTING","ctx":{"type":10000}
[01:03:07.2666181][WARN/prepare_metric_for_sending.cpp:93] BAD METRIC: EARN; DATA: "amt":0,"char":{"slot":0,"cash":162070,"bank":132600867,"evc":132762937,"pvc":0,"pxr":0.00000,"nonce":638470981856433872},"c":[966.56067,31.96894,116.17420],"pt":3937974588,"vct":0,"vcp":0,"mid":0,"action":"SELL_CHIPS","cat":"BETTING","ctx":{"type":10000}
[01:03:49.4466387][WARN/prepare_metric_for_sending.cpp:93] BAD METRIC: EARN; DATA: "amt":0,"char":{"slot":0,"cash":162070,"bank":132600867,"evc":132762937,"pvc":0,"pxr":0.00000,"nonce":638470982243437725},"c":[966.56067,31.96894,116.17420],"pt":3938015023,"vct":0,"vcp":0,"mid":0,"action":"SELL_CHIPS","cat":"BETTING","ctx":{"type":20000}
[01:03:49.4466916][WARN/prepare_metric_for_sending.cpp:93] BAD METRIC: EARN; DATA: "amt":0,"char":{"slot":0,"cash":162070,"bank":132600867,"evc":132762937,"pvc":0,"pxr":0.00000,"nonce":638470982243437725},"c":[966.56067,31.96894,116.17420],"pt":3938015023,"vct":0,"vcp":0,"mid":0,"action":"SELL_CHIPS","cat":"BETTING","ctx":{"type":20000}
[01:04:17.2088700][WARN/prepare_metric_for_sending.cpp:93] BAD METRIC: EARN; DATA: "amt":0,"char":{"slot":0,"cash":162070,"bank":132600867,"evc":132762937,"pvc":0,"pxr":0.00000,"nonce":638470982519279545},"c":[966.56067,31.96894,116.17420],"pt":3938045092,"vct":0,"vcp":0,"mid":0,"action":"SELL_CHIPS","cat":"BETTING","ctx":{"type":30000}
[01:04:17.2089276][WARN/prepare_metric_for_sending.cpp:93] BAD METRIC: EARN; DATA: "amt":0,"char":{"slot":0,"cash":162070,"bank":132600867,"evc":132762937,"pvc":0,"pxr":0.00000,"nonce":638470982519279545},"c":[966.56067,31.96894,116.17420],"pt":3938045092,"vct":0,"vcp":0,"mid":0,"action":"SELL_CHIPS","cat":"BETTING","ctx":{"type":30000}
[01:04:54.4421744][WARN/prepare_metric_for_sending.cpp:93] BAD METRIC: EARN; DATA: "amt":0,"char":{"slot":0,"cash":162070,"bank":132600867,"evc":132762937,"pvc":0,"pxr":0.00000,"nonce":638470982927380371},"c":[966.56067,31.96894,116.17420],"pt":3938085241,"vct":0,"vcp":0,"mid":0,"action":"SELL_CHIPS","cat":"BETTING","ctx":{"type":30000}
[01:04:54.4422246][WARN/prepare_metric_for_sending.cpp:93] BAD METRIC: EARN; DATA: "amt":0,"char":{"slot":0,"cash":162070,"bank":132600867,"evc":132762937,"pvc":0,"pxr":0.00000,"nonce":638470982927380371},"c":[966.56067,31.96894,116.17420],"pt":3938085241,"vct":0,"vcp":0,"mid":0,"action":"SELL_CHIPS","cat":"BETTING","ctx":{"type":30000}
[01:05:28.3001207][WARN/prepare_metric_for_sending.cpp:93] BAD METRIC: EARN; DATA: "amt":0,"char":{"slot":0,"cash":162070,"bank":132600867,"evc":132762937,"pvc":0,"pxr":0.00000,"nonce":638470983231300037},"c":[966.56067,31.96894,116.17420],"pt":3938115393,"vct":0,"vcp":0,"mid":0,"action":"SELL_CHIPS","cat":"BETTING","ctx":{"type":50000}
[01:05:28.3001799][WARN/prepare_metric_for_sending.cpp:93] BAD METRIC: EARN; DATA: "amt":0,"char":{"slot":0,"cash":162070,"bank":132600867,"evc":132762937,"pvc":0,"pxr":0.00000,"nonce":638470983231300037},"c":[966.56067,31.96894,116.17420],"pt":3938115393,"vct":0,"vcp":0,"mid":0,"action":"SELL_CHIPS","cat":"BETTING","ctx":{"type":50000}
[01:06:00.6221825][WARN/prepare_metric_for_sending.cpp:93] BAD METRIC: EARN; DATA: "amt":0,"char":{"slot":0,"cash":162070,"bank":132600867,"evc":132762937,"pvc":0,"pxr":0.00000,"nonce":638470983580775772},"c":[966.56067,31.96894,116.17420],"pt":3938145504,"vct":0,"vcp":0,"mid":0,"action":"SELL_CHIPS","cat":"BETTING","ctx":{"type":1000}
[01:06:00.6222490][WARN/prepare_metric_for_sending.cpp:93] BAD METRIC: EARN; DATA: "amt":0,"char":{"slot":0,"cash":162070,"bank":132600867,"evc":132762937,"pvc":0,"pxr":0.00000,"nonce":638470983580775772},"c":[966.56067,31.96894,116.17420],"pt":3938145504,"vct":0,"vcp":0,"mid":0,"action":"SELL_CHIPS","cat":"BETTING","ctx":{"type":1000}
[01:06:42.1624561][WARN/prepare_metric_for_sending.cpp:93] BAD METRIC: EARN; DATA: "amt":0,"char":{"slot":0,"cash":162070,"bank":132600867,"evc":132762937,"pvc":0,"pxr":0.00000,"nonce":638470983970639768},"c":[966.56067,31.96894,116.17420],"pt":3938185604,"vct":0,"vcp":0,"mid":0,"action":"SELL_CHIPS","cat":"BETTING","ctx":{"type":35000}
[01:06:42.1625032][WARN/prepare_metric_for_sending.cpp:93] BAD METRIC: EARN; DATA: "amt":0,"char":{"slot":0,"cash":162070,"bank":132600867,"evc":132762937,"pvc":0,"pxr":0.00000,"nonce":638470983970639768},"c":[966.56067,31.96894,116.17420],"pt":3938185604,"vct":0,"vcp":0,"mid":0,"action":"SELL_CHIPS","cat":"BETTING","ctx":{"type":35000}
[01:07:15.7125888][WARN/prepare_metric_for_sending.cpp:93] BAD METRIC: EARN; DATA: "amt":0,"char":{"slot":0,"cash":162070,"bank":132600867,"evc":132762937,"pvc":0,"pxr":0.00000,"nonce":638470984304907956},"c":[966.56067,31.96894,116.17420],"pt":3938225673,"vct":0,"vcp":0,"mid":0,"action":"SELL_CHIPS","cat":"BETTING","ctx":{"type":5000}
[01:07:15.7126432][WARN/prepare_metric_for_sending.cpp:93] BAD METRIC: EARN; DATA: "amt":0,"char":{"slot":0,"cash":162070,"bank":132600867,"evc":132762937,"pvc":0,"pxr":0.00000,"nonce":638470984304907956},"c":[966.56067,31.96894,116.17420],"pt":3938225673,"vct":0,"vcp":0,"mid":0,"action":"SELL_CHIPS","cat":"BETTING","ctx":{"type":5000}
[01:07:55.7201347][WARN/prepare_metric_for_sending.cpp:93] BAD METRIC: EARN; DATA: "amt":0,"char":{"slot":0,"cash":162070,"bank":132600867,"evc":132762937,"pvc":0,"pxr":0.00000,"nonce":638470984706614022},"c":[966.56067,31.96894,116.17420],"pt":3938255787,"vct":0,"vcp":0,"mid":0,"action":"SELL_CHIPS","cat":"BETTING","ctx":{"type":10000}
[01:07:55.7201809][WARN/prepare_metric_for_sending.cpp:93] BAD METRIC: EARN; DATA: "amt":0,"char":{"slot":0,"cash":162070,"bank":132600867,"evc":132762937,"pvc":0,"pxr":0.00000,"nonce":638470984706614022},"c":[966.56067,31.96894,116.17420],"pt":3938255787,"vct":0,"vcp":0,"mid":0,"action":"SELL_CHIPS","cat":"BETTING","ctx":{"type":10000}
[01:08:22.2750657][WARN/prepare_metric_for_sending.cpp:93] BAD METRIC: EARN; DATA: "amt":0,"char":{"slot":0,"cash":162070,"bank":132600867,"evc":132762937,"pvc":0,"pxr":0.00000,"nonce":638470985002180527},"c":[966.56067,31.96894,116.17420],"pt":3938285873,"vct":0,"vcp":0,"mid":0,"action":"SELL_CHIPS","cat":"BETTING","ctx":{"type":10000}
[01:08:22.2751141][WARN/prepare_metric_for_sending.cpp:93] BAD METRIC: EARN; DATA: "amt":0,"char":{"slot":0,"cash":162070,"bank":132600867,"evc":132762937,"pvc":0,"pxr":0.00000,"nonce":638470985002180527},"c":[966.56067,31.96894,116.17420],"pt":3938285873,"vct":0,"vcp":0,"mid":0,"action":"SELL_CHIPS","cat":"BETTING","ctx":{"type":10000}
[01:08:43.3102540][WARN/prepare_metric_for_sending.cpp:93] BAD METRIC: EARN; DATA: "amt":0,"char":{"slot":0,"cash":162070,"bank":132600867,"evc":132762937,"pvc":0,"pxr":0.00000,"nonce":638470985183649270},"c":[966.56067,31.96894,116.17420],"pt":3938305934,"vct":0,"vcp":0,"mid":0,"action":"SELL_CHIPS","cat":"BETTING","ctx":{"type":10000}
[01:08:43.3103021][WARN/prepare_metric_for_sending.cpp:93] BAD METRIC: EARN; DATA: "amt":0,"char":{"slot":0,"cash":162070,"bank":132600867,"evc":132762937,"pvc":0,"pxr":0.00000,"nonce":638470985183649270},"c":[966.56067,31.96894,116.17420],"pt":3938305934,"vct":0,"vcp":0,"mid":0,"action":"SELL_CHIPS","cat":"BETTING","ctx":{"type":10000}
[01:09:01.3216410][WARN/prepare_metric_for_sending.cpp:93] BAD METRIC: EARN; DATA: "amt":0,"char":{"slot":0,"cash":162070,"bank":132600867,"evc":132762937,"pvc":0,"pxr":0.00000,"nonce":638470985390957689},"c":[966.56067,31.96894,116.17420],"pt":3938325980,"vct":0,"vcp":0,"mid":0,"action":"SELL_CHIPS","cat":"BETTING","ctx":{"type":10000}
[01:09:01.3216994][WARN/prepare_metric_for_sending.cpp:93] BAD METRIC: EARN; DATA: "amt":0,"char":{"slot":0,"cash":162070,"bank":132600867,"evc":132762937,"pvc":0,"pxr":0.00000,"nonce":638470985390957689},"c":[966.56067,31.96894,116.17420],"pt":3938325980,"vct":0,"vcp":0,"mid":0,"action":"SELL_CHIPS","cat":"BETTING","ctx":{"type":10000}
[01:09:31.9634226][WARN/prepare_metric_for_sending.cpp:93] BAD METRIC: EARN; DATA: "amt":0,"char":{"slot":0,"cash":162070,"bank":132600867,"evc":132762937,"pvc":0,"pxr":0.00000,"nonce":638470985702498886},"c":[966.56067,31.96894,116.17420],"pt":3938356019,"vct":0,"vcp":0,"mid":0,"action":"SELL_CHIPS","cat":"BETTING","ctx":{"type":10000}
[01:09:31.9634714][WARN/prepare_metric_for_sending.cpp:93] BAD METRIC: EARN; DATA: "amt":0,"char":{"slot":0,"cash":162070,"bank":132600867,"evc":132762937,"pvc":0,"pxr":0.00000,"nonce":638470985702498886},"c":[966.56067,31.96894,116.17420],"pt":3938356019,"vct":0,"vcp":0,"mid":0,"action":"SELL_CHIPS","cat":"BETTING","ctx":{"type":10000}
[01:09:54.8918212][WARN/prepare_metric_for_sending.cpp:93] BAD METRIC: EARN; DATA: "amt":0,"char":{"slot":0,"cash":162070,"bank":132600867,"evc":132762937,"pvc":0,"pxr":0.00000,"nonce":638470985946780912},"c":[966.56067,31.96894,116.17420],"pt":3938386085,"vct":0,"vcp":0,"mid":0,"action":"SELL_CHIPS","cat":"BETTING","ctx":{"type":45000}
[01:09:54.8918792][WARN/prepare_metric_for_sending.cpp:93] BAD METRIC: EARN; DATA: "amt":0,"char":{"slot":0,"cash":162070,"bank":132600867,"evc":132762937,"pvc":0,"pxr":0.00000,"nonce":638470985946780912},"c":[966.56067,31.96894,116.17420],"pt":3938386085,"vct":0,"vcp":0,"mid":0,"action":"SELL_CHIPS","cat":"BETTING","ctx":{"type":45000}
[01:10:37.3259823][WARN/prepare_metric_for_sending.cpp:93] BAD METRIC: EARN; DATA: "amt":0,"char":{"slot":0,"cash":162070,"bank":132600867,"evc":132762937,"pvc":0,"pxr":0.00000,"nonce":638470986324066607},"c":[966.56067,31.96894,116.17420],"pt":3938426197,"vct":0,"vcp":0,"mid":0,"action":"SELL_CHIPS","cat":"BETTING","ctx":{"type":5000}
[01:10:37.3260395][WARN/prepare_metric_for_sending.cpp:93] BAD METRIC: EARN; DATA: "amt":0,"char":{"slot":0,"cash":162070,"bank":132600867,"evc":132762937,"pvc":0,"pxr":0.00000,"nonce":638470986324066607},"c":[966.56067,31.96894,116.17420],"pt":3938426197,"vct":0,"vcp":0,"mid":0,"action":"SELL_CHIPS","cat":"BETTING","ctx":{"type":5000}
[01:11:01.5149497][WARN/prepare_metric_for_sending.cpp:93] BAD METRIC: EARN; DATA: "amt":0,"char":{"slot":0,"cash":162070,"bank":132600867,"evc":132762937,"pvc":0,"pxr":0.00000,"nonce":638470986590837592},"c":[966.56067,31.96894,116.17420],"pt":3938446224,"vct":0,"vcp":0,"mid":0,"action":"SELL_CHIPS","cat":"BETTING","ctx":{"type":5000}
[01:11:01.5150104][WARN/prepare_metric_for_sending.cpp:93] BAD METRIC: EARN; DATA: "amt":0,"char":{"slot":0,"cash":162070,"bank":132600867,"evc":132762937,"pvc":0,"pxr":0.00000,"nonce":638470986590837592},"c":[966.56067,31.96894,116.17420],"pt":3938446224,"vct":0,"vcp":0,"mid":0,"action":"SELL_CHIPS","cat":"BETTING","ctx":{"type":5000}
[01:11:30.0732176][WARN/prepare_metric_for_sending.cpp:93] BAD METRIC: EARN; DATA: "amt":0,"char":{"slot":0,"cash":162070,"bank":132600867,"evc":132762937,"pvc":0,"pxr":0.00000,"nonce":638470986878116415},"c":[966.56067,31.96894,116.17420],"pt":3938476276,"vct":0,"vcp":0,"mid":0,"action":"SELL_CHIPS","cat":"BETTING","ctx":{"type":5000}
[01:11:30.0732825][WARN/prepare_metric_for_sending.cpp:93] BAD METRIC: EARN; DATA: "amt":0,"char":{"slot":0,"cash":162070,"bank":132600867,"evc":132762937,"pvc":0,"pxr":0.00000,"nonce":638470986878116415},"c":[966.56067,31.96894,116.17420],"pt":3938476276,"vct":0,"vcp":0,"mid":0,"action":"SELL_CHIPS","cat":"BETTING","ctx":{"type":5000}
[01:11:44.9484613][WARN/prepare_metric_for_sending.cpp:93] BAD METRIC: EARN; DATA: "amt":0,"char":{"slot":0,"cash":162070,"bank":132600867,"evc":132762937,"pvc":0,"pxr":0.00000,"nonce":638470986999408842},"c":[966.56067,31.96894,116.17420],"pt":3938486314,"vct":0,"vcp":0,"mid":0,"action":"SELL_CHIPS","cat":"BETTING","ctx":{"type":5000}
[01:11:44.9485083][WARN/prepare_metric_for_sending.cpp:93] BAD METRIC: EARN; DATA: "amt":0,"char":{"slot":0,"cash":162070,"bank":132600867,"evc":132762937,"pvc":0,"pxr":0.00000,"nonce":638470986999408842},"c":[966.56067,31.96894,116.17420],"pt":3938486314,"vct":0,"vcp":0,"mid":0,"action":"SELL_CHIPS","cat":"BETTING","ctx":{"type":5000}
[01:12:00.7597771][WARN/prepare_metric_for_sending.cpp:93] BAD METRIC: EARN; DATA: "amt":0,"char":{"slot":0,"cash":162070,"bank":132600867,"evc":132762937,"pvc":0,"pxr":0.00000,"nonce":638470987191407883},"c":[966.56067,31.96894,116.17420],"pt":3938506338,"vct":0,"vcp":0,"mid":0,"action":"SELL_CHIPS","cat":"BETTING","ctx":{"type":5000}
[01:12:00.7598452][WARN/prepare_metric_for_sending.cpp:93] BAD METRIC: EARN; DATA: "amt":0,"char":{"slot":0,"cash":162070,"bank":132600867,"evc":132762937,"pvc":0,"pxr":0.00000,"nonce":638470987191407883},"c":[966.56067,31.96894,116.17420],"pt":3938506338,"vct":0,"vcp":0,"mid":0,"action":"SELL_CHIPS","cat":"BETTING","ctx":{"type":5000}
[01:12:18.2754945][WARN/prepare_metric_for_sending.cpp:93] BAD METRIC: EARN; DATA: "amt":0,"char":{"slot":0,"cash":162070,"bank":132600867,"evc":132762937,"pvc":0,"pxr":0.00000,"nonce":638470987332691231},"c":[966.56067,31.96894,116.17420],"pt":3938526376,"vct":0,"vcp":0,"mid":0,"action":"SELL_CHIPS","cat":"BETTING","ctx":{"type":5000}
[01:12:18.2755379][WARN/prepare_metric_for_sending.cpp:93] BAD METRIC: EARN; DATA: "amt":0,"char":{"slot":0,"cash":162070,"bank":132600867,"evc":132762937,"pvc":0,"pxr":0.00000,"nonce":638470987332691231},"c":[966.56067,31.96894,116.17420],"pt":3938526376,"vct":0,"vcp":0,"mid":0,"action":"SELL_CHIPS","cat":"BETTING","ctx":{"type":5000}
[01:12:32.8390758][WARN/prepare_metric_for_sending.cpp:93] BAD METRIC: EARN; DATA: "amt":0,"char":{"slot":0,"cash":162070,"bank":132600867,"evc":132762937,"pvc":0,"pxr":0.00000,"nonce":638470987504914153},"c":[966.56067,31.96894,116.17420],"pt":3938536399,"vct":0,"vcp":0,"mid":0,"action":"SELL_CHIPS","cat":"BETTING","ctx":{"type":5000}
[01:12:32.8391272][WARN/prepare_metric_for_sending.cpp:93] BAD METRIC: EARN; DATA: "amt":0,"char":{"slot":0,"cash":162070,"bank":132600867,"evc":132762937,"pvc":0,"pxr":0.00000,"nonce":638470987504914153},"c":[966.56067,31.96894,116.17420],"pt":3938536399,"vct":0,"vcp":0,"mid":0,"action":"SELL_CHIPS","cat":"BETTING","ctx":{"type":5000}
[01:12:55.3882567][WARN/prepare_metric_for_sending.cpp:93] BAD METRIC: EARN; DATA: "amt":0,"char":{"slot":0,"cash":162070,"bank":132600867,"evc":132762937,"pvc":0,"pxr":0.00000,"nonce":638470987729914645},"c":[966.56067,31.96894,116.17420],"pt":3938566468,"vct":0,"vcp":0,"mid":0,"action":"SELL_CHIPS","cat":"BETTING","ctx":{"type":5000}
[01:12:55.3883081][WARN/prepare_metric_for_sending.cpp:93] BAD METRIC: EARN; DATA: "amt":0,"char":{"slot":0,"cash":162070,"bank":132600867,"evc":132762937,"pvc":0,"pxr":0.00000,"nonce":638470987729914645},"c":[966.56067,31.96894,116.17420],"pt":3938566468,"vct":0,"vcp":0,"mid":0,"action":"SELL_CHIPS","cat":"BETTING","ctx":{"type":5000}
[01:13:30.5973611][WARN/prepare_metric_for_sending.cpp:93] BAD METRIC: EARN; DATA: "amt":0,"char":{"slot":0,"cash":162070,"bank":132600867,"evc":132762937,"pvc":0,"pxr":0.00000,"nonce":638470988083579221},"c":[966.56067,31.96894,116.17420],"pt":3938596343,"vct":0,"vcp":0,"mid":0,"action":"SELL_CHIPS","cat":"BETTING","ctx":{"type":5000}
[01:13:30.5974297][WARN/prepare_metric_for_sending.cpp:93] BAD METRIC: EARN; DATA: "amt":0,"char":{"slot":0,"cash":162070,"bank":132600867,"evc":132762937,"pvc":0,"pxr":0.00000,"nonce":638470988083579221},"c":[966.56067,31.96894,116.17420],"pt":3938596343,"vct":0,"vcp":0,"mid":0,"action":"SELL_CHIPS","cat":"BETTING","ctx":{"type":5000}
[01:13:53.0844954][WARN/prepare_metric_for_sending.cpp:93] BAD METRIC: EARN; DATA: "amt":0,"char":{"slot":0,"cash":162070,"bank":132600867,"evc":132762937,"pvc":0,"pxr":0.00000,"nonce":638470988308587769},"c":[966.56067,31.96894,116.17420],"pt":3938616379,"vct":0,"vcp":0,"mid":0,"action":"SELL_CHIPS","cat":"BETTING","ctx":{"type":5000}
[01:13:53.0845588][WARN/prepare_metric_for_sending.cpp:93] BAD METRIC: EARN; DATA: "amt":0,"char":{"slot":0,"cash":162070,"bank":132600867,"evc":132762937,"pvc":0,"pxr":0.00000,"nonce":638470988308587769},"c":[966.56067,31.96894,116.17420],"pt":3938616379,"vct":0,"vcp":0,"mid":0,"action":"SELL_CHIPS","cat":"BETTING","ctx":{"type":5000}
[01:14:09.8992027][WARN/prepare_metric_for_sending.cpp:93] BAD METRIC: EARN; DATA: "amt":0,"char":{"slot":0,"cash":162070,"bank":132600867,"evc":132762937,"pvc":0,"pxr":0.00000,"nonce":638470988448474381},"c":[966.56067,31.96894,116.17420],"pt":3938636420,"vct":0,"vcp":0,"mid":0,"action":"SELL_CHIPS","cat":"BETTING","ctx":{"type":5000}
[01:14:09.8992619][WARN/prepare_metric_for_sending.cpp:93] BAD METRIC: EARN; DATA: "amt":0,"char":{"slot":0,"cash":162070,"bank":132600867,"evc":132762937,"pvc":0,"pxr":0.00000,"nonce":638470988448474381},"c":[966.56067,31.96894,116.17420],"pt":3938636420,"vct":0,"vcp":0,"mid":0,"action":"SELL_CHIPS","cat":"BETTING","ctx":{"type":5000}
[01:14:24.4077112][WARN/prepare_metric_for_sending.cpp:93] BAD METRIC: EARN; DATA: "amt":0,"char":{"slot":0,"cash":162070,"bank":132600867,"evc":132762937,"pvc":0,"pxr":0.00000,"nonce":638470988644867366},"c":[966.56067,31.96894,116.17420],"pt":3938656468,"vct":0,"vcp":0,"mid":0,"action":"SELL_CHIPS","cat":"BETTING","ctx":{"type":10000}
[01:14:24.4077710][WARN/prepare_metric_for_sending.cpp:93] BAD METRIC: EARN; DATA: "amt":0,"char":{"slot":0,"cash":162070,"bank":132600867,"evc":132762937,"pvc":0,"pxr":0.00000,"nonce":638470988644867366},"c":[966.56067,31.96894,116.17420],"pt":3938656468,"vct":0,"vcp":0,"mid":0,"action":"SELL_CHIPS","cat":"BETTING","ctx":{"type":10000}
[01:15:06.2806835][WARN/prepare_metric_for_sending.cpp:93] BAD METRIC: EARN; DATA: "amt":0,"char":{"slot":0,"cash":162070,"bank":132600867,"evc":132762937,"pvc":0,"pxr":0.00000,"nonce":638470989012214761},"c":[966.56067,31.96894,116.17420],"pt":3938686542,"vct":0,"vcp":0,"mid":0,"action":"SELL_CHIPS","cat":"BETTING","ctx":{"type":7000}
[01:15:06.2807397][WARN/prepare_metric_for_sending.cpp:93] BAD METRIC: EARN; DATA: "amt":0,"char":{"slot":0,"cash":162070,"bank":132600867,"evc":132762937,"pvc":0,"pxr":0.00000,"nonce":638470989012214761},"c":[966.56067,31.96894,116.17420],"pt":3938686542,"vct":0,"vcp":0,"mid":0,"action":"SELL_CHIPS","cat":"BETTING","ctx":{"type":7000}
[01:15:20.2577888][WARN/prepare_metric_for_sending.cpp:93] BAD METRIC: EARN; DATA: "amt":0,"char":{"slot":0,"cash":162070,"bank":132600867,"evc":132762937,"pvc":0,"pxr":0.00000,"nonce":638470989151776956},"c":[966.56067,31.96894,116.17420],"pt":3938706606,"vct":0,"vcp":0,"mid":0,"action":"SELL_CHIPS","cat":"BETTING","ctx":{"type":7000}
[01:15:20.2578525][WARN/prepare_metric_for_sending.cpp:93] BAD METRIC: EARN; DATA: "amt":0,"char":{"slot":0,"cash":162070,"bank":132600867,"evc":132762937,"pvc":0,"pxr":0.00000,"nonce":638470989151776956},"c":[966.56067,31.96894,116.17420],"pt":3938706606,"vct":0,"vcp":0,"mid":0,"action":"SELL_CHIPS","cat":"BETTING","ctx":{"type":7000}
[01:15:36.0657274][WARN/prepare_metric_for_sending.cpp:93] BAD METRIC: EARN; DATA: "amt":0,"char":{"slot":0,"cash":162070,"bank":132600867,"evc":132762937,"pvc":0,"pxr":0.00000,"nonce":638470989348912085},"c":[966.56067,31.96894,116.17420],"pt":3938726638,"vct":0,"vcp":0,"mid":0,"action":"SELL_CHIPS","cat":"BETTING","ctx":{"type":10000}
[01:15:36.0657811][WARN/prepare_metric_for_sending.cpp:93] BAD METRIC: EARN; DATA: "amt":0,"char":{"slot":0,"cash":162070,"bank":132600867,"evc":132762937,"pvc":0,"pxr":0.00000,"nonce":638470989348912085},"c":[966.56067,31.96894,116.17420],"pt":3938726638,"vct":0,"vcp":0,"mid":0,"action":"SELL_CHIPS","cat":"BETTING","ctx":{"type":10000}
[01:16:05.8922811][WARN/prepare_metric_for_sending.cpp:93] BAD METRIC: EARN; DATA: "amt":0,"char":{"slot":0,"cash":162070,"bank":132600867,"evc":132762937,"pvc":0,"pxr":0.00000,"nonce":638470989633344541},"c":[966.56067,31.96894,116.17420],"pt":3938756684,"vct":0,"vcp":0,"mid":0,"action":"SELL_CHIPS","cat":"BETTING","ctx":{"type":10000}
[01:16:05.8923301][WARN/prepare_metric_for_sending.cpp:93] BAD METRIC: EARN; DATA: "amt":0,"char":{"slot":0,"cash":162070,"bank":132600867,"evc":132762937,"pvc":0,"pxr":0.00000,"nonce":638470989633344541},"c":[966.56067,31.96894,116.17420],"pt":3938756684,"vct":0,"vcp":0,"mid":0,"action":"SELL_CHIPS","cat":"BETTING","ctx":{"type":10000}
[01:16:33.5514545][WARN/prepare_metric_for_sending.cpp:93] BAD METRIC: EARN; DATA: "amt":0,"char":{"slot":0,"cash":162070,"bank":132600867,"evc":132762937,"pvc":0,"pxr":0.00000,"nonce":638470989911501398},"c":[966.56067,31.96894,116.17420],"pt":3938776729,"vct":0,"vcp":0,"mid":0,"action":"SELL_CHIPS","cat":"BETTING","ctx":{"type":10000}
[01:16:33.5515062][WARN/prepare_metric_for_sending.cpp:93] BAD METRIC: EARN; DATA: "amt":0,"char":{"slot":0,"cash":162070,"bank":132600867,"evc":132762937,"pvc":0,"pxr":0.00000,"nonce":638470989911501398},"c":[966.56067,31.96894,116.17420],"pt":3938776729,"vct":0,"vcp":0,"mid":0,"action":"SELL_CHIPS","cat":"BETTING","ctx":{"type":10000}
[01:16:49.5695698][WARN/prepare_metric_for_sending.cpp:93] BAD METRIC: EARN; DATA: "amt":0,"char":{"slot":0,"cash":162070,"bank":132600867,"evc":132762937,"pvc":0,"pxr":0.00000,"nonce":638470990045721391},"c":[966.56067,31.96894,116.17420],"pt":3938796801,"vct":0,"vcp":0,"mid":0,"action":"SELL_CHIPS","cat":"BETTING","ctx":{"type":10000}
[01:16:49.5696250][WARN/prepare_metric_for_sending.cpp:93] BAD METRIC: EARN; DATA: "amt":0,"char":{"slot":0,"cash":162070,"bank":132600867,"evc":132762937,"pvc":0,"pxr":0.00000,"nonce":638470990045721391},"c":[966.56067,31.96894,116.17420],"pt":3938796801,"vct":0,"vcp":0,"mid":0,"action":"SELL_CHIPS","cat":"BETTING","ctx":{"type":10000}
[01:20:54.4951129][INFO/main.cpp:272] Scripts unregistered.
[01:20:54.4951602][INFO/main.cpp:275] Lua manager uninitialized.
[01:20:54.5549937][INFO/main.cpp:278] Hooking disabled.
[01:20:54.5568243][INFO/main.cpp:281] Dynamic native hooker uninitialized.
[01:20:54.5568614][DEBUG/thread_pool.cpp:109] Thread 476 exiting...
[01:20:54.5568967][DEBUG/thread_pool.cpp:109] Thread 11424 exiting...
[01:20:54.5569044][DEBUG/thread_pool.cpp:109] Thread 12540 exiting...
[01:20:54.7864991][DEBUG/thread_pool.cpp:109] Thread 8296 exiting...
[01:20:54.7868960][INFO/main.cpp:286] Destroyed thread pool.
[01:20:54.7869082][INFO/main.cpp:289] Script Connection Service reset.
[01:20:54.7944136][INFO/main.cpp:291] Tunables Service reset.
[01:20:54.7944370][INFO/main.cpp:293] Hotkey Service reset.
[01:20:54.7944562][INFO/main.cpp:295] Matchmaking Service reset.
[01:20:54.7950579][INFO/main.cpp:297] Player Database Service reset.
[01:20:54.7950639][INFO/main.cpp:299] API Service reset.
[01:20:54.8070404][INFO/main.cpp:301] Script Patcher Service reset.
[01:20:54.8070833][INFO/main.cpp:303] Gui Service reset.
[01:20:54.8101935][INFO/main.cpp:305] GTA Data Service reset.
[01:20:54.8102041][INFO/main.cpp:307] Vehicle Service reset.
[01:20:54.8113066][INFO/main.cpp:309] Model Preview Service reset.
[01:20:54.8113152][INFO/main.cpp:311] Mobile Service reset.
[01:20:54.8113562][INFO/main.cpp:313] Player Service reset.
[01:20:54.8113611][INFO/main.cpp:315] Pickup Service reset.
[01:20:54.8113839][INFO/main.cpp:317] Custom Text Service reset.
[01:20:54.8114931][INFO/main.cpp:319] Context Service reset.
[01:20:54.8114990][INFO/main.cpp:321] Xml Vehicles Service reset.
[01:20:54.8115014][INFO/main.cpp:322] Services uninitialized.
[01:20:54.8115667][INFO/main.cpp:325] Hooking uninitialized.
[01:20:54.8115738][INFO/main.cpp:328] Fiber pool uninitialized.
[01:20:54.8396372][INFO/main.cpp:331] Renderer uninitialized.
[01:20:54.8400922][INFO/main.cpp:334] Byte Patch Manager uninitialized.
[01:20:54.8401105][INFO/main.cpp:337] Pointers uninitialized.
[01:20:54.8401168][INFO/main.cpp:340] Thread pool uninitialized.
[01:20:54.8401221][INFO/main.cpp:342] Farewell!
