[21:38:13.9117811][INFO/main.cpp:159] Yim's Menu Initializing
[21:38:13.9118440][INFO/main.cpp:160] Git Info
	Branch:	master
	Hash:	d737c01b333f349ff9d4803784fee1051ee93cb9
	Date:	Tue Feb 20 18:29:02 2024
[21:38:13.9120631][INFO/main.cpp:172] Windows 10 Home Version 22H2 (OS Build 19045.4239)
[21:38:13.9201010][DEBUG/thread_pool.cpp:22] Resizing thread pool from 0 to 4
[21:38:13.9204445][INFO/main.cpp:180] Thread pool initialized.
[21:38:13.9272602][INFO/main.cpp:183] Settings Loaded.
[21:38:13.9272644][DEBUG/thread_pool.cpp:96] Thread 17272 executing settings.cpp:12
[21:38:13.9290713][INFO/pointers.hpp:94] GTA5 pointers cache is up to date, using it.
[21:38:13.9291023][INFO/pointers.cpp:1812] Loading pointers instance from cache
[21:38:13.9291047][INFO/pointers.cpp:1821] Pointers cache: Loading 215 fields from the cache
[21:38:13.9291176][DEBUG/module.cpp:50] Waiting for socialclub.dll...
[21:38:13.9359377][INFO/batch.hpp:106] Found 'PD' GTA5.exe+0x148FEA
[21:38:13.9379435][INFO/batch.hpp:106] Found 'SGPA' GTA5.exe+0x1D6020
[21:38:13.9384922][INFO/batch.hpp:106] Found 'RAP' GTA5.exe+0x1ECF68
[21:38:13.9385268][INFO/pointers.hpp:79] Pointers cache: saved 5 fields to the cache
[21:38:13.9390854][INFO/main.cpp:186] Pointers initialized.
[21:38:13.9391363][INFO/main.cpp:193] Disabled anticheat gameskeleton.
[21:38:13.9395459][INFO/main.cpp:196] Byte Patch Manager initialized.
[21:38:14.7104586][INFO/main.cpp:199] Renderer initialized.
[21:38:15.0234836][INFO/main.cpp:203] Fiber pool initialized.
[21:38:15.0250238][INFO/main.cpp:206] HTTP Client initialized.
[21:38:15.3275851][INFO/translation_service.cpp:38] Languages outdated, downloading new translations.
[21:38:15.5602285][INFO/main.cpp:209] Translation Service initialized.
[21:38:15.5841324][INFO/main.cpp:212] Hooking initialized.
[21:38:15.5963915][DEBUG/gta_data_service.cpp:160] Loading data from cache.
[21:38:15.5964086][INFO/gta_data_service.cpp:172] Loading 1051 peds from cache.
[21:38:15.5971084][INFO/gta_data_service.cpp:190] Loading 843 vehicles from cache.
[21:38:15.5976216][INFO/gta_data_service.cpp:207] Loading 119 weapons from cache.
[21:38:15.5976325][INFO/gta_data_service.cpp:208] Loading 380 weapon components from cache.
[21:38:15.5976546][DEBUG/gta_data_service.cpp:166] Loaded all data from cache.
[21:38:15.6068466][DEBUG/thread_pool.cpp:96] Thread 1944 executing player_database_service.cpp:285
[21:38:15.6071517][INFO/main.cpp:233] Registered service instances...
[21:38:15.6074027][INFO/main.cpp:254] Scripts registered.
[21:38:15.6921811][INFO/main.cpp:257] Hooking enabled.
[21:38:15.6942621][INFO/main.cpp:260] Dynamic native hooker initialized.
[21:38:15.6953196][INFO/main.cpp:264] Lua manager initialized.
[21:38:15.7290249][FATAL/exception_handler.cpp:42] EXCEPTION_ACCESS_VIOLATION
Dumping modules:
GTA5.exe Base Address: 0x7FF732370000 Size: 67215872
ntdll.dll Base Address: 0x7FFC90E30000 Size: 1153536
KERNEL32.DLL Base Address: 0x7FFC906D0000 Size: 513536
KERNELBASE.dll Base Address: 0x7FFC8E630000 Size: 1256448
USER32.dll Base Address: 0x7FFC8F6F0000 Size: 586752
win32u.dll Base Address: 0x7FFC8E5B0000 Size: 42496
GDI32.dll Base Address: 0x7FFC8EF10000 Size: 57856
gdi32full.dll Base Address: 0x7FFC8ED40000 Size: 673792
msvcp_win.dll Base Address: 0x7FFC8E4E0000 Size: 344064
ucrtbase.dll Base Address: 0x7FFC8EC40000 Size: 735744
PSAPI.DLL Base Address: 0x7FFC907F0000 Size: 2048
WS2_32.dll Base Address: 0x7FFC8F680000 Size: 275456
RPCRT4.dll Base Address: 0x7FFC8EFF0000 Size: 922624
CRYPT32.dll Base Address: 0x7FFC8EA30000 Size: 1094656
WINTRUST.dll Base Address: 0x7FFC8E9C0000 Size: 293888
msvcrt.dll Base Address: 0x7FFC90600000 Size: 477184
IMM32.dll Base Address: 0x7FFC90DB0000 Size: 125440
bcrypt.dll Base Address: 0x7FFC8E580000 Size: 102912
SHLWAPI.dll Base Address: 0x7FFC90000000 Size: 182784
ADVAPI32.dll Base Address: 0x7FFC8EE60000 Size: 434176
VERSION.dll Base Address: 0x7FFC86800000 Size: 10752
sechost.dll Base Address: 0x7FFC8F5E0000 Size: 422400
DSOUND.dll Base Address: 0x7FFC71E20000 Size: 380928
SHELL32.dll Base Address: 0x7FFC8F890000 Size: 5920256
combase.dll Base Address: 0x7FFC90A50000 Size: 2325504
ole32.dll Base Address: 0x7FFC90920000 Size: 833024
OLEAUT32.dll Base Address: 0x7FFC8F130000 Size: 608768
WININET.dll Base Address: 0x7FFC669E0000 Size: 2019840
WINMM.dll Base Address: 0x7FFC867D0000 Size: 81408
MFPlat.DLL Base Address: 0x7FFC55DB0000 Size: 1409024
MF.dll Base Address: 0x7FFC54A10000 Size: 340992
cfgmgr32.dll Base Address: 0x7FFC8E5E0000 Size: 219136
shcore.dll Base Address: 0x7FFC90550000 Size: 476672
msdmo.dll Base Address: 0x7FFC82780000 Size: 13312
MFReadWrite.dll Base Address: 0x7FFC50CE0000 Size: 918016
PROPSYS.dll Base Address: 0x7FFC8A020000 Size: 631296
WTSAPI32.dll Base Address: 0x7FFC8A180000 Size: 37888
d3d9.dll Base Address: 0x7FFC59C90000 Size: 1371648
GFSDK_TXAA_AlphaResolve.win64.dll Base Address: 0x7FFC7D350000 Size: 48128
DINPUT8.dll Base Address: 0x7FFC63770000 Size: 169472
bink2w64.dll Base Address: 0x7FFC71D90000 Size: 307712
IPHLPAPI.DLL Base Address: 0x7FFC8D8B0000 Size: 166400
powrprof.dll Base Address: 0x7FFC8DB30000 Size: 70656
winmmbase.dll Base Address: 0x7FFC58BE0000 Size: 95232
kernel.appcore.dll Base Address: 0x7FFC8C370000 Size: 16384
dwmapi.dll Base Address: 0x7FFC8C080000 Size: 98816
windows.storage.dll Base Address: 0x7FFC8C570000 Size: 5851648
OPENGL32.dll Base Address: 0x7FFC7CCC0000 Size: 909312
Wldp.dll Base Address: 0x7FFC8DE30000 Size: 96768
GLU32.dll Base Address: 0x7FFC8BBE0000 Size: 122880
D3DCOMPILER_43.dll Base Address: 0x7FFC4B850000 Size: 2423296
GFSDK_ShadowLib.win64.dll Base Address: 0x7FFC4A020000 Size: 96256
XINPUT1_3.dll Base Address: 0x400000 Size: 85504
SETUPAPI.dll Base Address: 0x7FFC90060000 Size: 887808
MFCORE.DLL Base Address: 0x7FFC2D050000 Size: 3960320
ksuser.dll Base Address: 0x7FFC82D30000 Size: 6144
CRYPTBASE.DLL Base Address: 0x7FFC8DDA0000 Size: 10752
d3dx9_43.dll Base Address: 0x7FFC4B5E0000 Size: 2280960
UMPDC.dll Base Address: 0x7FFC8DB10000 Size: 34816
bcryptPrimitives.dll Base Address: 0x7FFC8E930000 Size: 408576
RTWorkQ.DLL Base Address: 0x7FFC55D60000 Size: 105472
MSASN1.dll Base Address: 0x7FFC8E210000 Size: 34816
inputhost.dll Base Address: 0x7FFC7A0F0000 Size: 976384
wintypes.dll Base Address: 0x7FFC8A2F0000 Size: 493568
CoreUIComponents.dll Base Address: 0x7FFC8B650000 Size: 1795072
CoreMessaging.dll Base Address: 0x7FFC8B9B0000 Size: 607744
ntmarta.dll Base Address: 0x7FFC8D5B0000 Size: 140288
dbghelp.dll Base Address: 0x7FFC88480000 Size: 1400320
dbgcore.DLL Base Address: 0x7FFC833C0000 Size: 136704
d3d12.dll Base Address: 0x7FFC867A0000 Size: 87552
CRYPTSP.dll Base Address: 0x7FFC8E1C0000 Size: 46080
uxtheme.dll Base Address: 0x7FFC8BEA0000 Size: 382976
rsaenh.dll Base Address: 0x7FFC8D490000 Size: 142336
clbcatq.dll Base Address: 0x7FFC8EF40000 Size: 437760
dxdiagn.dll Base Address: 0x7FFC59E90000 Size: 395264
d3d11.dll Base Address: 0x7FFC8A8B0000 Size: 1853440
DEVOBJ.dll Base Address: 0x7FFC8E270000 Size: 132608
WMICLNT.dll Base Address: 0x7FFC86FD0000 Size: 31744
dxgi.dll Base Address: 0x7FFC8CD50000 Size: 614912
wbemprox.dll Base Address: 0x7FFC7BCC0000 Size: 27648
wbemcomn.dll Base Address: 0x7FFC7FD40000 Size: 328704
wbemsvc.dll Base Address: 0x7FFC7A0D0000 Size: 7168
fastprox.dll Base Address: 0x7FFC7A620000 Size: 708608
amsi.dll Base Address: 0x7FFC78910000 Size: 62464
USERENV.dll Base Address: 0x7FFC8E390000 Size: 108032
profapi.dll Base Address: 0x7FFC8E410000 Size: 81920
mbamsi64.dll Base Address: 0x7FFC785B0000 Size: 2192384
AUTHZ.dll Base Address: 0x7FFC8D220000 Size: 176640
MPR.dll Base Address: 0x7FFC80550000 Size: 71168
NETAPI32.dll Base Address: 0x7FFC80450000 Size: 47616
sfc.dll Base Address: 0x1F6794B0000 Size: 0
NETUTILS.DLL Base Address: 0x7FFC8DA10000 Size: 19456
sfc_os.DLL Base Address: 0x7FFC7BBD0000 Size: 28672
gpapi.dll Base Address: 0x7FFC8CD20000 Size: 69120
imagehlp.dll Base Address: 0x7FFC906B0000 Size: 45056
D3D10_1.DLL Base Address: 0x7FFC5F100000 Size: 130048
d3d10_1core.dll Base Address: 0x7FFC75620000 Size: 7680
apphelp.dll Base Address: 0x7FFC8BCC0000 Size: 319488
MSCTF.dll Base Address: 0x7FFC90800000 Size: 864768
textinputframework.dll Base Address: 0x7FFC7A250000 Size: 722944
WINSTA.dll Base Address: 0x7FFC8D720000 Size: 190976
aticfx64.dll Base Address: 0x7FFC86470000 Size: 1123840
atiuxp64.dll Base Address: 0x7FFC85BE0000 Size: 190464
atidxx64.dll Base Address: 0x7FFC83780000 Size: 11701760
amdihk64.dll Base Address: 0x7FFC82270000 Size: 117248
dxcore.dll Base Address: 0x7FFC86720000 Size: 150016
HID.DLL Base Address: 0x7FFC8CD10000 Size: 20480
MMDevApi.dll Base Address: 0x7FFC87E30000 Size: 387072
XAudio2_7.dll Base Address: 0x7FFC57FD0000 Size: 485376
AUDIOSES.DLL Base Address: 0x7FFC87EE0000 Size: 1037312
resourcepolicyclient.dll Base Address: 0x7FFC8BF80000 Size: 31744
Windows.UI.dll Base Address: 0x7FFC7A4D0000 Size: 731136
WindowManagementAPI.dll Base Address: 0x7FFC89770000 Size: 450048
twinapi.appcore.dll Base Address: 0x7FFC89560000 Size: 1457664
avrt.dll Base Address: 0x7FFC89AC0000 Size: 5632
napinsp.dll Base Address: 0x7FFC82250000 Size: 50176
pnrpnsp.dll Base Address: 0x7FFC76060000 Size: 66048
wshbth.dll Base Address: 0x7FFC76040000 Size: 43008
NLAapi.dll Base Address: 0x7FFC88F70000 Size: 68608
mswsock.dll Base Address: 0x7FFC8DC10000 Size: 331776
DNSAPI.dll Base Address: 0x7FFC8D8F0000 Size: 600576
NSI.dll Base Address: 0x7FFC906A0000 Size: 7680
winrnr.dll Base Address: 0x7FFC76020000 Size: 32768
fwpuclnt.dll Base Address: 0x7FFC836B0000 Size: 283648
rasadhlp.dll Base Address: 0x7FFC83400000 Size: 7168
cryptnet.dll Base Address: 0x7FFC829D0000 Size: 135168
WINNSI.DLL Base Address: 0x7FFC880E0000 Size: 11776
SspiCli.dll Base Address: 0x7FFC8E3C0000 Size: 123904
socialclub.dll Base Address: 0x7FFC4FDC0000 Size: 2702336
chrome_elf.dll Base Address: 0x7FFC50A70000 Size: 901120
libcef.dll Base Address: 0x7FFC1DD90000 Size: 151009280
COMDLG32.dll Base Address: 0x7FFC8F260000 Size: 684032
UIAutomationCore.DLL Base Address: 0x7FFC65930000 Size: 2040832
OLEACC.dll Base Address: 0x7FFC661A0000 Size: 260608
Secur32.dll Base Address: 0x7FFC82AA0000 Size: 11264
WINHTTP.dll Base Address: 0x7FFC868E0000 Size: 845312
DWrite.dll Base Address: 0x7FFC77260000 Size: 1601024
WINSPOOL.DRV Base Address: 0x7FFC68F10000 Size: 389632
USP10.dll Base Address: 0x7FFC7CC10000 Size: 512
ncrypt.dll Base Address: 0x7FFC8DEA0000 Size: 102400
urlmon.dll Base Address: 0x7FFC82050000 Size: 1281536
dxva2.dll Base Address: 0x7FFC54760000 Size: 96256
wevtapi.dll Base Address: 0x7FFC89BD0000 Size: 296960
CRYPTUI.dll Base Address: 0x7FFC6F050000 Size: 246272
COMCTL32.dll Base Address: 0x7FFC44540000 Size: 560128
credui.dll Base Address: 0x7FFC64B50000 Size: 55808
dhcpcsvc.DLL Base Address: 0x7FFC87EC0000 Size: 61440
ESENT.dll Base Address: 0x7FFC77CB0000 Size: 2585088
iertutil.dll Base Address: 0x7FFC81B60000 Size: 551424
srvcli.dll Base Address: 0x7FFC81EF0000 Size: 54272
DSROLE.DLL Base Address: 0x7FFC88470000 Size: 7680
WKSCLI.DLL Base Address: 0x7FFC8D5F0000 Size: 45568
SAMCLI.DLL Base Address: 0x7FFC7D690000 Size: 61440
NTASN1.dll Base Address: 0x7FFC8DE60000 Size: 81408
FirewallAPI.dll Base Address: 0x7FFC8D080000 Size: 329728
fwbase.dll Base Address: 0x7FFC8D040000 Size: 151552
FWPolicyIOMgr.dll Base Address: 0x7FFC80C90000 Size: 205824
wdmaud.drv Base Address: 0x7FFC55260000 Size: 193024
msacm32.drv Base Address: 0x7FFC6B3D0000 Size: 17920
MSACM32.dll Base Address: 0x7FFC692B0000 Size: 74240
midimap.dll Base Address: 0x7FFC6A940000 Size: 13312
ondemandconnroutehelper.dll Base Address: 0x7FFC5EE10000 Size: 42496
dhcpcsvc6.DLL Base Address: 0x7FFC88070000 Size: 23552
YimMenu (1).dll Base Address: 0x7FFC1D240000 Size: 9238016
D3DCOMPILER_47.dll Base Address: 0x7FFC8A450000 Size: 3396608
VCRUNTIME140.dll Base Address: 0x7FFC66FA0000 Size: 73728
VCRUNTIME140_1.dll Base Address: 0x7FFC63A30000 Size: 15360
MSVCP140_2.dll Base Address: 0x7FFC7CC30000 Size: 196096
MSVCP140.dll Base Address: 0x7FFC66FC0000 Size: 340480
winbrand.dll Base Address: 0x7FFC748F0000 Size: 161280
xinput1_4.dll Base Address: 0x7FFC7F090000 Size: 30208
schannel.DLL Base Address: 0x7FFC8D3A0000 Size: 486912
mskeyprotect.dll Base Address: 0x7FFC82AC0000 Size: 44544
ncryptsslp.dll Base Address: 0x7FFC82B70000 Size: 78848
Dumping registers:
RAX: 0xBD56
RCX: 0x3A3EBFEF28
RDX: 0x4
RBX: 0x3A3EBFEEF0
RSI: 0x3
RDI: 0x3A3EBFEF28
RSP: 0x3A3EBFEDF8
RBP: 0x0
R8:  0x3
R9:  0x7FF7326AC4FC
R10: 0x0
R11: 0x41200000
R12: 0xFFFFFFFF
R13: 0xFFFFFFFF
R14: 0x1F63E394570
R15: 0x7FF734E32580
Dumping stacktrace:
[0]	GTA5.exe+0x1750 0x7FF732371750
[1]	GTA5.exe+0x33A064 0x7FF7326AA064
[2]	GTA5.exe+0x12C4B93 0x7FF733634B93
[3]	GTA5.exe+0x12E54B5 0x7FF7336554B5
[4]	GTA5.exe+0x12E20ED 0x7FF7336520ED
[5]	GTA5.exe+0x12F86E2 0x7FF7336686E2
[6]	GTA5.exe+0x12E1E24 0x7FF733651E24
[7]	GTA5.exe+0x12F86E2 0x7FF7336686E2
[8]	GTA5.exe+0x12E3910 0x7FF733653910
[9]	GTA5.exe+0x12F86E2 0x7FF7336686E2
[10]	GTA5.exe+0x12E345D 0x7FF73365345D
[11]	GTA5.exe+0x12F86E2 0x7FF7336686E2
[12]	GTA5.exe+0x12E1E24 0x7FF733651E24
[13]	GTA5.exe+0x12F86E2 0x7FF7336686E2
[14]	GTA5.exe+0x12E483F 0x7FF73365483F
[15]	GTA5.exe+0x12F86E2 0x7FF7336686E2
[16]	GTA5.exe+0x12E498F 0x7FF73365498F
[17]	GTA5.exe+0x12F86E2 0x7FF7336686E2
[18]	GTA5.exe+0x12D221F 0x7FF73364221F
[19]	GTA5.exe+0x12D6BEB 0x7FF733646BEB
[20]	GTA5.exe+0x12C2992 0x7FF733632992
[21]	GTA5.exe+0x12D6056 0x7FF733646056
[22]	GTA5.exe+0x130E95A 0x7FF73367E95A
[23]	KERNEL32.DLL BaseThreadInitThunk
[24]	ntdll.dll RtlUserThreadStart
--------End of exception--------

[21:38:15.7370560][FATAL/exception_handler.cpp:42] EXCEPTION_ACCESS_VIOLATION
Dumping modules:
GTA5.exe Base Address: 0x7FF732370000 Size: 67215872
ntdll.dll Base Address: 0x7FFC90E30000 Size: 1153536
KERNEL32.DLL Base Address: 0x7FFC906D0000 Size: 513536
KERNELBASE.dll Base Address: 0x7FFC8E630000 Size: 1256448
USER32.dll Base Address: 0x7FFC8F6F0000 Size: 586752
win32u.dll Base Address: 0x7FFC8E5B0000 Size: 42496
GDI32.dll Base Address: 0x7FFC8EF10000 Size: 57856
gdi32full.dll Base Address: 0x7FFC8ED40000 Size: 673792
msvcp_win.dll Base Address: 0x7FFC8E4E0000 Size: 344064
ucrtbase.dll Base Address: 0x7FFC8EC40000 Size: 735744
PSAPI.DLL Base Address: 0x7FFC907F0000 Size: 2048
WS2_32.dll Base Address: 0x7FFC8F680000 Size: 275456
RPCRT4.dll Base Address: 0x7FFC8EFF0000 Size: 922624
CRYPT32.dll Base Address: 0x7FFC8EA30000 Size: 1094656
WINTRUST.dll Base Address: 0x7FFC8E9C0000 Size: 293888
msvcrt.dll Base Address: 0x7FFC90600000 Size: 477184
IMM32.dll Base Address: 0x7FFC90DB0000 Size: 125440
bcrypt.dll Base Address: 0x7FFC8E580000 Size: 102912
SHLWAPI.dll Base Address: 0x7FFC90000000 Size: 182784
ADVAPI32.dll Base Address: 0x7FFC8EE60000 Size: 434176
VERSION.dll Base Address: 0x7FFC86800000 Size: 10752
sechost.dll Base Address: 0x7FFC8F5E0000 Size: 422400
DSOUND.dll Base Address: 0x7FFC71E20000 Size: 380928
SHELL32.dll Base Address: 0x7FFC8F890000 Size: 5920256
combase.dll Base Address: 0x7FFC90A50000 Size: 2325504
ole32.dll Base Address: 0x7FFC90920000 Size: 833024
OLEAUT32.dll Base Address: 0x7FFC8F130000 Size: 608768
WININET.dll Base Address: 0x7FFC669E0000 Size: 2019840
WINMM.dll Base Address: 0x7FFC867D0000 Size: 81408
MFPlat.DLL Base Address: 0x7FFC55DB0000 Size: 1409024
MF.dll Base Address: 0x7FFC54A10000 Size: 340992
cfgmgr32.dll Base Address: 0x7FFC8E5E0000 Size: 219136
shcore.dll Base Address: 0x7FFC90550000 Size: 476672
msdmo.dll Base Address: 0x7FFC82780000 Size: 13312
MFReadWrite.dll Base Address: 0x7FFC50CE0000 Size: 918016
PROPSYS.dll Base Address: 0x7FFC8A020000 Size: 631296
WTSAPI32.dll Base Address: 0x7FFC8A180000 Size: 37888
d3d9.dll Base Address: 0x7FFC59C90000 Size: 1371648
GFSDK_TXAA_AlphaResolve.win64.dll Base Address: 0x7FFC7D350000 Size: 48128
DINPUT8.dll Base Address: 0x7FFC63770000 Size: 169472
bink2w64.dll Base Address: 0x7FFC71D90000 Size: 307712
IPHLPAPI.DLL Base Address: 0x7FFC8D8B0000 Size: 166400
powrprof.dll Base Address: 0x7FFC8DB30000 Size: 70656
winmmbase.dll Base Address: 0x7FFC58BE0000 Size: 95232
kernel.appcore.dll Base Address: 0x7FFC8C370000 Size: 16384
dwmapi.dll Base Address: 0x7FFC8C080000 Size: 98816
windows.storage.dll Base Address: 0x7FFC8C570000 Size: 5851648
OPENGL32.dll Base Address: 0x7FFC7CCC0000 Size: 909312
Wldp.dll Base Address: 0x7FFC8DE30000 Size: 96768
GLU32.dll Base Address: 0x7FFC8BBE0000 Size: 122880
D3DCOMPILER_43.dll Base Address: 0x7FFC4B850000 Size: 2423296
GFSDK_ShadowLib.win64.dll Base Address: 0x7FFC4A020000 Size: 96256
XINPUT1_3.dll Base Address: 0x400000 Size: 85504
SETUPAPI.dll Base Address: 0x7FFC90060000 Size: 887808
MFCORE.DLL Base Address: 0x7FFC2D050000 Size: 3960320
ksuser.dll Base Address: 0x7FFC82D30000 Size: 6144
CRYPTBASE.DLL Base Address: 0x7FFC8DDA0000 Size: 10752
d3dx9_43.dll Base Address: 0x7FFC4B5E0000 Size: 2280960
UMPDC.dll Base Address: 0x7FFC8DB10000 Size: 34816
bcryptPrimitives.dll Base Address: 0x7FFC8E930000 Size: 408576
RTWorkQ.DLL Base Address: 0x7FFC55D60000 Size: 105472
MSASN1.dll Base Address: 0x7FFC8E210000 Size: 34816
inputhost.dll Base Address: 0x7FFC7A0F0000 Size: 976384
wintypes.dll Base Address: 0x7FFC8A2F0000 Size: 493568
CoreUIComponents.dll Base Address: 0x7FFC8B650000 Size: 1795072
CoreMessaging.dll Base Address: 0x7FFC8B9B0000 Size: 607744
ntmarta.dll Base Address: 0x7FFC8D5B0000 Size: 140288
dbghelp.dll Base Address: 0x7FFC88480000 Size: 1400320
dbgcore.DLL Base Address: 0x7FFC833C0000 Size: 136704
d3d12.dll Base Address: 0x7FFC867A0000 Size: 87552
CRYPTSP.dll Base Address: 0x7FFC8E1C0000 Size: 46080
uxtheme.dll Base Address: 0x7FFC8BEA0000 Size: 382976
rsaenh.dll Base Address: 0x7FFC8D490000 Size: 142336
clbcatq.dll Base Address: 0x7FFC8EF40000 Size: 437760
dxdiagn.dll Base Address: 0x7FFC59E90000 Size: 395264
d3d11.dll Base Address: 0x7FFC8A8B0000 Size: 1853440
DEVOBJ.dll Base Address: 0x7FFC8E270000 Size: 132608
WMICLNT.dll Base Address: 0x7FFC86FD0000 Size: 31744
dxgi.dll Base Address: 0x7FFC8CD50000 Size: 614912
wbemprox.dll Base Address: 0x7FFC7BCC0000 Size: 27648
wbemcomn.dll Base Address: 0x7FFC7FD40000 Size: 328704
wbemsvc.dll Base Address: 0x7FFC7A0D0000 Size: 7168
fastprox.dll Base Address: 0x7FFC7A620000 Size: 708608
amsi.dll Base Address: 0x7FFC78910000 Size: 62464
USERENV.dll Base Address: 0x7FFC8E390000 Size: 108032
profapi.dll Base Address: 0x7FFC8E410000 Size: 81920
mbamsi64.dll Base Address: 0x7FFC785B0000 Size: 2192384
AUTHZ.dll Base Address: 0x7FFC8D220000 Size: 176640
MPR.dll Base Address: 0x7FFC80550000 Size: 71168
NETAPI32.dll Base Address: 0x7FFC80450000 Size: 47616
sfc.dll Base Address: 0x1F6794B0000 Size: 0
NETUTILS.DLL Base Address: 0x7FFC8DA10000 Size: 19456
sfc_os.DLL Base Address: 0x7FFC7BBD0000 Size: 28672
gpapi.dll Base Address: 0x7FFC8CD20000 Size: 69120
imagehlp.dll Base Address: 0x7FFC906B0000 Size: 45056
D3D10_1.DLL Base Address: 0x7FFC5F100000 Size: 130048
d3d10_1core.dll Base Address: 0x7FFC75620000 Size: 7680
apphelp.dll Base Address: 0x7FFC8BCC0000 Size: 319488
MSCTF.dll Base Address: 0x7FFC90800000 Size: 864768
textinputframework.dll Base Address: 0x7FFC7A250000 Size: 722944
WINSTA.dll Base Address: 0x7FFC8D720000 Size: 190976
aticfx64.dll Base Address: 0x7FFC86470000 Size: 1123840
atiuxp64.dll Base Address: 0x7FFC85BE0000 Size: 190464
atidxx64.dll Base Address: 0x7FFC83780000 Size: 11701760
amdihk64.dll Base Address: 0x7FFC82270000 Size: 117248
dxcore.dll Base Address: 0x7FFC86720000 Size: 150016
HID.DLL Base Address: 0x7FFC8CD10000 Size: 20480
MMDevApi.dll Base Address: 0x7FFC87E30000 Size: 387072
XAudio2_7.dll Base Address: 0x7FFC57FD0000 Size: 485376
AUDIOSES.DLL Base Address: 0x7FFC87EE0000 Size: 1037312
resourcepolicyclient.dll Base Address: 0x7FFC8BF80000 Size: 31744
Windows.UI.dll Base Address: 0x7FFC7A4D0000 Size: 731136
WindowManagementAPI.dll Base Address: 0x7FFC89770000 Size: 450048
twinapi.appcore.dll Base Address: 0x7FFC89560000 Size: 1457664
avrt.dll Base Address: 0x7FFC89AC0000 Size: 5632
napinsp.dll Base Address: 0x7FFC82250000 Size: 50176
pnrpnsp.dll Base Address: 0x7FFC76060000 Size: 66048
wshbth.dll Base Address: 0x7FFC76040000 Size: 43008
NLAapi.dll Base Address: 0x7FFC88F70000 Size: 68608
mswsock.dll Base Address: 0x7FFC8DC10000 Size: 331776
DNSAPI.dll Base Address: 0x7FFC8D8F0000 Size: 600576
NSI.dll Base Address: 0x7FFC906A0000 Size: 7680
winrnr.dll Base Address: 0x7FFC76020000 Size: 32768
fwpuclnt.dll Base Address: 0x7FFC836B0000 Size: 283648
rasadhlp.dll Base Address: 0x7FFC83400000 Size: 7168
cryptnet.dll Base Address: 0x7FFC829D0000 Size: 135168
WINNSI.DLL Base Address: 0x7FFC880E0000 Size: 11776
SspiCli.dll Base Address: 0x7FFC8E3C0000 Size: 123904
socialclub.dll Base Address: 0x7FFC4FDC0000 Size: 2702336
chrome_elf.dll Base Address: 0x7FFC50A70000 Size: 901120
libcef.dll Base Address: 0x7FFC1DD90000 Size: 151009280
COMDLG32.dll Base Address: 0x7FFC8F260000 Size: 684032
UIAutomationCore.DLL Base Address: 0x7FFC65930000 Size: 2040832
OLEACC.dll Base Address: 0x7FFC661A0000 Size: 260608
Secur32.dll Base Address: 0x7FFC82AA0000 Size: 11264
WINHTTP.dll Base Address: 0x7FFC868E0000 Size: 845312
DWrite.dll Base Address: 0x7FFC77260000 Size: 1601024
WINSPOOL.DRV Base Address: 0x7FFC68F10000 Size: 389632
USP10.dll Base Address: 0x7FFC7CC10000 Size: 512
ncrypt.dll Base Address: 0x7FFC8DEA0000 Size: 102400
urlmon.dll Base Address: 0x7FFC82050000 Size: 1281536
dxva2.dll Base Address: 0x7FFC54760000 Size: 96256
wevtapi.dll Base Address: 0x7FFC89BD0000 Size: 296960
CRYPTUI.dll Base Address: 0x7FFC6F050000 Size: 246272
COMCTL32.dll Base Address: 0x7FFC44540000 Size: 560128
credui.dll Base Address: 0x7FFC64B50000 Size: 55808
dhcpcsvc.DLL Base Address: 0x7FFC87EC0000 Size: 61440
ESENT.dll Base Address: 0x7FFC77CB0000 Size: 2585088
iertutil.dll Base Address: 0x7FFC81B60000 Size: 551424
srvcli.dll Base Address: 0x7FFC81EF0000 Size: 54272
DSROLE.DLL Base Address: 0x7FFC88470000 Size: 7680
WKSCLI.DLL Base Address: 0x7FFC8D5F0000 Size: 45568
SAMCLI.DLL Base Address: 0x7FFC7D690000 Size: 61440
NTASN1.dll Base Address: 0x7FFC8DE60000 Size: 81408
FirewallAPI.dll Base Address: 0x7FFC8D080000 Size: 329728
fwbase.dll Base Address: 0x7FFC8D040000 Size: 151552
FWPolicyIOMgr.dll Base Address: 0x7FFC80C90000 Size: 205824
wdmaud.drv Base Address: 0x7FFC55260000 Size: 193024
msacm32.drv Base Address: 0x7FFC6B3D0000 Size: 17920
MSACM32.dll Base Address: 0x7FFC692B0000 Size: 74240
midimap.dll Base Address: 0x7FFC6A940000 Size: 13312
ondemandconnroutehelper.dll Base Address: 0x7FFC5EE10000 Size: 42496
dhcpcsvc6.DLL Base Address: 0x7FFC88070000 Size: 23552
YimMenu (1).dll Base Address: 0x7FFC1D240000 Size: 9238016
D3DCOMPILER_47.dll Base Address: 0x7FFC8A450000 Size: 3396608
VCRUNTIME140.dll Base Address: 0x7FFC66FA0000 Size: 73728
VCRUNTIME140_1.dll Base Address: 0x7FFC63A30000 Size: 15360
MSVCP140_2.dll Base Address: 0x7FFC7CC30000 Size: 196096
MSVCP140.dll Base Address: 0x7FFC66FC0000 Size: 340480
winbrand.dll Base Address: 0x7FFC748F0000 Size: 161280
xinput1_4.dll Base Address: 0x7FFC7F090000 Size: 30208
schannel.DLL Base Address: 0x7FFC8D3A0000 Size: 486912
mskeyprotect.dll Base Address: 0x7FFC82AC0000 Size: 44544
ncryptsslp.dll Base Address: 0x7FFC82B70000 Size: 78848
Dumping registers:
RAX: 0xBD56
RCX: 0x3A3EBFEF28
RDX: 0x4
RBX: 0x3A3EBFEEF0
RSI: 0x3
RDI: 0x3A3EBFEF28
RSP: 0x3A3EBFEDF8
RBP: 0x0
R8:  0x3
R9:  0x7FF7326AC4FC
R10: 0x0
R11: 0x41200000
R12: 0xFFFFFFFF
R13: 0xFFFFFFFF
R14: 0x1F63E394570
R15: 0x7FF734E32580
Dumping stacktrace:
[0]	GTA5.exe+0x1750 0x7FF732371750
[1]	GTA5.exe+0x33A064 0x7FF7326AA064
[2]	GTA5.exe+0x12C4B93 0x7FF733634B93
[3]	GTA5.exe+0x12E54B5 0x7FF7336554B5
[4]	GTA5.exe+0x12E20ED 0x7FF7336520ED
[5]	GTA5.exe+0x12F86E2 0x7FF7336686E2
[6]	GTA5.exe+0x12E1E24 0x7FF733651E24
[7]	GTA5.exe+0x12F86E2 0x7FF7336686E2
[8]	GTA5.exe+0x12E3910 0x7FF733653910
[9]	GTA5.exe+0x12F86E2 0x7FF7336686E2
[10]	GTA5.exe+0x12E345D 0x7FF73365345D
[11]	GTA5.exe+0x12F86E2 0x7FF7336686E2
[12]	GTA5.exe+0x12E1E24 0x7FF733651E24
[13]	GTA5.exe+0x12F86E2 0x7FF7336686E2
[14]	GTA5.exe+0x12E483F 0x7FF73365483F
[15]	GTA5.exe+0x12F86E2 0x7FF7336686E2
[16]	GTA5.exe+0x12E498F 0x7FF73365498F
[17]	GTA5.exe+0x12F86E2 0x7FF7336686E2
[18]	GTA5.exe+0x12D221F 0x7FF73364221F
[19]	GTA5.exe+0x12D6BEB 0x7FF733646BEB
[20]	GTA5.exe+0x12C2992 0x7FF733632992
[21]	GTA5.exe+0x12D6056 0x7FF733646056
[22]	GTA5.exe+0x130E95A 0x7FF73367E95A
[23]	KERNEL32.DLL BaseThreadInitThunk
[24]	ntdll.dll RtlUserThreadStart
--------End of exception--------
EXCEPTION_ACCESS_VIOLATION
Dumping registers:
RAX: 0xBD56
RCX: 0x3A3EBFEF28
RDX: 0x4
RBX: 0x3A3EBFEEF0
RSI: 0x3
RDI: 0x3A3EBFEF28
RSP: 0x3A3EBFEDF8
RBP: 0x0
R8:  0x3
R9:  0x7FF7326AC4FC
R10: 0x0
R11: 0x41200000
R12: 0xFFFFFFFF
R13: 0xFFFFFFFF
R14: 0x1F63E394570
R15: 0x7FF734E32580
Dumping stacktrace:
[0]	GTA5.exe+0x1755 0x7FF732371755
[1]	GTA5.exe+0x33A064 0x7FF7326AA064
[2]	GTA5.exe+0x12C4B93 0x7FF733634B93
[3]	GTA5.exe+0x12E54B5 0x7FF7336554B5
[4]	GTA5.exe+0x12E20ED 0x7FF7336520ED
[5]	GTA5.exe+0x12F86E2 0x7FF7336686E2
[6]	GTA5.exe+0x12E1E24 0x7FF733651E24
[7]	GTA5.exe+0x12F86E2 0x7FF7336686E2
[8]	GTA5.exe+0x12E3910 0x7FF733653910
[9]	GTA5.exe+0x12F86E2 0x7FF7336686E2
[10]	GTA5.exe+0x12E345D 0x7FF73365345D
[11]	GTA5.exe+0x12F86E2 0x7FF7336686E2
[12]	GTA5.exe+0x12E1E24 0x7FF733651E24
[13]	GTA5.exe+0x12F86E2 0x7FF7336686E2
[14]	GTA5.exe+0x12E483F 0x7FF73365483F
[15]	GTA5.exe+0x12F86E2 0x7FF7336686E2
[16]	GTA5.exe+0x12E498F 0x7FF73365498F
[17]	GTA5.exe+0x12F86E2 0x7FF7336686E2
[18]	GTA5.exe+0x12D221F 0x7FF73364221F
[19]	GTA5.exe+0x12D6BEB 0x7FF733646BEB
[20]	GTA5.exe+0x12C2992 0x7FF733632992
[21]	GTA5.exe+0x12D6056 0x7FF733646056
[22]	GTA5.exe+0x130E95A 0x7FF73367E95A
[23]	KERNEL32.DLL BaseThreadInitThunk
[24]	ntdll.dll RtlUserThreadStart
--------End of exception--------

[21:38:15.7421734][FATAL/exception_handler.cpp:42] EXCEPTION_ACCESS_VIOLATION
Dumping modules:
GTA5.exe Base Address: 0x7FF732370000 Size: 67215872
ntdll.dll Base Address: 0x7FFC90E30000 Size: 1153536
KERNEL32.DLL Base Address: 0x7FFC906D0000 Size: 513536
KERNELBASE.dll Base Address: 0x7FFC8E630000 Size: 1256448
USER32.dll Base Address: 0x7FFC8F6F0000 Size: 586752
win32u.dll Base Address: 0x7FFC8E5B0000 Size: 42496
GDI32.dll Base Address: 0x7FFC8EF10000 Size: 57856
gdi32full.dll Base Address: 0x7FFC8ED40000 Size: 673792
msvcp_win.dll Base Address: 0x7FFC8E4E0000 Size: 344064
ucrtbase.dll Base Address: 0x7FFC8EC40000 Size: 735744
PSAPI.DLL Base Address: 0x7FFC907F0000 Size: 2048
WS2_32.dll Base Address: 0x7FFC8F680000 Size: 275456
RPCRT4.dll Base Address: 0x7FFC8EFF0000 Size: 922624
CRYPT32.dll Base Address: 0x7FFC8EA30000 Size: 1094656
WINTRUST.dll Base Address: 0x7FFC8E9C0000 Size: 293888
msvcrt.dll Base Address: 0x7FFC90600000 Size: 477184
IMM32.dll Base Address: 0x7FFC90DB0000 Size: 125440
bcrypt.dll Base Address: 0x7FFC8E580000 Size: 102912
SHLWAPI.dll Base Address: 0x7FFC90000000 Size: 182784
ADVAPI32.dll Base Address: 0x7FFC8EE60000 Size: 434176
VERSION.dll Base Address: 0x7FFC86800000 Size: 10752
sechost.dll Base Address: 0x7FFC8F5E0000 Size: 422400
DSOUND.dll Base Address: 0x7FFC71E20000 Size: 380928
SHELL32.dll Base Address: 0x7FFC8F890000 Size: 5920256
combase.dll Base Address: 0x7FFC90A50000 Size: 2325504
ole32.dll Base Address: 0x7FFC90920000 Size: 833024
OLEAUT32.dll Base Address: 0x7FFC8F130000 Size: 608768
WININET.dll Base Address: 0x7FFC669E0000 Size: 2019840
WINMM.dll Base Address: 0x7FFC867D0000 Size: 81408
MFPlat.DLL Base Address: 0x7FFC55DB0000 Size: 1409024
MF.dll Base Address: 0x7FFC54A10000 Size: 340992
cfgmgr32.dll Base Address: 0x7FFC8E5E0000 Size: 219136
shcore.dll Base Address: 0x7FFC90550000 Size: 476672
msdmo.dll Base Address: 0x7FFC82780000 Size: 13312
MFReadWrite.dll Base Address: 0x7FFC50CE0000 Size: 918016
PROPSYS.dll Base Address: 0x7FFC8A020000 Size: 631296
WTSAPI32.dll Base Address: 0x7FFC8A180000 Size: 37888
d3d9.dll Base Address: 0x7FFC59C90000 Size: 1371648
GFSDK_TXAA_AlphaResolve.win64.dll Base Address: 0x7FFC7D350000 Size: 48128
DINPUT8.dll Base Address: 0x7FFC63770000 Size: 169472
bink2w64.dll Base Address: 0x7FFC71D90000 Size: 307712
IPHLPAPI.DLL Base Address: 0x7FFC8D8B0000 Size: 166400
powrprof.dll Base Address: 0x7FFC8DB30000 Size: 70656
winmmbase.dll Base Address: 0x7FFC58BE0000 Size: 95232
kernel.appcore.dll Base Address: 0x7FFC8C370000 Size: 16384
dwmapi.dll Base Address: 0x7FFC8C080000 Size: 98816
windows.storage.dll Base Address: 0x7FFC8C570000 Size: 5851648
OPENGL32.dll Base Address: 0x7FFC7CCC0000 Size: 909312
Wldp.dll Base Address: 0x7FFC8DE30000 Size: 96768
GLU32.dll Base Address: 0x7FFC8BBE0000 Size: 122880
D3DCOMPILER_43.dll Base Address: 0x7FFC4B850000 Size: 2423296
GFSDK_ShadowLib.win64.dll Base Address: 0x7FFC4A020000 Size: 96256
XINPUT1_3.dll Base Address: 0x400000 Size: 85504
SETUPAPI.dll Base Address: 0x7FFC90060000 Size: 887808
MFCORE.DLL Base Address: 0x7FFC2D050000 Size: 3960320
ksuser.dll Base Address: 0x7FFC82D30000 Size: 6144
CRYPTBASE.DLL Base Address: 0x7FFC8DDA0000 Size: 10752
d3dx9_43.dll Base Address: 0x7FFC4B5E0000 Size: 2280960
UMPDC.dll Base Address: 0x7FFC8DB10000 Size: 34816
bcryptPrimitives.dll Base Address: 0x7FFC8E930000 Size: 408576
RTWorkQ.DLL Base Address: 0x7FFC55D60000 Size: 105472
MSASN1.dll Base Address: 0x7FFC8E210000 Size: 34816
inputhost.dll Base Address: 0x7FFC7A0F0000 Size: 976384
wintypes.dll Base Address: 0x7FFC8A2F0000 Size: 493568
CoreUIComponents.dll Base Address: 0x7FFC8B650000 Size: 1795072
CoreMessaging.dll Base Address: 0x7FFC8B9B0000 Size: 607744
ntmarta.dll Base Address: 0x7FFC8D5B0000 Size: 140288
dbghelp.dll Base Address: 0x7FFC88480000 Size: 1400320
dbgcore.DLL Base Address: 0x7FFC833C0000 Size: 136704
d3d12.dll Base Address: 0x7FFC867A0000 Size: 87552
CRYPTSP.dll Base Address: 0x7FFC8E1C0000 Size: 46080
uxtheme.dll Base Address: 0x7FFC8BEA0000 Size: 382976
rsaenh.dll Base Address: 0x7FFC8D490000 Size: 142336
clbcatq.dll Base Address: 0x7FFC8EF40000 Size: 437760
dxdiagn.dll Base Address: 0x7FFC59E90000 Size: 395264
d3d11.dll Base Address: 0x7FFC8A8B0000 Size: 1853440
DEVOBJ.dll Base Address: 0x7FFC8E270000 Size: 132608
WMICLNT.dll Base Address: 0x7FFC86FD0000 Size: 31744
dxgi.dll Base Address: 0x7FFC8CD50000 Size: 614912
wbemprox.dll Base Address: 0x7FFC7BCC0000 Size: 27648
wbemcomn.dll Base Address: 0x7FFC7FD40000 Size: 328704
wbemsvc.dll Base Address: 0x7FFC7A0D0000 Size: 7168
fastprox.dll Base Address: 0x7FFC7A620000 Size: 708608
amsi.dll Base Address: 0x7FFC78910000 Size: 62464
USERENV.dll Base Address: 0x7FFC8E390000 Size: 108032
profapi.dll Base Address: 0x7FFC8E410000 Size: 81920
mbamsi64.dll Base Address: 0x7FFC785B0000 Size: 2192384
AUTHZ.dll Base Address: 0x7FFC8D220000 Size: 176640
MPR.dll Base Address: 0x7FFC80550000 Size: 71168
NETAPI32.dll Base Address: 0x7FFC80450000 Size: 47616
sfc.dll Base Address: 0x1F6794B0000 Size: 0
NETUTILS.DLL Base Address: 0x7FFC8DA10000 Size: 19456
sfc_os.DLL Base Address: 0x7FFC7BBD0000 Size: 28672
gpapi.dll Base Address: 0x7FFC8CD20000 Size: 69120
imagehlp.dll Base Address: 0x7FFC906B0000 Size: 45056
D3D10_1.DLL Base Address: 0x7FFC5F100000 Size: 130048
d3d10_1core.dll Base Address: 0x7FFC75620000 Size: 7680
apphelp.dll Base Address: 0x7FFC8BCC0000 Size: 319488
MSCTF.dll Base Address: 0x7FFC90800000 Size: 864768
textinputframework.dll Base Address: 0x7FFC7A250000 Size: 722944
WINSTA.dll Base Address: 0x7FFC8D720000 Size: 190976
aticfx64.dll Base Address: 0x7FFC86470000 Size: 1123840
atiuxp64.dll Base Address: 0x7FFC85BE0000 Size: 190464
atidxx64.dll Base Address: 0x7FFC83780000 Size: 11701760
amdihk64.dll Base Address: 0x7FFC82270000 Size: 117248
dxcore.dll Base Address: 0x7FFC86720000 Size: 150016
HID.DLL Base Address: 0x7FFC8CD10000 Size: 20480
MMDevApi.dll Base Address: 0x7FFC87E30000 Size: 387072
XAudio2_7.dll Base Address: 0x7FFC57FD0000 Size: 485376
AUDIOSES.DLL Base Address: 0x7FFC87EE0000 Size: 1037312
resourcepolicyclient.dll Base Address: 0x7FFC8BF80000 Size: 31744
Windows.UI.dll Base Address: 0x7FFC7A4D0000 Size: 731136
WindowManagementAPI.dll Base Address: 0x7FFC89770000 Size: 450048
twinapi.appcore.dll Base Address: 0x7FFC89560000 Size: 1457664
avrt.dll Base Address: 0x7FFC89AC0000 Size: 5632
napinsp.dll Base Address: 0x7FFC82250000 Size: 50176
pnrpnsp.dll Base Address: 0x7FFC76060000 Size: 66048
wshbth.dll Base Address: 0x7FFC76040000 Size: 43008
NLAapi.dll Base Address: 0x7FFC88F70000 Size: 68608
mswsock.dll Base Address: 0x7FFC8DC10000 Size: 331776
DNSAPI.dll Base Address: 0x7FFC8D8F0000 Size: 600576
NSI.dll Base Address: 0x7FFC906A0000 Size: 7680
winrnr.dll Base Address: 0x7FFC76020000 Size: 32768
fwpuclnt.dll Base Address: 0x7FFC836B0000 Size: 283648
rasadhlp.dll Base Address: 0x7FFC83400000 Size: 7168
cryptnet.dll Base Address: 0x7FFC829D0000 Size: 135168
WINNSI.DLL Base Address: 0x7FFC880E0000 Size: 11776
SspiCli.dll Base Address: 0x7FFC8E3C0000 Size: 123904
socialclub.dll Base Address: 0x7FFC4FDC0000 Size: 2702336
chrome_elf.dll Base Address: 0x7FFC50A70000 Size: 901120
libcef.dll Base Address: 0x7FFC1DD90000 Size: 151009280
COMDLG32.dll Base Address: 0x7FFC8F260000 Size: 684032
UIAutomationCore.DLL Base Address: 0x7FFC65930000 Size: 2040832
OLEACC.dll Base Address: 0x7FFC661A0000 Size: 260608
Secur32.dll Base Address: 0x7FFC82AA0000 Size: 11264
WINHTTP.dll Base Address: 0x7FFC868E0000 Size: 845312
DWrite.dll Base Address: 0x7FFC77260000 Size: 1601024
WINSPOOL.DRV Base Address: 0x7FFC68F10000 Size: 389632
USP10.dll Base Address: 0x7FFC7CC10000 Size: 512
ncrypt.dll Base Address: 0x7FFC8DEA0000 Size: 102400
urlmon.dll Base Address: 0x7FFC82050000 Size: 1281536
dxva2.dll Base Address: 0x7FFC54760000 Size: 96256
wevtapi.dll Base Address: 0x7FFC89BD0000 Size: 296960
CRYPTUI.dll Base Address: 0x7FFC6F050000 Size: 246272
COMCTL32.dll Base Address: 0x7FFC44540000 Size: 560128
credui.dll Base Address: 0x7FFC64B50000 Size: 55808
dhcpcsvc.DLL Base Address: 0x7FFC87EC0000 Size: 61440
ESENT.dll Base Address: 0x7FFC77CB0000 Size: 2585088
iertutil.dll Base Address: 0x7FFC81B60000 Size: 551424
srvcli.dll Base Address: 0x7FFC81EF0000 Size: 54272
DSROLE.DLL Base Address: 0x7FFC88470000 Size: 7680
WKSCLI.DLL Base Address: 0x7FFC8D5F0000 Size: 45568
SAMCLI.DLL Base Address: 0x7FFC7D690000 Size: 61440
NTASN1.dll Base Address: 0x7FFC8DE60000 Size: 81408
FirewallAPI.dll Base Address: 0x7FFC8D080000 Size: 329728
fwbase.dll Base Address: 0x7FFC8D040000 Size: 151552
FWPolicyIOMgr.dll Base Address: 0x7FFC80C90000 Size: 205824
wdmaud.drv Base Address: 0x7FFC55260000 Size: 193024
msacm32.drv Base Address: 0x7FFC6B3D0000 Size: 17920
MSACM32.dll Base Address: 0x7FFC692B0000 Size: 74240
midimap.dll Base Address: 0x7FFC6A940000 Size: 13312
ondemandconnroutehelper.dll Base Address: 0x7FFC5EE10000 Size: 42496
dhcpcsvc6.DLL Base Address: 0x7FFC88070000 Size: 23552
YimMenu (1).dll Base Address: 0x7FFC1D240000 Size: 9238016
D3DCOMPILER_47.dll Base Address: 0x7FFC8A450000 Size: 3396608
VCRUNTIME140.dll Base Address: 0x7FFC66FA0000 Size: 73728
VCRUNTIME140_1.dll Base Address: 0x7FFC63A30000 Size: 15360
MSVCP140_2.dll Base Address: 0x7FFC7CC30000 Size: 196096
MSVCP140.dll Base Address: 0x7FFC66FC0000 Size: 340480
winbrand.dll Base Address: 0x7FFC748F0000 Size: 161280
xinput1_4.dll Base Address: 0x7FFC7F090000 Size: 30208
schannel.DLL Base Address: 0x7FFC8D3A0000 Size: 486912
mskeyprotect.dll Base Address: 0x7FFC82AC0000 Size: 44544
ncryptsslp.dll Base Address: 0x7FFC82B70000 Size: 78848
Dumping registers:
RAX: 0xBD56
RCX: 0x3A3EBFEF28
RDX: 0x4
RBX: 0x3A3EBFEEF0
RSI: 0x3
RDI: 0x3A3EBFEF28
RSP: 0x3A3EBFEDF8
RBP: 0x0
R8:  0x3
R9:  0x7FF7326AC4FC
R10: 0x0
R11: 0x41200000
R12: 0xFFFFFFFF
R13: 0xFFFFFFFF
R14: 0x1F63E394570
R15: 0x7FF734E32580
Dumping stacktrace:
[0]	GTA5.exe+0x1750 0x7FF732371750
[1]	GTA5.exe+0x33A064 0x7FF7326AA064
[2]	GTA5.exe+0x12C4B93 0x7FF733634B93
[3]	GTA5.exe+0x12E54B5 0x7FF7336554B5
[4]	GTA5.exe+0x12E20ED 0x7FF7336520ED
[5]	GTA5.exe+0x12F86E2 0x7FF7336686E2
[6]	GTA5.exe+0x12E1E24 0x7FF733651E24
[7]	GTA5.exe+0x12F86E2 0x7FF7336686E2
[8]	GTA5.exe+0x12E3910 0x7FF733653910
[9]	GTA5.exe+0x12F86E2 0x7FF7336686E2
[10]	GTA5.exe+0x12E345D 0x7FF73365345D
[11]	GTA5.exe+0x12F86E2 0x7FF7336686E2
[12]	GTA5.exe+0x12E1E24 0x7FF733651E24
[13]	GTA5.exe+0x12F86E2 0x7FF7336686E2
[14]	GTA5.exe+0x12E483F 0x7FF73365483F
[15]	GTA5.exe+0x12F86E2 0x7FF7336686E2
[16]	GTA5.exe+0x12E498F 0x7FF73365498F
[17]	GTA5.exe+0x12F86E2 0x7FF7336686E2
[18]	GTA5.exe+0x12D221F 0x7FF73364221F
[19]	GTA5.exe+0x12D6BEB 0x7FF733646BEB
[20]	GTA5.exe+0x12C2992 0x7FF733632992
[21]	GTA5.exe+0x12D6056 0x7FF733646056
[22]	GTA5.exe+0x130E95A 0x7FF73367E95A
[23]	KERNEL32.DLL BaseThreadInitThunk
[24]	ntdll.dll RtlUserThreadStart
--------End of exception--------
EXCEPTION_ACCESS_VIOLATION
Dumping registers:
RAX: 0xBD56
RCX: 0x3A3EBFEF28
RDX: 0x4
RBX: 0x3A3EBFEEF0
RSI: 0x3
RDI: 0x3A3EBFEF28
RSP: 0x3A3EBFEDF8
RBP: 0x0
R8:  0x3
R9:  0x7FF7326AC4FC
R10: 0x0
R11: 0x41200000
R12: 0xFFFFFFFF
R13: 0xFFFFFFFF
R14: 0x1F63E394570
R15: 0x7FF734E32580
Dumping stacktrace:
[0]	GTA5.exe+0x1755 0x7FF732371755
[1]	GTA5.exe+0x33A064 0x7FF7326AA064
[2]	GTA5.exe+0x12C4B93 0x7FF733634B93
[3]	GTA5.exe+0x12E54B5 0x7FF7336554B5
[4]	GTA5.exe+0x12E20ED 0x7FF7336520ED
[5]	GTA5.exe+0x12F86E2 0x7FF7336686E2
[6]	GTA5.exe+0x12E1E24 0x7FF733651E24
[7]	GTA5.exe+0x12F86E2 0x7FF7336686E2
[8]	GTA5.exe+0x12E3910 0x7FF733653910
[9]	GTA5.exe+0x12F86E2 0x7FF7336686E2
[10]	GTA5.exe+0x12E345D 0x7FF73365345D
[11]	GTA5.exe+0x12F86E2 0x7FF7336686E2
[12]	GTA5.exe+0x12E1E24 0x7FF733651E24
[13]	GTA5.exe+0x12F86E2 0x7FF7336686E2
[14]	GTA5.exe+0x12E483F 0x7FF73365483F
[15]	GTA5.exe+0x12F86E2 0x7FF7336686E2
[16]	GTA5.exe+0x12E498F 0x7FF73365498F
[17]	GTA5.exe+0x12F86E2 0x7FF7336686E2
[18]	GTA5.exe+0x12D221F 0x7FF73364221F
[19]	GTA5.exe+0x12D6BEB 0x7FF733646BEB
[20]	GTA5.exe+0x12C2992 0x7FF733632992
[21]	GTA5.exe+0x12D6056 0x7FF733646056
[22]	GTA5.exe+0x130E95A 0x7FF73367E95A
[23]	KERNEL32.DLL BaseThreadInitThunk
[24]	ntdll.dll RtlUserThreadStart
--------End of exception--------
EXCEPTION_ACCESS_VIOLATION
Dumping registers:
RAX: 0xBD56
RCX: 0x3A3EBFEF28
RDX: 0x4
RBX: 0x3A3EBFEEF0
RSI: 0x3
RDI: 0x3A3EBFEF28
RSP: 0x3A3EBFEDF8
RBP: 0x0
R8:  0x3
R9:  0x7FF7326AC4FC
R10: 0x0
R11: 0x41200000
R12: 0xFFFFFFFF
R13: 0xFFFFFFFF
R14: 0x1F63E394570
R15: 0x7FF734E32580
Dumping stacktrace:
[0]	GTA5.exe+0x175A 0x7FF73237175A
[1]	GTA5.exe+0x33A064 0x7FF7326AA064
[2]	GTA5.exe+0x12C4B93 0x7FF733634B93
[3]	GTA5.exe+0x12E54B5 0x7FF7336554B5
[4]	GTA5.exe+0x12E20ED 0x7FF7336520ED
[5]	GTA5.exe+0x12F86E2 0x7FF7336686E2
[6]	GTA5.exe+0x12E1E24 0x7FF733651E24
[7]	GTA5.exe+0x12F86E2 0x7FF7336686E2
[8]	GTA5.exe+0x12E3910 0x7FF733653910
[9]	GTA5.exe+0x12F86E2 0x7FF7336686E2
[10]	GTA5.exe+0x12E345D 0x7FF73365345D
[11]	GTA5.exe+0x12F86E2 0x7FF7336686E2
[12]	GTA5.exe+0x12E1E24 0x7FF733651E24
[13]	GTA5.exe+0x12F86E2 0x7FF7336686E2
[14]	GTA5.exe+0x12E483F 0x7FF73365483F
[15]	GTA5.exe+0x12F86E2 0x7FF7336686E2
[16]	GTA5.exe+0x12E498F 0x7FF73365498F
[17]	GTA5.exe+0x12F86E2 0x7FF7336686E2
[18]	GTA5.exe+0x12D221F 0x7FF73364221F
[19]	GTA5.exe+0x12D6BEB 0x7FF733646BEB
[20]	GTA5.exe+0x12C2992 0x7FF733632992
[21]	GTA5.exe+0x12D6056 0x7FF733646056
[22]	GTA5.exe+0x130E95A 0x7FF73367E95A
[23]	KERNEL32.DLL BaseThreadInitThunk
[24]	ntdll.dll RtlUserThreadStart
--------End of exception--------

[21:38:15.7513359][FATAL/exception_handler.cpp:42] EXCEPTION_ACCESS_VIOLATION
Dumping modules:
GTA5.exe Base Address: 0x7FF732370000 Size: 67215872
ntdll.dll Base Address: 0x7FFC90E30000 Size: 1153536
KERNEL32.DLL Base Address: 0x7FFC906D0000 Size: 513536
KERNELBASE.dll Base Address: 0x7FFC8E630000 Size: 1256448
USER32.dll Base Address: 0x7FFC8F6F0000 Size: 586752
win32u.dll Base Address: 0x7FFC8E5B0000 Size: 42496
GDI32.dll Base Address: 0x7FFC8EF10000 Size: 57856
gdi32full.dll Base Address: 0x7FFC8ED40000 Size: 673792
msvcp_win.dll Base Address: 0x7FFC8E4E0000 Size: 344064
ucrtbase.dll Base Address: 0x7FFC8EC40000 Size: 735744
PSAPI.DLL Base Address: 0x7FFC907F0000 Size: 2048
WS2_32.dll Base Address: 0x7FFC8F680000 Size: 275456
RPCRT4.dll Base Address: 0x7FFC8EFF0000 Size: 922624
CRYPT32.dll Base Address: 0x7FFC8EA30000 Size: 1094656
WINTRUST.dll Base Address: 0x7FFC8E9C0000 Size: 293888
msvcrt.dll Base Address: 0x7FFC90600000 Size: 477184
IMM32.dll Base Address: 0x7FFC90DB0000 Size: 125440
bcrypt.dll Base Address: 0x7FFC8E580000 Size: 102912
SHLWAPI.dll Base Address: 0x7FFC90000000 Size: 182784
ADVAPI32.dll Base Address: 0x7FFC8EE60000 Size: 434176
VERSION.dll Base Address: 0x7FFC86800000 Size: 10752
sechost.dll Base Address: 0x7FFC8F5E0000 Size: 422400
DSOUND.dll Base Address: 0x7FFC71E20000 Size: 380928
SHELL32.dll Base Address: 0x7FFC8F890000 Size: 5920256
combase.dll Base Address: 0x7FFC90A50000 Size: 2325504
ole32.dll Base Address: 0x7FFC90920000 Size: 833024
OLEAUT32.dll Base Address: 0x7FFC8F130000 Size: 608768
WININET.dll Base Address: 0x7FFC669E0000 Size: 2019840
WINMM.dll Base Address: 0x7FFC867D0000 Size: 81408
MFPlat.DLL Base Address: 0x7FFC55DB0000 Size: 1409024
MF.dll Base Address: 0x7FFC54A10000 Size: 340992
cfgmgr32.dll Base Address: 0x7FFC8E5E0000 Size: 219136
shcore.dll Base Address: 0x7FFC90550000 Size: 476672
msdmo.dll Base Address: 0x7FFC82780000 Size: 13312
MFReadWrite.dll Base Address: 0x7FFC50CE0000 Size: 918016
PROPSYS.dll Base Address: 0x7FFC8A020000 Size: 631296
WTSAPI32.dll Base Address: 0x7FFC8A180000 Size: 37888
d3d9.dll Base Address: 0x7FFC59C90000 Size: 1371648
GFSDK_TXAA_AlphaResolve.win64.dll Base Address: 0x7FFC7D350000 Size: 48128
DINPUT8.dll Base Address: 0x7FFC63770000 Size: 169472
bink2w64.dll Base Address: 0x7FFC71D90000 Size: 307712
IPHLPAPI.DLL Base Address: 0x7FFC8D8B0000 Size: 166400
powrprof.dll Base Address: 0x7FFC8DB30000 Size: 70656
winmmbase.dll Base Address: 0x7FFC58BE0000 Size: 95232
kernel.appcore.dll Base Address: 0x7FFC8C370000 Size: 16384
dwmapi.dll Base Address: 0x7FFC8C080000 Size: 98816
windows.storage.dll Base Address: 0x7FFC8C570000 Size: 5851648
OPENGL32.dll Base Address: 0x7FFC7CCC0000 Size: 909312
Wldp.dll Base Address: 0x7FFC8DE30000 Size: 96768
GLU32.dll Base Address: 0x7FFC8BBE0000 Size: 122880
D3DCOMPILER_43.dll Base Address: 0x7FFC4B850000 Size: 2423296
GFSDK_ShadowLib.win64.dll Base Address: 0x7FFC4A020000 Size: 96256
XINPUT1_3.dll Base Address: 0x400000 Size: 85504
SETUPAPI.dll Base Address: 0x7FFC90060000 Size: 887808
MFCORE.DLL Base Address: 0x7FFC2D050000 Size: 3960320
ksuser.dll Base Address: 0x7FFC82D30000 Size: 6144
CRYPTBASE.DLL Base Address: 0x7FFC8DDA0000 Size: 10752
d3dx9_43.dll Base Address: 0x7FFC4B5E0000 Size: 2280960
UMPDC.dll Base Address: 0x7FFC8DB10000 Size: 34816
bcryptPrimitives.dll Base Address: 0x7FFC8E930000 Size: 408576
RTWorkQ.DLL Base Address: 0x7FFC55D60000 Size: 105472
MSASN1.dll Base Address: 0x7FFC8E210000 Size: 34816
inputhost.dll Base Address: 0x7FFC7A0F0000 Size: 976384
wintypes.dll Base Address: 0x7FFC8A2F0000 Size: 493568
CoreUIComponents.dll Base Address: 0x7FFC8B650000 Size: 1795072
CoreMessaging.dll Base Address: 0x7FFC8B9B0000 Size: 607744
ntmarta.dll Base Address: 0x7FFC8D5B0000 Size: 140288
dbghelp.dll Base Address: 0x7FFC88480000 Size: 1400320
dbgcore.DLL Base Address: 0x7FFC833C0000 Size: 136704
d3d12.dll Base Address: 0x7FFC867A0000 Size: 87552
CRYPTSP.dll Base Address: 0x7FFC8E1C0000 Size: 46080
uxtheme.dll Base Address: 0x7FFC8BEA0000 Size: 382976
rsaenh.dll Base Address: 0x7FFC8D490000 Size: 142336
clbcatq.dll Base Address: 0x7FFC8EF40000 Size: 437760
dxdiagn.dll Base Address: 0x7FFC59E90000 Size: 395264
d3d11.dll Base Address: 0x7FFC8A8B0000 Size: 1853440
DEVOBJ.dll Base Address: 0x7FFC8E270000 Size: 132608
WMICLNT.dll Base Address: 0x7FFC86FD0000 Size: 31744
dxgi.dll Base Address: 0x7FFC8CD50000 Size: 614912
wbemprox.dll Base Address: 0x7FFC7BCC0000 Size: 27648
wbemcomn.dll Base Address: 0x7FFC7FD40000 Size: 328704
wbemsvc.dll Base Address: 0x7FFC7A0D0000 Size: 7168
fastprox.dll Base Address: 0x7FFC7A620000 Size: 708608
amsi.dll Base Address: 0x7FFC78910000 Size: 62464
USERENV.dll Base Address: 0x7FFC8E390000 Size: 108032
profapi.dll Base Address: 0x7FFC8E410000 Size: 81920
mbamsi64.dll Base Address: 0x7FFC785B0000 Size: 2192384
AUTHZ.dll Base Address: 0x7FFC8D220000 Size: 176640
MPR.dll Base Address: 0x7FFC80550000 Size: 71168
NETAPI32.dll Base Address: 0x7FFC80450000 Size: 47616
sfc.dll Base Address: 0x1F6794B0000 Size: 0
NETUTILS.DLL Base Address: 0x7FFC8DA10000 Size: 19456
sfc_os.DLL Base Address: 0x7FFC7BBD0000 Size: 28672
gpapi.dll Base Address: 0x7FFC8CD20000 Size: 69120
imagehlp.dll Base Address: 0x7FFC906B0000 Size: 45056
D3D10_1.DLL Base Address: 0x7FFC5F100000 Size: 130048
d3d10_1core.dll Base Address: 0x7FFC75620000 Size: 7680
apphelp.dll Base Address: 0x7FFC8BCC0000 Size: 319488
MSCTF.dll Base Address: 0x7FFC90800000 Size: 864768
textinputframework.dll Base Address: 0x7FFC7A250000 Size: 722944
WINSTA.dll Base Address: 0x7FFC8D720000 Size: 190976
aticfx64.dll Base Address: 0x7FFC86470000 Size: 1123840
atiuxp64.dll Base Address: 0x7FFC85BE0000 Size: 190464
atidxx64.dll Base Address: 0x7FFC83780000 Size: 11701760
amdihk64.dll Base Address: 0x7FFC82270000 Size: 117248
dxcore.dll Base Address: 0x7FFC86720000 Size: 150016
HID.DLL Base Address: 0x7FFC8CD10000 Size: 20480
MMDevApi.dll Base Address: 0x7FFC87E30000 Size: 387072
XAudio2_7.dll Base Address: 0x7FFC57FD0000 Size: 485376
AUDIOSES.DLL Base Address: 0x7FFC87EE0000 Size: 1037312
resourcepolicyclient.dll Base Address: 0x7FFC8BF80000 Size: 31744
Windows.UI.dll Base Address: 0x7FFC7A4D0000 Size: 731136
WindowManagementAPI.dll Base Address: 0x7FFC89770000 Size: 450048
twinapi.appcore.dll Base Address: 0x7FFC89560000 Size: 1457664
avrt.dll Base Address: 0x7FFC89AC0000 Size: 5632
napinsp.dll Base Address: 0x7FFC82250000 Size: 50176
pnrpnsp.dll Base Address: 0x7FFC76060000 Size: 66048
wshbth.dll Base Address: 0x7FFC76040000 Size: 43008
NLAapi.dll Base Address: 0x7FFC88F70000 Size: 68608
mswsock.dll Base Address: 0x7FFC8DC10000 Size: 331776
DNSAPI.dll Base Address: 0x7FFC8D8F0000 Size: 600576
NSI.dll Base Address: 0x7FFC906A0000 Size: 7680
winrnr.dll Base Address: 0x7FFC76020000 Size: 32768
fwpuclnt.dll Base Address: 0x7FFC836B0000 Size: 283648
rasadhlp.dll Base Address: 0x7FFC83400000 Size: 7168
cryptnet.dll Base Address: 0x7FFC829D0000 Size: 135168
WINNSI.DLL Base Address: 0x7FFC880E0000 Size: 11776
SspiCli.dll Base Address: 0x7FFC8E3C0000 Size: 123904
socialclub.dll Base Address: 0x7FFC4FDC0000 Size: 2702336
chrome_elf.dll Base Address: 0x7FFC50A70000 Size: 901120
libcef.dll Base Address: 0x7FFC1DD90000 Size: 151009280
COMDLG32.dll Base Address: 0x7FFC8F260000 Size: 684032
UIAutomationCore.DLL Base Address: 0x7FFC65930000 Size: 2040832
OLEACC.dll Base Address: 0x7FFC661A0000 Size: 260608
Secur32.dll Base Address: 0x7FFC82AA0000 Size: 11264
WINHTTP.dll Base Address: 0x7FFC868E0000 Size: 845312
DWrite.dll Base Address: 0x7FFC77260000 Size: 1601024
WINSPOOL.DRV Base Address: 0x7FFC68F10000 Size: 389632
USP10.dll Base Address: 0x7FFC7CC10000 Size: 512
ncrypt.dll Base Address: 0x7FFC8DEA0000 Size: 102400
urlmon.dll Base Address: 0x7FFC82050000 Size: 1281536
dxva2.dll Base Address: 0x7FFC54760000 Size: 96256
wevtapi.dll Base Address: 0x7FFC89BD0000 Size: 296960
CRYPTUI.dll Base Address: 0x7FFC6F050000 Size: 246272
COMCTL32.dll Base Address: 0x7FFC44540000 Size: 560128
credui.dll Base Address: 0x7FFC64B50000 Size: 55808
dhcpcsvc.DLL Base Address: 0x7FFC87EC0000 Size: 61440
ESENT.dll Base Address: 0x7FFC77CB0000 Size: 2585088
iertutil.dll Base Address: 0x7FFC81B60000 Size: 551424
srvcli.dll Base Address: 0x7FFC81EF0000 Size: 54272
DSROLE.DLL Base Address: 0x7FFC88470000 Size: 7680
WKSCLI.DLL Base Address: 0x7FFC8D5F0000 Size: 45568
SAMCLI.DLL Base Address: 0x7FFC7D690000 Size: 61440
NTASN1.dll Base Address: 0x7FFC8DE60000 Size: 81408
FirewallAPI.dll Base Address: 0x7FFC8D080000 Size: 329728
fwbase.dll Base Address: 0x7FFC8D040000 Size: 151552
FWPolicyIOMgr.dll Base Address: 0x7FFC80C90000 Size: 205824
wdmaud.drv Base Address: 0x7FFC55260000 Size: 193024
msacm32.drv Base Address: 0x7FFC6B3D0000 Size: 17920
MSACM32.dll Base Address: 0x7FFC692B0000 Size: 74240
midimap.dll Base Address: 0x7FFC6A940000 Size: 13312
ondemandconnroutehelper.dll Base Address: 0x7FFC5EE10000 Size: 42496
dhcpcsvc6.DLL Base Address: 0x7FFC88070000 Size: 23552
YimMenu (1).dll Base Address: 0x7FFC1D240000 Size: 9238016
D3DCOMPILER_47.dll Base Address: 0x7FFC8A450000 Size: 3396608
VCRUNTIME140.dll Base Address: 0x7FFC66FA0000 Size: 73728
VCRUNTIME140_1.dll Base Address: 0x7FFC63A30000 Size: 15360
MSVCP140_2.dll Base Address: 0x7FFC7CC30000 Size: 196096
MSVCP140.dll Base Address: 0x7FFC66FC0000 Size: 340480
winbrand.dll Base Address: 0x7FFC748F0000 Size: 161280
xinput1_4.dll Base Address: 0x7FFC7F090000 Size: 30208
schannel.DLL Base Address: 0x7FFC8D3A0000 Size: 486912
mskeyprotect.dll Base Address: 0x7FFC82AC0000 Size: 44544
ncryptsslp.dll Base Address: 0x7FFC82B70000 Size: 78848
Dumping registers:
RAX: 0xBD56
RCX: 0x3A3EBFEF28
RDX: 0x4
RBX: 0x3A3EBFEEF0
RSI: 0x3
RDI: 0x3A3EBFEF28
RSP: 0x3A3EBFEDF8
RBP: 0x0
R8:  0x3
R9:  0x7FF7326AC4FC
R10: 0x0
R11: 0x41200000
R12: 0xFFFFFFFF
R13: 0xFFFFFFFF
R14: 0x1F63E394570
R15: 0x7FF734E32580
Dumping stacktrace:
[0]	GTA5.exe+0x1750 0x7FF732371750
[1]	GTA5.exe+0x33A064 0x7FF7326AA064
[2]	GTA5.exe+0x12C4B93 0x7FF733634B93
[3]	GTA5.exe+0x12E54B5 0x7FF7336554B5
[4]	GTA5.exe+0x12E20ED 0x7FF7336520ED
[5]	GTA5.exe+0x12F86E2 0x7FF7336686E2
[6]	GTA5.exe+0x12E1E24 0x7FF733651E24
[7]	GTA5.exe+0x12F86E2 0x7FF7336686E2
[8]	GTA5.exe+0x12E3910 0x7FF733653910
[9]	GTA5.exe+0x12F86E2 0x7FF7336686E2
[10]	GTA5.exe+0x12E345D 0x7FF73365345D
[11]	GTA5.exe+0x12F86E2 0x7FF7336686E2
[12]	GTA5.exe+0x12E1E24 0x7FF733651E24
[13]	GTA5.exe+0x12F86E2 0x7FF7336686E2
[14]	GTA5.exe+0x12E483F 0x7FF73365483F
[15]	GTA5.exe+0x12F86E2 0x7FF7336686E2
[16]	GTA5.exe+0x12E498F 0x7FF73365498F
[17]	GTA5.exe+0x12F86E2 0x7FF7336686E2
[18]	GTA5.exe+0x12D221F 0x7FF73364221F
[19]	GTA5.exe+0x12D6BEB 0x7FF733646BEB
[20]	GTA5.exe+0x12C2992 0x7FF733632992
[21]	GTA5.exe+0x12D6056 0x7FF733646056
[22]	GTA5.exe+0x130E95A 0x7FF73367E95A
[23]	KERNEL32.DLL BaseThreadInitThunk
[24]	ntdll.dll RtlUserThreadStart
--------End of exception--------
EXCEPTION_ACCESS_VIOLATION
Dumping registers:
RAX: 0xBD56
RCX: 0x3A3EBFEF28
RDX: 0x4
RBX: 0x3A3EBFEEF0
RSI: 0x3
RDI: 0x3A3EBFEF28
RSP: 0x3A3EBFEDF8
RBP: 0x0
R8:  0x3
R9:  0x7FF7326AC4FC
R10: 0x0
R11: 0x41200000
R12: 0xFFFFFFFF
R13: 0xFFFFFFFF
R14: 0x1F63E394570
R15: 0x7FF734E32580
Dumping stacktrace:
[0]	GTA5.exe+0x1755 0x7FF732371755
[1]	GTA5.exe+0x33A064 0x7FF7326AA064
[2]	GTA5.exe+0x12C4B93 0x7FF733634B93
[3]	GTA5.exe+0x12E54B5 0x7FF7336554B5
[4]	GTA5.exe+0x12E20ED 0x7FF7336520ED
[5]	GTA5.exe+0x12F86E2 0x7FF7336686E2
[6]	GTA5.exe+0x12E1E24 0x7FF733651E24
[7]	GTA5.exe+0x12F86E2 0x7FF7336686E2
[8]	GTA5.exe+0x12E3910 0x7FF733653910
[9]	GTA5.exe+0x12F86E2 0x7FF7336686E2
[10]	GTA5.exe+0x12E345D 0x7FF73365345D
[11]	GTA5.exe+0x12F86E2 0x7FF7336686E2
[12]	GTA5.exe+0x12E1E24 0x7FF733651E24
[13]	GTA5.exe+0x12F86E2 0x7FF7336686E2
[14]	GTA5.exe+0x12E483F 0x7FF73365483F
[15]	GTA5.exe+0x12F86E2 0x7FF7336686E2
[16]	GTA5.exe+0x12E498F 0x7FF73365498F
[17]	GTA5.exe+0x12F86E2 0x7FF7336686E2
[18]	GTA5.exe+0x12D221F 0x7FF73364221F
[19]	GTA5.exe+0x12D6BEB 0x7FF733646BEB
[20]	GTA5.exe+0x12C2992 0x7FF733632992
[21]	GTA5.exe+0x12D6056 0x7FF733646056
[22]	GTA5.exe+0x130E95A 0x7FF73367E95A
[23]	KERNEL32.DLL BaseThreadInitThunk
[24]	ntdll.dll RtlUserThreadStart
--------End of exception--------
EXCEPTION_ACCESS_VIOLATION
Dumping registers:
RAX: 0xBD56
RCX: 0x3A3EBFEF28
RDX: 0x4
RBX: 0x3A3EBFEEF0
RSI: 0x3
RDI: 0x3A3EBFEF28
RSP: 0x3A3EBFEDF8
RBP: 0x0
R8:  0x3
R9:  0x7FF7326AC4FC
R10: 0x0
R11: 0x41200000
R12: 0xFFFFFFFF
R13: 0xFFFFFFFF
R14: 0x1F63E394570
R15: 0x7FF734E32580
Dumping stacktrace:
[0]	GTA5.exe+0x175A 0x7FF73237175A
[1]	GTA5.exe+0x33A064 0x7FF7326AA064
[2]	GTA5.exe+0x12C4B93 0x7FF733634B93
[3]	GTA5.exe+0x12E54B5 0x7FF7336554B5
[4]	GTA5.exe+0x12E20ED 0x7FF7336520ED
[5]	GTA5.exe+0x12F86E2 0x7FF7336686E2
[6]	GTA5.exe+0x12E1E24 0x7FF733651E24
[7]	GTA5.exe+0x12F86E2 0x7FF7336686E2
[8]	GTA5.exe+0x12E3910 0x7FF733653910
[9]	GTA5.exe+0x12F86E2 0x7FF7336686E2
[10]	GTA5.exe+0x12E345D 0x7FF73365345D
[11]	GTA5.exe+0x12F86E2 0x7FF7336686E2
[12]	GTA5.exe+0x12E1E24 0x7FF733651E24
[13]	GTA5.exe+0x12F86E2 0x7FF7336686E2
[14]	GTA5.exe+0x12E483F 0x7FF73365483F
[15]	GTA5.exe+0x12F86E2 0x7FF7336686E2
[16]	GTA5.exe+0x12E498F 0x7FF73365498F
[17]	GTA5.exe+0x12F86E2 0x7FF7336686E2
[18]	GTA5.exe+0x12D221F 0x7FF73364221F
[19]	GTA5.exe+0x12D6BEB 0x7FF733646BEB
[20]	GTA5.exe+0x12C2992 0x7FF733632992
[21]	GTA5.exe+0x12D6056 0x7FF733646056
[22]	GTA5.exe+0x130E95A 0x7FF73367E95A
[23]	KERNEL32.DLL BaseThreadInitThunk
[24]	ntdll.dll RtlUserThreadStart
--------End of exception--------
EXCEPTION_ACCESS_VIOLATION
Dumping registers:
RAX: 0xBD56
RCX: 0x3A3EBFEF28
RDX: 0x4
RBX: 0x3A3EBFEEF0
RSI: 0x3
RDI: 0x3A3EBFEF28
RSP: 0x3A3EBFEDF8
RBP: 0x0
R8:  0x3
R9:  0x7FF7326AC4FC
R10: 0x0
R11: 0x41200000
R12: 0xFFFFFFFF
R13: 0xFFFFFFFF
R14: 0x1F63E394570
R15: 0x7FF734E32580
Dumping stacktrace:
[0]	GTA5.exe+0x175F 0x7FF73237175F
[1]	GTA5.exe+0x33A064 0x7FF7326AA064
[2]	GTA5.exe+0x12C4B93 0x7FF733634B93
[3]	GTA5.exe+0x12E54B5 0x7FF7336554B5
[4]	GTA5.exe+0x12E20ED 0x7FF7336520ED
[5]	GTA5.exe+0x12F86E2 0x7FF7336686E2
[6]	GTA5.exe+0x12E1E24 0x7FF733651E24
[7]	GTA5.exe+0x12F86E2 0x7FF7336686E2
[8]	GTA5.exe+0x12E3910 0x7FF733653910
[9]	GTA5.exe+0x12F86E2 0x7FF7336686E2
[10]	GTA5.exe+0x12E345D 0x7FF73365345D
[11]	GTA5.exe+0x12F86E2 0x7FF7336686E2
[12]	GTA5.exe+0x12E1E24 0x7FF733651E24
[13]	GTA5.exe+0x12F86E2 0x7FF7336686E2
[14]	GTA5.exe+0x12E483F 0x7FF73365483F
[15]	GTA5.exe+0x12F86E2 0x7FF7336686E2
[16]	GTA5.exe+0x12E498F 0x7FF73365498F
[17]	GTA5.exe+0x12F86E2 0x7FF7336686E2
[18]	GTA5.exe+0x12D221F 0x7FF73364221F
[19]	GTA5.exe+0x12D6BEB 0x7FF733646BEB
[20]	GTA5.exe+0x12C2992 0x7FF733632992
[21]	GTA5.exe+0x12D6056 0x7FF733646056
[22]	GTA5.exe+0x130E95A 0x7FF73367E95A
[23]	KERNEL32.DLL BaseThreadInitThunk
[24]	ntdll.dll RtlUserThreadStart
--------End of exception--------

