[00:41:16.1422153][INFO/main.cpp:159] Yim's Menu Initializing
[00:41:16.1425899][INFO/main.cpp:160] Git Info
	Branch:	master
	Hash:	d737c01b333f349ff9d4803784fee1051ee93cb9
	Date:	Tue Feb 20 18:29:02 2024
[00:41:16.1429055][INFO/main.cpp:172] Windows 10 Home Version 22H2 (OS Build 19045.4291)
[00:41:16.1464316][DEBUG/thread_pool.cpp:22] Resizing thread pool from 0 to 4
[00:41:16.1466229][INFO/main.cpp:180] Thread pool initialized.
[00:41:16.1508116][INFO/main.cpp:183] Settings Loaded.
[00:41:16.1508342][DEBUG/thread_pool.cpp:96] Thread 2784 executing settings.cpp:12
[00:41:16.1519013][INFO/pointers.hpp:94] GTA5 pointers cache is up to date, using it.
[00:41:16.1519264][INFO/pointers.cpp:1812] Loading pointers instance from cache
[00:41:16.1519291][INFO/pointers.cpp:1821] Pointers cache: Loading 215 fields from the cache
[00:41:16.1519385][DEBUG/module.cpp:50] Waiting for socialclub.dll...
[00:41:16.1522241][INFO/pointers.hpp:94] Social Club pointers cache is up to date, using it.
[00:41:16.1522287][INFO/pointers.cpp:1812] Loading pointers instance from cache
[00:41:16.1522301][INFO/pointers.cpp:1821] Pointers cache: Loading 5 fields from the cache
[00:41:16.1522595][INFO/main.cpp:186] Pointers initialized.
[00:41:16.1522650][INFO/main.cpp:193] Disabled anticheat gameskeleton.
[00:41:16.1524852][INFO/main.cpp:196] Byte Patch Manager initialized.
[00:41:16.7416155][INFO/main.cpp:199] Renderer initialized.
[00:41:16.9664726][INFO/main.cpp:203] Fiber pool initialized.
[00:41:16.9675677][INFO/main.cpp:206] HTTP Client initialized.
[00:41:17.2114057][INFO/main.cpp:209] Translation Service initialized.
[00:41:17.2317093][INFO/main.cpp:212] Hooking initialized.
[00:41:17.2398588][DEBUG/gta_data_service.cpp:160] Loading data from cache.
[00:41:17.2398705][INFO/gta_data_service.cpp:172] Loading 1051 peds from cache.
[00:41:17.2402912][INFO/gta_data_service.cpp:190] Loading 843 vehicles from cache.
[00:41:17.2406312][INFO/gta_data_service.cpp:207] Loading 119 weapons from cache.
[00:41:17.2406396][INFO/gta_data_service.cpp:208] Loading 380 weapon components from cache.
[00:41:17.2406521][DEBUG/gta_data_service.cpp:166] Loaded all data from cache.
[00:41:17.2464914][DEBUG/thread_pool.cpp:96] Thread 8664 executing player_database_service.cpp:285
[00:41:17.2467763][INFO/main.cpp:233] Registered service instances...
[00:41:17.2470586][INFO/main.cpp:254] Scripts registered.
[00:41:17.3138661][INFO/main.cpp:257] Hooking enabled.
[00:41:17.3156881][INFO/main.cpp:260] Dynamic native hooker initialized.
[00:41:17.3162902][INFO/main.cpp:264] Lua manager initialized.
[00:41:25.9199548][INFO/queue_dependency.cpp:63] Blocking AC Verifier 9621f0
[00:41:25.9200156][INFO/queue_dependency.cpp:63] Blocking AC Verifier a668ec
[00:41:25.9206683][WARN/prepare_metric_for_sending.cpp:93] BAD METRIC: MM; DATA: "mmList":"4B45524E454C33322E444C4C00|4B45524E454C424153452E646C6C00|5553455233322E646C6C00|47444933322E646C6C00|676469333266756C6C2E646C6C00|6D737663705F77696E2E646C6C00|75637274626173652E646C6C00|50534150492E444C4C00|5753325F33322E646C6C00|5250435254342E
[00:41:25.9208787][WARN/prepare_metric_for_sending.cpp:93] BAD METRIC: MM; DATA: "mmList":"61746964787836342E646C6C00|616D6469686B36342E646C6C00|4849442E444C4C00|4D4D4465764170692E646C6C00|58417564696F325F372E646C6C00|415544494F5345532E444C4C00|7265736F75726365706F6C696379636C69656E742E646C6C00|57696E646F77732E55492E646C6C00|57696E646
[00:41:25.9212051][INFO/queue_dependency.cpp:63] Blocking AC Verifier 66f724
[00:41:25.9212192][INFO/queue_dependency.cpp:63] Blocking AC Verifier 66f74c
[00:41:25.9212323][INFO/queue_dependency.cpp:63] Blocking AC Verifier 318b98
[00:41:25.9212360][INFO/queue_dependency.cpp:63] Blocking AC Verifier 66f774
[00:41:25.9212463][INFO/queue_dependency.cpp:63] Blocking AC Verifier 66f6fc
[00:41:25.9223715][INFO/queue_dependency.cpp:63] Blocking AC Verifier 335458
[00:41:25.9224027][INFO/queue_dependency.cpp:63] Blocking AC Verifier 335430
[00:41:25.9224211][INFO/queue_dependency.cpp:63] Blocking AC Verifier 4012b8
[00:41:25.9237740][INFO/queue_dependency.cpp:63] Blocking AC Verifier 45acf4
[00:41:25.9243710][INFO/queue_dependency.cpp:63] Blocking AC Verifier 459f38
[00:41:25.9243875][INFO/queue_dependency.cpp:63] Blocking AC Verifier 5ca880
[00:41:27.9713044][INFO/backend.cpp:53] Starting script: Self
[00:41:27.9716075][INFO/backend.cpp:78] Starting script: Weapons
[00:41:27.9722797][INFO/backend.cpp:101] Starting script: Vehicles
[00:41:27.9726961][INFO/backend.cpp:117] Starting script: Miscellaneous
[00:41:27.9727435][INFO/backend.cpp:138] Starting script: Remote
[00:41:27.9727485][INFO/backend.cpp:153] Starting script: Ls customs
[00:41:27.9727541][INFO/backend.cpp:165] Starting script: Rainbow paint
[00:41:27.9727566][INFO/backend.cpp:177] Starting script: Disable Control Action
[00:41:27.9727643][INFO/backend.cpp:190] Starting script: World
[00:41:27.9919828][INFO/tunables_service.cpp:36] Loading tunables from cache
[00:42:14.2468770][INFO/gta_data_service.cpp:265] Rebuilding cache started...
[00:42:14.2469743][DEBUG/yim_fipackfile.cpp:125] GTA install directory: D:\GTA V\Grand Theft Auto V
[00:42:24.9623739][INFO/gta_data_service.cpp:520] Cache has been rebuilt.
	Peds: 1051
	Vehicles: 843
	Weapons: 119
	WeaponComponents: 380
[00:42:24.9624104][DEBUG/gta_data_service.cpp:523] Starting cache saving procedure...
[00:42:24.9645101][DEBUG/thread_pool.cpp:96] Thread 8624 executing gta_data_service.cpp:524
[00:42:24.9784562][INFO/gta_data_service.cpp:576] Finished writing cache to disk.
[00:42:24.9784722][DEBUG/gta_data_service.cpp:160] Loading data from cache.
[00:42:24.9784752][INFO/gta_data_service.cpp:172] Loading 1051 peds from cache.
[00:42:24.9789399][INFO/gta_data_service.cpp:190] Loading 843 vehicles from cache.
[00:42:24.9793110][INFO/gta_data_service.cpp:207] Loading 119 weapons from cache.
[00:42:24.9793196][INFO/gta_data_service.cpp:208] Loading 380 weapon components from cache.
[00:42:24.9793435][DEBUG/gta_data_service.cpp:166] Loaded all data from cache.
[00:47:37.0049542][INFO/main.cpp:272] Scripts unregistered.
[00:47:37.0049955][INFO/main.cpp:275] Lua manager uninitialized.
[00:47:37.1026197][INFO/main.cpp:278] Hooking disabled.
[00:47:37.1027603][INFO/main.cpp:281] Dynamic native hooker uninitialized.
[00:47:37.1027826][DEBUG/thread_pool.cpp:109] Thread 8664 exiting...
[00:47:37.1027864][DEBUG/thread_pool.cpp:109] Thread 8624 exiting...
[00:47:37.1027884][DEBUG/thread_pool.cpp:109] Thread 2784 exiting...
[00:47:37.1027899][DEBUG/thread_pool.cpp:109] Thread 17128 exiting...
[00:47:37.1038236][INFO/main.cpp:286] Destroyed thread pool.
[00:47:37.1038321][INFO/main.cpp:289] Script Connection Service reset.
[00:47:37.1067186][INFO/main.cpp:291] Tunables Service reset.
[00:47:37.1067517][INFO/main.cpp:293] Hotkey Service reset.
[00:47:37.1067581][INFO/main.cpp:295] Matchmaking Service reset.
[00:47:37.1070306][INFO/main.cpp:297] Player Database Service reset.
[00:47:37.1070396][INFO/main.cpp:299] API Service reset.
[00:47:37.1072201][INFO/main.cpp:301] Script Patcher Service reset.
[00:47:37.1072479][INFO/main.cpp:303] Gui Service reset.
[00:47:37.1079015][INFO/main.cpp:305] GTA Data Service reset.
[00:47:37.1079148][INFO/main.cpp:307] Vehicle Service reset.
[00:47:37.1083552][INFO/main.cpp:309] Model Preview Service reset.
[00:47:37.1083652][INFO/main.cpp:311] Mobile Service reset.
[00:47:37.1083698][INFO/main.cpp:313] Player Service reset.
[00:47:37.1083733][INFO/main.cpp:315] Pickup Service reset.
[00:47:37.1083784][INFO/main.cpp:317] Custom Text Service reset.
[00:47:37.1083926][INFO/main.cpp:319] Context Service reset.
[00:47:37.1083982][INFO/main.cpp:321] Xml Vehicles Service reset.
[00:47:37.1084006][INFO/main.cpp:322] Services uninitialized.
[00:47:37.1084662][INFO/main.cpp:325] Hooking uninitialized.
[00:47:37.1084770][INFO/main.cpp:328] Fiber pool uninitialized.
[00:47:37.1310984][INFO/main.cpp:331] Renderer uninitialized.
[00:47:37.1315297][INFO/main.cpp:334] Byte Patch Manager uninitialized.
[00:47:37.1315476][INFO/main.cpp:337] Pointers uninitialized.
[00:47:37.1315540][INFO/main.cpp:340] Thread pool uninitialized.
[00:47:37.1315567][INFO/main.cpp:342] Farewell!
