[23:27:24.5498359][INFO/main.cpp:159] Yim's Menu Initializing
[23:27:24.5502138][INFO/main.cpp:160] Git Info
	Branch:	master
	Hash:	d737c01b333f349ff9d4803784fee1051ee93cb9
	Date:	Tue Feb 20 18:29:02 2024
[23:27:24.5505518][INFO/main.cpp:172] Windows 10 Home Version 22H2 (OS Build 19045.4291)
[23:27:24.5593671][DEBUG/thread_pool.cpp:22] Resizing thread pool from 0 to 4
[23:27:24.5597531][INFO/main.cpp:180] Thread pool initialized.
[23:27:24.5766454][INFO/main.cpp:183] Settings Loaded.
[23:27:24.5766518][DEBUG/thread_pool.cpp:96] Thread 2476 executing settings.cpp:12
[23:27:24.5849566][INFO/pointers.hpp:94] GTA5 pointers cache is up to date, using it.
[23:27:24.5850382][INFO/pointers.cpp:1812] Loading pointers instance from cache
[23:27:24.5850456][INFO/pointers.cpp:1821] Pointers cache: Loading 215 fields from the cache
[23:27:24.5850675][DEBUG/module.cpp:50] Waiting for socialclub.dll...
[23:27:24.5935841][INFO/pointers.hpp:94] Social Club pointers cache is up to date, using it.
[23:27:24.5936039][INFO/pointers.cpp:1812] Loading pointers instance from cache
[23:27:24.5936104][INFO/pointers.cpp:1821] Pointers cache: Loading 5 fields from the cache
[23:27:24.5937198][INFO/main.cpp:186] Pointers initialized.
[23:27:24.5937969][INFO/main.cpp:193] Disabled anticheat gameskeleton.
[23:27:24.5944660][INFO/main.cpp:196] Byte Patch Manager initialized.
[23:27:25.2816417][INFO/main.cpp:199] Renderer initialized.
[23:27:25.5779189][INFO/main.cpp:203] Fiber pool initialized.
[23:27:25.5881273][INFO/main.cpp:206] HTTP Client initialized.
[23:27:25.9316765][INFO/main.cpp:209] Translation Service initialized.
[23:27:25.9650067][INFO/main.cpp:212] Hooking initialized.
[23:27:26.0011509][DEBUG/gta_data_service.cpp:160] Loading data from cache.
[23:27:26.0011712][INFO/gta_data_service.cpp:172] Loading 1051 peds from cache.
[23:27:26.0016683][INFO/gta_data_service.cpp:190] Loading 843 vehicles from cache.
[23:27:26.0020062][INFO/gta_data_service.cpp:207] Loading 119 weapons from cache.
[23:27:26.0020172][INFO/gta_data_service.cpp:208] Loading 380 weapon components from cache.
[23:27:26.0020358][DEBUG/gta_data_service.cpp:166] Loaded all data from cache.
[23:27:26.0166458][DEBUG/thread_pool.cpp:96] Thread 14632 executing player_database_service.cpp:285
[23:27:26.0169562][INFO/main.cpp:233] Registered service instances...
[23:27:26.0172616][INFO/main.cpp:254] Scripts registered.
[23:27:26.1060238][INFO/main.cpp:257] Hooking enabled.
[23:27:26.1093396][INFO/main.cpp:260] Dynamic native hooker initialized.
[23:27:26.1104426][INFO/main.cpp:264] Lua manager initialized.
[23:27:26.1291186][FATAL/exception_handler.cpp:42] EXCEPTION_ACCESS_VIOLATION
Dumping modules:
GTA5.exe Base Address: 0x7FF60E420000 Size: 67215872
ntdll.dll Base Address: 0x7FF93F090000 Size: 1153536
KERNEL32.DLL Base Address: 0x7FF93DD40000 Size: 513536
KERNELBASE.dll Base Address: 0x7FF93C7D0000 Size: 1256448
USER32.dll Base Address: 0x7FF93D210000 Size: 586752
win32u.dll Base Address: 0x7FF93CB00000 Size: 42496
GDI32.dll Base Address: 0x7FF93D5D0000 Size: 57856
gdi32full.dll Base Address: 0x7FF93CB30000 Size: 673792
msvcp_win.dll Base Address: 0x7FF93CE00000 Size: 344064
ucrtbase.dll Base Address: 0x7FF93CF10000 Size: 735744
PSAPI.DLL Base Address: 0x7FF93D5C0000 Size: 2048
WS2_32.dll Base Address: 0x7FF93E870000 Size: 275456
RPCRT4.dll Base Address: 0x7FF93DBB0000 Size: 913408
CRYPT32.dll Base Address: 0x7FF93CCA0000 Size: 1098752
WINTRUST.dll Base Address: 0x7FF93CEA0000 Size: 294912
msvcrt.dll Base Address: 0x7FF93D970000 Size: 477184
VERSION.dll Base Address: 0x7FF9373B0000 Size: 10752
DSOUND.dll Base Address: 0x7FF90B9A0000 Size: 380928
IMM32.dll Base Address: 0x7FF93E020000 Size: 125440
advapi32.dll Base Address: 0x7FF93E7C0000 Size: 434176
bcrypt.dll Base Address: 0x7FF93CAD0000 Size: 102912
sechost.dll Base Address: 0x7FF93DE00000 Size: 422400
SHLWAPI.dll Base Address: 0x7FF93DCE0000 Size: 182784
SHELL32.dll Base Address: 0x7FF93E8E0000 Size: 5920256
combase.dll Base Address: 0x7FF93D610000 Size: 2325504
ole32.dll Base Address: 0x7FF93D0C0000 Size: 833024
OLEAUT32.dll Base Address: 0x7FF93DEA0000 Size: 608768
WININET.dll Base Address: 0x7FF917680000 Size: 2019840
WINMM.dll Base Address: 0x7FF932F30000 Size: 81408
MF.dll Base Address: 0x7FF907550000 Size: 340992
MFPlat.DLL Base Address: 0x7FF907330000 Size: 1409024
msdmo.dll Base Address: 0x7FF912060000 Size: 13312
cfgmgr32.dll Base Address: 0x7FF93CC50000 Size: 219136
shcore.dll Base Address: 0x7FF93DA70000 Size: 476672
MFReadWrite.dll Base Address: 0x7FF8A9E60000 Size: 918016
PROPSYS.dll Base Address: 0x7FF938030000 Size: 631296
WTSAPI32.dll Base Address: 0x7FF9383C0000 Size: 37888
d3d9.dll Base Address: 0x7FF90AA50000 Size: 1371648
D3DCOMPILER_43.dll Base Address: 0x7FF89D2E0000 Size: 2423296
DINPUT8.dll Base Address: 0x7FF91DA00000 Size: 169472
XINPUT1_3.dll Base Address: 0x400000 Size: 85504
SETUPAPI.dll Base Address: 0x7FF93E060000 Size: 887808
IPHLPAPI.DLL Base Address: 0x7FF93BB00000 Size: 166400
powrprof.dll Base Address: 0x7FF93BE90000 Size: 70656
winmmbase.dll Base Address: 0x7FF9099D0000 Size: 95232
kernel.appcore.dll Base Address: 0x7FF93A5B0000 Size: 16384
dwmapi.dll Base Address: 0x7FF93A2C0000 Size: 98816
windows.storage.dll Base Address: 0x7FF93A7B0000 Size: 5852672
Wldp.dll Base Address: 0x7FF93C090000 Size: 96768
GFSDK_TXAA_AlphaResolve.win64.dll Base Address: 0x7FF92A240000 Size: 48128
OPENGL32.dll Base Address: 0x7FF8EF970000 Size: 909312
GLU32.dll Base Address: 0x7FF8EF4C0000 Size: 122880
GFSDK_ShadowLib.win64.dll Base Address: 0x7FF886B90000 Size: 96256
d3dx9_43.dll Base Address: 0x7FF886920000 Size: 2280960
bink2w64.dll Base Address: 0x7FF8C9B30000 Size: 307712
MFCORE.DLL Base Address: 0x7FF8DF670000 Size: 3960320
ksuser.dll Base Address: 0x7FF8E68D0000 Size: 6144
CRYPTBASE.DLL Base Address: 0x7FF93C000000 Size: 10752
UMPDC.dll Base Address: 0x7FF93BE70000 Size: 34816
bcryptPrimitives.dll Base Address: 0x7FF93C740000 Size: 408576
RTWorkQ.DLL Base Address: 0x7FF9072F0000 Size: 105472
MSASN1.dll Base Address: 0x7FF93C470000 Size: 34816
inputhost.dll Base Address: 0x7FF9331A0000 Size: 976384
wintypes.dll Base Address: 0x7FF938530000 Size: 493568
CoreMessaging.dll Base Address: 0x7FF939BF0000 Size: 607744
CoreUIComponents.dll Base Address: 0x7FF939890000 Size: 1795072
ntmarta.dll Base Address: 0x7FF93B800000 Size: 140288
dbghelp.dll Base Address: 0x7FF936420000 Size: 1400320
dbgcore.DLL Base Address: 0x7FF929B90000 Size: 136704
CRYPTSP.dll Base Address: 0x7FF93C420000 Size: 46080
uxtheme.dll Base Address: 0x7FF93A060000 Size: 382976
rsaenh.dll Base Address: 0x7FF93B6E0000 Size: 142336
clbcatq.dll Base Address: 0x7FF93DF70000 Size: 437760
amsi.dll Base Address: 0x7FF91F160000 Size: 62464
USERENV.dll Base Address: 0x7FF93C5F0000 Size: 108032
profapi.dll Base Address: 0x7FF93C670000 Size: 81920
MpOav.dll Base Address: 0x7FF91EEF0000 Size: 212992
dxcore.dll Base Address: 0x7FF933550000 Size: 150016
apphelp.dll Base Address: 0x7FF939F00000 Size: 319488
D3D11.DLL Base Address: 0x7FF938AF0000 Size: 1853440
dxgi.dll Base Address: 0x7FF93B0B0000 Size: 614912
DEVOBJ.dll Base Address: 0x7FF93C4D0000 Size: 132608
D3D10_1.DLL Base Address: 0x7FF9192D0000 Size: 130048
d3d10_1core.dll Base Address: 0x7FF92A1C0000 Size: 7680
MSCTF.dll Base Address: 0x7FF93E620000 Size: 864768
textinputframework.dll Base Address: 0x7FF933300000 Size: 722944
WINSTA.dll Base Address: 0x7FF93B970000 Size: 190976
aticfx64.dll Base Address: 0x7FF932FE0000 Size: 1123840
atiuxp64.dll Base Address: 0x7FF932DC0000 Size: 190464
atidxx64.dll Base Address: 0x7FF930E10000 Size: 11701760
amdihk64.dll Base Address: 0x7FF92EC90000 Size: 117248
HID.DLL Base Address: 0x7FF93AF50000 Size: 20480
MMDevApi.dll Base Address: 0x7FF9359B0000 Size: 387072
XAudio2_7.dll Base Address: 0x7FF8C96A0000 Size: 485376
AUDIOSES.DLL Base Address: 0x7FF935CF0000 Size: 1037312
resourcepolicyclient.dll Base Address: 0x7FF93A1C0000 Size: 31744
Windows.UI.dll Base Address: 0x7FF933400000 Size: 731136
WindowManagementAPI.dll Base Address: 0x7FF935E80000 Size: 450048
twinapi.appcore.dll Base Address: 0x7FF935AE0000 Size: 1457664
avrt.dll Base Address: 0x7FF937450000 Size: 5632
napinsp.dll Base Address: 0x7FF91D900000 Size: 50176
pnrpnsp.dll Base Address: 0x7FF91A880000 Size: 66048
wshbth.dll Base Address: 0x7FF91A860000 Size: 43008
NLAapi.dll Base Address: 0x7FF9381D0000 Size: 68608
mswsock.dll Base Address: 0x7FF93BE00000 Size: 331776
DNSAPI.dll Base Address: 0x7FF93BB40000 Size: 600576
NSI.dll Base Address: 0x7FF93D600000 Size: 7680
winrnr.dll Base Address: 0x7FF919F90000 Size: 32768
fwpuclnt.dll Base Address: 0x7FF92ED40000 Size: 283648
rasadhlp.dll Base Address: 0x7FF92EDC0000 Size: 7168
imagehlp.dll Base Address: 0x7FF93D1F0000 Size: 45056
gpapi.dll Base Address: 0x7FF93AF60000 Size: 69120
cryptnet.dll Base Address: 0x7FF92BAA0000 Size: 135168
WINNSI.DLL Base Address: 0x7FF9373E0000 Size: 11776
SspiCli.dll Base Address: 0x7FF93C620000 Size: 123904
socialclub.dll Base Address: 0x7FF892EF0000 Size: 2702336
chrome_elf.dll Base Address: 0x7FF8F25B0000 Size: 901120
libcef.dll Base Address: 0x7FF887E90000 Size: 151009280
COMDLG32.dll Base Address: 0x7FF93E4D0000 Size: 684032
COMCTL32.dll Base Address: 0x7FF91E2C0000 Size: 560128
UIAutomationCore.DLL Base Address: 0x7FF914AD0000 Size: 2040832
OLEACC.dll Base Address: 0x7FF9151D0000 Size: 260608
NETAPI32.dll Base Address: 0x7FF92B9B0000 Size: 47616
Secur32.dll Base Address: 0x7FF9209E0000 Size: 11264
WINHTTP.dll Base Address: 0x7FF935470000 Size: 845312
DWrite.dll Base Address: 0x7FF92D9D0000 Size: 1601024
WINSPOOL.DRV Base Address: 0x7FF916B50000 Size: 389632
ncrypt.dll Base Address: 0x7FF93C100000 Size: 102400
USP10.dll Base Address: 0x7FF8E7140000 Size: 512
urlmon.dll Base Address: 0x7FF92EAA0000 Size: 1281536
dxva2.dll Base Address: 0x7FF907020000 Size: 96256
wevtapi.dll Base Address: 0x7FF937850000 Size: 296960
CRYPTUI.dll Base Address: 0x7FF9193F0000 Size: 246272
credui.dll Base Address: 0x7FF911190000 Size: 55808
dhcpcsvc.DLL Base Address: 0x7FF9366D0000 Size: 61440
iertutil.dll Base Address: 0x7FF92FA50000 Size: 551424
srvcli.dll Base Address: 0x7FF92EA40000 Size: 54272
netutils.dll Base Address: 0x7FF93BC60000 Size: 19456
ESENT.dll Base Address: 0x7FF9229A0000 Size: 2585088
DSROLE.DLL Base Address: 0x7FF938130000 Size: 7680
WKSCLI.DLL Base Address: 0x7FF93B840000 Size: 45568
SAMCLI.DLL Base Address: 0x7FF928B50000 Size: 61440
NTASN1.dll Base Address: 0x7FF93C0C0000 Size: 81408
FirewallAPI.dll Base Address: 0x7FF93B2F0000 Size: 329728
fwbase.dll Base Address: 0x7FF93B280000 Size: 151552
FWPolicyIOMgr.dll Base Address: 0x7FF92D0F0000 Size: 205824
wdmaud.drv Base Address: 0x7FF919BA0000 Size: 193024
msacm32.drv Base Address: 0x7FF91C480000 Size: 17920
MSACM32.dll Base Address: 0x7FF906110000 Size: 74240
midimap.dll Base Address: 0x7FF91C470000 Size: 13312
ondemandconnroutehelper.dll Base Address: 0x7FF913360000 Size: 42496
dhcpcsvc6.DLL Base Address: 0x7FF9373C0000 Size: 23552
YimMenu (1).dll Base Address: 0x7FF8FE8C0000 Size: 9238016
D3DCOMPILER_47.dll Base Address: 0x7FF938690000 Size: 3396608
VCRUNTIME140.dll Base Address: 0x7FF913940000 Size: 73728
MSVCP140_2.dll Base Address: 0x7FF8EF4F0000 Size: 196096
MSVCP140.dll Base Address: 0x7FF9138B0000 Size: 340480
VCRUNTIME140_1.dll Base Address: 0x7FF912050000 Size: 15360
winbrand.dll Base Address: 0x7FF919C70000 Size: 161280
xinput1_4.dll Base Address: 0x7FF9382E0000 Size: 30208
schannel.DLL Base Address: 0x7FF93B5F0000 Size: 486912
mskeyprotect.dll Base Address: 0x7FF92D4E0000 Size: 44544
ncryptsslp.dll Base Address: 0x7FF92D940000 Size: 78848
Dumping registers:
RAX: 0xCB58
RCX: 0x986C0FF378
RDX: 0x4
RBX: 0x986C0FF340
RSI: 0x3
RDI: 0x986C0FF378
RSP: 0x986C0FF248
RBP: 0x0
R8:  0x3
R9:  0x7FF60E75C4FC
R10: 0x0
R11: 0x41200000
R12: 0xFFFFFFFF
R13: 0xFFFFFFFF
R14: 0x24E52EF7570
R15: 0x7FF610EE2580
Dumping stacktrace:
[0]	GTA5.exe+0x1750 0x7FF60E421750
[1]	GTA5.exe+0x33A064 0x7FF60E75A064
[2]	GTA5.exe+0x12C4B93 0x7FF60F6E4B93
[3]	GTA5.exe+0x12E54B5 0x7FF60F7054B5
[4]	GTA5.exe+0x12E20ED 0x7FF60F7020ED
[5]	GTA5.exe+0x12F86E2 0x7FF60F7186E2
[6]	GTA5.exe+0x12D221F 0x7FF60F6F221F
[7]	GTA5.exe+0x12D6BEB 0x7FF60F6F6BEB
[8]	GTA5.exe+0x12C2992 0x7FF60F6E2992
[9]	GTA5.exe+0x12D6056 0x7FF60F6F6056
[10]	GTA5.exe+0x130E95A 0x7FF60F72E95A
[11]	KERNEL32.DLL BaseThreadInitThunk
[12]	ntdll.dll RtlUserThreadStart
--------End of exception--------

[23:27:26.1336231][FATAL/exception_handler.cpp:42] EXCEPTION_ACCESS_VIOLATION
Dumping modules:
GTA5.exe Base Address: 0x7FF60E420000 Size: 67215872
ntdll.dll Base Address: 0x7FF93F090000 Size: 1153536
KERNEL32.DLL Base Address: 0x7FF93DD40000 Size: 513536
KERNELBASE.dll Base Address: 0x7FF93C7D0000 Size: 1256448
USER32.dll Base Address: 0x7FF93D210000 Size: 586752
win32u.dll Base Address: 0x7FF93CB00000 Size: 42496
GDI32.dll Base Address: 0x7FF93D5D0000 Size: 57856
gdi32full.dll Base Address: 0x7FF93CB30000 Size: 673792
msvcp_win.dll Base Address: 0x7FF93CE00000 Size: 344064
ucrtbase.dll Base Address: 0x7FF93CF10000 Size: 735744
PSAPI.DLL Base Address: 0x7FF93D5C0000 Size: 2048
WS2_32.dll Base Address: 0x7FF93E870000 Size: 275456
RPCRT4.dll Base Address: 0x7FF93DBB0000 Size: 913408
CRYPT32.dll Base Address: 0x7FF93CCA0000 Size: 1098752
WINTRUST.dll Base Address: 0x7FF93CEA0000 Size: 294912
msvcrt.dll Base Address: 0x7FF93D970000 Size: 477184
VERSION.dll Base Address: 0x7FF9373B0000 Size: 10752
DSOUND.dll Base Address: 0x7FF90B9A0000 Size: 380928
IMM32.dll Base Address: 0x7FF93E020000 Size: 125440
advapi32.dll Base Address: 0x7FF93E7C0000 Size: 434176
bcrypt.dll Base Address: 0x7FF93CAD0000 Size: 102912
sechost.dll Base Address: 0x7FF93DE00000 Size: 422400
SHLWAPI.dll Base Address: 0x7FF93DCE0000 Size: 182784
SHELL32.dll Base Address: 0x7FF93E8E0000 Size: 5920256
combase.dll Base Address: 0x7FF93D610000 Size: 2325504
ole32.dll Base Address: 0x7FF93D0C0000 Size: 833024
OLEAUT32.dll Base Address: 0x7FF93DEA0000 Size: 608768
WININET.dll Base Address: 0x7FF917680000 Size: 2019840
WINMM.dll Base Address: 0x7FF932F30000 Size: 81408
MF.dll Base Address: 0x7FF907550000 Size: 340992
MFPlat.DLL Base Address: 0x7FF907330000 Size: 1409024
msdmo.dll Base Address: 0x7FF912060000 Size: 13312
cfgmgr32.dll Base Address: 0x7FF93CC50000 Size: 219136
shcore.dll Base Address: 0x7FF93DA70000 Size: 476672
MFReadWrite.dll Base Address: 0x7FF8A9E60000 Size: 918016
PROPSYS.dll Base Address: 0x7FF938030000 Size: 631296
WTSAPI32.dll Base Address: 0x7FF9383C0000 Size: 37888
d3d9.dll Base Address: 0x7FF90AA50000 Size: 1371648
D3DCOMPILER_43.dll Base Address: 0x7FF89D2E0000 Size: 2423296
DINPUT8.dll Base Address: 0x7FF91DA00000 Size: 169472
XINPUT1_3.dll Base Address: 0x400000 Size: 85504
SETUPAPI.dll Base Address: 0x7FF93E060000 Size: 887808
IPHLPAPI.DLL Base Address: 0x7FF93BB00000 Size: 166400
powrprof.dll Base Address: 0x7FF93BE90000 Size: 70656
winmmbase.dll Base Address: 0x7FF9099D0000 Size: 95232
kernel.appcore.dll Base Address: 0x7FF93A5B0000 Size: 16384
dwmapi.dll Base Address: 0x7FF93A2C0000 Size: 98816
windows.storage.dll Base Address: 0x7FF93A7B0000 Size: 5852672
Wldp.dll Base Address: 0x7FF93C090000 Size: 96768
GFSDK_TXAA_AlphaResolve.win64.dll Base Address: 0x7FF92A240000 Size: 48128
OPENGL32.dll Base Address: 0x7FF8EF970000 Size: 909312
GLU32.dll Base Address: 0x7FF8EF4C0000 Size: 122880
GFSDK_ShadowLib.win64.dll Base Address: 0x7FF886B90000 Size: 96256
d3dx9_43.dll Base Address: 0x7FF886920000 Size: 2280960
bink2w64.dll Base Address: 0x7FF8C9B30000 Size: 307712
MFCORE.DLL Base Address: 0x7FF8DF670000 Size: 3960320
ksuser.dll Base Address: 0x7FF8E68D0000 Size: 6144
CRYPTBASE.DLL Base Address: 0x7FF93C000000 Size: 10752
UMPDC.dll Base Address: 0x7FF93BE70000 Size: 34816
bcryptPrimitives.dll Base Address: 0x7FF93C740000 Size: 408576
RTWorkQ.DLL Base Address: 0x7FF9072F0000 Size: 105472
MSASN1.dll Base Address: 0x7FF93C470000 Size: 34816
inputhost.dll Base Address: 0x7FF9331A0000 Size: 976384
wintypes.dll Base Address: 0x7FF938530000 Size: 493568
CoreMessaging.dll Base Address: 0x7FF939BF0000 Size: 607744
CoreUIComponents.dll Base Address: 0x7FF939890000 Size: 1795072
ntmarta.dll Base Address: 0x7FF93B800000 Size: 140288
dbghelp.dll Base Address: 0x7FF936420000 Size: 1400320
dbgcore.DLL Base Address: 0x7FF929B90000 Size: 136704
CRYPTSP.dll Base Address: 0x7FF93C420000 Size: 46080
uxtheme.dll Base Address: 0x7FF93A060000 Size: 382976
rsaenh.dll Base Address: 0x7FF93B6E0000 Size: 142336
clbcatq.dll Base Address: 0x7FF93DF70000 Size: 437760
amsi.dll Base Address: 0x7FF91F160000 Size: 62464
USERENV.dll Base Address: 0x7FF93C5F0000 Size: 108032
profapi.dll Base Address: 0x7FF93C670000 Size: 81920
MpOav.dll Base Address: 0x7FF91EEF0000 Size: 212992
dxcore.dll Base Address: 0x7FF933550000 Size: 150016
apphelp.dll Base Address: 0x7FF939F00000 Size: 319488
D3D11.DLL Base Address: 0x7FF938AF0000 Size: 1853440
dxgi.dll Base Address: 0x7FF93B0B0000 Size: 614912
DEVOBJ.dll Base Address: 0x7FF93C4D0000 Size: 132608
D3D10_1.DLL Base Address: 0x7FF9192D0000 Size: 130048
d3d10_1core.dll Base Address: 0x7FF92A1C0000 Size: 7680
MSCTF.dll Base Address: 0x7FF93E620000 Size: 864768
textinputframework.dll Base Address: 0x7FF933300000 Size: 722944
WINSTA.dll Base Address: 0x7FF93B970000 Size: 190976
aticfx64.dll Base Address: 0x7FF932FE0000 Size: 1123840
atiuxp64.dll Base Address: 0x7FF932DC0000 Size: 190464
atidxx64.dll Base Address: 0x7FF930E10000 Size: 11701760
amdihk64.dll Base Address: 0x7FF92EC90000 Size: 117248
HID.DLL Base Address: 0x7FF93AF50000 Size: 20480
MMDevApi.dll Base Address: 0x7FF9359B0000 Size: 387072
XAudio2_7.dll Base Address: 0x7FF8C96A0000 Size: 485376
AUDIOSES.DLL Base Address: 0x7FF935CF0000 Size: 1037312
resourcepolicyclient.dll Base Address: 0x7FF93A1C0000 Size: 31744
Windows.UI.dll Base Address: 0x7FF933400000 Size: 731136
WindowManagementAPI.dll Base Address: 0x7FF935E80000 Size: 450048
twinapi.appcore.dll Base Address: 0x7FF935AE0000 Size: 1457664
avrt.dll Base Address: 0x7FF937450000 Size: 5632
napinsp.dll Base Address: 0x7FF91D900000 Size: 50176
pnrpnsp.dll Base Address: 0x7FF91A880000 Size: 66048
wshbth.dll Base Address: 0x7FF91A860000 Size: 43008
NLAapi.dll Base Address: 0x7FF9381D0000 Size: 68608
mswsock.dll Base Address: 0x7FF93BE00000 Size: 331776
DNSAPI.dll Base Address: 0x7FF93BB40000 Size: 600576
NSI.dll Base Address: 0x7FF93D600000 Size: 7680
winrnr.dll Base Address: 0x7FF919F90000 Size: 32768
fwpuclnt.dll Base Address: 0x7FF92ED40000 Size: 283648
rasadhlp.dll Base Address: 0x7FF92EDC0000 Size: 7168
imagehlp.dll Base Address: 0x7FF93D1F0000 Size: 45056
gpapi.dll Base Address: 0x7FF93AF60000 Size: 69120
cryptnet.dll Base Address: 0x7FF92BAA0000 Size: 135168
WINNSI.DLL Base Address: 0x7FF9373E0000 Size: 11776
SspiCli.dll Base Address: 0x7FF93C620000 Size: 123904
socialclub.dll Base Address: 0x7FF892EF0000 Size: 2702336
chrome_elf.dll Base Address: 0x7FF8F25B0000 Size: 901120
libcef.dll Base Address: 0x7FF887E90000 Size: 151009280
COMDLG32.dll Base Address: 0x7FF93E4D0000 Size: 684032
COMCTL32.dll Base Address: 0x7FF91E2C0000 Size: 560128
UIAutomationCore.DLL Base Address: 0x7FF914AD0000 Size: 2040832
OLEACC.dll Base Address: 0x7FF9151D0000 Size: 260608
NETAPI32.dll Base Address: 0x7FF92B9B0000 Size: 47616
Secur32.dll Base Address: 0x7FF9209E0000 Size: 11264
WINHTTP.dll Base Address: 0x7FF935470000 Size: 845312
DWrite.dll Base Address: 0x7FF92D9D0000 Size: 1601024
WINSPOOL.DRV Base Address: 0x7FF916B50000 Size: 389632
ncrypt.dll Base Address: 0x7FF93C100000 Size: 102400
USP10.dll Base Address: 0x7FF8E7140000 Size: 512
urlmon.dll Base Address: 0x7FF92EAA0000 Size: 1281536
dxva2.dll Base Address: 0x7FF907020000 Size: 96256
wevtapi.dll Base Address: 0x7FF937850000 Size: 296960
CRYPTUI.dll Base Address: 0x7FF9193F0000 Size: 246272
credui.dll Base Address: 0x7FF911190000 Size: 55808
dhcpcsvc.DLL Base Address: 0x7FF9366D0000 Size: 61440
iertutil.dll Base Address: 0x7FF92FA50000 Size: 551424
srvcli.dll Base Address: 0x7FF92EA40000 Size: 54272
netutils.dll Base Address: 0x7FF93BC60000 Size: 19456
ESENT.dll Base Address: 0x7FF9229A0000 Size: 2585088
DSROLE.DLL Base Address: 0x7FF938130000 Size: 7680
WKSCLI.DLL Base Address: 0x7FF93B840000 Size: 45568
SAMCLI.DLL Base Address: 0x7FF928B50000 Size: 61440
NTASN1.dll Base Address: 0x7FF93C0C0000 Size: 81408
FirewallAPI.dll Base Address: 0x7FF93B2F0000 Size: 329728
fwbase.dll Base Address: 0x7FF93B280000 Size: 151552
FWPolicyIOMgr.dll Base Address: 0x7FF92D0F0000 Size: 205824
wdmaud.drv Base Address: 0x7FF919BA0000 Size: 193024
msacm32.drv Base Address: 0x7FF91C480000 Size: 17920
MSACM32.dll Base Address: 0x7FF906110000 Size: 74240
midimap.dll Base Address: 0x7FF91C470000 Size: 13312
ondemandconnroutehelper.dll Base Address: 0x7FF913360000 Size: 42496
dhcpcsvc6.DLL Base Address: 0x7FF9373C0000 Size: 23552
YimMenu (1).dll Base Address: 0x7FF8FE8C0000 Size: 9238016
D3DCOMPILER_47.dll Base Address: 0x7FF938690000 Size: 3396608
VCRUNTIME140.dll Base Address: 0x7FF913940000 Size: 73728
MSVCP140_2.dll Base Address: 0x7FF8EF4F0000 Size: 196096
MSVCP140.dll Base Address: 0x7FF9138B0000 Size: 340480
VCRUNTIME140_1.dll Base Address: 0x7FF912050000 Size: 15360
winbrand.dll Base Address: 0x7FF919C70000 Size: 161280
xinput1_4.dll Base Address: 0x7FF9382E0000 Size: 30208
schannel.DLL Base Address: 0x7FF93B5F0000 Size: 486912
mskeyprotect.dll Base Address: 0x7FF92D4E0000 Size: 44544
ncryptsslp.dll Base Address: 0x7FF92D940000 Size: 78848
Dumping registers:
RAX: 0xCB58
RCX: 0x986C0FF378
RDX: 0x4
RBX: 0x986C0FF340
RSI: 0x3
RDI: 0x986C0FF378
RSP: 0x986C0FF248
RBP: 0x0
R8:  0x3
R9:  0x7FF60E75C4FC
R10: 0x0
R11: 0x41200000
R12: 0xFFFFFFFF
R13: 0xFFFFFFFF
R14: 0x24E52EF7570
R15: 0x7FF610EE2580
Dumping stacktrace:
[0]	GTA5.exe+0x1750 0x7FF60E421750
[1]	GTA5.exe+0x33A064 0x7FF60E75A064
[2]	GTA5.exe+0x12C4B93 0x7FF60F6E4B93
[3]	GTA5.exe+0x12E54B5 0x7FF60F7054B5
[4]	GTA5.exe+0x12E20ED 0x7FF60F7020ED
[5]	GTA5.exe+0x12F86E2 0x7FF60F7186E2
[6]	GTA5.exe+0x12D221F 0x7FF60F6F221F
[7]	GTA5.exe+0x12D6BEB 0x7FF60F6F6BEB
[8]	GTA5.exe+0x12C2992 0x7FF60F6E2992
[9]	GTA5.exe+0x12D6056 0x7FF60F6F6056
[10]	GTA5.exe+0x130E95A 0x7FF60F72E95A
[11]	KERNEL32.DLL BaseThreadInitThunk
[12]	ntdll.dll RtlUserThreadStart
--------End of exception--------
EXCEPTION_ACCESS_VIOLATION
Dumping registers:
RAX: 0xCB58
RCX: 0x986C0FF378
RDX: 0x4
RBX: 0x986C0FF340
RSI: 0x3
RDI: 0x986C0FF378
RSP: 0x986C0FF248
RBP: 0x0
R8:  0x3
R9:  0x7FF60E75C4FC
R10: 0x0
R11: 0x41200000
R12: 0xFFFFFFFF
R13: 0xFFFFFFFF
R14: 0x24E52EF7570
R15: 0x7FF610EE2580
Dumping stacktrace:
[0]	GTA5.exe+0x1755 0x7FF60E421755
[1]	GTA5.exe+0x33A064 0x7FF60E75A064
[2]	GTA5.exe+0x12C4B93 0x7FF60F6E4B93
[3]	GTA5.exe+0x12E54B5 0x7FF60F7054B5
[4]	GTA5.exe+0x12E20ED 0x7FF60F7020ED
[5]	GTA5.exe+0x12F86E2 0x7FF60F7186E2
[6]	GTA5.exe+0x12D221F 0x7FF60F6F221F
[7]	GTA5.exe+0x12D6BEB 0x7FF60F6F6BEB
[8]	GTA5.exe+0x12C2992 0x7FF60F6E2992
[9]	GTA5.exe+0x12D6056 0x7FF60F6F6056
[10]	GTA5.exe+0x130E95A 0x7FF60F72E95A
[11]	KERNEL32.DLL BaseThreadInitThunk
[12]	ntdll.dll RtlUserThreadStart
--------End of exception--------

[23:27:26.1419772][FATAL/exception_handler.cpp:42] EXCEPTION_ACCESS_VIOLATION
Dumping modules:
GTA5.exe Base Address: 0x7FF60E420000 Size: 67215872
ntdll.dll Base Address: 0x7FF93F090000 Size: 1153536
KERNEL32.DLL Base Address: 0x7FF93DD40000 Size: 513536
KERNELBASE.dll Base Address: 0x7FF93C7D0000 Size: 1256448
USER32.dll Base Address: 0x7FF93D210000 Size: 586752
win32u.dll Base Address: 0x7FF93CB00000 Size: 42496
GDI32.dll Base Address: 0x7FF93D5D0000 Size: 57856
gdi32full.dll Base Address: 0x7FF93CB30000 Size: 673792
msvcp_win.dll Base Address: 0x7FF93CE00000 Size: 344064
ucrtbase.dll Base Address: 0x7FF93CF10000 Size: 735744
PSAPI.DLL Base Address: 0x7FF93D5C0000 Size: 2048
WS2_32.dll Base Address: 0x7FF93E870000 Size: 275456
RPCRT4.dll Base Address: 0x7FF93DBB0000 Size: 913408
CRYPT32.dll Base Address: 0x7FF93CCA0000 Size: 1098752
WINTRUST.dll Base Address: 0x7FF93CEA0000 Size: 294912
msvcrt.dll Base Address: 0x7FF93D970000 Size: 477184
VERSION.dll Base Address: 0x7FF9373B0000 Size: 10752
DSOUND.dll Base Address: 0x7FF90B9A0000 Size: 380928
IMM32.dll Base Address: 0x7FF93E020000 Size: 125440
advapi32.dll Base Address: 0x7FF93E7C0000 Size: 434176
bcrypt.dll Base Address: 0x7FF93CAD0000 Size: 102912
sechost.dll Base Address: 0x7FF93DE00000 Size: 422400
SHLWAPI.dll Base Address: 0x7FF93DCE0000 Size: 182784
SHELL32.dll Base Address: 0x7FF93E8E0000 Size: 5920256
combase.dll Base Address: 0x7FF93D610000 Size: 2325504
ole32.dll Base Address: 0x7FF93D0C0000 Size: 833024
OLEAUT32.dll Base Address: 0x7FF93DEA0000 Size: 608768
WININET.dll Base Address: 0x7FF917680000 Size: 2019840
WINMM.dll Base Address: 0x7FF932F30000 Size: 81408
MF.dll Base Address: 0x7FF907550000 Size: 340992
MFPlat.DLL Base Address: 0x7FF907330000 Size: 1409024
msdmo.dll Base Address: 0x7FF912060000 Size: 13312
cfgmgr32.dll Base Address: 0x7FF93CC50000 Size: 219136
shcore.dll Base Address: 0x7FF93DA70000 Size: 476672
MFReadWrite.dll Base Address: 0x7FF8A9E60000 Size: 918016
PROPSYS.dll Base Address: 0x7FF938030000 Size: 631296
WTSAPI32.dll Base Address: 0x7FF9383C0000 Size: 37888
d3d9.dll Base Address: 0x7FF90AA50000 Size: 1371648
D3DCOMPILER_43.dll Base Address: 0x7FF89D2E0000 Size: 2423296
DINPUT8.dll Base Address: 0x7FF91DA00000 Size: 169472
XINPUT1_3.dll Base Address: 0x400000 Size: 85504
SETUPAPI.dll Base Address: 0x7FF93E060000 Size: 887808
IPHLPAPI.DLL Base Address: 0x7FF93BB00000 Size: 166400
powrprof.dll Base Address: 0x7FF93BE90000 Size: 70656
winmmbase.dll Base Address: 0x7FF9099D0000 Size: 95232
kernel.appcore.dll Base Address: 0x7FF93A5B0000 Size: 16384
dwmapi.dll Base Address: 0x7FF93A2C0000 Size: 98816
windows.storage.dll Base Address: 0x7FF93A7B0000 Size: 5852672
Wldp.dll Base Address: 0x7FF93C090000 Size: 96768
GFSDK_TXAA_AlphaResolve.win64.dll Base Address: 0x7FF92A240000 Size: 48128
OPENGL32.dll Base Address: 0x7FF8EF970000 Size: 909312
GLU32.dll Base Address: 0x7FF8EF4C0000 Size: 122880
GFSDK_ShadowLib.win64.dll Base Address: 0x7FF886B90000 Size: 96256
d3dx9_43.dll Base Address: 0x7FF886920000 Size: 2280960
bink2w64.dll Base Address: 0x7FF8C9B30000 Size: 307712
MFCORE.DLL Base Address: 0x7FF8DF670000 Size: 3960320
ksuser.dll Base Address: 0x7FF8E68D0000 Size: 6144
CRYPTBASE.DLL Base Address: 0x7FF93C000000 Size: 10752
UMPDC.dll Base Address: 0x7FF93BE70000 Size: 34816
bcryptPrimitives.dll Base Address: 0x7FF93C740000 Size: 408576
RTWorkQ.DLL Base Address: 0x7FF9072F0000 Size: 105472
MSASN1.dll Base Address: 0x7FF93C470000 Size: 34816
inputhost.dll Base Address: 0x7FF9331A0000 Size: 976384
wintypes.dll Base Address: 0x7FF938530000 Size: 493568
CoreMessaging.dll Base Address: 0x7FF939BF0000 Size: 607744
CoreUIComponents.dll Base Address: 0x7FF939890000 Size: 1795072
ntmarta.dll Base Address: 0x7FF93B800000 Size: 140288
dbghelp.dll Base Address: 0x7FF936420000 Size: 1400320
dbgcore.DLL Base Address: 0x7FF929B90000 Size: 136704
CRYPTSP.dll Base Address: 0x7FF93C420000 Size: 46080
uxtheme.dll Base Address: 0x7FF93A060000 Size: 382976
rsaenh.dll Base Address: 0x7FF93B6E0000 Size: 142336
clbcatq.dll Base Address: 0x7FF93DF70000 Size: 437760
amsi.dll Base Address: 0x7FF91F160000 Size: 62464
USERENV.dll Base Address: 0x7FF93C5F0000 Size: 108032
profapi.dll Base Address: 0x7FF93C670000 Size: 81920
MpOav.dll Base Address: 0x7FF91EEF0000 Size: 212992
dxcore.dll Base Address: 0x7FF933550000 Size: 150016
apphelp.dll Base Address: 0x7FF939F00000 Size: 319488
D3D11.DLL Base Address: 0x7FF938AF0000 Size: 1853440
dxgi.dll Base Address: 0x7FF93B0B0000 Size: 614912
DEVOBJ.dll Base Address: 0x7FF93C4D0000 Size: 132608
D3D10_1.DLL Base Address: 0x7FF9192D0000 Size: 130048
d3d10_1core.dll Base Address: 0x7FF92A1C0000 Size: 7680
MSCTF.dll Base Address: 0x7FF93E620000 Size: 864768
textinputframework.dll Base Address: 0x7FF933300000 Size: 722944
WINSTA.dll Base Address: 0x7FF93B970000 Size: 190976
aticfx64.dll Base Address: 0x7FF932FE0000 Size: 1123840
atiuxp64.dll Base Address: 0x7FF932DC0000 Size: 190464
atidxx64.dll Base Address: 0x7FF930E10000 Size: 11701760
amdihk64.dll Base Address: 0x7FF92EC90000 Size: 117248
HID.DLL Base Address: 0x7FF93AF50000 Size: 20480
MMDevApi.dll Base Address: 0x7FF9359B0000 Size: 387072
XAudio2_7.dll Base Address: 0x7FF8C96A0000 Size: 485376
AUDIOSES.DLL Base Address: 0x7FF935CF0000 Size: 1037312
resourcepolicyclient.dll Base Address: 0x7FF93A1C0000 Size: 31744
Windows.UI.dll Base Address: 0x7FF933400000 Size: 731136
WindowManagementAPI.dll Base Address: 0x7FF935E80000 Size: 450048
twinapi.appcore.dll Base Address: 0x7FF935AE0000 Size: 1457664
avrt.dll Base Address: 0x7FF937450000 Size: 5632
napinsp.dll Base Address: 0x7FF91D900000 Size: 50176
pnrpnsp.dll Base Address: 0x7FF91A880000 Size: 66048
wshbth.dll Base Address: 0x7FF91A860000 Size: 43008
NLAapi.dll Base Address: 0x7FF9381D0000 Size: 68608
mswsock.dll Base Address: 0x7FF93BE00000 Size: 331776
DNSAPI.dll Base Address: 0x7FF93BB40000 Size: 600576
NSI.dll Base Address: 0x7FF93D600000 Size: 7680
winrnr.dll Base Address: 0x7FF919F90000 Size: 32768
fwpuclnt.dll Base Address: 0x7FF92ED40000 Size: 283648
rasadhlp.dll Base Address: 0x7FF92EDC0000 Size: 7168
imagehlp.dll Base Address: 0x7FF93D1F0000 Size: 45056
gpapi.dll Base Address: 0x7FF93AF60000 Size: 69120
cryptnet.dll Base Address: 0x7FF92BAA0000 Size: 135168
WINNSI.DLL Base Address: 0x7FF9373E0000 Size: 11776
SspiCli.dll Base Address: 0x7FF93C620000 Size: 123904
socialclub.dll Base Address: 0x7FF892EF0000 Size: 2702336
chrome_elf.dll Base Address: 0x7FF8F25B0000 Size: 901120
libcef.dll Base Address: 0x7FF887E90000 Size: 151009280
COMDLG32.dll Base Address: 0x7FF93E4D0000 Size: 684032
COMCTL32.dll Base Address: 0x7FF91E2C0000 Size: 560128
UIAutomationCore.DLL Base Address: 0x7FF914AD0000 Size: 2040832
OLEACC.dll Base Address: 0x7FF9151D0000 Size: 260608
NETAPI32.dll Base Address: 0x7FF92B9B0000 Size: 47616
Secur32.dll Base Address: 0x7FF9209E0000 Size: 11264
WINHTTP.dll Base Address: 0x7FF935470000 Size: 845312
DWrite.dll Base Address: 0x7FF92D9D0000 Size: 1601024
WINSPOOL.DRV Base Address: 0x7FF916B50000 Size: 389632
ncrypt.dll Base Address: 0x7FF93C100000 Size: 102400
USP10.dll Base Address: 0x7FF8E7140000 Size: 512
urlmon.dll Base Address: 0x7FF92EAA0000 Size: 1281536
dxva2.dll Base Address: 0x7FF907020000 Size: 96256
wevtapi.dll Base Address: 0x7FF937850000 Size: 296960
CRYPTUI.dll Base Address: 0x7FF9193F0000 Size: 246272
credui.dll Base Address: 0x7FF911190000 Size: 55808
dhcpcsvc.DLL Base Address: 0x7FF9366D0000 Size: 61440
iertutil.dll Base Address: 0x7FF92FA50000 Size: 551424
srvcli.dll Base Address: 0x7FF92EA40000 Size: 54272
netutils.dll Base Address: 0x7FF93BC60000 Size: 19456
ESENT.dll Base Address: 0x7FF9229A0000 Size: 2585088
DSROLE.DLL Base Address: 0x7FF938130000 Size: 7680
WKSCLI.DLL Base Address: 0x7FF93B840000 Size: 45568
SAMCLI.DLL Base Address: 0x7FF928B50000 Size: 61440
NTASN1.dll Base Address: 0x7FF93C0C0000 Size: 81408
FirewallAPI.dll Base Address: 0x7FF93B2F0000 Size: 329728
fwbase.dll Base Address: 0x7FF93B280000 Size: 151552
FWPolicyIOMgr.dll Base Address: 0x7FF92D0F0000 Size: 205824
wdmaud.drv Base Address: 0x7FF919BA0000 Size: 193024
msacm32.drv Base Address: 0x7FF91C480000 Size: 17920
MSACM32.dll Base Address: 0x7FF906110000 Size: 74240
midimap.dll Base Address: 0x7FF91C470000 Size: 13312
ondemandconnroutehelper.dll Base Address: 0x7FF913360000 Size: 42496
dhcpcsvc6.DLL Base Address: 0x7FF9373C0000 Size: 23552
YimMenu (1).dll Base Address: 0x7FF8FE8C0000 Size: 9238016
D3DCOMPILER_47.dll Base Address: 0x7FF938690000 Size: 3396608
VCRUNTIME140.dll Base Address: 0x7FF913940000 Size: 73728
MSVCP140_2.dll Base Address: 0x7FF8EF4F0000 Size: 196096
MSVCP140.dll Base Address: 0x7FF9138B0000 Size: 340480
VCRUNTIME140_1.dll Base Address: 0x7FF912050000 Size: 15360
winbrand.dll Base Address: 0x7FF919C70000 Size: 161280
xinput1_4.dll Base Address: 0x7FF9382E0000 Size: 30208
schannel.DLL Base Address: 0x7FF93B5F0000 Size: 486912
mskeyprotect.dll Base Address: 0x7FF92D4E0000 Size: 44544
ncryptsslp.dll Base Address: 0x7FF92D940000 Size: 78848
Dumping registers:
RAX: 0xCB58
RCX: 0x986C0FF378
RDX: 0x4
RBX: 0x986C0FF340
RSI: 0x3
RDI: 0x986C0FF378
RSP: 0x986C0FF248
RBP: 0x0
R8:  0x3
R9:  0x7FF60E75C4FC
R10: 0x0
R11: 0x41200000
R12: 0xFFFFFFFF
R13: 0xFFFFFFFF
R14: 0x24E52EF7570
R15: 0x7FF610EE2580
Dumping stacktrace:
[0]	GTA5.exe+0x1750 0x7FF60E421750
[1]	GTA5.exe+0x33A064 0x7FF60E75A064
[2]	GTA5.exe+0x12C4B93 0x7FF60F6E4B93
[3]	GTA5.exe+0x12E54B5 0x7FF60F7054B5
[4]	GTA5.exe+0x12E20ED 0x7FF60F7020ED
[5]	GTA5.exe+0x12F86E2 0x7FF60F7186E2
[6]	GTA5.exe+0x12D221F 0x7FF60F6F221F
[7]	GTA5.exe+0x12D6BEB 0x7FF60F6F6BEB
[8]	GTA5.exe+0x12C2992 0x7FF60F6E2992
[9]	GTA5.exe+0x12D6056 0x7FF60F6F6056
[10]	GTA5.exe+0x130E95A 0x7FF60F72E95A
[11]	KERNEL32.DLL BaseThreadInitThunk
[12]	ntdll.dll RtlUserThreadStart
--------End of exception--------
EXCEPTION_ACCESS_VIOLATION
Dumping registers:
RAX: 0xCB58
RCX: 0x986C0FF378
RDX: 0x4
RBX: 0x986C0FF340
RSI: 0x3
RDI: 0x986C0FF378
RSP: 0x986C0FF248
RBP: 0x0
R8:  0x3
R9:  0x7FF60E75C4FC
R10: 0x0
R11: 0x41200000
R12: 0xFFFFFFFF
R13: 0xFFFFFFFF
R14: 0x24E52EF7570
R15: 0x7FF610EE2580
Dumping stacktrace:
[0]	GTA5.exe+0x1755 0x7FF60E421755
[1]	GTA5.exe+0x33A064 0x7FF60E75A064
[2]	GTA5.exe+0x12C4B93 0x7FF60F6E4B93
[3]	GTA5.exe+0x12E54B5 0x7FF60F7054B5
[4]	GTA5.exe+0x12E20ED 0x7FF60F7020ED
[5]	GTA5.exe+0x12F86E2 0x7FF60F7186E2
[6]	GTA5.exe+0x12D221F 0x7FF60F6F221F
[7]	GTA5.exe+0x12D6BEB 0x7FF60F6F6BEB
[8]	GTA5.exe+0x12C2992 0x7FF60F6E2992
[9]	GTA5.exe+0x12D6056 0x7FF60F6F6056
[10]	GTA5.exe+0x130E95A 0x7FF60F72E95A
[11]	KERNEL32.DLL BaseThreadInitThunk
[12]	ntdll.dll RtlUserThreadStart
--------End of exception--------
EXCEPTION_ACCESS_VIOLATION
Dumping registers:
RAX: 0xCB58
RCX: 0x986C0FF378
RDX: 0x4
RBX: 0x986C0FF340
RSI: 0x3
RDI: 0x986C0FF378
RSP: 0x986C0FF248
RBP: 0x0
R8:  0x3
R9:  0x7FF60E75C4FC
R10: 0x0
R11: 0x41200000
R12: 0xFFFFFFFF
R13: 0xFFFFFFFF
R14: 0x24E52EF7570
R15: 0x7FF610EE2580
Dumping stacktrace:
[0]	GTA5.exe+0x175A 0x7FF60E42175A
[1]	GTA5.exe+0x33A064 0x7FF60E75A064
[2]	GTA5.exe+0x12C4B93 0x7FF60F6E4B93
[3]	GTA5.exe+0x12E54B5 0x7FF60F7054B5
[4]	GTA5.exe+0x12E20ED 0x7FF60F7020ED
[5]	GTA5.exe+0x12F86E2 0x7FF60F7186E2
[6]	GTA5.exe+0x12D221F 0x7FF60F6F221F
[7]	GTA5.exe+0x12D6BEB 0x7FF60F6F6BEB
[8]	GTA5.exe+0x12C2992 0x7FF60F6E2992
[9]	GTA5.exe+0x12D6056 0x7FF60F6F6056
[10]	GTA5.exe+0x130E95A 0x7FF60F72E95A
[11]	KERNEL32.DLL BaseThreadInitThunk
[12]	ntdll.dll RtlUserThreadStart
--------End of exception--------

[23:27:26.1471293][FATAL/exception_handler.cpp:42] EXCEPTION_ACCESS_VIOLATION
Dumping modules:
GTA5.exe Base Address: 0x7FF60E420000 Size: 67215872
ntdll.dll Base Address: 0x7FF93F090000 Size: 1153536
KERNEL32.DLL Base Address: 0x7FF93DD40000 Size: 513536
KERNELBASE.dll Base Address: 0x7FF93C7D0000 Size: 1256448
USER32.dll Base Address: 0x7FF93D210000 Size: 586752
win32u.dll Base Address: 0x7FF93CB00000 Size: 42496
GDI32.dll Base Address: 0x7FF93D5D0000 Size: 57856
gdi32full.dll Base Address: 0x7FF93CB30000 Size: 673792
msvcp_win.dll Base Address: 0x7FF93CE00000 Size: 344064
ucrtbase.dll Base Address: 0x7FF93CF10000 Size: 735744
PSAPI.DLL Base Address: 0x7FF93D5C0000 Size: 2048
WS2_32.dll Base Address: 0x7FF93E870000 Size: 275456
RPCRT4.dll Base Address: 0x7FF93DBB0000 Size: 913408
CRYPT32.dll Base Address: 0x7FF93CCA0000 Size: 1098752
WINTRUST.dll Base Address: 0x7FF93CEA0000 Size: 294912
msvcrt.dll Base Address: 0x7FF93D970000 Size: 477184
VERSION.dll Base Address: 0x7FF9373B0000 Size: 10752
DSOUND.dll Base Address: 0x7FF90B9A0000 Size: 380928
IMM32.dll Base Address: 0x7FF93E020000 Size: 125440
advapi32.dll Base Address: 0x7FF93E7C0000 Size: 434176
bcrypt.dll Base Address: 0x7FF93CAD0000 Size: 102912
sechost.dll Base Address: 0x7FF93DE00000 Size: 422400
SHLWAPI.dll Base Address: 0x7FF93DCE0000 Size: 182784
SHELL32.dll Base Address: 0x7FF93E8E0000 Size: 5920256
combase.dll Base Address: 0x7FF93D610000 Size: 2325504
ole32.dll Base Address: 0x7FF93D0C0000 Size: 833024
OLEAUT32.dll Base Address: 0x7FF93DEA0000 Size: 608768
WININET.dll Base Address: 0x7FF917680000 Size: 2019840
WINMM.dll Base Address: 0x7FF932F30000 Size: 81408
MF.dll Base Address: 0x7FF907550000 Size: 340992
MFPlat.DLL Base Address: 0x7FF907330000 Size: 1409024
msdmo.dll Base Address: 0x7FF912060000 Size: 13312
cfgmgr32.dll Base Address: 0x7FF93CC50000 Size: 219136
shcore.dll Base Address: 0x7FF93DA70000 Size: 476672
MFReadWrite.dll Base Address: 0x7FF8A9E60000 Size: 918016
PROPSYS.dll Base Address: 0x7FF938030000 Size: 631296
WTSAPI32.dll Base Address: 0x7FF9383C0000 Size: 37888
d3d9.dll Base Address: 0x7FF90AA50000 Size: 1371648
D3DCOMPILER_43.dll Base Address: 0x7FF89D2E0000 Size: 2423296
DINPUT8.dll Base Address: 0x7FF91DA00000 Size: 169472
XINPUT1_3.dll Base Address: 0x400000 Size: 85504
SETUPAPI.dll Base Address: 0x7FF93E060000 Size: 887808
IPHLPAPI.DLL Base Address: 0x7FF93BB00000 Size: 166400
powrprof.dll Base Address: 0x7FF93BE90000 Size: 70656
winmmbase.dll Base Address: 0x7FF9099D0000 Size: 95232
kernel.appcore.dll Base Address: 0x7FF93A5B0000 Size: 16384
dwmapi.dll Base Address: 0x7FF93A2C0000 Size: 98816
windows.storage.dll Base Address: 0x7FF93A7B0000 Size: 5852672
Wldp.dll Base Address: 0x7FF93C090000 Size: 96768
GFSDK_TXAA_AlphaResolve.win64.dll Base Address: 0x7FF92A240000 Size: 48128
OPENGL32.dll Base Address: 0x7FF8EF970000 Size: 909312
GLU32.dll Base Address: 0x7FF8EF4C0000 Size: 122880
GFSDK_ShadowLib.win64.dll Base Address: 0x7FF886B90000 Size: 96256
d3dx9_43.dll Base Address: 0x7FF886920000 Size: 2280960
bink2w64.dll Base Address: 0x7FF8C9B30000 Size: 307712
MFCORE.DLL Base Address: 0x7FF8DF670000 Size: 3960320
ksuser.dll Base Address: 0x7FF8E68D0000 Size: 6144
CRYPTBASE.DLL Base Address: 0x7FF93C000000 Size: 10752
UMPDC.dll Base Address: 0x7FF93BE70000 Size: 34816
bcryptPrimitives.dll Base Address: 0x7FF93C740000 Size: 408576
RTWorkQ.DLL Base Address: 0x7FF9072F0000 Size: 105472
MSASN1.dll Base Address: 0x7FF93C470000 Size: 34816
inputhost.dll Base Address: 0x7FF9331A0000 Size: 976384
wintypes.dll Base Address: 0x7FF938530000 Size: 493568
CoreMessaging.dll Base Address: 0x7FF939BF0000 Size: 607744
CoreUIComponents.dll Base Address: 0x7FF939890000 Size: 1795072
ntmarta.dll Base Address: 0x7FF93B800000 Size: 140288
dbghelp.dll Base Address: 0x7FF936420000 Size: 1400320
dbgcore.DLL Base Address: 0x7FF929B90000 Size: 136704
CRYPTSP.dll Base Address: 0x7FF93C420000 Size: 46080
uxtheme.dll Base Address: 0x7FF93A060000 Size: 382976
rsaenh.dll Base Address: 0x7FF93B6E0000 Size: 142336
clbcatq.dll Base Address: 0x7FF93DF70000 Size: 437760
amsi.dll Base Address: 0x7FF91F160000 Size: 62464
USERENV.dll Base Address: 0x7FF93C5F0000 Size: 108032
profapi.dll Base Address: 0x7FF93C670000 Size: 81920
MpOav.dll Base Address: 0x7FF91EEF0000 Size: 212992
dxcore.dll Base Address: 0x7FF933550000 Size: 150016
apphelp.dll Base Address: 0x7FF939F00000 Size: 319488
D3D11.DLL Base Address: 0x7FF938AF0000 Size: 1853440
dxgi.dll Base Address: 0x7FF93B0B0000 Size: 614912
DEVOBJ.dll Base Address: 0x7FF93C4D0000 Size: 132608
D3D10_1.DLL Base Address: 0x7FF9192D0000 Size: 130048
d3d10_1core.dll Base Address: 0x7FF92A1C0000 Size: 7680
MSCTF.dll Base Address: 0x7FF93E620000 Size: 864768
textinputframework.dll Base Address: 0x7FF933300000 Size: 722944
WINSTA.dll Base Address: 0x7FF93B970000 Size: 190976
aticfx64.dll Base Address: 0x7FF932FE0000 Size: 1123840
atiuxp64.dll Base Address: 0x7FF932DC0000 Size: 190464
atidxx64.dll Base Address: 0x7FF930E10000 Size: 11701760
amdihk64.dll Base Address: 0x7FF92EC90000 Size: 117248
HID.DLL Base Address: 0x7FF93AF50000 Size: 20480
MMDevApi.dll Base Address: 0x7FF9359B0000 Size: 387072
XAudio2_7.dll Base Address: 0x7FF8C96A0000 Size: 485376
AUDIOSES.DLL Base Address: 0x7FF935CF0000 Size: 1037312
resourcepolicyclient.dll Base Address: 0x7FF93A1C0000 Size: 31744
Windows.UI.dll Base Address: 0x7FF933400000 Size: 731136
WindowManagementAPI.dll Base Address: 0x7FF935E80000 Size: 450048
twinapi.appcore.dll Base Address: 0x7FF935AE0000 Size: 1457664
avrt.dll Base Address: 0x7FF937450000 Size: 5632
napinsp.dll Base Address: 0x7FF91D900000 Size: 50176
pnrpnsp.dll Base Address: 0x7FF91A880000 Size: 66048
wshbth.dll Base Address: 0x7FF91A860000 Size: 43008
NLAapi.dll Base Address: 0x7FF9381D0000 Size: 68608
mswsock.dll Base Address: 0x7FF93BE00000 Size: 331776
DNSAPI.dll Base Address: 0x7FF93BB40000 Size: 600576
NSI.dll Base Address: 0x7FF93D600000 Size: 7680
winrnr.dll Base Address: 0x7FF919F90000 Size: 32768
fwpuclnt.dll Base Address: 0x7FF92ED40000 Size: 283648
rasadhlp.dll Base Address: 0x7FF92EDC0000 Size: 7168
imagehlp.dll Base Address: 0x7FF93D1F0000 Size: 45056
gpapi.dll Base Address: 0x7FF93AF60000 Size: 69120
cryptnet.dll Base Address: 0x7FF92BAA0000 Size: 135168
WINNSI.DLL Base Address: 0x7FF9373E0000 Size: 11776
SspiCli.dll Base Address: 0x7FF93C620000 Size: 123904
socialclub.dll Base Address: 0x7FF892EF0000 Size: 2702336
chrome_elf.dll Base Address: 0x7FF8F25B0000 Size: 901120
libcef.dll Base Address: 0x7FF887E90000 Size: 151009280
COMDLG32.dll Base Address: 0x7FF93E4D0000 Size: 684032
COMCTL32.dll Base Address: 0x7FF91E2C0000 Size: 560128
UIAutomationCore.DLL Base Address: 0x7FF914AD0000 Size: 2040832
OLEACC.dll Base Address: 0x7FF9151D0000 Size: 260608
NETAPI32.dll Base Address: 0x7FF92B9B0000 Size: 47616
Secur32.dll Base Address: 0x7FF9209E0000 Size: 11264
WINHTTP.dll Base Address: 0x7FF935470000 Size: 845312
DWrite.dll Base Address: 0x7FF92D9D0000 Size: 1601024
WINSPOOL.DRV Base Address: 0x7FF916B50000 Size: 389632
ncrypt.dll Base Address: 0x7FF93C100000 Size: 102400
USP10.dll Base Address: 0x7FF8E7140000 Size: 512
urlmon.dll Base Address: 0x7FF92EAA0000 Size: 1281536
dxva2.dll Base Address: 0x7FF907020000 Size: 96256
wevtapi.dll Base Address: 0x7FF937850000 Size: 296960
CRYPTUI.dll Base Address: 0x7FF9193F0000 Size: 246272
credui.dll Base Address: 0x7FF911190000 Size: 55808
dhcpcsvc.DLL Base Address: 0x7FF9366D0000 Size: 61440
iertutil.dll Base Address: 0x7FF92FA50000 Size: 551424
srvcli.dll Base Address: 0x7FF92EA40000 Size: 54272
netutils.dll Base Address: 0x7FF93BC60000 Size: 19456
ESENT.dll Base Address: 0x7FF9229A0000 Size: 2585088
DSROLE.DLL Base Address: 0x7FF938130000 Size: 7680
WKSCLI.DLL Base Address: 0x7FF93B840000 Size: 45568
SAMCLI.DLL Base Address: 0x7FF928B50000 Size: 61440
NTASN1.dll Base Address: 0x7FF93C0C0000 Size: 81408
FirewallAPI.dll Base Address: 0x7FF93B2F0000 Size: 329728
fwbase.dll Base Address: 0x7FF93B280000 Size: 151552
FWPolicyIOMgr.dll Base Address: 0x7FF92D0F0000 Size: 205824
wdmaud.drv Base Address: 0x7FF919BA0000 Size: 193024
msacm32.drv Base Address: 0x7FF91C480000 Size: 17920
MSACM32.dll Base Address: 0x7FF906110000 Size: 74240
midimap.dll Base Address: 0x7FF91C470000 Size: 13312
ondemandconnroutehelper.dll Base Address: 0x7FF913360000 Size: 42496
dhcpcsvc6.DLL Base Address: 0x7FF9373C0000 Size: 23552
YimMenu (1).dll Base Address: 0x7FF8FE8C0000 Size: 9238016
D3DCOMPILER_47.dll Base Address: 0x7FF938690000 Size: 3396608
VCRUNTIME140.dll Base Address: 0x7FF913940000 Size: 73728
MSVCP140_2.dll Base Address: 0x7FF8EF4F0000 Size: 196096
MSVCP140.dll Base Address: 0x7FF9138B0000 Size: 340480
VCRUNTIME140_1.dll Base Address: 0x7FF912050000 Size: 15360
winbrand.dll Base Address: 0x7FF919C70000 Size: 161280
xinput1_4.dll Base Address: 0x7FF9382E0000 Size: 30208
schannel.DLL Base Address: 0x7FF93B5F0000 Size: 486912
mskeyprotect.dll Base Address: 0x7FF92D4E0000 Size: 44544
ncryptsslp.dll Base Address: 0x7FF92D940000 Size: 78848
Dumping registers:
RAX: 0xCB58
RCX: 0x986C0FF378
RDX: 0x4
RBX: 0x986C0FF340
RSI: 0x3
RDI: 0x986C0FF378
RSP: 0x986C0FF248
RBP: 0x0
R8:  0x3
R9:  0x7FF60E75C4FC
R10: 0x0
R11: 0x41200000
R12: 0xFFFFFFFF
R13: 0xFFFFFFFF
R14: 0x24E52EF7570
R15: 0x7FF610EE2580
Dumping stacktrace:
[0]	GTA5.exe+0x1750 0x7FF60E421750
[1]	GTA5.exe+0x33A064 0x7FF60E75A064
[2]	GTA5.exe+0x12C4B93 0x7FF60F6E4B93
[3]	GTA5.exe+0x12E54B5 0x7FF60F7054B5
[4]	GTA5.exe+0x12E20ED 0x7FF60F7020ED
[5]	GTA5.exe+0x12F86E2 0x7FF60F7186E2
[6]	GTA5.exe+0x12D221F 0x7FF60F6F221F
[7]	GTA5.exe+0x12D6BEB 0x7FF60F6F6BEB
[8]	GTA5.exe+0x12C2992 0x7FF60F6E2992
[9]	GTA5.exe+0x12D6056 0x7FF60F6F6056
[10]	GTA5.exe+0x130E95A 0x7FF60F72E95A
[11]	KERNEL32.DLL BaseThreadInitThunk
[12]	ntdll.dll RtlUserThreadStart
--------End of exception--------
EXCEPTION_ACCESS_VIOLATION
Dumping registers:
RAX: 0xCB58
RCX: 0x986C0FF378
RDX: 0x4
RBX: 0x986C0FF340
RSI: 0x3
RDI: 0x986C0FF378
RSP: 0x986C0FF248
RBP: 0x0
R8:  0x3
R9:  0x7FF60E75C4FC
R10: 0x0
R11: 0x41200000
R12: 0xFFFFFFFF
R13: 0xFFFFFFFF
R14: 0x24E52EF7570
R15: 0x7FF610EE2580
Dumping stacktrace:
[0]	GTA5.exe+0x1755 0x7FF60E421755
[1]	GTA5.exe+0x33A064 0x7FF60E75A064
[2]	GTA5.exe+0x12C4B93 0x7FF60F6E4B93
[3]	GTA5.exe+0x12E54B5 0x7FF60F7054B5
[4]	GTA5.exe+0x12E20ED 0x7FF60F7020ED
[5]	GTA5.exe+0x12F86E2 0x7FF60F7186E2
[6]	GTA5.exe+0x12D221F 0x7FF60F6F221F
[7]	GTA5.exe+0x12D6BEB 0x7FF60F6F6BEB
[8]	GTA5.exe+0x12C2992 0x7FF60F6E2992
[9]	GTA5.exe+0x12D6056 0x7FF60F6F6056
[10]	GTA5.exe+0x130E95A 0x7FF60F72E95A
[11]	KERNEL32.DLL BaseThreadInitThunk
[12]	ntdll.dll RtlUserThreadStart
--------End of exception--------
EXCEPTION_ACCESS_VIOLATION
Dumping registers:
RAX: 0xCB58
RCX: 0x986C0FF378
RDX: 0x4
RBX: 0x986C0FF340
RSI: 0x3
RDI: 0x986C0FF378
RSP: 0x986C0FF248
RBP: 0x0
R8:  0x3
R9:  0x7FF60E75C4FC
R10: 0x0
R11: 0x41200000
R12: 0xFFFFFFFF
R13: 0xFFFFFFFF
R14: 0x24E52EF7570
R15: 0x7FF610EE2580
Dumping stacktrace:
[0]	GTA5.exe+0x175A 0x7FF60E42175A
[1]	GTA5.exe+0x33A064 0x7FF60E75A064
[2]	GTA5.exe+0x12C4B93 0x7FF60F6E4B93
[3]	GTA5.exe+0x12E54B5 0x7FF60F7054B5
[4]	GTA5.exe+0x12E20ED 0x7FF60F7020ED
[5]	GTA5.exe+0x12F86E2 0x7FF60F7186E2
[6]	GTA5.exe+0x12D221F 0x7FF60F6F221F
[7]	GTA5.exe+0x12D6BEB 0x7FF60F6F6BEB
[8]	GTA5.exe+0x12C2992 0x7FF60F6E2992
[9]	GTA5.exe+0x12D6056 0x7FF60F6F6056
[10]	GTA5.exe+0x130E95A 0x7FF60F72E95A
[11]	KERNEL32.DLL BaseThreadInitThunk
[12]	ntdll.dll RtlUserThreadStart
--------End of exception--------
EXCEPTION_ACCESS_VIOLATION
Dumping registers:
RAX: 0xCB58
RCX: 0x986C0FF378
RDX: 0x4
RBX: 0x986C0FF340
RSI: 0x3
RDI: 0x986C0FF378
RSP: 0x986C0FF248
RBP: 0x0
R8:  0x3
R9:  0x7FF60E75C4FC
R10: 0x0
R11: 0x41200000
R12: 0xFFFFFFFF
R13: 0xFFFFFFFF
R14: 0x24E52EF7570
R15: 0x7FF610EE2580
Dumping stacktrace:
[0]	GTA5.exe+0x175F 0x7FF60E42175F
[1]	GTA5.exe+0x33A064 0x7FF60E75A064
[2]	GTA5.exe+0x12C4B93 0x7FF60F6E4B93
[3]	GTA5.exe+0x12E54B5 0x7FF60F7054B5
[4]	GTA5.exe+0x12E20ED 0x7FF60F7020ED
[5]	GTA5.exe+0x12F86E2 0x7FF60F7186E2
[6]	GTA5.exe+0x12D221F 0x7FF60F6F221F
[7]	GTA5.exe+0x12D6BEB 0x7FF60F6F6BEB
[8]	GTA5.exe+0x12C2992 0x7FF60F6E2992
[9]	GTA5.exe+0x12D6056 0x7FF60F6F6056
[10]	GTA5.exe+0x130E95A 0x7FF60F72E95A
[11]	KERNEL32.DLL BaseThreadInitThunk
[12]	ntdll.dll RtlUserThreadStart
--------End of exception--------

